4.02 9.0
4.02 9.0
1.0 9.0
0.28 9.0
4.02 9.0
4.02 9.0
1.0 9.0
1.0 9.0
4.02 9.0
0.28 9.0
1.0 9.0
0.28 9.56
4.02 9.0
3.33 9.04
4.02 9.01
1.0 9.0
3.72 9.36
1.0 9.0
0.28 9.0
1.01 9.0
3.97 9.09
4.02 9.0
4.02 9.0
1.0 9.0
0.28 9.0
1.0 9.0
4.02 9.0
0.35 4.38
0.28 9.0
4.02 9.0
0.28 9.0
1.0 9.0
3.97 9.1
1.29 9.67
3.8 9.27
0.77 9.67
0.28 9.0
0.28 8.96
4.02 9.0
1.0 9.0
4.02 9.01
0.28 9.0
1.0 9.0
4.02 9.0
1.35 9.67
1.0 9.0
0.28 9.0
0.28 9.0
0.28 9.0
1.0 9.0
0.28 9.0
0.28 9.34
0.28 9.0
0.99 8.92
1.12 8.88
1.0 9.0
1.0 9.0
1.0 9.0
1.0 9.0
1.01 8.97
0.28 9.0
1.0 9.0
0.28 9.0
4.02 9.0
0.87 9.05
1.0 9.0
0.28 9.09
4.02 9.0
1.05 8.95
0.91 9.67
0.28 9.0
4.02 9.0
0.28 9.0
4.02 9.0
1.0 9.0
0.28 9.0
1.0 9.0
1.0 9.0
1.0 9.0
0.28 9.0
4.02 9.0
1.4 9.67
0.28 9.0
0.28 9.0
1.28 9.44
1.0 9.0
1.0 9.0
0.28 9.09
0.28 9.0
1.07 9.05
0.28 9.0
5.27 6.69
0.28 9.04
1.0 9.0
4.32 8.67
1.01 8.99
0.28 9.18
1.0 9.0
0.28 8.96
1.0 9.0
0.28 9.0
0.28 9.0
1.0 9.0
0.28 9.0
4.02 9.0
1.0 9.0
4.02 9.0
0.28 9.09
5.27 6.69
0.99 9.0
4.02 9.0
1.0 9.0
0.28 9.0
1.28 9.44
4.02 9.0
0.28 9.0
0.28 9.0
4.02 9.0
0.28 9.0
4.02 9.0
1.0 9.0
1.0 9.0
0.28 8.96
0.28 9.0
0.28 9.0
0.65 4.78
0.28 9.0
0.28 9.0
1.0 9.0
3.97 9.1
1.0 8.99
0.98 8.98
5.27 6.68
4.02 9.06
4.02 9.0
4.02 9.0
1.0 9.0
0.28 9.45
3.99 9.07
1.0 9.0
0.28 9.0
0.28 9.0
1.0 9.0
4.02 9.0
0.28 9.0
1.01 8.99
1.0 9.0
1.0 9.0
1.0 9.0
1.0 9.0
1.0 9.0
1.0 9.0
1.0 9.0
0.28 9.0
1.03 8.85
1.08 8.21
0.28 9.0
1.4 6.02
4.02 9.0
4.02 9.0
4.02 9.0
0.28 9.0
3.99 9.07
1.0 9.0
1.0 9.0
0.28 9.0
4.02 9.0
1.0 9.0
5.27 6.69
1.0 9.0
0.68 5.51
1.0 9.0
0.28 9.0
1.0 9.0
4.01 9.07
0.28 9.0
1.0 9.0
1.0 9.0
0.28 9.0
1.0 9.0
3.61 8.97
0.28 9.0
0.28 9.0
1.0 9.0
0.28 7.69
2.84 9.67
0.28 9.0
0.28 9.0
1.42 5.81
4.02 9.0
4.02 9.0
3.18 6.78
0.98 8.99
1.0 9.0
1.0 9.0
0.87 9.05
3.69 5.87
1.0 9.0
1.0 9.0
0.87 9.05
1.0 9.0
1.0 9.0
0.28 9.0
0.28 9.0
1.0 9.0
1.22 9.67
0.28 7.74
0.28 9.0
1.0 9.0
1.0 9.0
1.0 9.0
1.0 9.0
1.0 9.0
4.02 9.07
1.0 9.0
1.0 9.0
1.0 9.0
1.05 8.95
1.0 9.0
1.0 9.0
1.0 9.0
0.28 9.0
0.28 9.0
1.0 9.0
1.03 8.09
1.0 9.0
0.99 8.92
1.01 8.96
1.0 9.0
0.28 8.96
4.02 9.0
0.63 9.67
4.02 9.0
1.0 9.0
0.28 9.0
1.0 8.99
5.27 6.69
1.0 9.0
1.0 9.0
0.28 9.0
4.6 6.98
4.02 9.0
0.9 9.67
3.55 9.06
1.0 9.0
1.05 8.94
0.28 9.0
1.0 9.0
1.0 9.0
0.64 9.13
0.28 9.0
1.0 9.0
1.0 9.0
1.0 9.0
1.0 9.0
1.0 9.0
1.0 9.0
4.02 9.0
0.47 6.65
4.02 9.0
1.0 9.0
1.0 9.0
3.6 9.52
1.0 9.0
1.0 9.0
5.92 7.05
1.03 9.01
1.0 9.0
0.28 8.13
4.02 9.0
4.51 8.47
1.0 9.0
0.28 9.0
4.42 8.54
0.28 7.76
1.0 9.0
1.0 9.0
1.0 9.0
1.0 9.0
1.47 8.94
0.28 9.0
1.0 9.0
1.05 8.95
4.77 8.15
1.01 8.99
0.28 9.0
1.0 9.0
0.28 9.0
1.0 9.0
1.0 9.0
0.99 8.74
0.4 5.46
1.0 9.0
1.05 8.95
1.0 9.0
1.0 9.0
0.99 9.01
0.65 4.78
1.08 8.21
0.28 8.98
0.28 8.73
1.01 9.0
0.28 9.01
0.99 9.0
1.01 8.99
1.01 8.99
1.0 9.0
1.0 9.0
1.01 8.99
1.0 9.0
3.91 9.17
0.99 8.92
0.28 9.67
1.07 8.89
4.02 9.0
1.0 9.0
0.99 9.0
0.99 8.92
3.18 5.74
0.28 7.76
1.0 9.0
1.0 9.0
1.1 8.98
1.0 9.0
1.0 9.0
4.02 9.0
0.28 9.0
0.28 9.0
1.0 9.0
1.0 8.99
0.28 9.0
0.62 9.67
0.28 9.0
1.0 9.0
4.32 8.63
1.0 9.0
0.28 9.0
1.0 9.0
1.0 9.0
1.0 9.0
5.22 6.66
0.47 8.8
1.0 9.0
1.0 9.0
0.47 6.65
1.0 9.0
5.51 7.77
1.0 8.99
1.0 9.0
1.0 9.0
1.0 9.0
1.0 9.0
4.02 9.0
1.0 9.0
4.51 8.47
1.0 9.0
1.0 9.0
1.0 9.0
1.0 9.0
0.28 9.0
0.28 9.0
1.01 8.99
1.0 9.0
1.0 9.0
4.02 9.01
2.62 7.62
1.0 9.0
0.28 9.0
1.0 9.0
4.42 8.54
0.99 8.92
0.28 9.01
0.47 6.65
0.28 9.0
0.99 8.92
0.42 9.67
5.27 6.69
1.0 9.0
5.21 7.68
0.64 5.75
1.0 9.0
1.0 9.0
1.01 8.99
1.42 5.81
4.02 9.0
0.28 8.76
1.05 7.69
0.28 9.0
1.0 9.0
0.28 9.0
3.62 9.44
3.46 5.68
5.53 6.83
1.84 7.38
1.01 8.99
1.12 8.88
1.0 9.0
1.05 8.88
1.75 8.95
0.99 8.92
0.28 7.36
0.99 8.74
4.32 8.63
1.0 9.0
5.27 6.69
1.0 9.0
0.59 6.65
1.0 8.98
4.02 9.0
1.0 9.0
0.98 8.99
1.0 9.0
4.02 9.0
4.02 9.0
1.05 8.99
1.01 9.0
1.0 9.0
1.01 8.97
1.0 9.0
1.0 9.0
0.28 9.0
0.28 9.0
1.0 9.0
0.28 9.0
0.28 9.41
3.18 7.0
1.0 9.0
1.01 8.99
5.22 6.66
4.02 9.0
1.48 9.67
1.0 9.0
4.12 8.89
1.0 9.0
1.06 8.96
1.57 9.67
5.27 6.69
4.02 9.0
5.47 6.79
1.06 8.93
4.02 9.0
4.02 9.0
4.02 9.0
1.05 8.95
1.0 9.0
1.05 8.95
1.0 9.0
0.28 9.0
0.83 9.67
1.0 9.0
4.47 6.25
0.28 9.0
1.0 8.99
1.01 9.0
0.28 9.57
1.0 9.0
5.92 7.05
1.0 9.0
1.08 8.21
1.0 9.0
4.02 9.0
0.28 9.0
0.28 8.99
1.04 8.96
0.99 8.92
0.65 4.78
5.27 6.69
0.28 9.0
0.94 8.97
0.28 9.0
0.32 4.33
1.0 9.0
4.02 9.0
3.43 9.67
0.28 8.96
1.0 9.0
1.0 9.0
0.28 9.0
1.0 9.0
2.53 9.11
0.99 8.93
1.0 9.0
2.32 6.99
0.99 8.74
0.28 9.0
1.0 9.0
1.05 8.95
1.0 9.0
1.47 8.94
0.28 9.0
1.0 9.0
1.0 9.0
0.28 9.0
4.17 8.85
1.88 9.01
1.0 9.0
3.97 9.1
0.28 8.76
0.99 9.0
0.28 9.04
4.02 9.0
0.81 9.25
1.05 8.95
1.05 8.95
1.0 9.0
4.02 9.0
4.02 8.98
1.0 9.0
1.0 9.0
1.0 9.0
5.21 7.68
5.27 6.69
1.0 9.0
1.05 8.94
0.28 9.0
1.0 9.0
1.05 8.95
0.28 9.0
0.99 8.92
1.0 9.0
0.98 9.67
5.53 6.83
0.28 9.0
4.02 9.0
5.27 6.72
1.0 9.0
0.99 8.73
0.28 8.96
0.28 9.05
0.28 9.0
0.28 9.0
0.96 8.39
0.28 7.49
1.0 9.0
1.0 9.0
0.51 4.63
1.65 9.1
5.22 6.66
1.03 8.9
0.99 8.74
1.08 8.22
4.02 9.0
5.27 6.69
4.02 9.03
3.01 9.67
4.42 8.54
0.28 9.0
0.28 9.0
1.0 9.0
5.33 6.73
1.0 9.0
3.62 9.46
3.18 7.0
4.02 9.0
3.57 9.56
0.28 8.27
5.22 6.66
0.28 9.0
1.0 9.0
0.28 9.0
1.0 9.0
4.14 7.57
1.0 9.0
1.44 9.67
1.0 9.0
0.28 7.74
2.32 6.99
4.02 9.0
1.0 9.0
4.93 6.53
1.12 8.88
3.18 5.84
2.03 6.31
1.32 5.69
4.02 9.0
1.12 8.88
0.28 9.0
0.28 9.0
1.12 8.88
0.77 5.48
5.92 7.05
1.11 8.96
4.02 9.01
4.07 8.94
0.65 4.78
5.51 7.77
0.28 9.04
4.42 8.54
1.0 9.0
1.0 9.0
4.02 9.0
1.0 9.0
4.27 8.73
5.21 7.68
0.28 7.63
1.0 9.0
1.01 9.0
4.02 9.0
1.08 8.21
0.39 6.52
0.28 9.0
0.28 9.0
5.51 6.83
3.97 9.08
3.97 9.12
0.28 7.74
0.28 9.0
1.01 9.0
0.28 9.0
4.02 9.0
5.27 6.69
0.99 8.67
3.49 9.62
1.21 8.87
5.02 6.53
0.28 9.0
1.0 9.0
1.01 9.0
0.28 9.67
1.0 9.0
1.19 5.75
1.0 9.0
4.12 8.91
1.0 9.0
1.0 9.0
5.22 6.67
1.0 9.0
3.46 5.68
5.27 6.69
2.06 9.67
1.0 8.99
1.0 9.0
1.4 6.02
0.95 8.4
4.02 9.0
4.02 9.0
2.74 9.67
4.02 9.0
1.05 8.88
4.02 9.0
1.0 9.0
1.4 6.02
4.02 9.0
4.02 9.0
4.02 9.01
4.07 8.93
1.32 5.69
1.0 9.0
1.42 8.73
5.27 6.69
0.28 7.74
1.0 9.0
3.27 9.07
1.0 9.0
0.59 9.32
3.92 9.14
1.0 9.0
5.27 6.69
0.28 7.64
0.28 9.12
4.02 9.0
3.72 9.35
1.2 5.77
3.92 9.15
4.02 9.0
1.01 9.0
1.0 9.0
2.3 9.67
5.27 6.7
5.3 6.73
3.18 5.84
4.02 9.01
3.74 9.32
3.93 8.73
1.0 9.0
3.69 5.87
4.02 9.0
0.72 4.9
5.27 6.68
0.28 8.48
0.28 6.18
1.0 9.0
0.28 8.97
5.27 6.69
3.19 9.08
1.32 5.69
0.28 7.72
0.99 8.98
5.27 6.69
4.02 9.0
4.02 9.0
0.99 9.0
1.08 8.21
1.0 9.0
1.0 9.0
5.14 7.72
1.0 9.0
1.0 9.0
1.88 6.38
1.0 9.0
0.62 9.67
5.27 6.69
1.0 9.0
5.92 7.05
4.02 9.0
2.79 7.78
0.28 8.94
4.02 9.0
4.02 9.0
1.0 9.0
1.22 5.49
3.97 9.1
1.0 9.0
0.47 6.65
0.47 6.65
5.27 6.69
0.28 9.0
1.0 9.0
3.92 9.14
0.65 4.78
4.97 7.89
1.0 9.0
1.4 6.02
4.02 9.0
4.02 9.0
1.0 9.0
1.0 9.0
1.0 9.0
5.12 6.58
3.82 9.23
5.27 6.69
5.27 6.69
0.99 9.0
0.28 9.0
1.0 9.0
0.28 9.04
0.65 4.78
5.27 6.69
4.02 9.0
5.27 6.69
1.0 9.0
0.72 4.9
1.0 9.0
3.29 9.67
0.35 4.38
1.4 6.02
3.47 9.66
4.07 8.94
4.02 9.0
5.12 6.58
0.64 4.78
0.47 6.65
1.0 9.0
4.02 9.0
0.28 9.0
5.22 6.66
1.0 9.0
4.22 8.78
5.3 6.73
5.27 6.69
5.27 6.69
5.27 6.69
1.0 9.0
0.28 8.96
0.47 6.65
4.02 9.0
5.22 6.66
0.47 6.65
4.02 9.02
3.18 5.84
4.02 8.99
2.32 6.99
1.57 3.38
0.47 6.65
0.32 4.33
5.27 6.69
0.98 9.52
1.0 9.0
5.22 6.67
0.28 9.22
0.28 9.0
1.0 9.0
5.27 6.69
5.33 7.58
4.02 8.99
5.27 6.69
4.02 8.98
0.35 4.38
4.02 9.0
5.27 6.69
1.0 9.0
1.0 9.0
1.93 6.35
0.72 4.9
5.27 6.69
1.01 9.0
4.84 6.9
0.58 4.73
0.61 4.73
1.0 9.0
1.0 9.0
4.02 9.0
1.0 9.0
5.22 6.66
5.22 6.66
0.28 9.0
4.12 8.9
4.02 9.0
0.65 4.78
4.02 9.0
0.39 6.52
4.02 9.0
5.3 6.73
3.82 9.23
5.27 6.71
5.27 6.69
0.71 5.44
0.28 4.68
1.0 9.0
3.14 7.63
5.28 6.73
3.92 9.15
1.06 8.99
0.47 6.65
1.01 9.03
1.0 9.0
3.69 5.87
3.84 9.22
3.84 9.22
3.79 9.27
4.02 9.0
0.28 8.96
5.22 6.67
1.47 5.84
4.87 6.43
3.25 8.13
5.22 6.66
4.02 9.0
4.75 6.38
4.02 9.0
1.0 9.0
1.08 9.67
1.0 9.0
4.02 9.0
1.0 9.0
4.02 9.0
1.0 9.0
3.18 7.0
0.42 5.47
4.63 6.33
4.68 7.95
1.0 9.0
0.28 5.4
0.67 4.81
1.4 6.02
0.47 6.77
4.02 9.0
0.99 9.0
0.99 8.85
4.02 9.07
1.0 9.0
0.28 4.64
4.02 9.01
5.22 6.67
3.29 7.88
4.02 9.04
0.51 4.63
0.4 5.56
0.99 9.0
0.51 4.63
0.56 6.62
5.54 6.83
1.84 7.38
0.47 6.65
1.0 9.0
1.0 9.0
0.28 9.0
1.0 9.0
2.03 6.31
1.4 6.02
0.49 5.47
5.17 7.72
1.0 9.0
0.65 4.78
1.0 9.0
0.28 9.0
1.01 9.0
3.18 5.84
0.65 4.78
4.02 9.0
3.87 9.2
1.0 9.0
4.62 8.33
4.02 9.02
1.0 8.9
2.32 6.99
4.02 9.0
2.9 7.78
2.62 6.1
1.0 9.0
1.88 6.38
3.18 5.84
1.0 9.0
0.61 4.73
1.4 6.02
5.25 7.23
3.52 9.58
1.0 9.0
3.47 5.68
1.0 9.0
0.28 9.14
5.22 6.66
0.41 5.47
1.0 9.0
0.65 4.78
0.4 5.46
0.28 8.88
1.36 5.73
2.75 9.67
0.28 9.0
4.02 9.0
3.75 5.91
1.0 9.0
1.0 9.0
0.65 4.78
1.37 5.74
1.41 8.88
4.02 9.0
0.28 8.99
0.9 5.85
0.53 9.67
1.0 9.0
3.18 5.83
4.02 9.0
0.87 5.11
0.57 4.68
4.32 8.7
4.02 9.0
0.64 4.78
4.02 9.0
1.0 9.0
4.02 9.0
0.7 7.47
3.18 5.84
0.36 4.38
4.02 9.0
0.72 4.88
0.28 9.0
1.0 9.0
1.62 5.94
3.18 5.84
1.0 9.0
4.02 9.01
1.0 9.0
1.2 5.77
3.77 9.32
1.01 9.0
0.49 9.28
1.32 5.69
1.32 5.71
0.65 4.78
0.72 4.9
0.28 7.33
3.18 5.84
1.42 5.81
0.36 4.38
0.28 9.47
1.0 8.71
4.02 9.0
1.42 5.79
0.84 9.67
3.69 5.87
1.67 7.17
0.58 4.73
0.28 9.0
0.65 4.78
4.02 9.01
3.46 5.68
0.65 4.78
1.0 9.0
0.65 4.78
1.0 9.0
1.04 8.87
4.02 9.0
1.0 9.0
0.35 4.38
2.95 9.67
1.4 6.02
1.0 9.0
4.02 8.98
1.0 9.0
2.67 7.73
1.01 8.98
1.4 6.02
1.0 9.0
4.02 9.0
1.0 9.0
1.0 9.0
4.02 9.02
3.81 9.27
4.02 9.0
0.99 9.0
1.32 5.69
0.28 9.0
1.0 9.0
1.0 9.0
4.02 9.0
0.64 5.72
1.0 9.0
0.28 4.62
1.0 9.0
1.0 9.0
0.65 4.78
0.28 9.0
1.0 9.0
1.42 5.79
1.0 9.0
4.02 9.0
0.72 4.91
4.67 8.24
0.75 5.71
0.64 4.78
0.65 4.78
0.65 4.78
0.35 4.53
4.02 9.0
1.0 9.0
1.0 9.0
0.98 5.23
1.0 9.0
1.08 6.17
0.28 9.0
1.0 9.0
1.0 9.0
0.28 5.4
1.0 9.0
0.28 9.11
1.0 9.0
0.65 4.78
0.28 6.18
3.44 9.67
4.02 9.0
0.65 4.78
0.39 5.57
1.0 9.0
3.81 9.27
0.35 4.38
0.65 4.78
0.28 5.84
1.01 9.0
0.65 4.78
1.0 9.0
0.28 8.89
3.18 5.84
1.32 5.7
1.0 9.0
3.05 9.67
3.9 9.17
1.25 5.73
4.02 9.0
1.0 9.0
5.34 6.73
0.65 4.78
1.32 5.7
0.65 4.78
1.0 8.99
3.18 5.83
0.59 4.73
0.67 4.81
9.67 9.43
0.4 5.46
1.2 5.73
0.43 5.57
0.65 4.78
0.86 5.75
4.62 8.33
1.0 9.0
0.65 4.78
4.02 9.0
0.65 4.78
2.52 9.67
0.35 4.38
3.47 9.64
1.32 5.69
4.02 9.0
1.0 9.0
4.02 9.01
0.98 9.67
1.01 9.0
0.43 5.59
1.0 9.0
0.65 4.78
1.0 9.0
1.0 9.0
1.2 5.77
1.0 9.0
1.66 3.39
0.65 4.78
0.65 4.78
2.88 9.32
1.32 5.69
0.51 4.63
0.58 4.73
3.77 9.27
0.62 4.77
3.86 9.22
0.87 8.72
1.42 5.81
4.02 9.0
0.35 4.53
3.77 5.83
1.0 8.99
1.01 9.01
0.65 4.78
1.0 9.0
0.41 4.58
3.9 9.17
1.0 9.0
4.52 8.43
0.28 9.01
1.0 9.0
2.57 9.67
0.28 9.0
0.65 4.78
0.28 9.38
0.65 4.78
0.65 4.78
0.59 4.73
1.0 9.0
0.28 8.55
1.0 9.0
0.65 4.78
4.02 9.0
0.28 5.85
1.0 9.0
0.65 4.78
1.0 9.0
0.58 4.73
0.61 4.73
0.65 4.78
1.32 5.69
0.41 5.74
0.37 4.44
1.0 9.0
0.28 9.41
1.0 9.0
2.67 9.67
0.65 4.78
1.0 9.0
0.84 5.75
0.58 4.73
0.32 4.33
1.0 9.0
0.36 4.38
1.0 9.0
0.64 4.78
0.64 5.76
0.72 4.9
0.28 9.0
4.02 9.0
1.0 9.0
0.64 4.78
0.51 4.63
0.65 4.78
0.65 4.78
0.65 4.78
0.65 4.78
0.59 4.73
1.0 9.0
1.55 9.67
1.0 9.0
4.02 9.0
4.02 9.0
0.28 4.54
0.64 5.98
1.77 7.23
1.42 5.81
1.0 9.0
0.65 4.78
4.02 9.0
0.65 4.78
1.0 9.0
0.52 5.6
0.37 4.4
2.91 7.78
0.58 4.73
2.09 9.67
4.02 9.0
0.65 4.78
0.28 9.52
4.87 8.03
1.0 9.0
0.35 4.53
0.65 4.78
0.65 4.78
1.0 9.0
4.02 9.0
0.65 4.78
0.66 4.78
0.65 4.78
0.65 4.78
0.58 4.73
0.65 4.78
1.22 5.5
0.65 4.78
0.64 4.78
1.02 8.55
0.36 4.38
0.65 4.78
0.65 4.78
1.03 9.03
0.65 4.78
1.0 9.0
1.0 9.0
1.0 9.0
0.58 4.73
1.0 9.0
3.41 9.67
1.06 8.87
0.58 4.73
1.0 9.0
0.65 4.78
1.0 9.0
0.65 4.78
1.03 8.16
4.02 9.0
1.0 9.0
2.33 9.67
3.38 5.63
1.0 9.0
0.48 4.63
0.65 4.78
0.65 4.78
0.65 4.78
0.61 4.73
0.65 4.78
0.3 4.33
3.98 9.07
0.65 4.78
0.64 4.78
1.0 9.0
0.65 4.78
0.65 4.78
1.0 9.0
0.51 4.63
0.74 9.67
1.08 7.1
1.0 9.67
0.58 4.73
4.02 9.0
0.65 4.78
0.35 4.38
1.0 9.0
0.58 4.73
0.35 4.38
0.64 4.78
0.61 4.73
0.65 4.78
0.35 4.38
0.65 4.78
0.65 4.78
0.38 4.83
1.01 9.0
1.0 9.0
4.02 9.0
0.65 4.78
4.02 9.0
1.0 9.0
0.35 4.38
0.65 4.78
1.7 8.86
4.02 9.0
0.61 4.73
0.64 4.78
0.65 4.78
1.0 9.0
3.92 9.16
0.35 4.38
0.58 4.73
0.64 4.78
0.35 4.38
2.62 6.68
1.0 9.0
0.65 4.78
2.62 2.8
1.0 9.0
0.68 4.83
0.65 4.78
0.65 4.78
3.43 9.67
0.64 4.78
0.65 4.78
3.92 9.15
0.65 4.78
0.96 7.07
4.02 9.0
1.0 9.0
0.65 4.78
1.0 9.0
0.98 8.94
1.0 9.0
0.64 4.78
1.0 9.0
0.58 4.73
1.03 8.44
0.65 4.78
0.65 4.78
0.37 4.4
1.0 9.0
3.94 9.12
0.58 4.73
0.51 4.63
0.32 4.33
0.59 4.73
0.35 4.38
1.0 9.0
0.65 4.78
0.65 4.78
1.08 6.8
0.65 4.78
1.0 9.0
1.66 3.39
0.28 9.19
0.58 4.73
1.0 9.0
0.28 9.03
0.51 4.63
0.65 4.78
4.01 9.07
0.65 4.78
0.65 4.78
1.02 8.58
1.01 9.0
0.66 4.78
0.48 4.63
0.58 4.73
0.65 4.78
1.02 8.5
1.0 9.0
0.58 4.73
0.28 9.0
0.51 4.63
0.37 4.38
1.01 9.0
0.65 4.78
1.0 9.0
0.37 4.4
0.65 4.78
0.65 4.78
0.58 4.73
1.05 8.46
0.58 4.73
0.65 4.78
0.51 4.63
0.51 4.63
1.0 9.0
0.65 4.78
4.02 9.0
0.32 4.33
0.51 4.63
1.0 9.0
1.5 9.67
0.35 4.38
0.37 4.38
2.01 9.67
1.0 9.0
1.3 5.78
0.61 4.73
0.58 4.73
4.02 9.0
0.35 4.38
1.0 9.0
1.0 9.0
1.0 9.0
4.02 9.0
4.12 8.92
0.35 4.38
0.41 4.58
1.0 9.0
1.0 9.0
0.36 4.38
0.33 4.38
1.01 9.0
0.55 4.68
1.0 9.0
1.0 9.0
1.0 8.97
0.36 4.38
0.35 4.38
1.0 9.0
0.36 4.38
1.0 9.0
5.15 7.72
1.0 9.0
1.0 9.0
0.58 4.73
0.35 4.38
1.0 9.0
1.0 9.0
1.04 8.95
1.0 9.0
0.35 4.53
3.97 9.09
1.0 9.0
1.0 9.0
0.98 9.0
3.92 9.17
1.0 9.0
3.57 9.57
1.0 9.0
1.42 7.8
1.0 9.0
0.61 4.73
0.59 4.73
3.88 7.49
0.32 4.33
0.37 4.41
0.35 4.38
0.5 4.63
4.02 9.05
0.32 4.33
4.02 9.0
0.36 4.38
0.33 4.38
0.32 4.33
5.55 6.83
0.64 4.78
0.45 4.53
1.0 9.0
0.58 4.73
0.36 4.38
0.52 4.63
1.01 9.0
1.0 9.0
0.36 4.38
0.34 4.38
0.36 4.38
0.37 4.4
0.28 9.0
0.35 4.38
0.35 4.38
1.12 5.38
0.58 4.73
0.37 4.38
1.0 9.0
0.28 9.0
1.0 9.0
0.28 9.37
0.58 4.73
1.0 9.0
1.0 9.0
0.36 4.38
1.28 7.79
1.0 9.0
0.37 4.42
0.28 4.66
1.0 9.0
0.28 9.37
1.0 9.0
0.37 4.4
4.02 9.04
1.0 9.0
1.42 5.81
0.37 4.4
0.36 4.38
1.39 5.78
0.36 4.38
0.35 4.38
0.98 8.99
0.28 4.69
0.36 4.38
1.0 9.0
0.33 4.38
1.0 9.0
0.28 4.62
1.0 9.0
0.32 4.33
1.01 8.65
1.25 5.73
0.37 4.4
1.0 9.0
0.28 9.0
0.57 4.68
0.36 4.38
0.37 4.46
0.35 4.38
0.38 4.83
0.51 4.63
1.0 9.0
0.36 4.38
1.0 9.0
0.37 4.38
0.51 4.63
0.34 4.38
0.35 4.38
0.37 4.38
0.36 4.38
0.35 4.38
1.0 9.0
2.62 7.27
0.37 4.4
0.3 4.33
0.35 4.38
1.0 9.0
0.35 4.38
3.05 9.67
0.35 4.38
2.62 5.37
1.0 9.0
0.36 4.38
0.36 4.38
1.0 9.0
0.29 8.45
1.62 5.97
1.0 9.0
4.02 9.0
0.35 4.38
0.36 4.38
0.37 4.4
0.37 4.38
2.03 9.67
1.0 9.0
1.01 9.0
1.06 9.67
0.51 4.63
0.35 4.38
1.0 9.0
0.35 4.38
0.35 4.38
0.37 4.39
0.36 4.38
1.0 9.0
0.28 8.96
1.0 9.0
0.35 4.38
0.55 4.68
0.28 4.54
1.42 5.83
1.0 9.0
0.36 4.38
2.83 9.67
0.5 4.63
0.51 4.63
1.0 9.0
0.28 8.96
1.0 9.0
0.35 4.38
1.0 9.0
0.36 4.38
0.35 4.38
0.35 4.38
0.76 8.66
1.0 9.0
0.28 4.64
0.36 4.38
0.37 4.38
0.36 4.38
0.36 4.38
0.35 4.38
0.36 4.38
0.35 4.38
0.36 4.38
0.35 4.38
0.36 4.38
0.35 4.38
0.36 4.38
0.35 4.38
1.0 9.0
0.36 4.38
0.35 4.38
0.36 4.38
0.35 4.38
0.35 4.38
1.47 5.84
1.0 9.0
0.36 4.38
0.35 4.38
0.35 4.38
0.35 4.38
1.0 9.0
0.35 4.38
0.36 4.38
0.36 4.38
0.35 4.38
0.42 4.48
1.22 5.49
0.37 4.38
0.35 4.38
0.36 4.38
0.35 4.38
0.35 4.87
0.36 4.38
0.37 4.39
0.37 4.4
0.36 4.38
0.32 4.33
0.36 4.38
0.32 4.33
0.37 4.38
0.37 4.39
0.36 4.38
0.35 4.38
0.36 4.38
0.36 4.38
0.35 4.38
0.36 4.38
1.47 5.84
0.35 4.38
0.32 4.33
0.32 4.33
0.36 4.38
4.02 9.05
0.36 4.38
0.36 4.38
0.35 4.38
0.36 4.38
1.22 5.49
0.35 4.38
0.35 4.38
0.35 4.38
0.35 4.38
0.36 4.38
1.12 5.38
0.36 4.38
0.35 4.38
0.36 4.38
0.35 4.38
0.36 4.38
0.36 4.38
0.36 4.38
0.36 4.38
0.36 4.38
0.36 4.38
4.02 9.0
0.35 4.38
0.36 4.38
0.35 4.38
0.32 4.33
0.35 4.38
0.35 4.38
0.37 4.43
0.36 4.38
0.35 4.38
0.37 4.38
0.35 4.38
0.36 4.38
0.37 4.38
0.28 9.0
0.36 4.38
0.36 4.38
0.36 4.38
0.37 4.38
0.36 4.38
0.36 4.38
0.32 4.34
0.37 4.38
0.35 4.38
0.37 4.39
0.35 4.38
0.32 4.33
0.28 4.63
0.35 4.38
1.0 9.0
0.36 4.38
0.36 4.38
0.36 4.38
0.36 4.38
0.37 4.38
5.45 7.23
0.36 4.38
2.62 3.12
0.36 4.38
0.36 4.38
0.36 4.38
0.32 4.33
0.36 4.38
0.35 4.38
0.36 4.38
0.36 4.38
0.32 4.33
0.35 4.38
1.0 9.0
0.36 4.38
0.36 4.38
0.35 4.38
0.32 4.33
0.28 4.64
0.36 4.38
1.22 5.5
0.36 4.38
0.32 4.33
1.32 5.69
0.71 7.76
0.37 4.38
0.42 4.48
0.36 4.38
0.36 4.38
0.36 4.38
0.37 4.38
0.34 4.38
0.36 4.38
0.35 4.38
0.36 4.38
0.36 4.38
0.36 4.38
0.36 4.38
0.36 4.38
0.36 4.38
0.36 4.38
0.28 9.62
0.36 4.38
0.36 4.38
0.36 4.38
0.36 4.38
0.34 4.38
0.28 4.64
0.36 4.38
0.36 4.38
0.37 4.38
0.36 4.38
0.37 4.38
0.36 4.38
0.28 4.71
0.42 4.48
0.36 4.38
0.32 4.33
3.87 9.22
2.62 2.8
0.35 4.38
0.37 4.38
0.36 4.38
0.32 4.33
1.47 5.84
0.36 4.38
0.35 4.38
1.37 5.76
0.37 4.38
0.32 4.36
1.0 9.0
0.37 4.38
1.0 9.0
0.36 4.38
0.36 4.38
0.36 4.38
0.28 4.61
0.36 4.38
0.29 4.33
0.35 4.38
0.35 4.38
6.6 8.77
0.42 4.48
4.02 9.0
0.3 4.33
0.37 4.38
0.35 4.38
0.36 4.38
0.32 4.33
0.36 4.38
0.36 4.38
0.37 4.45
0.32 4.33
0.35 4.38
0.36 4.38
0.36 4.38
0.32 4.33
0.36 4.38
0.37 4.38
0.36 4.38
0.37 4.38
0.32 4.33
0.32 4.33
0.35 4.38
0.35 4.38
1.47 5.84
0.36 4.38
0.36 4.41
0.36 4.38
0.35 4.38
0.36 4.38
0.37 4.38
1.37 5.77
0.32 4.33
2.62 3.26
0.35 4.38
0.36 4.38
0.37 4.42
0.32 4.35
0.37 4.38
0.37 4.38
1.66 3.39
0.37 4.38
0.28 4.63
0.32 4.33
0.32 4.33
0.35 4.38
0.37 4.38
0.36 4.38
4.02 9.0
1.47 5.85
4.02 9.0
0.32 4.33
0.36 4.38
0.36 4.38
0.32 4.33
0.37 4.38
0.32 4.33
0.32 4.33
0.36 4.38
0.36 4.38
0.36 4.38
1.0 9.0
0.36 4.38
0.36 4.38
0.28 4.64
0.36 4.38
0.37 4.38
0.35 4.38
0.36 4.38
0.37 4.42
0.35 4.38
0.36 4.38
0.36 4.38
0.37 4.38
1.93 3.34
0.36 4.38
0.42 4.48
0.37 4.38
0.35 4.38
1.0 9.0
1.66 3.39
3.67 9.41
0.36 4.38
0.32 4.33
0.36 4.38
1.0 9.0
0.32 4.33
0.28 4.42
1.0 9.0
5.56 7.87
0.32 4.33
0.32 4.33
3.59 5.97
1.66 3.39
2.62 3.26
0.36 4.38
0.28 4.62
0.3 4.33
1.0 9.0
1.19 5.64
0.36 4.38
0.36 4.38
0.28 4.45
1.0 9.0
0.32 4.33
0.32 4.33
0.32 4.33
4.38 2.28
0.28 8.34
1.47 5.83
1.22 5.48
0.32 4.33
0.36 4.38
3.87 9.21
0.36 4.38
0.36 4.38
1.0 9.0
1.0 9.0
0.37 4.38
0.32 4.33
0.32 4.33
0.37 4.38
0.3 4.33
0.36 4.38
0.32 4.33
0.32 4.33
0.32 4.33
3.35 9.67
1.0 9.0
0.32 4.33
2.62 2.79
1.9 3.38
0.37 4.4
0.34 4.38
0.35 4.38
0.32 4.33
0.36 4.38
3.92 9.15
0.35 4.38
1.12 5.38
1.0 9.0
1.0 9.0
1.42 5.79
0.36 4.38
0.37 4.38
0.32 4.33
0.32 4.33
0.28 4.4
0.37 4.38
1.43 5.83
1.0 9.0
0.32 4.33
0.36 4.38
1.0 9.0
0.35 4.38
1.0 9.0
1.01 9.0
0.42 4.49
1.47 5.83
0.37 4.39
0.37 4.44
0.28 4.61
0.32 4.33
0.36 4.38
1.0 9.0
1.17 5.45
0.32 4.33
0.32 4.33
0.32 4.33
2.62 2.8
1.7 3.39
1.47 5.83
0.32 4.33
1.04 9.67
0.3 4.33
0.32 4.33
0.32 4.33
0.73 6.09
1.0 9.0
0.32 4.33
1.47 5.86
0.32 4.33
0.32 4.33
6.02 7.09
0.32 4.33
0.32 4.33
0.37 4.38
0.32 4.33
0.32 4.33
1.0 9.0
1.57 3.38
1.32 5.68
1.44 5.83
1.79 9.67
0.28 4.65
4.02 9.0
0.28 8.96
0.32 4.33
1.22 5.49
0.32 4.33
0.32 4.33
2.62 2.8
0.36 4.38
0.32 4.33
1.32 5.68
0.28 9.31
0.32 4.33
1.47 5.83
0.32 4.33
1.47 5.83
1.0 9.0
1.22 5.5
0.28 4.7
0.32 4.33
1.46 3.36
0.32 4.33
0.32 4.33
0.32 4.33
0.32 4.33
1.0 9.0
0.32 4.33
0.32 4.33
0.32 4.33
1.42 5.81
1.66 3.39
0.32 4.33
0.3 4.33
0.32 4.33
3.92 9.15
0.32 4.33
1.47 5.84
0.32 4.33
0.32 4.33
0.29 4.34
0.28 4.51
1.43 5.83
1.47 5.83
0.28 4.59
2.62 2.8
0.32 4.33
1.0 9.0
0.28 4.64
4.02 9.0
0.32 4.33
1.66 3.39
1.47 5.86
0.28 8.97
1.37 5.76
1.0 9.0
0.32 4.33
0.32 4.33
0.32 4.33
4.02 9.0
0.97 9.09
0.32 4.33
3.53 9.57
0.32 4.33
0.32 4.33
0.32 4.33
0.32 4.33
1.57 3.38
0.32 4.33
1.66 3.39
0.32 4.33
0.32 4.33
0.32 4.33
0.32 4.33
3.18 5.87
1.0 9.0
0.32 4.33
0.32 4.33
1.66 3.39
0.28 5.29
1.0 9.0
0.32 4.33
1.97 9.67
4.02 9.0
0.32 4.33
1.81 9.67
6.24 8.82
3.8 9.27
2.62 2.8
1.97 5.62
1.66 3.39
4.02 9.0
1.52 3.37
1.0 9.0
1.69 3.39
0.32 4.33
1.6 3.38
2.48 9.67
1.0 9.0
1.4 9.67
0.28 4.64
1.95 9.67
1.0 9.0
0.32 4.33
1.37 5.77
6.6 8.77
0.32 4.33
0.32 4.33
0.32 4.33
1.0 9.0
0.32 4.33
0.32 4.33
1.04 7.29
1.0 9.0
0.32 4.33
3.96 9.12
1.42 5.81
0.28 8.96
0.32 4.33
2.62 2.8
1.44 5.83
0.28 4.61
0.32 4.33
1.0 9.0
0.32 4.33
0.32 4.33
0.32 4.33
0.32 4.33
0.32 4.33
1.0 9.0
0.32 4.33
1.66 3.39
0.32 4.33
4.02 9.0
1.0 9.0
3.82 9.25
0.32 4.33
0.32 4.33
0.32 4.33
0.32 4.33
1.0 9.0
0.32 4.33
0.32 4.33
1.0 9.0
1.12 5.41
1.0 9.0
6.62 8.11
0.32 4.34
0.32 4.33
0.32 4.33
1.12 5.39
0.32 4.33
0.32 4.33
2.71 9.33
1.0 9.0
3.91 9.17
2.62 2.8
0.28 9.0
1.66 3.39
1.13 8.9
1.57 3.38
0.32 4.33
0.28 7.35
0.32 4.33
0.37 4.39
1.0 9.0
0.32 4.33
0.32 4.33
1.85 9.67
4.02 9.0
1.22 5.52
0.32 4.33
1.52 3.37
1.0 9.0
0.32 4.33
0.32 4.33
1.9 3.39
1.66 3.39
1.0 9.0
1.0 9.0
0.32 4.33
1.46 3.36
0.28 4.44
0.32 4.33
2.62 2.79
1.19 5.63
0.68 9.67
1.0 9.0
1.0 9.0
1.0 9.0
0.28 4.46
0.68 1.62
2.62 3.12
0.3 4.33
1.7 3.39
1.0 9.0
1.37 5.77
0.28 5.14
4.02 9.0
0.32 4.33
0.32 4.33
1.9 3.39
0.32 4.36
4.02 9.0
0.28 9.0
1.47 5.86
1.0 9.0
0.3 4.33
1.66 3.39
0.32 4.33
0.32 4.33
0.32 4.33
0.3 4.33
0.32 4.33
1.0 9.0
1.62 3.38
0.32 4.35
0.32 4.33
1.47 5.83
2.62 2.8
1.65 3.38
0.32 4.33
1.0 9.01
0.32 4.33
0.32 4.33
2.62 3.12
1.0 9.0
0.32 4.33
1.55 9.67
1.93 3.34
4.02 9.0
1.0 9.0
2.62 2.75
1.0 9.0
1.22 5.49
0.28 5.03
1.0 9.0
1.42 5.81
1.0 9.0
1.0 9.0
1.63 3.39
1.0 9.0
0.32 4.33
0.32 4.33
1.57 3.38
2.62 2.8
4.02 9.0
1.62 3.38
0.32 4.33
6.91 1.52
1.0 9.0
1.73 3.39
0.47 4.57
0.28 5.25
1.66 3.39
0.28 8.85
1.32 4.26
1.0 9.0
0.32 4.33
0.32 4.33
7.86 9.67
5.66 7.5
2.62 2.8
1.57 3.38
1.46 3.36
1.49 3.37
0.32 4.33
1.0 9.0
9.51 9.67
0.32 4.33
1.0 9.0
1.0 9.0
0.32 4.33
1.66 3.39
1.9 3.39
0.41 9.67
0.28 9.0
0.62 4.77
1.0 9.0
1.66 3.38
1.66 3.39
0.32 4.33
0.32 4.33
1.45 9.0
1.3 5.78
1.0 9.0
2.51 8.29
0.28 9.0
1.0 9.0
1.62 3.38
1.0 9.0
1.0 9.0
1.0 9.0
1.47 3.37
1.89 3.39
1.58 3.38
6.53 8.95
1.0 9.0
4.02 9.0
1.42 5.83
0.28 4.43
1.0 9.0
2.28 9.67
1.71 3.39
6.15 9.0
1.0 9.0
1.58 3.38
1.0 9.0
1.03 8.9
0.32 4.33
0.32 4.33
1.62 3.38
1.42 5.81
1.66 3.39
1.45 3.36
4.02 9.03
1.0 9.0
1.0 9.0
0.28 9.0
1.0 9.0
1.93 3.34
1.0 9.0
0.32 4.33
0.92 5.94
6.62 8.59
0.39 9.67
1.0 9.0
1.66 3.39
1.52 3.37
0.32 4.33
4.02 9.0
0.32 4.33
1.6 3.38
1.09 5.48
6.12 9.04
1.66 3.39
1.57 3.38
2.54 8.81
1.9 3.39
0.28 9.01
0.28 9.0
3.18 6.38
1.0 9.0
1.93 3.34
1.46 3.36
1.93 3.34
6.6 8.77
1.48 3.37
0.28 9.0
2.62 3.26
1.66 3.39
1.0 8.95
0.28 5.32
1.46 3.36
1.01 9.0
1.49 3.37
1.93 3.34
1.66 3.39
1.9 3.39
1.66 3.39
2.62 2.82
1.93 3.34
2.62 2.79
1.65 3.38
0.7 7.65
1.66 3.39
1.57 3.38
1.0 9.0
1.58 3.38
1.0 9.0
1.49 3.37
1.0 9.0
4.02 9.0
1.66 3.39
2.62 2.8
6.63 8.63
1.73 3.39
1.66 3.38
1.64 3.39
4.02 9.0
1.62 3.38
1.66 3.39
1.0 9.0
1.91 3.39
7.67 7.98
1.0 9.0
1.5 3.37
1.66 3.39
1.75 3.39
3.82 9.24
0.28 5.3
2.62 2.77
1.65 3.39
1.66 3.39
4.26 7.74
1.66 3.38
1.7 3.39
1.05 8.97
1.58 3.38
1.49 3.37
6.97 7.66
1.0 9.01
1.0 9.0
2.62 2.8
2.62 2.8
1.66 3.39
1.0 9.0
1.9 3.4
1.93 3.34
1.48 3.36
0.28 5.31
0.68 1.62
0.43 9.47
0.28 9.0
2.62 2.8
1.34 3.33
1.51 3.37
1.51 3.37
1.91 3.38
1.5 3.37
2.62 3.12
0.28 9.0
1.0 9.0
2.62 2.73
4.02 9.0
1.93 3.34
1.41 3.35
1.0 9.0
1.0 9.0
4.02 9.0
1.66 3.39
2.62 2.8
1.66 3.39
1.0 9.0
1.93 3.34
1.93 3.34
1.0 9.0
1.66 3.39
1.76 3.39
1.66 3.39
1.9 3.39
0.28 9.0
1.9 3.38
0.28 9.0
1.9 3.38
1.0 9.0
2.62 3.26
1.9 3.39
1.91 3.38
1.0 9.0
2.62 2.75
2.62 2.8
4.02 9.0
4.02 9.0
1.78 3.39
1.0 9.0
2.65 9.67
1.62 3.38
0.28 9.56
2.62 2.8
2.62 2.8
2.62 3.12
0.28 8.96
2.62 2.79
1.93 3.34
1.66 3.39
1.0 9.0
1.52 3.37
1.91 3.39
0.28 5.04
1.5 3.37
6.65 8.24
1.93 3.34
0.28 8.88
1.0 9.0
1.01 9.0
2.62 2.8
1.66 3.39
2.62 2.8
1.81 3.38
4.02 9.0
1.0 9.0
1.66 3.39
2.62 3.12
6.04 9.12
1.59 3.38
1.0 9.0
0.68 1.62
1.66 3.39
2.62 2.79
4.17 8.83
1.66 3.38
2.62 2.74
2.62 2.8
2.62 2.73
1.76 3.39
4.07 8.97
1.72 3.39
1.0 9.0
1.65 3.38
1.93 3.34
1.3 3.53
4.02 9.0
1.38 3.35
0.28 4.89
0.28 5.14
6.53 8.95
0.28 4.85
1.9 3.39
1.0 9.0
0.28 9.48
4.02 9.0
6.53 8.95
2.62 3.79
1.62 3.38
1.62 3.38
6.17 9.14
1.9 3.38
2.62 3.26
1.0 9.0
0.28 8.92
2.62 3.26
4.02 9.04
3.2 5.53
0.68 1.62
2.62 2.8
2.11 8.96
2.62 2.8
2.62 3.26
2.62 2.81
1.0 9.0
2.62 2.74
2.62 2.8
1.0 9.0
0.84 9.01
2.62 3.12
5.94 9.21
1.9 3.39
2.62 2.75
0.93 9.67
4.02 9.0
4.02 9.0
1.93 3.34
2.62 2.8
0.35 9.67
4.02 9.0
1.9 3.38
0.28 9.01
2.62 2.75
4.86 6.43
0.77 0.67
6.6 8.77
0.28 9.0
0.28 9.0
1.93 3.34
2.62 2.85
6.47 8.95
2.62 2.8
2.62 2.8
0.28 5.16
2.62 2.79
1.75 6.94
3.18 7.43
1.93 3.34
5.44 6.78
6.55 8.7
2.62 2.79
1.0 8.89
1.89 3.39
2.62 2.94
1.8 3.38
2.62 2.73
1.0 8.99
2.62 2.8
4.17 8.83
2.62 2.79
0.28 5.18
1.0 9.0
1.0 9.0
0.28 9.0
4.02 9.0
2.62 2.8
2.62 2.75
1.0 9.0
2.62 2.78
1.9 3.39
2.62 3.12
1.01 9.0
1.93 3.34
1.93 3.34
6.57 8.68
1.0 9.0
2.62 2.8
1.91 3.39
2.62 2.8
2.62 3.04
1.93 3.34
4.02 9.0
2.62 2.8
2.62 2.75
1.93 3.34
2.62 3.26
1.0 9.0
2.62 2.8
2.62 2.8
2.62 2.75
2.62 2.8
4.14 6.89
0.49 4.85
1.04 6.46
2.62 2.8
2.62 2.76
2.62 2.79
1.01 8.97
2.62 2.8
2.62 3.12
2.62 3.17
2.62 2.75
2.62 2.8
2.62 2.74
2.62 2.8
2.62 2.82
2.62 2.8
2.62 2.78
2.62 2.8
4.02 5.99
2.62 2.8
6.37 9.05
2.62 2.8
2.62 2.74
2.62 2.73
2.62 2.8
2.62 2.8
2.62 3.04
2.62 2.8
0.28 9.63
2.62 2.85
2.62 2.74
2.62 2.8
2.62 2.84
2.62 2.8
2.62 2.8
2.62 3.26
2.62 2.84
2.62 2.76
2.62 2.8
2.62 3.15
2.62 2.84
2.62 2.8
2.62 3.04
2.62 2.8
2.62 2.8
2.62 2.8
2.62 2.73
2.62 2.79
0.28 9.53
2.62 3.16
2.62 2.74
2.62 3.26
2.62 2.75
2.62 2.81
1.97 5.62
2.62 2.8
2.62 2.74
2.62 3.12
2.62 2.76
2.62 2.8
2.62 2.84
2.62 3.12
2.62 2.8
2.62 2.8
2.62 3.26
0.28 9.47
2.62 3.12
3.33 9.67
2.62 2.8
0.71 1.3
6.6 8.77
2.62 2.8
2.62 3.26
2.62 2.8
2.62 2.74
2.62 2.8
2.62 3.04
2.62 2.8
2.62 2.8
2.62 2.8
2.62 2.84
2.62 2.8
3.33 9.67
2.62 2.8
2.62 2.8
2.62 2.75
2.62 2.84
2.62 3.26
2.62 2.8
2.62 2.8
2.62 2.84
2.62 2.8
3.44 9.67
6.26 8.82
2.62 2.82
2.62 3.26
2.62 2.73
2.62 2.8
2.62 2.8
1.01 9.02
2.62 2.8
2.62 2.78
0.28 9.0
2.62 2.89
2.62 2.88
1.0 9.0
2.62 2.8
2.62 2.8
2.62 2.8
0.28 9.62
2.62 2.79
2.62 3.18
2.62 3.2
2.62 2.74
2.62 3.21
2.62 2.73
2.62 2.8
3.33 9.67
2.62 2.76
2.62 2.8
2.62 3.08
2.62 2.75
2.62 2.75
2.62 3.04
3.33 9.67
3.47 9.67
2.62 2.73
2.62 2.74
2.62 2.8
2.62 2.85
2.62 2.8
2.62 3.11
2.62 2.73
2.62 2.94
2.62 2.75
2.62 3.13
2.62 2.8
2.62 2.74
2.62 3.26
2.62 2.74
2.62 3.26
2.62 2.99
2.62 2.79
2.62 2.8
2.62 2.79
2.62 2.84
2.62 2.84
2.62 2.8
0.28 9.6
1.0 9.0
2.62 2.8
2.62 2.75
2.62 2.8
2.62 2.78
2.62 2.8
2.62 3.04
2.62 2.74
2.62 2.77
0.68 1.62
2.62 2.75
2.62 2.89
2.62 2.79
3.41 9.67
2.62 3.04
2.62 2.75
4.02 9.0
2.62 2.74
2.62 3.26
2.62 3.04
2.62 2.73
2.62 3.04
2.62 2.79
2.62 2.8
2.62 3.71
2.62 2.84
2.02 7.1
2.62 2.8
2.62 3.01
2.62 2.75
2.62 3.08
2.62 2.74
3.43 9.67
2.62 2.76
2.62 2.74
2.62 2.76
2.62 2.8
0.28 9.0
2.62 2.94
2.62 2.74
2.62 3.26
3.36 9.67
2.62 2.83
2.62 2.73
2.62 2.82
0.28 9.0
2.62 3.06
2.62 2.81
2.62 2.82
2.62 2.73
2.62 2.82
2.62 2.73
2.62 2.78
2.62 2.82
3.3 9.67
2.62 2.74
2.62 2.8
0.68 1.62
1.0 9.0
0.28 9.46
2.62 2.73
2.62 3.23
2.62 3.26
2.62 2.74
1.15 0.39
2.62 3.04
3.31 9.67
3.82 9.27
2.62 2.73
6.6 8.37
2.62 3.26
2.62 3.26
2.62 2.74
1.82 6.72
2.62 2.73
2.62 2.79
2.62 2.73
2.62 2.78
2.62 2.85
2.62 2.74
0.28 6.78
3.88 7.62
0.28 9.44
5.57 6.86
4.2 6.89
2.62 2.85
2.62 2.73
2.62 2.77
2.62 3.04
2.62 2.73
2.62 2.8
2.62 2.8
2.62 2.75
2.62 2.8
2.62 2.78
2.62 3.26
2.62 3.04
2.62 2.76
2.62 2.77
2.62 2.84
2.62 3.12
2.62 2.74
2.62 2.83
2.62 2.8
2.62 2.75
2.62 2.74
2.62 2.81
2.62 2.8
0.54 1.55
2.62 2.8
6.13 9.04
2.62 2.75
2.62 2.98
2.62 2.74
2.62 3.18
0.54 4.98
3.26 9.67
2.62 2.8
2.62 2.8
2.62 3.09
2.62 2.79
2.62 2.82
2.62 2.79
2.62 2.75
4.02 9.0
2.62 2.79
2.62 2.73
2.62 2.73
2.62 2.76
2.62 2.73
2.62 2.74
2.62 2.8
2.62 2.75
2.62 2.75
4.52 8.47
2.62 2.73
2.62 2.74
2.62 2.75
3.38 9.67
0.28 9.6
2.62 2.75
2.62 3.01
1.01 9.0
2.62 2.74
0.28 8.99
2.62 2.79
2.62 2.73
2.62 2.74
2.62 2.74
2.62 3.02
2.62 2.73
1.9 6.61
2.62 2.8
2.62 2.77
2.62 2.75
2.62 2.73
2.62 2.8
3.27 9.67
2.62 2.73
3.32 9.67
2.53 9.67
4.02 5.99
2.62 2.74
0.94 6.77
0.28 9.66
2.62 3.06
2.62 3.04
2.62 2.73
2.62 2.8
3.27 9.67
2.62 2.73
2.62 3.08
2.62 2.75
3.31 9.67
2.62 3.26
1.01 9.0
2.62 2.74
2.62 3.23
2.62 2.73
3.38 9.67
1.0 9.0
2.62 3.08
3.3 9.67
2.62 2.73
0.28 9.0
2.62 2.79
2.62 2.82
2.62 3.15
1.0 9.0
2.62 2.75
2.62 2.8
0.68 1.62
2.61 2.73
2.62 3.26
2.62 2.74
2.62 2.79
0.28 9.47
2.62 2.8
2.62 2.82
2.62 2.73
1.91 3.39
2.62 2.74
2.62 3.1
2.62 2.73
0.28 9.54
7.85 6.43
1.0 9.0
2.62 2.87
2.62 2.79
3.41 9.67
2.62 2.73
2.62 2.78
6.51 8.7
2.62 3.15
2.62 2.87
2.62 2.73
1.0 9.0
0.28 9.5
3.28 9.67
2.62 3.13
8.95 5.12
2.62 2.82
2.62 2.8
2.62 3.16
1.0 9.0
2.62 2.94
0.68 1.62
2.62 2.73
2.62 2.73
1.0 9.0
2.62 3.12
0.68 1.62
1.05 8.97
0.68 1.62
3.87 5.92
2.62 2.85
1.0 9.0
8.34 7.88
9.57 9.67
2.62 2.73
2.62 2.8
0.28 9.0
4.02 5.99
2.62 2.82
6.39 9.08
2.62 2.8
2.62 2.73
2.62 2.73
1.24 0.38
0.28 9.0
6.2 8.93
1.03 8.98
2.54 1.46
0.68 1.62
2.62 2.95
4.02 9.0
0.28 9.39
1.0 9.0
6.39 9.04
2.62 3.17
3.33 9.67
0.68 1.62
2.62 2.83
2.62 2.74
2.62 2.73
2.62 2.8
2.62 2.78
2.62 2.76
1.0 9.0
2.62 2.8
2.62 2.79
1.0 9.0
2.62 2.73
2.62 2.73
0.73 1.64
2.62 2.74
6.39 8.72
4.02 9.06
2.62 2.73
2.62 2.73
0.28 8.96
1.0 9.0
1.15 0.39
2.62 3.08
2.62 2.73
2.62 2.73
1.07 8.73
2.62 2.8
2.62 2.73
3.97 9.09
1.0 9.0
2.62 2.82
2.62 2.8
2.62 2.8
2.62 2.74
2.62 2.73
2.62 2.73
1.0 8.98
1.01 9.0
2.62 2.74
2.62 2.76
2.62 2.88
2.62 2.78
2.62 2.84
2.62 2.81
1.01 9.0
2.62 2.74
2.62 2.78
4.02 9.0
2.62 2.73
2.62 2.75
2.62 2.73
2.62 2.73
1.17 0.43
1.0 9.0
2.62 2.73
1.15 0.39
1.0 9.0
2.62 2.73
0.28 9.55
2.62 2.77
2.62 2.82
1.04 9.0
2.62 2.77
2.62 2.73
2.62 3.18
2.62 2.73
2.62 2.75
0.68 1.62
2.62 2.82
3.18 5.91
2.62 2.73
5.2 6.63
2.62 2.73
6.2 9.1
4.29 8.72
2.62 2.73
6.04 9.12
2.62 2.73
2.62 3.04
2.62 2.73
4.39 7.33
2.62 2.73
1.0 9.0
1.09 8.96
2.62 2.73
0.28 5.27
0.28 8.96
2.62 2.73
2.62 2.73
2.62 2.82
2.62 2.92
1.0 9.0
2.62 2.73
2.62 3.07
3.75 9.32
0.68 1.62
6.13 9.03
2.62 2.83
2.62 2.8
2.62 2.73
2.62 2.78
2.62 2.82
0.28 8.96
2.62 2.73
2.62 3.12
2.62 2.73
1.07 0.43
6.41 8.99
1.0 9.0
1.0 9.0
2.62 2.73
0.28 9.53
2.62 2.73
0.28 9.55
2.62 2.74
5.72 7.48
2.62 2.73
6.21 9.05
1.55 0.37
2.62 2.8
0.45 4.53
0.44 9.49
0.28 9.0
1.0 9.0
2.62 2.73
2.62 2.73
0.28 9.0
2.62 2.73
1.93 0.82
2.62 2.75
2.62 2.8
2.62 3.04
2.62 2.73
2.65 8.07
6.09 9.06
2.62 2.73
1.0 9.0
4.02 9.0
2.62 2.73
4.02 9.0
0.68 1.62
2.03 7.72
1.0 9.0
2.62 2.73
2.62 2.73
0.68 1.62
2.62 2.73
2.62 2.76
2.62 2.73
2.62 2.98
1.0 9.0
1.0 9.0
0.8 5.86
2.62 2.73
0.68 1.62
2.62 3.19
0.68 1.62
3.41 9.67
1.62 5.95
0.28 8.96
2.62 2.73
2.62 2.73
0.68 1.62
3.32 9.67
0.68 1.62
0.68 1.62
2.62 2.73
1.0 9.0
8.94 4.64
1.15 0.39
1.0 9.0
0.29 9.67
0.94 0.35
1.0 9.0
0.28 9.0
1.16 0.38
1.56 3.38
3.34 6.15
2.62 2.73
6.14 9.01
3.92 9.13
4.02 9.0
1.01 9.0
6.09 9.07
2.62 2.73
0.68 1.62
2.62 2.73
0.28 9.48
2.62 3.07
1.01 9.0
2.62 2.76
2.62 2.74
2.62 2.73
0.55 4.68
2.62 2.73
1.0 9.0
6.39 0.82
2.62 2.73
2.62 2.75
3.18 5.97
2.62 2.73
0.28 8.96
4.02 9.0
2.62 3.01
1.09 0.34
1.15 0.39
0.99 9.0
0.52 9.48
2.62 2.79
2.62 2.73
0.63 1.61
3.89 9.17
1.24 9.67
2.62 2.73
5.99 9.18
4.07 8.95
2.62 2.73
9.35 6.22
3.31 9.67
6.15 9.0
2.62 2.73
6.36 9.04
2.28 9.58
1.0 9.0
3.91 9.17
1.41 8.86
0.34 1.31
0.28 9.0
2.62 2.79
3.23 9.67
2.62 2.73
6.26 8.99
4.07 8.93
1.88 6.99
1.0 9.0
1.0 9.0
2.62 2.8
0.28 9.0
1.16 0.38
0.68 1.62
0.28 9.0
1.0 9.0
1.16 0.38
2.62 2.73
1.0 9.0
2.62 2.73
0.28 9.55
0.68 1.62
1.78 3.39
2.62 2.73
3.92 9.16
2.62 2.73
1.9 3.4
5.04 7.39
2.62 2.75
1.55 0.37
0.28 9.0
0.97 8.94
1.0 9.0
2.62 2.73
5.22 7.47
2.62 2.73
0.33 1.16
0.68 1.62
0.39 1.38
0.71 1.64
3.1 8.01
2.62 2.79
1.55 0.37
1.22 6.85
0.68 1.62
1.06 0.34
2.62 2.73
1.0 9.0
3.75 9.18
1.0 9.0
2.62 2.73
1.16 0.38
0.99 9.0
1.11 0.43
2.62 2.73
2.62 2.73
2.62 2.73
2.62 2.73
1.05 0.32
0.28 9.0
6.58 7.99
2.62 2.73
0.68 1.62
2.62 2.73
0.28 9.0
2.62 2.98
0.68 1.62
1.0 9.0
2.62 2.73
1.0 9.0
3.32 9.67
0.96 9.03
4.38 2.28
0.68 1.62
1.01 9.0
0.68 1.62
1.09 8.35
0.68 1.62
2.62 2.79
1.0 9.0
0.94 8.89
1.84 3.4
4.02 9.0
9.44 6.52
1.09 0.31
0.68 1.62
1.0 9.0
0.68 1.62
0.68 1.62
2.62 2.73
0.68 1.62
0.39 4.48
0.68 1.62
1.76 4.11
6.92 7.59
1.9 3.4
2.62 2.73
1.57 6.17
1.55 0.37
1.0 9.0
1.91 3.39
0.68 1.62
0.74 1.48
2.62 2.73
1.65 0.38
0.68 1.62
2.62 2.74
1.02 8.88
1.33 0.31
4.74 6.38
1.59 6.13
1.0 9.0
2.62 2.73
7.84 1.02
3.18 5.82
1.01 1.87
1.55 0.37
0.49 1.51
1.33 3.3
0.71 1.64
1.0 9.0
1.17 3.32
0.68 1.62
0.68 1.62
6.06 9.1
2.62 2.73
1.48 0.41
2.62 2.73
6.26 8.99
0.28 9.59
0.68 1.62
1.72 0.43
4.02 5.99
0.68 1.62
1.94 0.81
1.15 0.39
1.55 0.37
2.62 2.77
1.91 3.39
1.0 9.0
0.68 1.62
2.62 2.73
4.02 9.02
0.68 1.62
1.55 0.37
0.98 9.0
1.91 3.39
0.33 1.26
2.62 2.73
1.16 0.36
6.05 0.98
6.17 8.95
0.68 1.62
1.9 3.4
0.68 1.62
1.91 3.39
2.62 2.73
1.82 3.39
0.33 1.16
1.03 0.31
2.62 2.73
1.35 0.34
8.59 1.02
1.0 9.0
1.35 0.39
1.23 1.72
1.95 3.32
0.68 1.62
1.15 0.39
1.0 9.0
1.15 0.39
1.16 0.38
0.68 1.62
1.94 6.43
1.1 0.31
9.22 6.43
1.58 0.33
1.15 0.39
1.15 0.39
0.68 1.62
1.11 0.43
1.93 0.82
1.32 0.39
1.91 3.39
0.68 1.62
1.72 0.43
1.18 0.38
1.74 3.39
1.95 3.32
1.15 0.39
3.75 4.12
0.86 1.69
4.02 9.0
0.68 1.62
0.9 1.69
0.68 1.62
1.55 0.37
0.68 1.62
1.91 3.39
0.68 1.62
1.33 0.31
0.68 1.62
0.93 5.99
0.68 1.62
1.1 0.31
1.46 0.46
1.55 0.37
0.73 1.66
0.28 9.0
1.91 3.39
0.68 1.62
6.82 7.55
0.95 0.35
3.34 6.15
0.68 1.62
3.97 5.96
1.58 3.38
1.93 3.36
1.15 0.39
1.91 3.39
0.68 1.62
4.02 5.99
1.15 0.39
1.55 0.37
1.2 0.45
1.91 3.39
0.68 1.62
0.67 9.67
1.72 0.43
1.15 0.39
3.97 5.97
1.06 0.34
1.55 0.37
1.91 3.39
1.09 0.32
0.52 5.0
0.68 1.62
0.98 0.36
1.95 3.34
1.0 9.0
1.39 0.32
1.12 0.32
1.35 0.34
0.68 1.62
1.3 0.38
0.68 1.62
1.91 3.39
1.03 0.34
1.16 0.38
0.68 1.62
1.55 0.37
2.55 1.46
1.91 3.39
0.82 1.69
0.33 1.26
0.68 1.62
0.28 9.67
0.68 1.62
8.2 7.18
1.55 0.37
1.08 0.33
2.11 7.31
0.68 1.62
1.13 0.38
3.18 5.87
0.94 0.35
0.34 1.31
1.15 0.39
1.87 3.4
1.21 0.38
1.72 0.43
1.89 3.4
1.72 0.43
1.37 0.3
0.68 1.62
1.2 0.33
1.0 9.0
3.18 6.05
0.62 1.56
1.26 1.86
0.63 1.59
0.68 1.62
0.97 1.47
3.18 5.81
1.9 3.39
1.63 0.46
1.93 0.82
0.9 0.37
1.35 0.4
3.18 6.26
1.0 9.0
1.39 1.73
5.35 7.67
1.12 0.32
1.35 0.34
3.18 5.82
8.59 1.02
1.54 0.47
1.25 0.32
3.34 6.15
1.13 0.43
8.37 7.3
1.93 0.82
1.55 0.37
0.76 1.68
1.89 3.4
1.64 3.38
3.18 5.87
1.06 0.34
3.34 6.15
0.68 1.62
1.55 0.37
1.92 3.38
1.91 3.39
0.95 0.35
0.28 9.61
0.68 1.62
0.68 1.62
1.0 9.0
0.41 1.42
1.0 9.0
0.68 1.62
1.1 0.31
1.15 0.39
1.48 0.41
0.68 1.62
1.55 0.37
0.99 0.33
8.94 3.55
2.55 1.46
1.84 3.4
1.0 9.0
1.9 3.4
0.68 1.62
1.33 0.32
8.74 6.32
1.94 0.81
3.43 6.06
1.65 1.78
1.93 0.81
1.58 0.33
1.04 0.32
1.12 0.32
3.34 6.15
8.95 5.18
1.55 0.37
3.34 6.15
1.23 1.72
1.07 1.84
0.68 1.62
1.15 0.39
1.15 0.39
1.13 0.38
1.4 0.36
3.18 5.82
1.55 0.37
1.25 0.32
1.9 3.4
0.68 1.62
0.58 1.59
1.0 9.0
3.18 5.79
0.68 1.62
0.47 1.51
1.55 0.37
0.68 1.62
1.3 9.67
1.15 0.39
1.07 0.31
1.58 0.33
1.2 0.33
1.93 0.82
1.24 0.41
0.72 1.64
1.16 0.36
1.13 0.35
0.68 1.62
8.94 4.41
1.58 0.33
3.18 6.02
1.15 0.39
1.2 0.33
1.55 0.37
0.68 1.62
1.82 3.39
2.55 1.46
1.86 3.4
1.0 9.0
1.94 3.35
0.68 1.62
3.18 6.02
1.23 0.35
1.34 0.32
1.32 0.39
3.93 6.45
0.68 1.62
1.13 0.43
1.0 9.0
1.0 9.0
1.26 0.41
1.0 9.0
0.68 1.61
1.0 9.0
0.68 1.62
0.52 1.54
1.72 0.43
0.51 1.54
1.0 8.99
6.92 7.59
1.15 0.39
1.34 0.44
1.72 0.43
1.34 0.44
1.15 0.39
1.36 0.32
0.77 1.68
5.5 6.83
1.15 0.39
8.95 5.13
0.68 1.62
1.12 0.34
0.68 1.62
8.94 4.54
1.33 1.91
3.95 6.8
1.15 0.39
0.39 1.04
0.95 0.35
3.43 6.06
1.38 0.31
1.28 0.33
0.68 1.62
1.13 0.31
0.68 1.62
0.58 1.57
1.31 0.32
0.28 8.27
1.72 0.43
1.05 0.32
0.68 1.62
0.68 1.62
3.99 9.07
1.22 0.33
3.19 9.67
7.93 2.37
1.47 6.35
1.93 0.82
1.34 0.32
0.68 1.62
1.94 0.81
3.43 6.06
1.0 9.0
1.28 0.33
1.15 0.39
1.36 1.91
1.72 0.43
1.0 9.0
1.93 0.82
1.0 9.0
9.43 6.6
1.0 9.0
0.52 1.55
3.18 6.05
1.65 1.78
0.68 1.62
1.16 0.36
0.28 9.0
1.17 0.38
0.68 1.62
1.55 0.37
3.18 6.02
1.91 3.39
7.31 0.92
0.28 9.0
1.21 0.38
1.47 5.84
0.28 9.0
0.28 8.89
0.68 1.62
1.16 0.33
0.68 1.62
1.08 0.36
1.95 3.34
0.95 1.72
1.84 3.39
1.58 0.33
1.31 0.47
2.55 1.46
3.94 9.12
1.93 0.82
4.02 9.0
4.02 9.0
1.72 0.43
3.18 5.87
3.18 5.98
1.09 0.31
1.15 0.39
3.18 6.02
0.68 1.62
1.91 3.39
1.58 0.33
0.81 1.66
7.31 1.84
1.33 0.31
1.54 0.56
3.18 5.98
0.68 1.62
1.28 0.31
1.15 0.4
0.68 1.62
9.56 6.48
1.39 1.73
3.14 9.65
1.65 1.78
1.95 3.34
1.93 0.82
0.68 1.62
1.03 0.31
1.4 0.6
1.2 0.4
0.68 1.62
1.0 9.0
3.89 9.17
1.16 0.38
3.43 6.07
0.68 1.62
0.9 0.37
0.68 1.62
1.95 3.33
4.02 9.02
1.16 0.38
0.68 1.62
0.68 1.62
1.03 1.71
0.68 1.62
1.24 1.73
1.93 0.82
1.0 9.0
2.28 9.67
2.55 1.46
1.55 0.37
1.35 0.33
1.94 0.81
4.02 9.0
1.55 0.37
3.18 6.04
1.91 3.39
1.73 3.39
0.68 1.62
1.67 3.38
0.68 1.62
8.93 2.26
0.68 1.62
1.9 3.4
0.68 1.62
1.03 0.31
1.65 1.78
1.35 0.34
1.72 0.43
3.18 5.9
0.68 1.62
3.76 9.32
1.38 0.31
0.89 1.7
1.35 0.34
6.82 7.56
1.33 0.31
0.89 1.7
0.99 9.0
0.4 1.41
1.44 0.35
2.55 1.46
1.9 3.4
0.68 1.62
1.16 0.38
1.72 0.43
0.98 5.96
0.68 1.62
3.18 6.04
0.68 1.62
2.62 5.77
0.68 1.62
1.23 0.39
1.0 9.0
1.38 0.31
1.24 0.52
1.29 0.31
8.93 2.25
1.32 0.33
0.28 7.36
1.91 3.39
0.68 1.62
1.16 0.38
1.72 0.43
3.43 6.06
2.62 7.5
0.8 0.75
3.86 9.22
3.97 5.97
0.68 1.62
1.94 0.81
0.68 1.62
1.55 0.37
4.02 9.0
1.01 9.0
1.16 0.38
1.72 0.43
8.95 5.07
0.68 1.62
1.24 6.0
0.89 1.7
8.43 7.42
1.93 3.34
1.55 0.37
1.58 0.33
1.91 3.39
1.58 0.33
1.16 0.38
0.68 1.62
1.55 0.37
9.25 6.06
1.84 3.4
0.89 1.7
0.67 9.67
1.98 0.8
1.33 1.91
1.0 9.0
1.16 0.39
1.02 9.0
2.55 1.46
1.0 9.0
0.68 1.62
1.72 0.43
4.02 9.0
0.53 1.55
1.92 0.82
1.93 1.66
2.96 8.0
0.99 8.98
1.91 3.39
0.28 9.01
1.82 3.39
0.68 1.62
0.28 8.96
0.68 1.62
1.9 3.39
1.54 0.56
4.02 9.0
1.72 0.43
1.09 0.34
1.93 0.82
0.98 0.35
0.34 1.31
0.39 1.39
1.72 0.43
1.38 0.31
0.86 0.4
4.38 7.55
0.68 1.62
0.68 1.62
0.68 1.62
1.94 0.81
1.0 9.0
4.02 9.0
3.97 9.1
1.27 1.86
1.33 1.91
1.94 0.81
1.94 6.59
1.0 9.0
3.18 6.05
0.68 1.62
3.18 5.98
1.16 0.36
0.68 1.62
1.37 0.31
1.72 0.43
1.94 0.81
5.12 6.58
0.53 0.89
3.92 9.13
0.72 1.64
1.33 1.91
1.14 0.38
1.93 0.82
1.9 4.51
1.0 9.0
1.91 3.39
0.68 1.62
1.0 9.0
1.72 0.43
1.16 0.38
1.4 0.6
3.18 5.77
0.68 1.62
1.94 0.81
1.93 0.82
2.55 1.46
1.55 0.37
1.91 3.39
4.02 9.0
0.33 1.26
0.62 9.35
1.0 9.0
1.93 0.82
1.0 9.0
3.18 6.05
0.86 1.6
3.18 5.91
1.19 0.35
0.68 1.62
1.34 0.32
1.29 0.35
3.17 4.16
1.58 0.33
4.37 2.28
1.96 0.8
1.21 0.37
1.0 9.0
2.55 1.46
1.0 9.0
0.68 1.62
1.0 9.0
0.68 1.62
2.55 1.46
1.72 0.43
1.44 0.35
1.93 0.82
0.68 1.62
1.9 3.4
1.14 0.36
1.72 0.43
8.93 2.25
1.03 8.85
1.0 9.0
2.99 9.29
1.93 0.81
0.68 1.62
1.94 0.81
0.28 7.72
1.55 0.37
1.03 0.31
1.94 0.81
1.93 0.82
1.38 0.31
2.55 1.46
2.62 4.76
2.55 1.46
1.0 9.0
9.31 2.17
1.72 0.43
1.43 8.9
1.9 3.4
0.68 1.62
1.1 0.3
2.55 1.46
1.35 0.34
1.0 9.0
3.18 5.9
1.93 0.82
1.34 0.32
1.93 0.82
1.72 0.43
1.92 0.82
1.34 0.32
4.02 9.0
5.27 7.39
1.93 0.82
1.0 9.0
1.93 0.82
0.68 1.62
3.97 9.12
1.4 0.6
1.41 0.37
1.0 9.0
1.24 0.31
0.71 1.65
3.79 4.07
3.03 9.67
1.9 3.4
3.72 9.33
2.55 1.46
1.22 1.83
1.0 9.0
1.93 0.82
5.59 9.67
1.0 9.0
1.94 0.81
0.68 1.62
1.94 0.81
1.93 0.82
0.28 9.0
0.68 1.62
1.16 0.38
1.0 9.0
1.55 0.37
1.0 9.0
1.91 3.39
3.18 5.84
3.57 5.74
0.72 1.64
1.95 0.81
3.87 9.22
1.91 0.82
1.95 0.81
1.93 0.82
5.82 6.99
1.37 0.43
4.85 7.16
1.21 0.44
1.93 0.82
1.93 0.82
1.93 0.82
1.54 0.56
6.92 7.59
1.93 0.82
1.93 0.82
1.93 0.82
1.93 0.82
1.0 9.0
1.98 5.78
1.72 0.43
1.92 0.82
0.72 1.64
1.38 0.31
1.72 0.43
1.94 0.81
1.93 0.82
1.42 8.96
1.0 9.0
1.0 9.0
1.1 0.3
1.94 0.81
1.0 9.0
1.92 0.82
1.94 0.81
1.93 0.82
1.93 0.82
0.28 9.0
2.46 9.14
1.06 9.67
1.19 0.36
1.94 0.81
0.28 8.55
1.0 9.0
1.0 9.0
1.0 9.0
1.93 0.82
1.0 9.0
2.55 1.46
3.97 9.1
1.4 0.6
1.2 6.19
1.0 9.0
3.88 9.17
3.87 5.92
1.54 0.56
4.07 8.94
1.4 0.6
1.94 0.81
1.93 0.82
1.94 0.81
1.93 0.82
1.0 9.0
1.93 0.82
1.94 0.81
1.93 0.82
1.34 0.32
1.93 0.82
1.94 0.81
1.0 9.0
1.94 0.81
1.0 9.0
0.28 8.96
8.93 2.25
1.33 0.31
1.93 0.82
0.39 1.4
1.93 0.82
4.02 9.0
1.93 0.82
1.54 0.56
1.94 0.81
1.0 9.02
1.0 9.0
8.95 5.34
1.79 3.39
1.6 9.11
1.92 0.82
1.72 0.43
1.94 0.81
1.93 0.82
1.4 0.3
1.72 0.43
1.94 0.81
1.93 0.82
1.55 0.37
1.93 0.82
9.65 3.27
1.93 0.82
1.94 0.81
0.28 8.03
1.0 9.0
1.0 9.0
1.0 9.0
1.93 0.82
1.93 0.82
1.93 0.82
1.94 0.81
1.93 0.82
1.93 0.82
1.93 0.82
1.94 0.81
1.93 0.82
1.94 0.81
1.93 0.82
1.93 0.82
1.93 0.82
1.94 0.81
1.93 0.82
1.94 0.81
1.93 0.82
1.94 0.81
1.93 0.82
1.94 0.81
1.93 0.82
1.95 0.81
1.93 0.82
1.94 0.81
1.93 0.82
0.3 7.86
1.93 0.82
1.94 0.81
1.93 0.82
1.94 0.81
1.93 0.82
1.95 0.81
1.94 0.81
1.94 0.81
1.94 0.81
4.57 6.28
1.93 0.82
1.93 0.82
4.31 1.15
1.93 0.82
1.94 0.81
1.93 0.82
1.94 0.81
1.93 0.82
1.93 0.81
1.93 0.82
1.92 0.82
1.93 0.82
1.95 0.81
1.93 0.82
8.73 0.87
1.91 0.82
1.93 0.82
1.93 0.82
1.0 9.0
0.63 9.67
1.94 0.81
1.93 0.82
1.94 0.81
1.93 0.82
1.95 0.81
1.93 0.82
1.95 0.81
1.94 0.81
1.94 0.81
1.93 0.82
1.94 0.81
1.93 0.82
1.94 0.81
1.96 0.8
1.94 0.81
6.27 6.03
1.91 0.82
1.93 0.82
1.92 0.82
1.95 0.81
1.93 0.81
1.93 0.82
1.94 0.81
1.93 0.82
1.94 0.81
9.18 2.1
1.94 0.81
1.93 0.82
1.93 0.82
1.93 0.82
4.02 9.01
1.93 0.82
1.93 0.81
1.94 0.81
1.93 0.82
1.93 0.82
1.94 0.81
1.93 0.82
1.93 0.82
1.93 0.82
1.93 0.82
1.93 0.82
1.93 0.82
1.93 0.82
1.94 0.81
1.93 0.82
1.94 0.81
1.93 0.82
5.38 0.93
1.93 0.82
1.94 0.81
1.93 0.82
1.93 0.82
1.94 0.81
1.93 0.82
1.94 0.81
1.93 0.82
1.94 0.81
1.93 0.82
1.95 0.81
1.93 0.82
1.94 0.81
1.93 0.82
1.93 0.81
1.93 0.82
1.94 0.81
1.98 0.8
1.94 0.81
1.93 0.82
1.93 0.81
1.93 0.82
1.91 0.82
1.93 0.82
1.93 0.81
1.93 0.82
1.94 0.81
1.93 0.82
1.94 0.81
1.93 0.82
1.93 0.81
1.93 0.82
1.92 0.82
1.93 0.82
1.94 0.81
1.93 0.82
1.93 0.81
1.93 0.82
1.94 0.81
1.93 0.82
1.92 0.82
1.93 0.82
1.94 0.81
1.93 0.82
1.93 0.81
1.93 0.82
1.95 0.81
1.94 0.81
1.94 0.81
1.92 0.82
1.93 0.82
1.93 0.82
1.94 0.81
1.93 0.82
1.94 0.81
1.94 0.81
1.93 0.82
1.94 0.81
1.93 0.82
1.93 0.82
1.93 0.82
1.94 0.81
1.93 0.82
1.93 0.82
1.93 0.82
1.94 0.81
1.93 0.82
1.93 0.82
1.93 0.82
1.94 0.81
1.93 0.82
1.93 0.82
1.93 0.82
1.94 0.81
1.93 0.82
1.93 0.82
1.93 0.82
1.93 0.82
1.93 0.82
1.93 0.82
1.93 0.82
1.93 0.82
1.93 0.82
1.93 0.82
1.94 0.81
5.53 7.83
1.95 0.81
1.93 0.82
1.92 0.82
1.93 0.82
1.93 0.81
1.93 0.82
1.92 0.82
1.93 0.82
1.93 0.82
1.93 0.82
1.95 0.81
1.93 0.82
1.94 0.81
1.93 0.82
1.93 0.81
1.93 0.82
1.94 0.81
1.98 0.8
1.95 0.81
1.93 0.82
1.94 0.81
1.93 0.82
1.94 0.81
1.53 8.19
1.99 0.8
1.93 0.82
1.92 0.82
1.93 0.82
1.94 0.81
1.93 0.82
1.95 0.81
1.93 0.82
1.94 0.81
1.93 0.82
1.93 0.81
1.93 0.82
1.94 0.81
1.93 0.82
1.93 0.82
3.77 0.28
1.92 0.82
1.85 0.87
1.92 0.82
1.93 0.82
1.93 0.81
1.93 0.82
1.94 0.81
1.93 0.82
1.94 0.81
1.99 0.8
1.93 0.81
1.93 0.82
1.92 0.82
1.93 0.82
1.94 0.81
1.93 0.82
1.91 0.82
1.99 0.8
1.92 0.82
1.93 0.82
1.97 0.8
1.93 0.82
1.94 0.81
1.93 0.81
1.94 0.81
1.93 0.82
1.94 0.81
1.93 0.82
1.94 0.81
1.93 0.82
1.94 0.81
1.93 0.82
1.94 0.81
1.93 0.82
2.0 0.8
1.93 0.82
1.93 0.82
1.93 0.82
1.93 0.82
1.93 0.82
1.93 0.82
1.93 0.82
1.93 0.82
1.93 0.82
1.93 0.82
1.94 0.81
1.93 0.82
1.92 0.82
1.94 0.81
1.94 0.81
1.93 0.82
1.94 0.81
1.94 0.81
1.94 0.81
1.94 0.81
1.93 0.82
1.93 0.82
1.94 0.81
1.93 0.82
1.95 0.81
1.93 0.82
1.94 0.81
1.93 0.82
1.93 0.81
3.71 0.87
1.92 0.82
1.93 0.82
1.95 0.81
1.93 0.82
1.92 0.82
1.93 0.82
1.94 0.81
1.93 0.82
1.93 0.81
1.93 0.82
1.92 0.82
1.93 0.82
1.94 0.81
1.94 0.81
1.94 0.81
1.93 0.82
1.93 0.81
1.93 0.82
0.71 0.75
1.93 0.82
1.95 0.81
1.93 0.82
1.96 0.8
1.93 0.82
1.94 0.81
6.73 8.33
1.93 0.82
1.94 0.81
1.93 0.82
1.95 0.81
1.93 0.82
1.94 0.81
1.94 0.81
1.93 0.81
1.93 0.82
1.94 0.81
1.93 0.82
1.94 0.81
1.93 0.82
1.93 0.82
1.93 0.82
1.94 0.81
1.94 0.81
6.82 8.3
1.94 0.81
1.99 0.8
1.93 0.82
1.93 0.82
1.93 0.82
1.93 0.82
1.93 0.82
1.92 0.82
1.93 0.82
1.94 0.81
1.34 0.62
1.92 0.82
1.93 0.82
1.94 0.81
1.93 0.82
1.94 0.81
1.93 0.81
1.93 0.82
1.93 0.82
1.93 0.82
1.93 0.82
1.92 0.82
1.93 0.82
1.93 0.82
1.93 0.82
1.93 0.82
1.93 0.82
1.92 0.82
1.93 0.82
1.94 0.81
1.93 0.82
1.91 0.82
1.93 0.82
1.92 0.82
1.93 0.82
1.92 0.82
1.93 0.82
8.07 8.32
1.93 0.82
1.94 0.81
1.93 0.82
1.94 0.81
1.93 0.82
1.94 0.81
1.93 0.82
1.94 0.81
1.93 0.82
1.94 0.81
1.93 0.82
1.94 0.81
1.93 0.82
1.94 0.81
1.93 0.82
1.94 0.81
1.93 0.82
9.22 0.96
1.93 0.82
1.91 0.82
1.93 0.82
1.94 0.81
1.93 0.82
1.94 0.81
1.93 0.82
1.94 0.81
1.94 0.81
1.93 0.81
1.93 0.82
3.57 4.58
1.93 0.82
1.92 0.82
1.93 0.82
1.93 0.81
1.93 0.82
1.92 0.82
1.93 0.82
1.93 0.81
1.93 0.82
1.94 0.81
1.93 0.82
1.95 0.81
1.81 0.95
3.99 4.97
1.93 0.82
1.93 0.81
1.93 0.82
1.94 0.81
1.94 0.81
1.93 0.82
1.93 0.81
1.93 0.82
1.93 0.81
1.93 0.82
1.94 0.81
1.93 0.82
1.93 0.82
1.93 0.82
1.97 0.8
1.93 0.82
1.94 0.81
1.88 0.85
1.94 0.81
1.94 0.81
1.92 0.82
1.93 0.82
1.94 0.81
1.93 0.82
1.94 0.81
1.86 0.86
1.92 0.82
