60.99173355102539 449.9996032714844
70.90892791748047 449.950439453125
80.82538604736328 449.81927490234375
90.74040985107422 449.606201171875
100.6533432006836 449.3111267089844
110.56349182128906 448.9341735839844
120.4701919555664 448.47528076171875
130.3727569580078 447.9345397949219
140.27052307128906 447.3119812011719
150.16281127929688 446.6076354980469
157.08377075195312 446.06597900390625
157.08377075195312 446.06597900390625
157.08377075195312 446.06597900390625
157.08377075195312 446.06597900390625
157.08377075195312 446.06597900390625
157.08377075195312 446.06597900390625
157.08377075195312 446.06597900390625
157.08377075195312 446.06597900390625
157.08377075195312 446.06597900390625
157.08377075195312 446.06597900390625
157.08377075195312 446.06597900390625
157.08377075195312 446.06597900390625
157.08377075195312 446.06597900390625
157.08377075195312 446.06597900390625
157.08377075195312 446.06597900390625
157.08377075195312 446.06597900390625
157.08377075195312 446.06597900390625
157.08377075195312 446.06597900390625
157.08377075195312 446.06597900390625
157.08377075195312 446.06597900390625
157.08377075195312 446.06597900390625
157.08377075195312 446.06597900390625
157.08377075195312 446.06597900390625
157.08377075195312 446.06597900390625
157.08377075195312 446.06597900390625
157.08377075195312 446.06597900390625
157.08377075195312 446.06597900390625
157.08377075195312 446.06597900390625
157.08377075195312 446.06597900390625
157.08377075195312 446.06597900390625
157.08377075195312 446.06597900390625
157.08377075195312 446.06597900390625
157.08377075195312 446.06597900390625
157.08377075195312 446.06597900390625
157.08377075195312 446.06597900390625
157.08377075195312 446.06597900390625
157.08377075195312 446.06597900390625
157.08377075195312 446.06597900390625
157.08377075195312 446.06597900390625
157.08377075195312 446.06597900390625
157.08377075195312 446.06597900390625
157.08377075195312 446.06597900390625
157.08377075195312 446.06597900390625
157.08377075195312 446.06597900390625
157.08377075195312 446.06597900390625
157.08377075195312 446.06597900390625
157.08377075195312 446.06597900390625
157.08377075195312 446.06597900390625
157.08377075195312 446.06597900390625
157.08377075195312 446.06597900390625
157.08377075195312 446.06597900390625
157.08377075195312 446.06597900390625
157.08377075195312 446.06597900390625
157.08377075195312 446.06597900390625
157.08377075195312 446.06597900390625
157.32147216796875 445.1031494140625
157.32147216796875 445.1031494140625
157.32147216796875 445.1031494140625
157.32147216796875 445.1031494140625
157.32147216796875 445.1031494140625
157.32147216796875 445.1031494140625
157.32147216796875 445.1031494140625
157.32147216796875 445.1031494140625
157.4998779296875 444.1275939941406
157.4998779296875 444.1275939941406
157.4998779296875 444.1275939941406
157.4998779296875 444.1275939941406
157.4998779296875 444.1275939941406
157.4998779296875 444.1275939941406
157.4998779296875 444.1275939941406
157.4998779296875 444.1275939941406
157.4998779296875 444.1275939941406
157.4998779296875 444.1275939941406
157.4998779296875 444.1275939941406
157.4998779296875 444.1275939941406
157.4998779296875 444.1275939941406
157.4998779296875 444.1275939941406
157.4998779296875 444.1275939941406
157.4998779296875 444.1275939941406
157.4998779296875 444.1275939941406
157.4998779296875 444.1275939941406
157.4998779296875 444.1275939941406
157.4998779296875 444.1275939941406
157.4998779296875 444.1275939941406
157.499755859375 443.1358642578125
157.4534454345703 433.2186584472656
157.32518005371094 423.3021240234375
157.11495971679688 413.38702392578125
156.8227996826172 403.4740295410156
156.44873046875 393.5638122558594
155.99276733398438 383.656982421875
155.45494079589844 373.7542419433594
154.8352813720703 363.8562927246094
154.13385009765625 353.96380615234375
153.35067749023438 344.07745361328125
152.48580932617188 334.1979064941406
151.53932189941406 324.3258361816406
150.51129150390625 314.46197509765625
149.40176391601562 304.60687255859375
148.2108154296875 294.7613220214844
146.9385528564453 284.92596435546875
145.5850372314453 275.1014404296875
144.150390625 265.2884216308594
142.63467407226562 255.4875946044922
141.03807067871094 245.6996612548828
139.360595703125 235.92527770996094
137.60235595703125 226.16506958007812
135.76353454589844 216.41973876953125
133.84423828125 206.68992614746094
131.84458923339844 196.97630310058594
129.76473999023438 187.27952575683594
127.60481262207031 177.6002655029297
125.36495208740234 167.939208984375
123.74957275390625 161.1876220703125
123.74957275390625 161.1876220703125
123.74957275390625 161.1876220703125
123.74957275390625 161.1876220703125
123.74957275390625 161.1876220703125
123.74957275390625 161.1876220703125
123.74957275390625 161.1876220703125
123.74957275390625 161.1876220703125
123.74957275390625 161.1876220703125
123.74957275390625 161.1876220703125
123.74957275390625 161.1876220703125
123.74957275390625 161.1876220703125
123.74957275390625 161.1876220703125
123.74957275390625 161.1876220703125
123.74957275390625 161.1876220703125
123.74957275390625 161.1876220703125
123.74957275390625 161.1876220703125
123.74957275390625 161.1876220703125
123.74957275390625 161.1876220703125
123.74957275390625 161.1876220703125
123.74957275390625 161.1876220703125
123.74957275390625 161.1876220703125
123.74957275390625 161.1876220703125
123.74957275390625 161.1876220703125
123.74957275390625 161.1876220703125
123.74957275390625 161.1876220703125
123.74957275390625 161.1876220703125
123.74957275390625 161.1876220703125
123.74957275390625 161.1876220703125
123.74957275390625 161.1876220703125
123.74957275390625 161.1876220703125
123.74957275390625 161.1876220703125
123.74957275390625 161.1876220703125
123.74957275390625 161.1876220703125
123.74957275390625 161.1876220703125
123.74957275390625 161.1876220703125
123.74957275390625 161.1876220703125
123.74957275390625 161.1876220703125
123.74957275390625 161.1876220703125
123.74957275390625 161.1876220703125
123.74957275390625 161.1876220703125
123.74957275390625 161.1876220703125
123.74957275390625 161.1876220703125
123.74957275390625 161.1876220703125
123.74957275390625 161.1876220703125
123.74957275390625 161.1876220703125
123.74957275390625 161.1876220703125
123.74957275390625 161.1876220703125
123.74957275390625 161.1876220703125
123.74957275390625 161.1876220703125
123.74957275390625 161.1876220703125
123.74957275390625 161.1876220703125
123.74957275390625 161.1876220703125
121.86503601074219 160.60316467285156
121.86503601074219 160.60316467285156
121.86503601074219 160.60316467285156
121.86503601074219 160.60316467285156
121.86503601074219 160.60316467285156
121.86503601074219 160.60316467285156
121.86503601074219 160.60316467285156
121.86503601074219 160.60316467285156
121.86503601074219 160.60316467285156
121.86503601074219 160.60316467285156
121.86503601074219 160.60316467285156
121.86503601074219 160.60316467285156
120.87861633300781 160.50059509277344
120.87861633300781 160.50059509277344
120.87861633300781 160.50059509277344
120.87861633300781 160.50059509277344
120.87861633300781 160.50059509277344
120.87861633300781 160.50059509277344
120.87861633300781 160.50059509277344
120.87861633300781 160.50059509277344
120.87861633300781 160.50059509277344
120.87861633300781 160.50059509277344
120.87861633300781 160.50059509277344
120.87861633300781 160.50059509277344
