1.0 9.0
1.0 9.0
4.73 7.76
3.87 9.22
0.28 8.96
5.19 6.63
2.81 7.78
0.28 9.0
4.02 9.0
1.31 9.67
0.63 9.67
0.28 9.24
0.63 9.67
1.0 9.0
4.02 9.0
0.75 9.15
0.28 9.0
0.28 9.0
3.5 7.53
1.78 8.79
2.53 9.08
3.67 9.39
4.02 9.0
1.0 9.0
0.28 9.0
0.28 9.0
0.28 9.16
0.28 9.0
1.0 9.0
2.9 9.67
3.19 8.88
0.28 7.98
3.57 9.55
0.28 8.21
0.28 9.0
1.08 9.67
2.62 7.19
0.74 9.67
1.85 9.67
1.08 9.67
1.04 8.66
0.28 9.0
0.28 9.0
0.73 8.76
1.0 9.0
0.28 8.96
0.28 8.85
0.28 9.0
1.0 9.0
4.02 9.0
2.7 9.67
0.28 8.92
1.0 9.0
2.62 6.87
0.28 9.0
0.28 8.95
0.56 9.28
6.14 7.18
1.0 9.0
1.0 9.0
0.28 9.08
1.7 9.67
1.32 5.64
0.98 8.17
1.0 9.0
5.19 6.63
0.28 9.04
0.28 9.0
0.99 9.0
0.28 9.0
3.19 5.53
1.3 9.67
0.28 8.68
4.02 9.0
2.81 7.78
2.51 9.67
0.28 9.0
1.78 8.8
1.22 5.54
4.02 9.06
0.28 9.0
2.8 7.78
0.28 8.64
0.28 9.0
4.83 6.43
2.54 7.66
1.0 9.0
0.28 7.09
2.73 8.53
1.04 8.66
3.62 9.44
0.28 9.0
0.28 9.53
1.0 9.0
4.02 9.0
0.28 8.68
1.0 9.0
0.28 9.32
1.0 9.0
0.28 7.99
0.28 8.68
0.28 9.15
1.78 8.8
0.28 9.0
1.0 9.0
0.28 6.96
2.83 7.78
0.28 9.16
0.28 9.11
1.0 9.0
1.0 9.0
0.28 8.22
4.47 8.49
5.27 6.71
0.28 8.96
3.02 7.78
1.0 9.0
0.28 9.0
1.0 9.0
0.28 6.7
0.28 9.0
0.28 8.27
0.28 8.97
2.62 7.51
1.0 9.0
3.07 7.73
2.82 7.78
2.51 7.64
0.98 8.17
1.0 9.0
1.0 9.0
0.28 8.88
0.99 9.67
0.28 9.0
5.22 6.66
0.28 8.02
1.05 8.63
0.28 7.05
3.89 5.93
1.0 9.0
0.28 8.27
1.67 8.49
1.39 7.44
4.02 9.0
0.73 8.76
1.78 8.8
0.72 8.76
0.28 9.0
0.93 7.5
3.0 7.78
0.28 9.02
0.28 8.12
1.35 9.67
4.62 8.3
2.93 8.11
0.28 9.0
2.62 5.53
0.28 7.99
1.96 6.26
0.28 9.04
0.28 8.64
2.72 9.48
1.0 9.0
4.02 9.0
0.28 8.96
1.96 8.93
0.28 8.45
2.82 7.78
0.98 8.17
1.0 9.0
3.19 5.53
0.28 9.12
0.28 8.96
0.28 8.9
0.49 9.23
0.28 8.98
1.0 9.0
1.0 9.67
1.0 9.0
4.62 8.31
0.28 9.0
0.93 7.5
3.72 9.37
0.28 7.98
0.28 9.04
3.67 9.42
1.32 5.63
1.85 9.06
1.67 8.49
0.28 6.66
4.07 8.94
2.62 6.38
2.7 7.73
3.53 9.57
0.28 8.68
2.62 7.55
0.93 7.5
1.0 9.0
0.28 5.21
5.13 8.55
2.62 7.19
4.02 9.0
2.62 7.14
1.0 9.0
0.85 8.57
1.0 9.0
2.73 8.53
4.83 6.74
3.18 5.55
0.28 9.04
2.67 8.33
0.28 8.9
0.28 9.0
0.28 8.9
4.02 9.0
0.28 9.0
4.02 9.0
4.32 8.7
0.28 8.97
0.46 8.05
2.7 8.55
0.28 7.76
1.0 9.0
4.02 9.0
0.37 9.31
3.15 8.22
3.18 5.55
1.69 9.67
1.0 9.0
0.28 6.58
4.02 9.0
1.41 5.78
0.28 9.0
3.24 9.67
0.72 4.83
0.28 8.69
2.62 7.19
1.0 9.0
1.66 9.67
5.19 6.63
1.65 9.67
2.62 7.17
2.75 9.0
0.28 9.0
5.15 6.63
0.28 9.0
0.28 6.71
0.28 8.96
0.28 9.0
3.48 9.62
4.0 5.98
1.11 9.07
3.87 9.18
0.28 6.66
1.0 9.0
5.37 6.73
1.0 9.0
1.95 5.84
3.5 7.53
1.0 9.0
1.32 5.63
2.9 9.67
4.02 9.0
1.0 9.01
1.71 6.48
0.28 9.04
0.28 9.0
2.13 9.67
0.28 9.41
0.28 8.51
0.28 6.75
1.41 5.78
0.28 8.92
2.62 7.55
1.32 5.99
5.53 6.83
3.52 9.57
4.02 9.0
4.97 7.92
0.28 5.89
4.0 5.98
0.28 6.51
0.94 7.52
1.4 9.67
0.28 9.08
0.28 8.8
1.41 5.78
1.0 9.0
3.63 9.0
3.92 9.17
4.02 9.0
0.28 8.96
0.28 6.51
4.02 9.0
1.12 9.67
1.32 5.63
1.32 5.63
0.37 4.42
3.89 5.93
1.0 9.0
1.0 9.0
1.94 5.84
1.26 8.63
6.37 7.73
0.28 9.0
2.62 6.7
0.28 8.94
3.53 9.57
1.0 9.0
6.33 7.7
1.02 9.01
4.02 9.02
0.28 9.0
2.33 9.23
3.18 5.55
3.24 9.67
4.48 6.28
1.41 5.78
1.41 5.78
4.02 9.0
1.95 5.84
3.18 7.55
2.62 5.53
0.28 9.0
0.28 9.0
1.18 9.67
1.0 9.0
4.0 5.98
0.28 7.98
4.49 6.28
1.41 5.78
1.0 9.0
1.92 9.67
1.0 9.0
2.62 6.76
1.0 9.0
2.62 6.89
1.0 9.0
4.02 9.0
4.97 7.92
0.28 8.19
4.72 8.19
0.93 9.67
3.57 9.55
0.28 9.0
1.07 9.67
1.41 5.78
4.18 6.08
5.22 6.65
1.0 9.0
1.0 9.0
1.32 5.63
5.57 6.86
4.46 6.23
2.36 9.37
2.62 6.38
0.28 9.63
0.8 9.67
4.02 9.0
1.95 5.84
1.41 5.78
2.62 5.67
3.52 9.58
1.0 9.0
1.0 9.0
2.15 9.67
4.3 8.01
2.05 9.67
1.41 5.78
1.0 9.0
4.97 7.92
1.41 5.78
3.0 7.78
1.37 5.75
1.32 5.63
1.94 5.84
1.91 9.67
1.0 9.0
1.04 8.98
0.28 9.04
1.94 5.84
1.71 8.65
0.28 8.95
6.44 8.08
2.62 5.49
1.41 5.78
0.3 9.09
1.0 9.0
0.28 8.96
1.32 5.64
1.41 5.78
0.28 9.0
2.62 6.76
0.28 9.0
4.73 7.76
1.37 5.75
0.82 7.55
0.28 6.43
0.37 4.42
2.89 9.67
0.28 4.95
4.28 9.57
2.75 9.0
1.94 5.84
0.77 4.93
3.67 9.38
3.92 9.17
2.62 7.45
