4.02 9.0
3.63 6.05
3.85 6.84
0.28 9.0
1.0 9.0
0.98 8.99
1.04 8.95
1.0 9.0
1.0 9.0
1.0 9.0
1.0 9.0
0.92 8.12
1.0 9.01
1.0 9.0
1.0 9.0
4.02 8.98
4.02 9.0
1.0 9.0
1.0 9.0
4.02 9.0
4.02 9.0
1.0 9.0
0.28 9.0
1.2 7.44
0.28 9.0
0.28 8.75
5.54 6.83
1.0 9.0
4.02 9.07
0.28 9.0
1.24 9.08
1.0 9.0
1.0 9.0
0.28 9.0
1.0 9.0
2.62 6.86
0.28 9.0
1.0 9.0
1.0 9.0
0.28 9.0
1.0 9.0
0.28 9.0
0.28 9.0
1.0 9.0
0.28 9.0
3.11 9.67
1.05 8.86
1.0 9.0
3.2 9.67
1.0 9.0
0.99 8.98
0.28 4.43
3.98 9.07
1.0 9.0
4.02 9.0
3.82 9.27
3.95 9.12
4.02 9.0
0.28 9.0
1.0 9.0
4.73 8.17
4.02 9.0
0.28 9.0
0.28 9.0
1.0 9.0
1.0 9.0
0.28 9.0
4.02 9.0
0.28 8.96
1.0 9.0
4.02 9.0
1.0 9.0
0.28 9.02
0.28 9.0
0.28 9.04
1.0 9.0
4.22 8.79
1.0 9.0
1.05 8.87
1.0 9.0
0.28 9.0
1.0 9.0
1.0 9.0
0.28 9.0
1.0 9.0
1.0 9.0
0.28 9.0
1.0 9.0
0.28 9.0
0.28 9.0
1.0 9.0
0.28 9.0
1.0 9.0
0.28 9.0
3.82 9.25
0.28 9.0
1.0 9.0
0.28 9.0
4.07 8.95
4.02 9.0
1.0 9.0
0.28 9.0
1.0 9.0
4.02 9.0
0.28 9.0
4.02 9.0
1.0 9.0
2.62 6.86
1.0 9.0
1.0 9.0
4.02 9.0
2.69 9.67
0.28 9.0
4.17 8.83
1.0 9.0
1.0 9.0
0.28 8.67
4.02 9.0
1.0 9.0
1.33 8.95
4.02 8.98
4.02 9.0
1.07 8.65
3.52 9.59
1.0 9.0
1.0 9.0
0.28 9.0
0.28 9.0
4.02 9.0
1.0 9.0
0.28 8.99
0.98 8.99
1.0 9.0
0.28 9.0
1.0 9.0
1.04 8.98
1.0 9.0
0.28 9.0
1.0 9.0
7.07 7.71
1.0 9.0
4.02 9.0
3.82 9.24
4.02 9.0
1.0 9.0
4.17 8.83
1.0 9.0
3.92 9.13
1.0 9.0
0.28 9.0
1.0 9.0
1.0 9.0
0.28 9.0
1.0 9.0
4.02 9.04
0.28 9.0
0.28 9.0
1.0 9.0
0.28 9.0
3.98 9.07
1.0 9.0
0.28 9.0
1.0 9.0
1.0 9.0
1.05 8.88
0.28 9.3
1.0 9.0
0.28 9.0
4.02 8.98
4.02 9.0
0.28 4.43
0.79 9.67
1.0 9.0
2.0 9.67
1.0 9.0
0.28 9.0
0.28 9.0
1.0 9.0
3.94 9.12
1.0 9.0
1.0 9.0
1.0 9.0
4.02 9.0
1.0 9.0
1.0 9.0
1.0 9.0
3.95 9.12
1.0 9.0
4.02 9.0
2.62 6.86
0.28 9.0
3.2 9.67
1.0 9.0
1.0 9.0
4.02 9.0
0.28 9.03
4.73 8.17
0.28 9.0
0.28 9.0
1.0 9.0
1.0 9.0
4.02 9.0
4.02 9.0
3.52 9.58
1.0 9.0
3.22 5.87
3.11 9.67
0.28 9.0
1.15 9.14
1.0 9.0
0.28 9.0
0.28 9.0
0.28 9.0
1.0 9.0
0.28 9.0
0.28 9.05
4.17 8.84
0.28 8.7
1.0 9.0
1.0 9.0
1.0 9.0
0.28 9.0
4.73 8.17
4.02 9.0
3.82 9.25
0.96 8.99
0.39 4.48
1.0 9.0
4.02 9.0
4.52 6.28
0.28 9.0
0.28 9.0
4.02 9.0
0.28 9.0
1.0 9.0
4.02 9.0
0.28 9.0
1.0 9.0
1.69 5.98
1.0 9.0
4.02 9.0
4.02 9.0
0.28 9.0
1.0 9.0
3.53 8.98
0.28 9.0
1.0 9.0
4.02 9.0
1.0 9.0
0.28 4.87
0.28 9.0
0.28 8.78
1.0 9.0
1.0 9.0
1.0 9.0
4.02 9.0
1.0 9.0
3.82 9.25
4.02 9.06
4.02 8.98
4.17 8.83
4.02 9.0
1.0 9.0
1.05 8.87
1.05 8.86
1.0 9.0
1.0 9.0
1.0 9.0
1.0 9.0
1.0 9.0
4.02 9.0
1.0 9.0
3.21 9.67
1.0 9.0
1.24 9.08
1.0 9.0
1.0 9.0
0.28 9.0
1.0 9.0
1.14 8.89
1.0 9.0
1.07 8.89
1.0 9.0
4.02 9.0
1.0 9.0
4.02 9.0
4.02 9.0
1.0 9.0
1.0 9.0
1.0 9.0
1.0 9.0
1.0 9.0
1.0 9.0
0.28 9.0
1.0 9.0
1.0 9.0
3.98 9.02
1.0 9.0
1.0 9.0
1.0 9.0
1.01 8.99
1.05 8.86
0.28 9.0
0.28 9.0
4.02 9.0
0.28 9.0
4.02 9.0
4.02 9.0
3.18 7.13
1.0 9.01
1.0 9.0
1.0 9.0
1.0 9.0
4.02 9.0
3.2 9.67
0.28 9.0
4.02 9.0
5.39 6.78
0.28 9.0
1.0 9.0
3.85 6.84
1.0 9.0
1.0 9.0
0.28 9.0
1.0 9.0
2.23 8.62
1.0 9.0
0.28 9.0
1.0 9.0
1.0 9.0
0.28 9.58
0.99 8.98
0.73 9.67
0.28 9.0
3.95 9.12
4.02 9.0
0.28 9.0
1.0 9.0
4.02 9.02
4.02 9.0
0.28 8.96
1.0 9.0
4.02 9.0
1.0 9.0
5.37 6.73
1.0 9.0
3.59 9.52
1.0 9.0
4.02 9.0
4.02 9.07
1.0 9.0
3.97 9.08
1.01 9.0
0.28 9.0
1.0 9.0
2.0 6.9
1.0 9.0
3.2 9.67
1.0 9.0
1.0 9.0
0.28 9.0
1.0 9.0
1.0 9.0
0.28 9.0
1.0 9.0
0.28 9.0
0.28 9.0
1.0 9.0
1.0 9.0
4.02 8.98
1.0 9.0
1.0 9.0
1.0 9.0
1.0 9.0
3.98 9.07
0.28 8.47
0.28 9.0
0.99 8.98
0.28 8.63
3.82 9.27
4.02 9.0
0.28 9.01
1.0 9.0
1.0 9.0
0.28 9.0
1.0 9.0
1.26 9.67
1.0 9.0
1.07 8.89
0.28 9.0
0.28 8.94
4.02 9.0
0.28 9.11
1.0 9.0
1.0 9.0
1.68 9.67
4.02 9.0
3.2 9.67
3.92 9.16
4.02 9.0
0.28 9.02
0.28 7.53
1.05 8.86
1.0 9.0
1.05 8.87
0.92 8.12
3.18 6.74
3.63 6.05
1.0 9.0
1.0 9.0
0.28 9.0
1.07 8.96
5.54 6.83
1.0 9.0
1.0 9.0
4.32 8.66
1.0 9.0
1.0 9.0
1.08 8.89
1.0 9.0
0.28 9.0
0.99 9.0
4.02 9.0
1.05 8.86
4.22 8.79
1.0 9.0
3.95 9.12
0.28 9.0
3.91 9.17
1.04 8.95
1.0 9.0
4.02 9.0
1.0 9.0
5.39 6.78
4.12 8.91
0.28 9.0
1.0 9.0
0.28 9.0
1.98 8.83
0.28 9.0
1.06 8.87
1.0 9.0
1.0 9.0
1.0 9.0
1.0 9.0
4.02 9.0
1.0 9.0
1.0 9.0
4.02 9.0
3.12 9.67
0.28 9.0
1.0 9.0
1.0 9.0
1.0 9.0
4.02 9.0
1.0 9.0
1.0 9.0
0.28 9.0
4.02 9.0
0.28 9.0
4.02 9.0
1.0 9.0
4.02 9.0
1.0 9.03
0.28 9.0
4.02 9.0
0.28 9.0
4.02 9.0
1.2 7.44
1.0 9.0
3.82 9.27
1.0 9.0
3.82 9.27
0.9 9.67
4.02 9.0
0.28 9.0
0.28 9.0
1.0 9.01
1.0 9.0
1.0 9.0
1.08 6.43
4.02 9.07
0.28 9.0
1.0 9.01
4.07 8.93
4.02 9.0
3.98 9.07
1.04 8.95
3.95 9.12
3.91 9.17
1.01 8.93
1.0 9.0
1.0 9.0
1.04 8.95
4.02 9.0
1.05 8.86
0.28 9.0
1.04 8.95
5.54 6.83
1.0 9.0
0.28 9.0
4.02 9.0
1.0 9.0
1.34 9.14
1.0 9.0
3.2 9.67
5.72 6.95
0.99 8.98
1.98 5.71
1.0 9.0
0.28 9.0
1.0 9.0
4.02 9.0
0.28 9.04
0.28 9.0
1.0 9.0
0.28 9.0
3.18 7.13
5.31 6.73
4.22 8.79
0.28 9.0
3.68 9.37
1.07 8.96
1.0 9.0
3.86 9.22
1.0 9.0
0.28 9.0
3.18 7.42
0.99 9.0
2.28 5.81
1.0 9.0
1.0 9.0
1.0 9.0
1.0 9.0
0.28 9.02
0.99 8.98
4.02 9.0
0.99 9.01
1.0 9.0
3.08 9.67
0.28 9.0
0.28 9.0
4.02 9.0
0.73 9.67
0.28 4.43
1.0 9.0
1.0 9.0
1.0 9.0
1.22 9.67
3.92 9.15
1.03 8.93
1.0 9.0
4.56 6.28
5.54 6.83
1.14 8.89
0.28 8.75
5.72 6.95
1.0 9.0
0.51 9.67
4.02 9.0
4.02 9.0
3.62 9.42
1.0 9.0
5.54 6.83
1.06 8.92
0.5 9.67
1.34 9.14
1.0 9.0
1.0 9.0
0.28 9.11
2.23 8.62
1.95 9.67
5.37 6.73
0.28 9.0
1.26 9.67
0.28 9.0
3.77 9.28
1.0 9.0
4.07 8.96
0.28 9.0
4.02 9.0
1.03 8.93
1.0 9.0
4.02 9.0
4.02 9.0
0.28 9.01
1.0 9.0
4.02 9.0
4.07 8.93
1.0 9.0
3.97 9.08
3.81 9.12
1.0 9.0
0.28 4.43
0.28 9.0
1.0 9.0
3.94 8.25
1.0 9.0
3.82 9.27
1.0 9.0
4.02 9.0
4.02 9.0
0.28 9.0
1.0 9.0
4.02 9.0
1.0 9.0
1.07 8.89
4.22 8.79
0.28 9.0
1.0 9.0
0.28 4.43
3.82 9.27
4.02 9.0
3.89 9.17
5.39 6.78
1.0 9.0
3.99 9.07
0.28 9.0
0.28 9.0
4.07 8.94
0.28 8.75
0.28 9.0
1.98 8.83
0.28 4.43
0.92 8.12
4.02 9.0
1.96 9.67
1.2 7.44
4.02 9.0
3.82 9.27
0.92 8.12
3.07 7.73
3.37 9.08
3.88 9.17
3.95 9.12
5.33 6.73
5.31 6.73
0.28 9.03
1.0 9.0
0.9 9.67
3.2 9.67
1.0 9.0
1.0 9.0
3.82 9.27
4.02 9.04
0.28 9.58
1.21 8.96
4.02 9.0
1.0 9.0
4.37 8.6
1.0 9.0
2.12 8.92
3.2 9.67
0.28 8.75
3.81 9.12
3.2 9.67
1.98 8.83
1.95 9.67
1.0 9.0
1.0 9.0
2.23 8.62
0.73 9.67
1.0 9.0
0.69 5.32
0.28 8.89
0.51 9.67
4.27 8.75
3.18 6.8
1.34 9.14
0.28 9.11
0.28 9.05
0.9 9.67
4.02 9.0
0.28 9.18
1.01 9.0
0.28 9.0
4.02 9.0
3.26 5.58
0.28 9.0
4.02 9.0
1.0 9.0
0.28 9.0
0.88 8.89
4.22 8.79
0.51 9.67
1.0 9.0
0.28 9.0
2.62 9.67
2.23 8.62
1.0 9.0
4.07 8.96
1.0 9.0
3.2 9.67
2.55 9.24
0.28 9.0
1.0 9.0
1.48 9.67
0.28 9.0
4.02 9.0
0.92 8.12
0.28 8.24
1.0 9.0
1.0 9.0
5.54 6.83
4.32 8.67
5.31 6.73
1.0 9.0
3.67 9.42
4.61 7.18
0.28 4.37
0.73 9.67
1.0 9.0
1.0 9.0
4.02 9.0
4.02 9.0
1.0 9.0
1.0 9.0
4.02 9.0
5.31 6.73
5.72 6.95
1.0 9.0
4.02 8.98
4.02 9.0
4.02 9.0
4.02 9.01
3.2 9.67
4.0 9.07
1.0 9.0
1.98 8.83
4.07 8.96
2.23 8.62
1.0 9.0
4.02 9.0
1.0 9.0
1.0 9.0
0.73 9.67
1.0 9.0
1.0 9.0
2.23 8.62
4.02 9.0
0.39 9.67
3.63 6.05
0.28 9.0
3.18 9.67
1.0 9.0
1.0 9.01
0.28 4.43
2.23 8.62
0.73 9.67
4.61 7.18
4.02 9.05
4.02 9.0
1.0 9.0
1.98 5.7
0.28 9.0
1.0 9.0
4.02 9.01
0.28 9.58
0.28 9.4
1.18 9.02
0.79 9.67
1.0 9.0
0.51 9.67
1.0 9.0
2.16 8.92
1.22 9.67
5.31 6.73
1.0 9.0
3.56 6.62
3.37 9.08
3.87 9.19
0.99 8.95
4.02 9.0
0.28 9.36
4.02 9.04
4.02 9.0
1.0 9.0
0.48 9.67
4.02 9.0
1.0 9.0
4.02 9.0
5.3 6.73
0.28 4.43
0.28 9.0
4.02 9.0
0.43 9.44
1.0 9.0
4.02 9.0
0.92 8.12
4.02 8.99
3.42 9.14
4.17 8.83
0.74 9.67
0.98 9.0
1.0 9.0
1.0 9.0
1.08 8.87
1.0 9.0
3.07 7.73
1.0 9.0
2.62 6.86
0.28 8.47
4.02 9.0
0.77 8.59
1.0 9.0
1.0 9.0
1.98 5.7
0.73 9.67
1.0 9.0
1.0 9.0
1.52 5.91
3.85 6.84
0.28 8.47
5.92 7.04
4.02 9.0
1.0 9.0
0.33 9.01
1.0 9.0
0.5 9.67
1.0 9.0
0.28 8.47
0.28 9.35
5.31 6.73
1.0 9.0
1.08 6.43
4.02 9.0
3.56 9.57
1.06 9.67
1.08 8.9
0.28 4.65
2.03 6.88
0.28 9.0
3.26 5.58
0.3 4.33
0.28 8.97
0.28 8.47
3.78 9.27
0.33 4.38
1.0 9.0
1.0 9.0
1.0 9.0
1.0 9.0
0.28 9.0
2.7 9.22
0.98 8.94
0.28 9.0
1.1 8.47
1.01 5.32
0.28 9.0
4.02 9.0
1.96 9.67
0.28 8.73
0.28 4.42
0.28 9.0
3.18 6.74
1.2 7.44
1.0 9.0
4.02 9.0
3.74 9.32
1.0 9.0
0.28 4.43
5.57 7.03
3.07 7.73
3.18 6.74
0.28 4.43
1.0 9.0
2.23 8.62
4.02 9.0
4.02 8.98
4.02 9.0
3.59 9.52
4.02 8.99
5.63 7.71
2.27 9.67
1.0 9.0
3.94 8.25
0.28 9.0
4.57 8.39
1.0 9.0
0.92 8.12
3.63 6.05
4.02 9.05
5.69 6.93
5.47 7.07
4.02 9.0
0.28 9.0
2.14 7.03
3.78 7.18
3.18 5.63
0.28 9.08
1.22 9.67
1.38 7.48
4.61 7.18
0.28 8.47
3.18 6.9
1.69 8.92
1.02 8.84
5.72 6.95
3.86 7.86
1.18 8.87
3.07 7.73
1.0 9.0
1.22 9.67
1.0 9.0
4.22 8.01
4.61 7.18
0.28 9.0
1.0 9.0
0.28 9.0
4.02 9.0
3.85 6.84
1.96 9.67
1.0 9.0
4.02 9.0
1.0 9.0
0.28 9.0
0.28 9.0
1.64 8.95
1.0 9.0
4.34 9.67
3.86 7.86
4.02 9.0
1.0 9.0
1.12 8.85
3.97 9.11
1.2 7.44
3.18 7.42
4.02 9.0
4.68 6.38
0.28 9.0
2.14 7.03
5.92 7.04
1.0 9.0
3.85 6.84
1.0 9.0
4.02 9.0
3.56 6.62
4.02 9.0
0.28 8.97
3.38 9.13
0.28 9.0
5.72 6.95
2.62 6.86
2.0 6.9
4.69 7.02
3.18 7.13
2.28 5.81
4.02 9.0
4.73 8.17
1.0 9.0
5.63 7.71
1.0 9.0
3.63 6.05
5.47 6.78
3.07 7.73
2.0 6.9
4.02 9.01
3.23 5.88
0.28 7.67
1.0 9.0
1.0 8.99
3.85 6.84
5.72 6.95
2.01 9.67
2.76 9.67
3.37 9.08
1.0 8.99
1.01 9.0
5.72 6.95
4.07 8.96
1.12 9.67
1.0 9.0
1.0 9.0
4.02 9.0
2.62 6.86
4.07 8.95
2.0 6.9
0.28 9.0
1.52 5.92
1.21 7.45
4.02 9.0
5.47 7.07
1.11 9.63
3.26 5.58
2.0 6.9
1.08 6.43
3.78 7.16
1.0 9.0
1.0 9.0
1.98 5.7
1.0 9.0
2.23 8.62
2.55 9.24
3.37 9.08
1.0 9.0
4.02 9.01
0.28 9.0
4.02 8.99
2.09 9.67
1.0 9.0
1.38 7.48
1.06 7.67
2.23 8.62
1.11 8.87
0.28 9.0
1.0 9.0
4.22 8.01
1.38 7.48
1.0 9.0
3.07 7.73
1.0 9.0
1.0 9.0
0.28 9.0
1.0 9.0
1.21 9.1
1.44 9.58
4.02 9.0
0.28 9.0
1.08 6.43
0.28 9.0
0.28 9.0
0.28 8.83
1.0 9.0
5.63 7.71
4.02 9.0
0.28 9.0
0.28 9.0
0.28 8.32
0.28 8.24
0.28 8.21
0.66 7.96
3.68 7.38
0.28 7.53
0.28 9.0
0.28 9.0
5.28 6.73
0.31 9.67
4.61 7.18
3.63 6.05
1.0 9.0
0.28 8.49
0.28 9.0
3.56 6.62
3.21 9.67
0.28 7.53
1.0 9.0
0.28 8.21
0.28 9.0
0.28 9.0
0.28 9.02
4.79 6.43
3.86 7.86
1.0 9.0
2.62 6.86
0.6 9.67
0.28 9.0
3.97 9.09
1.11 8.95
0.78 9.67
3.5 9.62
1.0 9.0
1.98 5.7
3.18 6.53
0.8 9.67
4.02 9.0
0.28 9.0
1.0 9.0
3.73 9.32
1.52 5.92
0.28 8.4
0.28 9.0
1.0 9.0
3.06 7.73
1.0 9.0
4.02 9.0
0.83 9.04
0.28 9.0
3.07 7.73
1.0 9.0
0.87 5.51
0.28 9.0
4.17 8.83
0.28 9.0
0.28 9.0
1.52 5.91
0.91 9.0
0.99 9.01
4.02 9.0
1.0 9.0
4.22 8.01
3.56 6.62
5.63 7.71
3.94 8.25
1.0 9.0
1.01 9.0
3.8 9.27
1.05 8.99
1.0 9.0
1.0 9.0
0.31 9.67
1.01 8.99
1.0 9.0
0.28 9.0
4.61 8.37
0.66 7.96
1.0 9.0
2.62 6.86
2.67 7.66
1.52 5.92
0.94 9.67
4.02 9.05
1.0 9.0
1.0 9.0
0.28 9.0
4.61 6.33
3.93 9.12
1.1 9.67
1.08 6.43
3.26 5.58
1.0 9.0
0.28 9.0
5.76 6.98
0.32 9.52
1.0 9.0
0.28 9.0
4.02 9.0
4.22 8.01
1.0 9.0
3.94 8.25
1.0 9.0
4.34 9.67
3.26 5.58
1.64 8.95
0.28 9.0
1.0 9.0
2.55 9.24
0.28 9.0
0.28 9.0
1.0 9.0
4.09 8.28
3.94 8.25
0.51 4.63
2.65 9.67
5.63 7.71
4.02 9.0
0.28 9.0
0.28 8.67
1.0 9.0
4.02 9.0
1.0 9.0
3.51 9.62
1.0 9.0
2.35 8.9
4.02 9.05
1.0 9.0
2.62 6.86
0.28 9.0
0.28 9.0
1.03 9.08
1.0 9.0
4.75 8.1
1.0 9.0
1.3 9.67
1.0 9.0
1.33 9.1
3.95 9.12
0.28 9.0
0.92 5.6
1.0 9.0
1.13 9.67
4.73 8.17
1.16 6.14
0.95 9.08
0.28 9.0
1.08 6.43
1.0 9.0
0.28 9.0
1.11 9.63
1.38 7.48
3.18 6.74
1.0 9.0
1.0 9.0
1.0 9.0
0.28 9.18
0.28 9.0
0.28 9.0
3.18 6.74
0.98 8.98
4.02 9.0
1.0 9.02
1.0 9.0
1.0 9.0
4.79 6.43
1.4 8.82
1.0 9.0
3.92 9.0
1.64 8.95
3.88 9.05
1.1 8.58
0.66 7.96
0.28 9.0
1.69 8.92
1.0 9.0
0.28 7.53
0.28 9.0
4.07 8.97
4.02 9.0
5.72 6.98
3.26 5.58
1.0 9.0
4.99 6.53
0.28 9.0
0.28 9.0
0.28 7.67
3.5 9.62
2.28 5.81
4.02 9.0
1.0 9.0
3.73 9.32
3.37 9.08
2.03 9.67
1.01 9.06
3.5 9.62
1.0 9.0
0.6 9.67
0.28 8.52
1.98 5.7
0.72 9.67
0.28 9.0
1.0 9.01
0.28 9.0
3.21 7.52
1.0 9.0
1.39 9.67
1.0 9.0
4.02 9.05
4.02 9.0
2.44 9.58
1.0 9.0
0.28 9.04
3.26 5.58
0.77 8.59
1.0 9.0
2.62 9.67
5.02 7.84
3.72 9.37
4.02 9.0
3.86 7.86
1.0 9.0
4.02 9.0
0.8 5.43
1.0 9.0
1.52 5.92
1.0 9.0
1.0 9.0
5.63 7.71
1.0 9.0
0.6 9.67
4.02 9.0
2.76 9.67
1.0 9.0
4.02 9.0
1.0 9.0
1.0 9.0
2.28 5.81
1.0 9.0
4.61 6.33
1.08 6.43
3.57 5.77
1.52 5.92
1.0 9.0
1.33 9.1
0.74 7.73
1.0 9.0
1.01 8.93
1.0 9.0
5.28 6.73
1.0 9.0
0.28 7.73
1.04 8.04
1.0 9.0
1.0 9.0
3.92 9.15
1.0 9.0
5.63 7.71
3.86 7.86
0.28 9.0
3.37 9.08
1.0 9.0
0.28 7.53
4.61 8.37
5.69 8.54
1.06 7.67
1.38 7.48
1.0 9.0
2.28 5.81
3.4 9.06
0.51 4.63
1.0 9.0
4.02 9.0
2.16 8.6
0.72 9.67
1.0 9.0
0.28 9.0
1.0 9.0
4.12 8.89
2.28 5.81
4.02 9.02
1.08 8.98
1.0 9.0
1.0 9.0
0.28 9.0
1.0 9.0
5.19 6.63
0.28 9.0
1.0 9.0
4.02 9.0
0.47 9.18
4.02 9.04
0.66 7.96
1.12 8.91
4.87 8.07
1.44 9.58
1.0 9.0
3.63 9.42
1.0 9.0
3.86 7.86
1.0 9.0
1.0 9.0
1.0 9.0
4.02 9.0
4.02 9.03
0.92 5.6
4.73 8.17
0.28 7.53
1.0 9.0
4.02 9.0
1.38 7.48
4.34 9.67
4.02 9.0
2.7 9.22
1.0 9.0
1.0 9.0
1.0 9.0
3.86 7.86
3.97 9.12
0.28 9.0
3.23 5.88
4.62 8.3
1.0 9.0
1.08 8.95
1.0 9.0
2.28 5.81
4.02 9.0
0.72 9.67
0.28 7.56
0.28 9.0
1.0 9.0
5.72 6.98
1.1 8.93
1.0 9.0
1.71 9.67
0.87 5.51
1.0 9.0
0.28 8.52
3.86 7.86
1.01 8.59
4.02 9.0
1.0 9.0
2.93 9.67
2.44 9.58
1.0 9.0
1.0 9.0
5.63 7.71
1.0 9.0
1.0 9.0
1.0 9.0
0.28 9.0
5.19 6.63
1.5 9.67
3.92 9.15
1.58 9.05
0.28 9.0
1.0 9.0
4.02 9.0
0.28 8.52
4.02 8.99
1.0 9.0
0.28 9.0
3.37 9.09
0.28 9.0
0.28 8.72
0.28 9.0
5.63 7.71
4.02 9.0
3.39 6.37
0.98 8.97
0.28 9.0
4.02 9.0
1.08 8.82
5.63 7.71
3.23 5.88
0.28 9.0
1.0 9.01
1.0 9.0
5.72 6.96
1.32 5.72
0.57 4.68
0.92 5.6
1.0 9.0
2.09 9.67
1.0 9.0
1.0 9.0
0.28 6.81
1.0 8.96
0.28 9.0
4.32 8.67
0.28 7.95
4.02 9.0
1.39 9.67
4.34 9.67
0.28 9.0
4.68 6.38
4.34 9.67
0.4 8.91
1.04 8.04
4.61 6.33
0.28 9.0
3.56 9.04
5.63 7.71
1.0 9.0
1.04 8.73
0.28 9.0
0.28 9.0
3.78 7.16
0.62 9.0
0.87 5.51
1.0 9.0
4.99 6.53
5.26 6.68
4.34 9.67
3.95 9.12
5.22 6.64
3.74 6.07
0.74 7.73
4.02 9.0
4.45 6.32
0.66 7.96
1.93 5.62
5.63 7.71
3.63 9.22
0.28 8.88
2.17 9.67
3.88 8.96
5.42 6.78
1.0 9.0
1.0 9.0
1.0 9.0
4.02 9.0
1.0 9.0
2.93 9.67
1.0 9.0
4.02 9.0
1.01 8.99
1.37 9.03
0.87 5.51
4.34 9.67
1.69 9.67
0.28 9.0
5.69 8.54
1.45 9.67
0.74 7.73
1.0 9.0
1.0 9.0
1.0 9.0
4.02 9.0
3.59 9.52
1.0 9.67
0.28 8.97
3.21 7.52
0.51 9.67
0.31 9.67
0.47 4.55
0.9 9.67
2.28 5.81
1.0 9.0
1.0 9.0
3.97 9.1
1.0 9.0
4.02 9.0
4.02 9.0
3.23 5.88
4.02 9.06
1.0 9.0
1.0 9.0
1.0 9.0
0.99 9.01
0.28 7.95
0.31 9.67
8.33 7.11
1.0 9.0
1.0 9.0
0.32 9.52
4.34 9.67
0.28 9.0
1.0 9.0
0.28 9.19
0.28 9.0
1.0 9.0
2.61 8.94
1.0 9.0
0.28 9.0
0.99 8.99
4.02 9.0
1.0 9.0
0.87 5.51
1.0 9.0
0.28 8.94
0.81 9.67
1.0 9.0
0.28 9.0
0.28 9.0
0.74 7.73
0.92 5.6
1.0 9.0
1.0 9.0
4.02 9.0
4.02 9.0
2.7 9.22
0.63 9.0
4.34 9.67
1.0 9.0
0.28 9.0
2.28 5.81
4.02 9.0
4.02 9.0
0.66 7.96
0.66 7.96
1.0 9.0
2.76 9.67
4.02 9.0
2.28 5.81
1.0 9.0
1.48 9.58
0.74 7.72
0.28 6.97
5.55 6.83
4.02 9.0
4.02 9.0
1.44 9.58
1.02 8.92
4.32 8.67
1.98 9.38
0.28 9.0
4.02 9.0
1.32 5.72
2.7 9.22
4.02 9.02
3.61 9.52
4.02 9.0
3.21 7.52
3.18 6.74
1.0 9.0
0.51 9.67
1.0 9.0
4.02 9.02
1.0 9.0
1.0 9.0
0.28 9.0
3.23 5.88
6.57 7.42
4.02 9.0
3.77 9.32
1.0 9.0
3.79 9.02
4.02 9.0
4.02 9.0
1.0 9.0
2.76 9.67
0.28 9.18
3.68 7.38
4.37 8.6
3.78 7.16
0.28 9.0
0.28 9.0
3.62 9.49
0.28 9.0
0.28 9.0
0.28 9.0
3.18 5.81
5.72 6.98
1.0 9.0
2.61 8.94
1.0 9.0
2.76 9.67
1.0 9.0
4.02 9.0
1.0 9.0
2.95 9.67
3.92 9.15
4.02 9.0
4.02 9.0
0.28 9.0
1.0 9.0
1.39 9.67
4.02 9.0
2.67 7.63
3.87 9.21
3.05 9.67
0.28 7.95
3.18 7.6
1.0 9.0
1.0 9.0
4.02 9.0
3.23 5.88
4.02 9.03
0.28 9.0
0.31 9.67
2.61 8.94
1.69 9.67
1.0 9.0
2.7 9.22
1.48 9.58
1.39 9.67
0.28 8.52
1.0 9.0
4.02 9.0
3.29 7.96
1.0 9.0
1.04 8.04
0.39 4.48
1.42 9.67
1.0 9.0
4.02 9.0
0.28 9.0
1.0 9.0
3.12 9.67
1.5 9.67
2.95 9.67
5.76 6.98
2.17 9.67
1.0 9.0
4.02 9.0
1.22 8.85
0.28 9.0
4.02 9.0
1.0 9.0
1.01 8.59
5.37 6.73
1.0 9.0
4.02 9.0
1.0 9.0
4.02 9.0
1.0 9.0
1.0 9.0
4.02 9.0
3.66 9.42
1.93 5.62
3.47 9.67
1.0 9.0
1.0 9.0
1.0 8.97
0.28 9.0
1.32 5.72
2.44 9.58
3.62 9.43
0.82 8.65
1.73 8.92
1.46 7.37
4.02 9.0
1.78 5.93
1.0 9.0
4.02 9.0
0.97 8.99
0.85 5.82
4.17 8.87
1.45 9.67
3.78 7.16
1.0 9.0
0.8 9.45
4.13 8.67
4.22 8.79
0.62 9.0
5.55 6.83
0.28 9.0
1.0 9.0
5.72 6.96
1.04 8.55
4.02 9.0
5.75 6.98
3.92 9.16
3.84 9.0
3.55 6.64
3.57 5.77
4.02 9.0
1.0 9.0
3.74 8.77
0.47 4.55
4.02 9.0
3.68 7.38
3.47 9.67
1.0 8.98
1.0 9.0
0.62 9.0
1.0 9.0
1.0 9.0
4.12 8.9
0.53 6.99
4.02 9.0
3.3 7.95
0.28 9.0
0.28 7.95
1.0 9.0
1.0 9.0
4.54 7.04
5.11 7.27
4.37 8.6
0.28 9.04
3.92 9.15
0.28 8.96
0.28 9.0
0.8 5.43
3.98 9.07
4.02 9.0
0.28 9.0
1.0 9.0
3.22 9.67
1.0 9.0
1.04 8.04
4.02 9.0
4.47 8.51
0.28 9.0
3.95 8.53
4.02 9.0
1.0 9.0
1.0 9.0
1.58 9.67
4.02 9.0
0.28 9.0
0.36 9.67
0.28 9.4
0.28 8.84
3.07 8.95
4.02 9.0
4.02 9.0
1.0 9.0
1.0 9.0
1.0 9.0
4.73 9.56
1.0 9.0
0.31 9.67
3.18 7.6
1.0 9.0
4.02 9.03
0.28 6.81
0.28 9.0
1.0 9.0
1.0 9.0
1.0 9.0
1.04 8.04
3.55 6.64
0.28 9.0
1.73 8.92
1.0 9.0
0.96 9.67
8.33 7.11
0.81 9.67
3.87 9.22
1.0 9.0
1.0 9.0
4.02 9.0
1.0 9.0
3.21 7.52
0.28 9.0
0.31 9.67
3.73 7.36
6.57 7.42
1.0 9.0
0.38 9.67
1.0 9.0
0.28 9.0
8.93 8.41
0.28 7.95
0.28 8.68
0.62 9.65
1.27 9.67
1.46 7.37
0.28 8.84
2.35 8.85
1.0 9.0
4.02 9.0
1.04 8.04
3.18 6.74
2.79 8.48
1.32 5.72
1.0 9.0
4.57 7.43
2.62 7.06
0.28 9.0
0.28 9.0
4.02 9.0
1.49 8.93
1.0 9.0
0.28 9.0
1.0 9.0
1.02 8.94
8.33 7.11
1.32 8.98
3.03 9.08
1.0 9.0
1.0 9.0
9.08 8.76
3.57 5.77
0.28 7.91
4.02 9.0
1.0 9.0
4.02 9.0
1.01 9.0
1.0 9.0
4.02 9.0
5.07 7.79
1.0 9.0
4.02 9.0
4.02 9.0
4.64 7.11
1.0 9.0
1.0 9.0
1.0 9.0
1.0 9.0
0.28 9.0
4.02 9.0
1.98 5.74
1.0 9.0
0.8 5.43
1.0 9.0
1.03 9.01
1.0 9.0
0.28 6.81
2.44 9.58
0.28 9.0
2.35 8.85
3.3 7.95
6.57 7.42
4.02 9.0
3.52 9.57
1.1 8.47
0.28 9.0
1.32 5.72
1.0 9.0
5.69 8.52
4.54 7.04
3.47 9.67
3.18 6.74
1.0 9.0
3.22 9.67
1.0 9.0
2.62 6.92
0.47 8.52
0.28 8.79
4.02 9.0
1.06 8.93
1.15 8.88
5.63 7.7
0.54 9.67
0.31 4.33
3.92 9.15
1.0 9.0
1.0 9.0
0.28 9.0
4.02 9.0
0.28 9.0
1.0 9.0
1.0 9.0
1.0 9.0
3.23 5.88
1.04 8.04
3.73 7.36
3.37 9.67
2.16 8.6
4.02 9.0
0.28 9.0
1.0 9.0
3.03 9.08
1.0 9.0
2.79 8.48
4.02 9.0
0.28 9.0
1.0 9.0
3.18 6.47
1.0 9.0
5.22 7.25
0.47 4.62
0.28 8.96
8.08 6.96
1.0 9.0
0.28 9.0
0.28 6.8
7.33 8.3
0.28 8.51
0.28 6.81
3.82 9.22
0.48 4.63
3.62 9.51
2.14 7.48
4.12 8.9
0.28 9.0
1.0 9.0
3.18 6.74
1.0 9.0
1.0 9.0
1.41 9.67
0.28 9.0
4.62 8.29
0.28 9.0
1.58 9.67
0.28 9.0
0.28 9.0
3.18 6.74
1.04 8.04
4.02 9.0
6.23 6.66
0.28 9.0
0.28 7.76
1.4 9.67
3.57 5.77
0.28 9.0
1.06 8.77
5.59 6.88
1.0 9.0
0.83 5.38
3.18 5.81
8.33 7.11
1.0 9.0
4.02 8.98
4.02 9.0
2.89 8.96
1.0 9.0
0.28 9.0
3.87 9.18
4.47 8.51
5.63 7.7
4.02 9.0
4.57 7.43
4.32 8.68
0.28 8.93
4.02 9.0
1.0 9.0
1.0 9.0
3.47 9.67
0.28 9.0
1.0 9.0
4.02 9.01
3.61 9.52
3.3 7.95
0.69 5.32
0.28 9.0
1.0 9.0
2.35 8.9
2.35 8.85
1.0 9.0
4.32 8.67
5.42 6.78
3.38 5.97
2.79 7.78
1.0 9.0
2.61 8.94
1.0 9.0
1.05 8.94
1.31 9.67
0.54 9.67
2.67 7.66
3.52 9.62
2.55 8.83
4.02 9.02
0.28 9.0
8.93 8.41
0.28 9.0
2.67 7.66
1.0 9.0
1.01 8.62
3.3 8.64
1.46 7.37
2.62 6.69
0.28 9.0
4.54 7.04
5.57 6.87
3.3 7.95
0.28 9.0
5.36 6.73
3.82 9.23
0.28 6.52
4.02 9.0
4.07 8.96
3.07 8.95
3.16 9.01
0.28 7.77
3.96 9.0
4.02 9.0
4.02 9.0
3.95 8.53
1.0 9.0
2.14 7.48
1.0 9.0
4.12 8.89
2.44 9.58
1.21 9.3
3.06 9.67
3.73 7.36
1.05 8.9
8.33 7.11
0.28 9.0
0.28 6.81
1.0 9.0
1.88 7.13
0.28 9.0
3.3 8.64
2.44 9.58
3.95 8.53
8.33 7.11
1.08 8.84
1.0 9.0
4.62 8.31
4.47 8.51
1.0 9.0
0.31 4.33
0.28 6.81
2.62 6.21
1.46 7.37
0.76 9.67
0.28 6.81
0.28 9.0
2.34 9.67
2.62 6.92
2.62 6.92
3.76 9.12
1.0 9.0
1.03 9.67
3.73 7.36
3.18 7.53
8.08 6.96
1.0 9.0
4.62 8.34
4.51 8.47
4.02 9.0
0.28 9.0
1.35 9.0
1.46 7.37
0.28 6.81
4.02 9.0
4.02 9.0
1.0 9.0
8.08 6.96
0.28 9.0
1.46 7.37
1.06 9.0
1.0 9.0
1.02 8.83
2.62 7.06
1.0 9.0
0.43 9.59
2.15 7.51
1.0 9.0
4.32 8.65
0.31 4.33
4.38 6.18
0.28 9.25
5.28 9.67
1.0 9.0
0.56 4.68
0.28 7.08
2.28 5.81
1.0 9.0
0.79 8.74
1.09 8.82
0.28 6.81
1.0 9.0
5.31 7.56
1.0 9.0
1.0 9.0
0.87 9.67
1.0 9.0
4.02 9.0
0.74 7.26
2.44 9.58
4.02 9.0
0.28 9.14
0.28 9.0
4.02 9.0
0.54 9.67
4.02 9.0
1.98 5.74
1.01 5.32
2.17 9.67
1.0 9.0
1.93 8.19
1.0 9.0
0.28 6.81
2.67 7.66
7.8 6.76
0.98 8.98
5.48 6.83
4.02 9.01
5.14 7.72
4.02 9.0
2.15 7.52
8.08 6.96
1.92 8.98
0.28 9.0
1.66 9.04
5.63 7.7
2.18 9.67
2.62 6.21
2.67 7.66
3.67 9.4
0.67 9.67
8.93 8.41
1.0 9.0
1.46 7.37
4.02 9.0
1.0 9.0
5.22 7.25
3.3 8.64
2.15 7.52
0.99 8.9
5.36 6.73
1.03 8.91
0.4 4.48
0.63 4.78
6.57 7.42
8.08 6.96
1.0 9.0
1.65 9.67
1.01 5.32
1.98 5.74
4.02 9.0
2.14 7.48
0.53 9.67
3.57 9.57
0.28 9.0
1.0 9.0
1.0 9.0
1.77 5.98
8.51 7.14
8.33 7.11
1.88 7.13
1.0 9.0
1.0 9.0
1.0 9.0
1.0 9.0
4.83 9.56
0.28 9.0
1.0 9.0
0.85 5.82
1.46 7.37
5.53 6.83
1.46 7.37
3.77 9.31
3.3 8.64
0.31 4.33
0.28 9.0
1.0 9.0
1.0 9.01
1.78 5.93
1.0 9.01
0.28 9.0
4.84 6.89
4.02 9.0
4.79 7.24
1.0 9.0
5.59 6.88
4.22 8.79
2.67 7.66
1.07 8.74
5.59 6.88
1.0 9.0
4.12 8.89
0.28 9.0
0.28 8.96
1.0 9.0
1.0 9.0
0.28 8.58
0.28 9.0
4.0 9.07
1.0 9.0
3.94 7.41
0.42 4.59
4.02 9.0
3.18 7.53
1.0 9.0
3.79 7.36
2.67 7.66
4.32 8.67
1.0 9.0
4.02 9.05
1.0 9.0
1.0 9.0
4.02 9.0
4.02 9.0
5.74 6.98
0.28 9.0
1.0 9.0
1.0 9.0
0.31 4.33
4.12 8.88
3.32 8.61
1.31 9.67
0.28 9.0
3.18 7.12
4.32 8.66
1.46 7.37
4.02 9.0
5.11 7.27
1.01 5.32
4.02 9.0
0.28 9.0
0.99 8.99
0.28 9.0
1.46 7.37
1.0 9.0
4.35 3.74
9.08 8.76
1.0 9.0
4.52 8.43
0.28 9.0
0.52 8.76
1.85 9.67
2.62 6.99
4.02 9.0
1.0 9.0
1.88 7.13
1.0 9.0
1.0 9.0
3.39 7.63
3.14 9.67
0.28 7.71
1.0 9.0
4.02 9.04
4.02 9.03
3.18 6.46
4.02 9.02
3.82 9.25
1.03 8.97
3.39 6.37
0.28 9.0
0.28 9.01
0.28 9.0
4.02 9.0
1.0 9.0
1.0 9.0
2.08 7.9
1.46 7.37
0.35 9.67
6.57 7.42
0.67 9.67
4.02 9.0
1.0 9.0
4.02 9.0
4.32 8.64
1.84 7.2
6.57 7.42
4.02 9.0
3.73 7.36
1.0 9.0
4.32 8.67
0.87 5.04
1.0 9.0
1.0 9.0
0.28 9.0
1.0 9.0
5.31 7.56
1.0 9.0
1.0 9.0
1.0 9.0
3.38 8.54
1.34 7.79
0.28 9.0
0.28 8.9
1.03 8.95
1.0 9.0
5.69 8.54
3.76 9.12
3.47 9.67
3.73 7.36
0.28 9.0
3.73 7.36
1.0 9.0
5.74 6.98
2.62 7.09
3.05 7.73
3.31 8.29
0.98 9.0
3.38 8.54
4.02 9.0
0.47 8.52
1.0 9.0
1.0 9.0
0.28 9.0
1.0 9.0
4.02 9.0
0.28 8.77
5.6 6.88
1.88 7.13
0.67 9.67
1.0 9.0
0.28 9.0
2.79 8.48
6.57 7.42
3.73 7.36
3.16 7.77
0.28 7.76
2.16 8.6
1.0 9.0
1.0 9.0
1.04 8.94
0.67 9.67
4.02 9.0
0.28 7.71
2.16 8.6
1.0 9.0
1.83 7.19
4.02 9.0
4.12 8.88
1.08 9.67
4.02 9.0
4.02 9.0
1.0 9.0
1.0 9.0
1.0 9.0
4.62 8.28
4.38 6.18
1.0 9.0
1.0 9.0
4.02 9.02
4.14 8.01
1.0 9.0
3.59 5.78
3.18 7.12
1.32 5.67
7.03 8.52
3.18 7.53
0.47 8.91
1.0 9.0
0.28 9.0
1.0 9.0
7.57 7.96
4.02 9.0
6.57 7.42
1.0 9.0
1.06 9.67
1.01 9.0
1.0 9.0
0.86 9.67
5.14 7.72
4.02 9.02
4.02 9.0
0.28 9.0
0.28 9.0
0.28 9.12
4.02 9.0
2.73 9.35
5.33 6.73
4.97 7.9
0.67 9.67
4.27 8.76
1.03 8.76
5.69 8.54
3.18 6.46
1.0 9.0
0.63 4.78
1.03 9.04
4.02 9.0
1.17 9.37
5.28 6.73
1.0 9.0
0.58 8.2
4.02 9.0
1.0 9.0
1.0 9.0
2.86 9.67
0.28 9.0
4.02 9.0
1.0 9.0
1.0 9.0
9.67 1.64
1.0 9.0
3.31 8.29
5.63 7.7
4.02 9.0
0.28 9.0
4.73 9.56
0.28 9.41
1.0 9.0
4.02 9.0
5.58 7.66
0.99 9.01
4.27 8.74
5.71 8.5
4.52 6.28
7.57 7.96
2.85 8.37
5.63 7.71
2.77 7.77
0.28 9.0
1.0 9.0
4.02 9.0
4.66 6.33
4.02 9.0
7.03 8.52
4.0 9.07
1.0 9.01
0.28 9.0
1.0 9.0
1.0 9.0
0.85 5.82
0.28 9.0
1.0 9.0
1.88 7.13
0.28 9.0
6.57 7.42
1.01 8.96
8.93 8.41
0.38 8.03
0.69 9.67
0.74 9.67
3.74 6.07
1.21 9.16
6.57 7.42
4.02 9.0
1.0 9.0
9.08 8.76
0.63 4.78
1.01 9.0
3.94 7.41
6.57 7.42
1.0 9.0
1.0 9.0
3.18 7.12
5.63 7.7
0.28 9.06
4.38 6.18
3.18 6.46
4.27 8.75
0.45 4.53
8.93 8.41
5.22 7.25
2.62 6.21
5.72 6.97
4.08 8.48
1.0 9.0
4.02 9.0
3.94 7.41
1.34 7.79
1.0 9.0
3.47 9.67
3.18 6.1
0.28 9.0
3.82 9.24
5.69 8.52
1.0 9.0
1.0 9.0
3.31 8.29
1.88 7.13
1.0 9.0
1.0 9.0
3.67 9.37
4.02 9.0
1.0 9.0
1.06 8.97
4.67 6.33
1.0 9.0
1.0 9.0
4.02 9.0
0.28 9.0
1.0 9.0
1.0 9.0
4.02 9.0
6.57 7.42
1.0 9.0
1.0 9.0
9.08 8.76
4.52 6.28
1.48 8.31
4.06 8.52
3.38 8.54
8.93 8.41
0.63 4.78
4.02 9.0
0.87 9.67
3.06 9.67
1.0 9.0
0.85 5.82
0.85 5.82
4.02 9.07
3.73 6.87
1.0 9.0
5.28 6.73
1.0 9.0
1.32 5.67
5.61 7.72
3.74 9.32
1.0 9.0
0.28 9.25
7.02 8.55
1.0 9.0
0.97 9.07
2.79 8.48
1.88 7.13
4.38 6.18
5.92 7.05
1.1 9.67
0.28 9.0
1.0 9.0
1.0 9.0
5.12 7.72
1.9 7.11
2.62 6.21
3.95 8.99
1.15 8.98
1.24 8.71
1.0 9.0
1.0 9.0
1.0 9.0
4.32 8.66
1.94 9.49
1.0 9.0
0.28 4.35
3.18 6.92
1.08 8.88
1.0 9.0
2.93 9.67
2.73 9.35
1.0 9.0
1.0 9.0
4.02 9.0
5.85 8.67
1.88 9.67
2.62 6.21
2.62 6.21
4.17 8.83
3.38 8.54
1.0 9.0
1.0 9.0
6.62 7.44
4.02 9.0
4.02 9.0
1.03 8.96
2.62 6.21
3.18 7.12
3.82 9.23
1.0 9.0
3.94 7.41
1.0 9.0
4.84 6.89
0.28 9.0
3.97 9.1
1.0 9.0
1.0 9.0
0.88 9.28
1.0 9.0
7.02 8.55
1.0 9.0
0.28 9.0
1.0 9.0
0.28 9.0
1.0 9.0
3.43 6.56
1.0 9.0
1.0 9.0
4.06 8.52
3.93 9.12
4.32 8.65
5.21 7.23
5.56 6.83
2.18 9.67
1.01 8.99
4.02 9.0
3.94 7.41
2.79 8.48
1.0 9.0
1.0 9.0
4.02 9.0
1.0 9.0
2.62 6.44
4.08 8.48
2.45 9.67
5.61 7.72
1.0 9.0
0.28 9.0
1.0 9.0
0.28 9.0
7.03 8.52
0.28 9.0
0.28 9.0
0.64 9.67
1.0 9.0
4.02 9.0
1.0 9.0
1.0 9.0
1.92 8.98
1.0 9.0
0.28 9.0
1.22 5.52
4.02 9.0
4.02 9.0
0.28 4.64
5.3 6.73
4.97 7.89
3.73 6.87
1.0 9.0
1.88 9.67
3.18 7.12
3.36 9.29
1.0 9.0
1.0 9.0
0.28 4.35
4.49 7.41
2.73 9.35
0.99 8.92
5.47 6.8
1.0 9.0
0.81 8.86
0.28 9.0
6.57 7.42
3.83 7.0
4.35 3.74
4.62 8.29
5.22 7.25
0.28 9.63
1.0 9.0
3.87 9.22
2.85 8.37
0.28 9.47
3.94 7.41
1.07 8.99
1.39 9.67
9.08 8.76
0.28 4.37
1.0 9.0
4.02 9.0
6.57 7.42
6.57 7.42
8.79 6.93
4.02 9.0
5.66 6.88
3.97 9.07
2.03 7.3
3.87 9.2
1.0 9.0
1.0 9.0
6.23 6.66
4.02 9.0
5.92 7.05
1.0 9.0
0.28 8.96
6.62 7.44
0.28 9.0
4.69 9.59
0.97 9.67
0.74 7.26
1.0 9.0
0.28 9.0
1.0 9.0
4.02 9.0
2.62 7.09
4.62 8.29
3.22 5.9
0.28 9.0
4.02 9.0
5.12 7.73
4.02 9.0
1.22 5.52
1.1 9.67
4.43 7.87
9.08 8.76
5.06 6.58
4.35 3.74
1.0 9.0
3.73 6.87
1.0 9.0
4.02 9.0
7.57 7.96
0.38 8.03
4.49 7.4
0.38 8.03
0.28 5.3
1.0 9.0
3.18 7.12
0.99 9.03
1.27 9.67
0.28 9.0
1.0 9.0
1.0 9.0
2.62 6.99
1.31 9.24
0.49 4.63
1.0 9.0
3.43 6.56
1.0 9.0
1.0 9.0
4.02 9.0
4.02 9.0
4.85 6.88
7.02 8.55
0.45 9.67
4.25 8.66
3.03 9.67
1.0 9.0
1.0 9.0
0.28 9.0
1.61 7.61
1.07 8.57
4.02 9.0
1.32 5.64
1.0 9.0
0.28 9.0
4.02 9.0
1.32 5.66
3.62 9.43
1.0 9.0
3.18 7.12
4.02 9.0
0.36 9.67
3.01 9.67
4.02 9.0
3.83 7.48
1.0 9.0
1.0 9.0
1.0 9.0
0.74 7.26
1.77 5.98
2.85 8.37
7.57 7.96
4.84 6.89
0.74 7.26
1.0 9.0
1.0 9.0
1.0 9.0
2.03 7.3
1.0 9.0
0.28 9.0
2.23 6.92
2.08 7.9
4.02 9.0
0.28 9.0
2.79 8.48
1.0 9.0
1.0 9.0
8.33 7.11
3.18 7.51
3.16 7.77
5.61 7.72
3.48 9.62
5.61 7.72
5.74 6.17
1.0 9.0
0.36 9.67
1.0 9.0
4.02 9.0
0.28 9.0
0.28 9.12
1.0 9.0
4.02 9.0
1.0 8.99
1.0 9.0
1.0 9.0
2.91 8.05
1.0 9.0
0.99 8.89
1.56 9.59
0.28 9.0
1.77 5.98
4.02 9.0
1.93 8.19
1.0 9.0
1.0 9.0
3.47 9.67
0.28 9.18
0.87 5.04
1.0 9.0
0.28 9.0
4.32 8.64
0.28 9.56
1.0 9.0
0.97 5.21
4.43 7.87
0.28 9.0
3.05 7.73
0.74 7.26
4.02 9.0
3.94 9.12
1.0 9.0
1.0 9.0
1.0 9.0
1.0 9.0
2.28 5.81
3.68 6.86
0.45 9.67
4.02 9.0
1.0 9.0
1.0 9.0
3.92 9.13
1.0 9.0
0.28 8.82
3.47 9.67
9.63 7.33
0.45 9.67
1.0 9.0
3.73 6.87
4.97 7.9
4.02 9.0
6.23 6.66
1.0 9.0
0.28 8.7
0.28 9.0
2.43 6.94
4.02 9.0
1.0 9.0
1.0 9.0
1.0 9.0
1.0 9.0
0.28 9.0
2.13 7.59
1.0 9.0
1.0 9.0
0.28 5.3
1.0 9.0
1.0 9.0
3.71 8.92
9.03 8.15
0.28 9.0
3.18 6.2
3.48 9.62
1.93 8.19
1.45 8.88
4.17 8.86
7.57 7.95
9.63 7.33
1.01 9.67
1.34 7.79
3.18 6.01
3.18 6.24
3.97 9.08
0.28 9.0
1.93 8.19
4.02 9.0
4.82 9.58
3.41 9.67
0.42 8.68
1.0 9.0
4.02 9.0
0.65 8.94
3.72 9.36
5.12 7.28
1.0 9.0
1.07 8.69
4.62 8.29
1.0 9.0
0.28 8.96
4.02 8.99
1.09 8.81
1.0 9.0
5.23 6.68
8.33 7.11
1.66 9.04
1.18 8.93
2.03 7.3
1.0 9.0
1.0 9.0
2.79 8.48
7.57 7.96
1.0 9.0
1.0 9.0
4.02 9.0
9.67 9.53
1.0 9.0
3.29 8.51
0.49 4.63
0.28 9.0
4.48 7.11
0.28 9.0
8.33 7.11
5.03 7.51
1.0 9.0
3.43 6.56
1.0 9.0
4.83 9.56
1.0 9.0
2.57 7.66
3.62 9.45
0.47 5.3
9.32 9.15
2.28 5.81
6.57 7.42
2.08 7.9
1.19 9.08
4.17 8.84
0.99 8.99
1.0 9.0
9.63 7.33
0.28 6.06
0.97 9.67
1.66 9.04
1.92 8.98
3.97 9.09
4.87 7.3
2.79 8.48
4.97 4.89
1.0 9.0
4.11 8.29
7.23 8.59
1.0 9.0
3.43 6.56
1.01 9.02
2.67 7.67
0.28 9.0
2.28 5.81
7.57 7.95
0.28 9.0
4.39 8.29
1.0 9.0
0.74 7.26
2.16 7.08
1.0 9.0
3.18 6.46
4.35 3.74
4.02 8.99
3.67 9.37
4.32 8.64
9.67 1.7
0.58 8.2
1.0 9.0
2.28 5.81
2.28 5.81
3.83 9.22
3.18 7.51
0.57 9.67
2.79 8.48
0.28 9.24
2.02 6.02
4.02 9.0
0.28 7.86
0.28 8.65
6.57 7.42
0.28 9.0
0.74 7.26
7.57 7.96
1.0 9.0
3.92 9.15
9.67 1.64
0.5 9.67
1.0 9.0
7.57 7.96
3.47 9.67
4.37 7.94
4.02 9.02
1.0 9.0
4.02 8.99
3.43 6.56
1.0 9.0
4.07 8.95
1.0 9.0
5.73 6.98
7.57 7.96
7.34 8.29
4.07 8.95
2.62 6.44
4.02 9.0
3.82 9.25
1.0 9.0
4.02 9.0
4.74 9.56
4.02 9.0
1.0 9.0
6.57 7.42
2.79 8.48
4.02 9.0
1.41 1.78
1.79 8.69
4.07 8.95
3.67 9.25
5.74 6.17
9.67 9.53
3.43 6.56
4.02 9.0
4.77 6.76
4.74 9.56
6.23 6.66
4.02 9.0
8.33 7.11
4.02 9.0
1.0 9.0
0.28 9.0
1.0 9.0
4.02 9.0
2.77 7.77
1.0 9.0
4.48 7.11
1.0 9.0
1.31 8.22
3.18 6.4
1.0 9.0
9.67 1.66
0.5 9.67
3.18 7.51
0.28 9.0
3.71 8.8
0.49 4.63
3.18 7.45
0.28 7.14
1.33 9.03
9.03 8.15
1.0 9.0
1.04 6.08
1.0 9.0
0.28 9.0
9.67 1.7
1.0 9.0
1.41 1.78
1.77 9.41
3.31 9.67
0.57 5.28
3.92 9.16
3.77 9.29
0.82 9.67
0.28 7.86
3.59 5.78
4.02 9.0
9.67 9.53
4.02 9.0
4.02 9.0
1.0 9.0
0.99 8.89
3.92 9.15
4.02 8.98
4.02 9.0
1.0 9.0
4.02 9.0
3.92 9.17
6.62 5.78
4.77 6.77
1.0 9.0
2.09 5.82
4.02 9.0
0.28 9.0
4.38 8.42
3.18 6.36
4.72 6.82
1.0 9.0
1.0 9.0
1.41 9.67
0.28 9.0
4.02 8.99
4.48 7.11
1.0 9.0
3.97 9.07
4.02 9.0
3.86 8.79
1.0 9.0
4.02 9.0
7.23 8.59
3.92 9.14
4.97 4.89
1.94 7.28
1.0 9.0
4.02 8.99
4.02 9.0
1.0 9.0
1.0 9.0
4.02 9.0
6.9 8.48
0.28 9.0
5.73 6.98
6.57 7.42
1.0 9.0
1.01 9.0
6.2 9.67
4.22 8.81
1.0 9.0
1.0 9.0
2.77 7.77
1.0 8.89
3.59 5.78
4.02 9.0
0.49 4.63
1.0 9.0
6.62 5.78
4.02 9.0
0.28 8.97
4.02 9.0
1.08 8.95
2.62 9.67
4.02 9.0
8.93 8.41
4.02 9.0
1.0 9.0
8.33 7.11
1.84 8.97
0.28 9.0
0.28 9.0
1.95 9.67
1.07 8.96
1.14 8.9
2.55 9.67
4.02 9.0
1.0 9.0
4.97 7.89
5.3 7.67
3.18 5.73
1.07 8.95
3.73 9.32
0.28 4.84
9.67 1.64
0.49 4.63
0.28 8.99
1.0 9.0
4.02 9.0
9.67 9.53
8.79 6.93
1.0 9.0
1.0 9.0
4.02 9.0
3.91 8.93
8.33 7.11
5.12 7.28
0.28 9.0
6.57 7.42
3.78 9.15
9.63 7.33
8.33 7.11
2.62 6.45
2.09 5.83
4.02 9.0
1.0 9.0
9.67 1.7
4.02 9.0
9.67 9.53
1.0 9.0
1.0 9.0
4.62 8.29
1.0 9.0
9.63 7.33
4.19 9.67
1.0 9.0
9.67 9.53
5.12 7.28
0.47 5.3
0.28 9.38
3.59 5.78
1.0 9.0
0.28 8.96
1.0 9.0
9.67 9.53
7.23 8.59
2.23 6.92
1.0 9.0
1.0 9.01
1.0 9.0
0.28 9.0
0.59 9.21
1.0 9.0
4.02 9.0
4.03 6.03
1.02 8.94
1.0 9.0
3.42 9.19
4.02 9.0
9.67 9.53
1.0 9.0
0.28 6.06
4.02 9.0
4.02 9.0
0.28 9.0
5.88 7.03
0.28 9.0
6.57 7.42
1.0 9.0
4.02 9.0
8.4 6.68
4.02 9.04
6.9 8.48
0.28 9.0
1.0 9.0
0.28 9.0
2.63 9.67
0.28 5.3
1.0 9.0
2.03 7.3
4.02 9.03
1.0 8.97
4.02 9.0
4.02 9.0
1.0 9.0
0.53 9.32
0.28 9.0
9.63 7.33
1.0 9.0
1.08 8.94
4.02 9.05
1.0 9.0
1.0 9.0
1.37 6.12
4.02 9.0
1.0 9.0
8.79 6.93
4.02 9.0
5.12 7.28
3.18 6.36
4.02 9.0
1.0 9.0
4.02 9.04
9.67 1.66
0.28 5.3
1.0 9.0
4.02 9.0
4.27 8.74
8.33 7.11
1.0 9.0
9.67 9.52
2.62 6.44
5.46 7.72
1.0 9.0
5.88 7.03
1.0 9.0
1.0 9.0
4.02 9.0
0.81 9.67
9.32 9.15
1.0 9.0
4.02 9.0
1.0 9.0
1.0 9.0
4.02 9.0
4.02 9.0
1.65 8.92
1.0 9.0
8.33 7.11
9.67 1.7
1.0 9.0
5.25 7.67
9.67 9.53
4.02 9.0
3.75 4.87
3.18 6.92
3.99 9.07
0.28 9.0
7.02 0.5
1.0 9.0
0.28 9.0
4.02 9.0
1.56 6.12
0.49 4.63
1.0 9.0
4.02 9.02
1.09 8.0
4.02 9.0
5.21 7.23
1.0 9.0
4.02 9.0
3.97 9.08
1.0 9.0
0.28 9.0
4.02 9.04
0.28 9.0
1.0 9.0
1.0 9.0
1.79 8.69
9.67 1.7
1.0 9.0
9.67 1.65
9.63 7.33
0.28 8.96
1.0 9.0
1.0 9.0
0.28 9.0
1.0 9.0
0.28 9.11
4.32 8.66
0.28 9.0
3.18 6.36
4.02 9.0
8.79 6.93
5.88 7.03
2.62 6.44
0.28 6.06
4.02 9.0
0.49 4.63
1.0 9.0
9.67 1.66
4.02 9.0
4.02 9.0
1.0 9.0
5.46 6.86
8.33 7.11
2.96 9.12
4.02 8.99
1.0 9.0
4.07 8.95
4.22 8.79
3.18 6.36
4.12 8.9
0.28 9.0
9.63 7.33
1.04 6.08
1.1 8.81
4.07 8.94
0.28 8.86
4.02 9.0
3.97 9.11
1.12 9.67
1.95 9.67
1.07 9.22
1.0 9.0
2.62 6.44
2.58 7.22
9.67 1.7
1.0 9.0
9.67 1.62
9.67 1.64
1.0 9.0
4.02 9.0
4.07 8.97
8.39 6.68
5.35 6.73
9.38 9.67
4.02 9.0
3.18 7.6
0.28 8.99
0.28 9.0
2.09 5.83
1.37 6.12
0.28 5.3
3.18 6.91
4.02 9.0
1.0 9.0
1.0 9.0
9.63 7.33
1.0 9.0
3.62 9.46
1.0 9.0
1.0 9.0
1.0 9.0
9.52 7.28
2.09 5.82
7.23 8.59
1.05 8.89
1.08 8.93
6.2 9.67
1.37 6.12
9.32 9.15
0.28 7.14
0.28 4.8
1.0 9.0
1.0 9.0
5.12 7.73
1.09 5.73
0.28 8.92
1.0 9.0
6.62 5.78
3.18 6.91
1.0 9.0
1.0 9.0
1.0 9.0
9.63 7.33
0.37 4.45
4.35 3.74
3.76 9.32
0.28 9.0
3.18 7.35
1.0 9.0
3.4 8.49
4.02 9.0
1.95 9.67
1.04 8.91
2.63 9.67
1.59 9.67
4.02 9.0
3.87 9.19
4.31 9.67
6.2 9.67
1.0 9.0
1.0 9.0
1.0 9.0
7.95 7.0
9.32 9.15
4.55 6.28
3.18 6.69
0.28 9.0
1.0 9.0
4.12 8.89
0.28 9.0
1.87 9.67
1.37 6.12
0.7 9.67
4.02 9.0
0.98 8.98
0.28 9.0
7.23 8.59
1.0 9.0
1.94 9.67
0.28 9.0
4.02 9.06
2.88 8.23
4.02 9.0
4.02 9.0
1.0 9.0
3.18 6.92
0.28 9.0
1.0 9.0
7.02 0.5
1.0 9.0
1.0 9.0
0.28 9.0
1.09 8.0
3.18 7.6
0.28 9.0
1.0 9.0
4.02 9.0
4.74 9.56
4.68 9.11
4.02 9.0
4.03 6.03
6.2 9.67
9.38 9.67
8.33 7.11
1.0 9.0
4.02 9.0
0.28 9.17
1.41 1.78
1.14 9.52
1.0 9.0
1.19 9.49
2.03 7.3
0.84 9.67
0.28 5.92
9.04 9.02
4.17 8.85
1.0 9.0
1.48 8.31
4.02 9.0
1.0 9.0
1.0 9.0
1.48 8.31
4.35 3.74
4.97 4.89
1.0 9.0
4.02 9.0
0.28 9.0
1.0 9.0
4.02 9.04
5.68 6.93
2.45 9.67
1.05 8.89
0.28 9.0
4.14 6.08
1.0 9.0
0.28 9.0
1.0 9.0
1.0 9.0
8.79 6.93
5.44 8.35
1.0 9.0
1.0 9.0
1.0 9.0
0.28 9.0
0.28 9.0
1.0 8.93
4.97 4.89
4.02 9.0
4.02 9.0
1.0 9.0
6.19 9.67
4.35 3.74
1.91 8.93
1.9 7.33
7.02 0.5
8.79 6.93
4.35 3.74
0.28 9.0
3.29 8.51
2.63 9.67
1.0 9.0
8.58 9.01
1.0 9.0
3.29 8.51
4.02 9.0
3.93 9.12
0.98 8.15
3.87 9.2
4.02 8.98
0.28 9.0
1.0 9.0
3.22 8.68
4.02 9.0
3.24 9.0
3.1 9.65
4.02 9.01
7.23 8.59
4.02 9.0
5.74 6.17
1.1 8.47
3.13 7.64
4.02 9.0
4.97 4.89
2.07 7.11
1.0 9.0
0.49 4.63
4.31 9.67
0.28 9.2
4.17 6.82
4.02 9.0
1.84 8.97
3.4 8.49
5.74 6.17
4.02 9.0
0.7 9.18
8.33 7.11
0.28 9.0
4.17 8.85
3.35 9.67
0.49 4.63
1.89 8.3
4.02 9.0
0.37 4.45
4.02 8.99
0.28 9.23
1.0 9.0
1.21 6.08
1.0 9.0
0.28 5.92
4.02 9.0
1.34 7.44
0.28 9.0
4.75 9.58
5.74 6.17
6.2 9.67
1.0 9.0
3.6 2.53
5.17 6.63
4.02 9.0
0.28 9.0
3.48 8.38
1.09 8.0
1.02 8.99
1.41 1.78
8.79 6.93
7.26 6.39
0.28 9.0
4.22 8.79
4.02 9.0
4.67 6.33
5.28 6.1
7.02 0.5
3.18 7.39
4.02 9.0
1.6 7.13
6.62 5.78
4.03 6.03
8.79 6.93
6.62 5.78
0.28 7.14
1.0 9.0
1.0 9.0
1.0 9.0
4.02 9.03
8.33 7.11
4.97 4.89
1.0 9.0
1.0 9.0
1.0 9.0
4.02 9.0
0.28 9.0
0.28 8.53
1.0 9.0
1.74 9.67
4.02 9.0
1.78 9.43
4.03 8.97
0.28 8.96
6.19 9.67
1.0 9.0
1.0 9.0
4.38 8.14
1.0 9.0
0.28 9.0
4.35 3.74
3.92 9.13
9.32 9.15
3.92 9.15
4.02 9.0
3.13 7.65
4.03 6.03
0.28 9.0
1.75 5.98
4.56 9.49
1.0 9.0
1.07 8.97
0.28 9.0
4.02 9.0
8.79 6.93
1.0 9.0
4.02 9.0
8.33 7.11
8.79 6.93
4.97 4.89
1.0 9.0
0.28 9.0
4.86 3.78
7.02 0.5
0.28 9.0
4.97 4.91
3.18 7.52
9.38 9.67
1.0 9.0
1.45 4.79
1.09 5.73
1.0 9.0
1.0 9.0
0.28 8.78
2.74 9.67
1.0 9.0
7.92 6.85
8.2 7.04
1.0 9.0
0.53 9.67
4.02 9.0
0.28 7.65
1.0 9.0
4.63 9.15
8.58 9.01
0.28 9.0
6.62 5.78
8.89 8.24
4.03 6.03
0.28 9.0
1.41 1.78
1.0 9.0
2.62 7.26
0.68 4.83
1.0 9.0
0.78 4.98
0.99 9.16
4.56 9.49
4.02 9.0
5.28 6.1
2.4 8.36
1.0 9.0
1.0 9.0
1.0 9.0
0.28 9.0
4.68 9.07
8.33 7.11
9.26 6.33
1.0 9.0
1.14 8.92
1.01 9.0
4.02 9.0
4.02 9.0
1.0 9.0
1.0 9.0
1.0 9.0
1.0 9.0
9.38 9.67
1.84 8.97
5.28 6.1
8.48 0.5
1.0 9.0
1.7 5.98
0.28 9.0
1.06 9.18
8.8 6.99
1.56 5.93
2.9 8.37
1.0 9.0
1.0 9.0
5.17 6.63
3.32 9.67
6.62 5.78
0.28 9.0
0.28 9.0
1.0 9.0
7.02 0.5
1.0 9.0
0.28 9.0
4.02 9.07
4.92 8.02
0.28 9.04
4.02 9.02
3.18 5.73
0.99 8.97
1.0 9.0
1.0 9.0
1.0 9.0
8.33 7.11
0.28 9.14
0.28 7.14
0.43 4.53
1.0 9.0
8.33 7.11
0.54 4.68
2.96 9.12
4.02 9.01
1.0 9.0
0.36 4.38
5.12 7.73
1.0 9.0
2.94 9.67
1.09 5.73
4.02 8.99
1.0 9.0
1.01 7.87
1.0 9.0
1.0 9.0
1.17 8.86
1.0 9.0
7.26 6.39
0.28 9.0
5.78 6.98
4.02 9.0
0.28 9.0
5.82 7.01
3.6 2.53
3.6 2.53
3.6 2.53
7.02 0.5
0.28 9.0
1.01 8.99
7.02 0.5
1.34 7.44
9.38 9.67
1.0 9.0
1.91 8.93
1.01 7.87
0.28 7.49
1.0 8.99
3.98 9.01
1.11 8.86
2.58 7.22
1.0 9.0
1.0 9.0
0.36 9.67
3.63 9.42
1.0 9.0
1.0 9.0
1.67 8.01
8.08 6.96
1.0 9.0
1.84 8.97
1.0 9.0
3.87 9.03
3.94 9.12
4.02 9.03
7.06 6.73
1.0 9.0
5.28 6.1
0.28 9.0
0.28 9.0
0.43 9.67
7.26 6.39
7.02 0.5
4.02 9.04
7.02 0.5
4.98 8.68
1.0 9.0
1.0 9.0
1.86 9.67
3.81 9.27
0.28 7.73
1.0 9.0
7.26 6.39
4.02 9.0
7.27 6.3
3.18 5.79
5.82 6.98
9.38 9.67
0.49 9.17
1.0 9.0
4.02 9.0
4.02 8.98
2.07 7.11
1.0 9.0
4.02 9.0
1.14 9.52
4.97 7.89
8.58 9.01
1.0 9.0
0.28 9.26
0.78 4.98
9.38 9.67
7.02 0.5
1.0 9.0
1.0 9.0
6.9 5.93
0.28 9.0
4.02 9.0
0.28 9.0
4.02 9.0
1.29 5.95
1.0 9.0
8.79 6.93
0.63 9.67
0.28 9.0
3.59 2.53
5.28 6.1
1.0 9.0
0.28 8.7
5.42 6.78
4.02 9.0
1.0 9.0
4.02 9.0
3.18 5.73
1.73 9.67
1.0 9.0
5.42 6.78
1.0 9.0
1.0 9.0
0.28 9.0
9.66 9.67
4.02 9.0
3.6 2.53
9.18 0.47
4.43 9.35
1.0 9.0
1.0 9.0
1.6 7.13
9.26 6.33
5.44 8.35
4.68 9.06
7.14 6.16
1.0 9.0
5.82 7.0
2.48 9.67
4.02 9.0
2.88 9.22
3.0 9.67
1.24 9.67
4.02 9.0
7.26 6.39
0.54 4.68
7.8 8.92
1.0 9.0
5.72 6.96
4.02 9.0
0.66 4.78
6.19 9.67
3.6 2.53
5.98 8.62
1.0 9.0
4.02 9.0
4.97 7.89
0.78 4.98
1.0 9.0
1.0 9.0
4.98 8.68
6.49 7.63
2.4 8.36
1.0 9.0
1.67 1.81
4.32 8.68
4.02 9.0
4.35 3.74
1.0 9.0
0.36 4.38
1.0 9.0
4.7 7.65
8.8 6.99
0.99 8.03
3.53 9.57
1.0 9.0
1.45 4.79
0.28 9.21
9.38 9.67
5.82 7.01
8.45 6.73
9.38 9.67
3.16 8.34
0.28 9.04
1.0 9.0
4.02 9.0
5.49 6.83
0.44 8.48
8.33 7.11
3.76 7.42
0.28 9.42
2.71 1.85
1.9 7.33
9.26 6.33
1.0 9.0
4.02 9.0
3.59 2.53
1.0 9.0
2.9 8.37
4.67 6.33
1.0 9.0
8.53 9.34
0.28 7.14
2.4 8.36
4.02 9.0
1.0 9.0
0.49 4.63
1.0 9.0
1.0 9.0
1.0 9.0
1.02 9.18
0.28 8.68
1.0 9.0
1.0 9.0
0.28 9.0
1.73 9.26
4.02 9.0
4.35 3.74
3.7 9.37
4.67 6.33
5.12 7.73
0.88 7.47
2.69 8.16
1.0 9.0
3.69 9.22
1.0 9.0
1.0 9.0
0.28 9.0
1.0 9.0
1.0 9.0
4.02 9.0
3.18 6.32
2.58 7.22
3.6 2.53
0.28 9.0
0.28 9.0
1.0 9.0
3.6 2.53
0.41 8.67
7.88 0.49
0.28 9.0
5.12 7.73
2.71 1.85
0.28 5.57
1.96 9.67
3.62 9.44
1.0 9.0
1.0 8.95
1.01 8.99
4.02 9.0
0.92 9.0
3.61 2.53
4.32 8.65
5.72 6.93
5.4 9.23
4.02 8.99
1.0 9.0
3.88 9.17
0.53 4.68
4.02 9.0
1.0 9.0
1.01 9.02
3.6 2.53
9.18 0.47
1.0 9.0
9.04 9.02
1.0 9.0
5.02 6.54
4.71 7.24
4.72 6.38
6.27 7.26
0.28 7.14
1.0 9.0
1.09 8.83
2.71 1.85
6.62 8.4
1.41 1.78
4.02 9.0
9.67 6.49
3.18 5.73
4.02 9.0
3.69 5.83
3.18 5.73
3.18 5.79
4.35 3.74
1.0 9.0
1.04 5.72
2.97 9.08
5.07 7.78
8.89 8.24
1.0 9.0
1.0 9.0
3.97 9.09
1.0 9.0
8.89 8.24
3.6 2.53
6.62 5.78
4.02 9.0
5.41 6.78
0.28 9.0
1.66 8.89
2.07 7.11
7.88 0.49
4.14 6.08
1.0 8.99
1.73 9.26
1.0 9.0
2.57 7.27
1.0 9.0
0.61 4.73
1.0 9.0
9.26 6.33
4.86 3.78
0.28 9.0
8.48 7.94
1.0 9.0
3.1 9.67
1.41 1.78
6.03 8.49
5.72 6.96
1.0 9.01
1.0 9.0
1.0 9.0
0.98 9.01
6.62 5.78
1.0 9.0
0.28 9.0
5.54 8.91
3.31 9.0
4.02 9.0
0.28 9.0
8.89 8.24
0.3 9.67
0.28 9.0
4.57 6.31
1.0 9.0
5.67 6.92
0.28 7.14
0.86 9.12
0.28 9.0
0.28 9.58
3.96 8.11
9.26 6.33
0.28 7.68
1.37 9.39
6.62 8.4
4.98 8.68
1.0 9.0
2.69 8.16
0.88 9.32
6.17 7.86
3.59 2.53
1.0 9.0
8.8 6.99
1.0 9.0
9.26 6.33
0.97 8.96
1.0 9.0
0.28 8.7
1.0 9.0
4.58 9.22
1.0 9.0
0.28 9.0
5.47 6.82
2.91 9.67
3.93 9.0
2.71 1.85
1.0 9.0
0.28 9.0
9.08 6.19
1.41 1.78
5.01 7.81
0.28 9.47
4.02 9.05
8.08 6.96
1.0 9.0
1.0 9.0
3.76 7.19
8.89 8.24
1.0 9.0
1.0 9.0
1.0 9.0
1.0 9.0
0.91 8.53
5.57 6.87
4.35 3.74
2.62 7.33
3.59 2.53
4.32 8.64
1.01 9.0
0.98 8.97
3.0 9.67
5.84 8.88
3.53 8.91
0.28 6.62
0.48 9.67
1.18 9.67
7.88 0.49
4.98 8.68
1.0 9.0
7.8 8.92
1.0 9.0
1.0 9.0
0.53 4.68
1.0 9.0
0.92 8.99
2.57 7.27
0.62 4.77
1.66 8.89
6.58 4.51
0.28 6.06
1.0 9.0
4.63 9.16
4.07 8.94
8.89 8.24
4.74 9.56
1.0 9.0
1.0 9.0
4.02 9.0
1.0 9.0
0.28 9.0
5.46 7.72
2.57 7.28
1.0 9.0
2.71 1.85
0.33 4.38
1.0 9.0
7.9 7.91
0.28 9.44
2.71 1.85
1.45 4.79
3.81 9.27
0.28 9.0
1.0 9.0
3.02 9.67
5.23 5.08
1.45 4.79
5.12 7.74
1.0 9.0
0.99 8.03
3.18 6.32
0.28 8.02
0.99 8.03
4.35 3.74
4.02 9.0
7.92 6.85
0.87 5.03
3.4 9.67
0.9 6.16
1.0 9.0
1.41 1.78
1.0 9.0
1.85 7.49
3.63 8.96
5.53 6.83
0.28 6.06
1.0 9.0
0.28 9.0
1.0 9.0
1.0 9.0
1.1 7.97
1.0 9.0
1.0 9.0
1.03 8.86
4.02 9.0
0.28 9.0
7.14 6.16
4.35 9.67
1.0 9.0
3.62 9.43
3.87 9.22
9.18 0.47
2.58 7.22
4.14 6.08
6.62 5.78
3.76 7.42
0.28 9.0
1.0 9.0
6.16 9.67
0.54 5.17
4.02 9.0
8.9 6.98
3.76 7.32
4.02 9.0
0.34 4.87
1.0 9.0
1.0 9.0
1.0 9.0
3.6 9.52
1.01 8.88
4.02 9.0
0.28 9.01
3.18 6.32
0.28 4.74
6.22 9.67
2.71 1.85
5.47 8.38
8.9 6.98
0.28 9.37
3.38 9.67
6.17 7.86
4.02 9.0
1.0 9.0
4.02 9.0
9.18 0.47
0.28 9.0
0.28 9.0
7.68 6.59
1.0 9.0
4.02 9.0
0.54 5.17
4.74 9.56
1.21 6.08
0.28 9.0
6.19 9.67
0.28 9.0
6.5 5.73
0.28 8.92
1.0 9.0
3.65 9.42
5.19 7.66
2.71 1.85
2.11 9.67
0.67 7.87
4.02 9.0
1.0 9.0
0.79 7.71
1.0 9.0
1.0 9.0
6.33 0.5
7.14 6.16
3.67 9.38
1.0 9.0
6.7 0.5
5.57 6.83
1.0 9.0
1.0 9.0
1.0 9.0
1.0 9.0
4.12 8.9
0.85 6.16
0.97 9.06
1.0 9.0
1.41 9.39
4.02 9.0
7.8 8.92
1.47 9.67
3.73 9.0
4.02 9.0
1.0 9.0
1.0 9.0
0.28 9.0
3.88 8.15
0.28 9.0
7.8 8.92
0.29 6.52
3.6 9.52
4.35 9.67
3.94 1.56
0.88 6.56
1.0 9.0
1.72 4.68
0.81 9.25
1.45 4.79
6.62 5.78
1.02 8.98
4.02 9.0
1.0 9.0
1.0 9.0
6.62 8.4
3.59 2.53
4.02 8.99
1.0 9.0
0.28 9.0
1.0 9.0
5.94 8.84
4.52 8.43
0.67 9.67
4.02 9.0
1.45 4.79
3.72 9.35
1.52 1.84
0.28 9.0
6.33 0.5
4.02 9.0
1.0 9.0
0.28 4.74
8.89 8.24
1.0 9.0
3.92 9.14
4.07 8.94
1.01 9.0
0.96 9.19
0.54 5.17
5.57 6.83
1.0 9.0
0.28 9.0
1.0 9.0
2.67 7.65
0.28 9.0
7.88 0.49
1.0 9.0
4.02 9.01
1.8 9.67
6.58 4.51
1.61 9.67
1.0 9.0
1.0 9.0
1.44 5.87
1.72 4.68
1.08 8.88
7.87 0.44
3.81 6.94
1.19 8.96
2.54 9.05
1.0 9.0
6.17 7.86
4.02 9.0
8.89 6.98
4.74 9.56
4.02 9.0
0.28 9.0
1.45 4.79
7.8 8.92
4.57 6.31
1.0 9.0
1.0 9.0
3.77 9.3
1.41 1.78
8.9 6.98
3.68 5.98
0.99 5.63
1.67 8.01
6.49 7.63
1.0 9.0
1.0 9.0
1.0 9.0
0.28 9.04
1.0 9.0
5.46 5.18
1.0 9.0
7.9 7.91
6.83 0.45
1.0 9.0
9.56 9.67
2.39 8.05
3.77 9.28
1.08 8.58
1.0 9.0
7.8 8.92
5.41 6.78
1.0 9.0
0.33 9.67
0.28 9.39
0.28 6.62
4.02 9.0
0.28 8.87
0.28 9.0
8.53 8.94
1.0 9.0
8.62 5.64
1.0 9.0
4.14 6.08
1.0 9.0
4.02 9.0
5.92 7.3
3.6 2.53
1.0 9.0
1.0 9.0
0.62 9.67
6.58 4.51
4.74 9.56
5.72 6.97
1.0 9.0
1.89 8.3
4.02 9.0
3.59 2.53
4.7 9.58
2.65 1.86
3.44 5.68
4.73 9.56
2.62 7.0
3.47 9.65
6.17 7.86
7.9 7.91
9.04 9.02
4.12 8.91
4.86 3.78
5.72 6.97
1.41 1.78
0.99 5.65
0.35 4.38
1.89 8.3
1.0 9.0
0.28 9.16
4.86 3.78
3.72 9.33
5.54 8.91
9.67 6.49
1.89 8.3
3.61 2.53
4.81 6.43
3.92 9.15
0.28 9.0
1.0 9.0
1.89 8.3
8.38 6.68
1.0 9.0
0.88 7.47
0.28 9.0
5.5 0.28
0.28 8.81
1.0 9.0
1.0 9.0
1.0 9.0
5.12 7.73
0.28 9.47
6.33 0.5
6.58 4.51
9.67 9.54
1.0 9.0
4.1 8.6
4.5 6.76
4.02 9.0
0.93 5.99
7.9 7.91
8.89 8.24
0.28 9.0
1.0 9.0
4.74 9.56
3.6 2.53
0.94 9.06
0.28 4.65
5.4 9.23
4.02 9.0
9.26 6.57
3.64 9.0
4.02 9.0
3.18 5.88
7.09 6.03
4.02 9.0
1.0 9.0
1.0 9.0
5.31 6.73
4.57 6.31
1.0 9.0
5.4 9.23
0.93 5.99
3.94 1.56
1.0 9.0
3.47 9.65
1.0 9.0
1.0 9.0
8.58 9.01
1.0 9.0
1.0 9.0
0.28 9.0
0.28 6.81
5.72 6.97
0.28 9.0
4.02 8.99
6.7 0.5
0.93 5.98
5.5 0.28
1.0 9.0
3.26 8.93
1.72 9.02
4.02 9.0
1.0 9.0
3.91 9.17
3.54 9.57
3.6 2.53
8.37 7.37
5.72 6.97
6.17 7.86
1.0 9.0
9.67 6.53
6.98 0.5
0.33 9.67
1.0 9.0
1.0 9.0
5.12 7.73
6.83 0.45
1.0 9.0
3.61 2.53
4.86 3.78
2.8 9.67
3.59 2.53
8.3 6.63
9.18 0.47
1.0 9.0
0.28 9.0
5.72 6.97
1.0 9.0
9.67 6.5
0.94 8.05
4.02 9.0
5.72 6.97
4.86 3.78
0.28 8.95
5.22 6.63
5.46 7.72
9.04 9.02
1.85 7.49
4.02 9.0
3.18 5.88
1.0 9.0
5.72 6.96
5.92 7.3
0.36 8.29
1.0 9.0
3.13 1.79
1.0 9.0
1.0 9.0
3.18 5.88
4.32 8.7
7.9 7.91
3.6 2.53
0.28 9.0
5.72 6.96
5.12 7.73
7.87 0.44
1.0 9.0
2.57 9.67
0.28 8.53
3.18 5.88
3.64 9.42
6.33 0.5
9.67 9.54
1.02 5.7
6.58 4.51
0.28 9.0
7.9 7.91
9.18 0.47
4.02 9.0
1.85 7.49
3.18 5.88
1.0 9.0
0.28 4.65
0.98 8.9
2.55 1.91
1.0 9.0
4.02 9.0
5.56 6.91
1.0 9.0
9.67 9.54
0.9 8.84
1.0 9.0
8.48 0.5
4.02 9.0
0.28 4.55
1.39 9.67
3.36 7.84
4.32 8.66
0.96 8.99
1.0 9.0
2.65 1.86
1.42 5.8
3.83 8.86
1.52 1.84
0.28 9.0
5.4 9.23
0.28 9.04
1.0 9.0
0.28 4.52
1.0 9.0
4.87 8.06
1.0 9.0
1.0 9.0
4.4 9.67
3.12 9.0
4.17 8.85
8.3 6.63
0.28 9.0
0.28 6.81
9.18 0.47
4.02 9.0
1.0 9.0
1.03 8.94
9.67 6.53
2.62 5.22
1.0 9.0
4.33 9.51
0.28 8.86
0.28 9.0
2.01 9.67
4.62 8.3
1.0 9.0
2.41 0.52
1.0 9.0
0.28 9.0
3.18 5.88
5.46 7.72
3.41 1.72
4.02 9.0
7.63 2.86
1.21 6.08
1.0 9.0
1.0 9.0
0.33 9.67
0.28 9.0
4.53 9.24
1.0 9.0
1.0 9.0
7.56 6.48
9.67 6.5
8.32 5.29
0.28 9.0
1.0 9.0
5.72 6.97
1.0 9.0
9.08 7.86
0.28 9.03
1.85 7.49
1.0 9.0
4.02 9.0
8.37 7.08
0.61 4.73
1.0 9.0
1.0 9.0
2.77 8.94
1.0 9.0
3.52 1.68
9.67 9.54
4.02 9.02
4.02 9.0
1.0 9.0
3.72 8.2
1.0 9.0
9.19 7.19
1.5 7.36
3.07 1.81
0.66 8.62
1.0 9.0
1.0 9.0
2.67 7.64
8.27 5.29
8.48 7.94
0.28 9.0
2.97 1.9
3.13 1.79
0.98 6.79
8.3 6.63
4.02 9.0
4.87 8.06
3.79 9.27
1.0 9.25
5.06 9.06
1.77 9.67
5.47 8.38
2.65 1.86
5.12 7.75
6.58 4.51
1.01 8.99
1.52 1.84
3.05 8.07
9.67 9.5
7.85 7.73
2.65 1.86
0.28 9.0
5.56 6.91
4.02 9.0
5.41 6.83
1.0 9.0
1.0 9.0
5.0 7.2
2.67 7.65
1.0 9.0
4.42 8.52
2.42 7.06
0.28 9.0
3.73 9.02
0.28 9.11
2.96 8.98
4.32 8.65
9.67 9.54
4.97 7.91
2.07 9.67
0.28 9.0
4.48 8.35
4.35 3.74
2.67 7.65
1.44 5.87
0.28 9.0
5.46 7.72
4.12 8.91
3.92 9.15
2.62 7.0
6.58 4.51
5.72 6.96
1.0 9.0
5.96 7.69
1.0 9.0
0.28 9.0
3.67 9.4
3.61 2.53
1.0 9.0
0.94 8.96
4.32 8.7
1.0 9.0
4.07 8.95
0.88 6.56
4.86 3.78
1.01 9.0
1.0 9.0
1.72 9.02
5.44 8.35
5.93 7.48
1.11 8.95
1.0 9.0
8.35 7.09
0.28 9.0
0.28 4.54
0.28 9.0
1.0 9.0
1.71 9.67
8.39 6.68
1.0 9.0
0.28 9.0
9.46 1.7
5.47 6.8
4.02 9.0
1.73 5.31
1.0 9.0
1.0 9.0
5.5 7.68
5.4 9.23
8.48 7.94
1.02 8.99
1.05 8.97
7.75 5.3
3.84 4.97
1.05 9.0
1.0 9.0
4.02 9.0
1.55 7.18
5.4 9.23
2.67 7.65
6.05 7.13
3.52 1.68
2.54 9.05
7.09 6.03
1.0 9.0
2.14 9.67
1.0 9.0
0.28 9.0
2.23 8.23
3.62 9.47
8.37 7.37
1.0 9.0
5.4 9.23
4.02 9.0
1.0 9.0
4.42 8.55
1.0 9.0
9.67 9.61
1.0 9.0
3.87 9.19
1.0 9.0
1.57 7.42
4.07 8.94
1.0 9.0
1.0 9.0
1.1 9.06
8.48 0.5
0.28 9.51
5.37 6.72
0.28 8.84
1.0 9.0
1.6 7.13
1.0 9.0
4.35 3.74
6.93 9.41
3.96 1.55
3.67 9.4
1.0 9.0
1.0 9.0
1.5 7.36
3.96 1.53
0.28 9.0
5.24 9.26
2.03 9.67
1.72 9.02
4.02 9.0
8.37 7.37
1.0 9.0
5.96 7.69
3.8 7.14
0.28 6.81
4.02 9.0
2.67 7.65
1.0 9.0
0.28 9.0
2.07 1.19
2.97 1.9
3.94 1.56
5.23 5.08
4.51 9.67
7.31 1.69
4.02 9.0
3.96 1.53
0.99 8.85
7.85 7.73
3.48 1.7
2.54 9.05
3.6 1.66
4.02 9.01
0.66 5.6
0.98 6.79
3.05 8.07
4.37 8.6
9.65 9.67
1.0 9.0
6.08 7.13
1.0 8.88
6.71 4.68
1.0 9.0
3.98 9.07
3.31 8.72
1.0 9.0
3.75 9.32
7.56 6.48
3.84 4.97
0.79 7.39
1.0 9.0
2.18 9.67
1.0 9.0
9.67 9.32
3.72 8.2
0.88 6.56
6.93 9.41
1.82 7.89
1.0 9.0
2.36 9.67
5.72 6.96
6.06 7.74
1.07 8.94
4.02 9.0
3.36 7.84
4.87 8.06
5.72 6.96
0.9 9.48
1.0 9.0
3.18 7.26
9.25 6.13
3.13 9.24
9.67 9.51
1.0 9.0
4.83 6.43
7.06 6.73
7.01 0.44
6.32 0.5
0.87 5.07
2.42 7.06
3.0 8.88
4.62 8.31
1.0 9.0
3.94 1.56
8.2 7.01
4.35 3.74
0.28 9.0
7.68 6.59
0.28 5.57
5.0 7.2
5.46 5.18
0.28 9.0
5.72 6.97
1.75 9.67
6.93 9.41
0.28 9.0
1.0 9.0
3.97 9.08
1.0 9.0
5.72 6.96
3.85 0.77
0.28 9.0
1.78 9.67
3.75 7.64
4.0 9.07
7.56 6.48
7.12 4.91
5.97 7.71
4.02 9.0
5.5 0.28
0.28 8.91
1.24 6.69
1.0 9.0
3.18 5.58
0.28 9.6
1.0 9.0
3.97 9.12
1.0 9.0
1.0 9.0
0.28 9.04
4.87 8.06
1.0 9.0
1.02 8.95
7.09 6.03
3.84 4.97
8.39 6.68
1.0 9.0
1.0 9.0
3.68 9.37
4.02 9.05
4.32 8.67
1.0 9.0
0.8 9.05
4.02 9.0
4.47 8.49
5.25 7.58
0.28 6.81
4.01 9.07
5.46 5.18
4.02 9.0
7.56 6.48
0.94 8.05
1.0 9.0
0.28 9.0
1.0 9.0
5.44 8.35
0.28 9.0
3.18 5.79
1.59 5.97
1.3 9.67
2.97 1.9
3.41 9.55
7.24 0.45
1.0 9.0
0.57 4.7
4.02 9.0
2.54 9.05
0.28 9.0
5.47 8.38
4.07 7.35
1.06 9.06
2.36 8.85
7.12 4.91
4.02 9.0
9.67 1.66
4.02 9.01
3.97 9.1
3.18 5.61
7.91 6.81
0.28 9.0
0.28 4.6
7.51 0.44
3.81 6.94
5.47 6.79
1.0 9.0
5.67 6.9
5.37 6.76
4.57 8.39
4.62 8.34
0.71 8.39
4.8 9.67
1.0 9.0
7.92 7.94
1.0 9.0
5.12 7.61
3.8 6.96
1.0 9.0
9.47 7.24
1.0 9.0
3.75 7.64
4.02 9.0
3.66 8.25
3.6 2.53
1.0 8.98
0.28 4.54
4.62 8.28
0.28 9.0
1.0 9.0
4.38 9.39
0.68 4.83
1.47 9.67
8.92 8.63
1.0 9.0
1.0 9.0
7.97 7.66
1.0 9.0
1.82 7.89
2.54 9.05
2.62 5.22
2.0 8.79
4.35 3.74
0.28 9.0
3.87 9.22
3.61 2.53
1.08 8.85
3.67 9.38
3.18 9.67
1.09 6.99
1.0 9.0
2.03 9.34
5.06 9.06
1.0 9.0
5.46 5.18
1.0 9.0
0.28 9.0
1.0 9.0
2.1 0.83
3.98 8.91
4.51 9.67
4.47 9.67
8.21 8.87
6.93 9.41
3.85 0.77
7.87 0.44
2.42 7.06
3.18 7.08
9.67 9.46
6.05 9.02
3.79 9.0
1.0 9.0
9.67 9.08
5.2 7.58
1.0 9.0
7.78 0.44
1.0 9.0
1.0 9.0
3.91 9.17
1.0 9.0
1.0 9.0
5.23 5.08
4.31 9.67
0.59 9.67
6.71 0.45
7.09 6.03
1.0 9.0
7.09 6.03
1.0 9.0
0.87 5.07
1.04 9.67
3.59 2.53
7.12 4.91
1.0 9.25
0.28 9.0
1.0 9.0
0.28 8.97
1.0 9.0
1.0 9.0
1.0 9.0
1.0 9.0
5.72 6.97
0.28 9.04
3.18 5.67
0.97 7.99
7.12 4.91
4.93 9.67
3.77 9.28
4.02 9.0
8.48 0.5
7.87 0.44
3.81 9.27
2.97 1.9
7.11 0.45
4.5 7.29
7.14 8.24
6.12 7.13
9.54 7.28
9.61 7.33
2.19 8.22
5.72 6.98
4.31 9.67
3.68 9.37
3.95 7.91
9.61 7.33
3.61 2.53
6.03 7.13
4.35 3.74
4.57 8.38
1.0 9.0
2.37 7.21
0.28 9.0
4.3 7.71
9.46 1.7
3.82 9.25
1.0 9.0
6.93 9.41
3.52 9.62
5.23 5.08
3.61 2.53
1.0 9.0
5.72 6.97
1.0 9.0
8.27 5.29
5.23 5.08
5.55 7.62
5.5 7.65
0.28 9.0
0.49 5.32
5.51 6.83
0.28 5.57
1.0 9.0
0.28 7.94
7.67 0.44
4.02 9.05
1.0 9.0
3.2 9.67
4.15 7.74
2.97 1.9
4.02 9.01
3.17 9.67
4.02 9.01
1.21 6.08
7.56 6.48
5.64 7.82
0.28 9.0
1.0 9.0
9.54 7.28
6.98 4.87
4.26 9.67
0.28 9.15
3.59 2.53
5.92 9.13
1.0 9.0
4.47 9.67
5.5 0.28
0.28 9.0
1.09 6.99
4.02 9.0
4.02 9.01
4.02 9.0
1.0 9.0
3.0 8.59
4.62 8.32
1.0 9.0
3.47 9.67
6.98 0.5
3.61 8.57
1.0 9.0
5.55 7.63
1.11 9.16
1.0 9.0
8.48 7.94
4.02 9.0
8.32 5.29
1.0 9.0
5.25 7.58
8.01 9.16
4.02 9.0
8.21 8.87
1.0 9.0
1.0 9.0
4.86 5.67
9.67 9.39
0.28 9.0
2.28 7.54
4.07 8.95
0.28 9.0
1.0 9.0
1.0 9.0
0.28 5.64
1.07 9.01
0.77 4.95
5.06 9.06
3.85 0.77
1.0 8.98
1.0 9.0
1.82 7.89
0.8 4.98
4.44 9.67
0.33 4.38
0.28 9.0
0.28 4.54
7.85 7.99
1.0 9.0
0.28 9.0
7.82 7.07
1.0 9.0
0.56 9.67
4.02 9.0
3.32 1.8
4.02 9.0
0.28 4.54
1.0 9.0
7.14 8.24
1.73 5.31
1.01 7.56
0.65 4.78
2.4 7.36
9.67 6.3
3.6 2.53
4.32 8.68
0.9 6.13
1.0 9.0
1.0 9.0
0.28 9.0
1.0 9.0
2.62 5.22
8.92 8.63
3.18 5.57
7.56 6.48
6.98 0.5
7.53 0.44
1.69 9.67
4.37 9.67
4.02 9.0
7.31 1.69
4.47 9.67
0.88 6.22
0.98 5.71
1.0 9.0
1.0 9.0
3.82 9.23
5.5 0.28
9.46 1.7
1.0 9.0
9.67 9.48
1.0 9.0
0.28 4.53
1.0 9.0
3.85 0.77
7.29 8.96
1.0 9.0
7.12 4.91
8.92 8.63
1.24 6.69
7.56 6.48
1.01 8.99
6.98 4.87
0.42 5.32
8.48 7.94
9.61 7.33
7.18 9.67
1.0 9.0
1.24 6.69
1.0 9.0
0.28 9.0
6.93 9.41
1.21 6.08
1.0 9.0
5.5 0.28
9.46 1.7
0.28 9.0
9.35 2.66
7.97 7.66
1.0 9.0
1.0 9.0
4.29 9.67
1.23 8.89
7.12 4.91
1.0 9.0
1.0 9.0
4.33 9.5
0.89 8.83
9.67 9.43
0.28 9.0
0.28 9.0
1.0 9.0
7.14 8.24
1.82 7.89
7.31 1.69
5.07 3.82
5.5 6.83
4.02 9.0
4.77 9.67
7.2 0.44
2.19 0.96
1.0 9.0
7.96 7.03
4.32 8.64
6.68 9.5
7.18 9.67
7.56 6.48
9.28 6.22
1.0 9.0
1.0 9.0
0.28 9.0
9.67 9.39
5.92 9.13
2.55 9.09
1.09 9.67
3.38 7.33
9.64 9.67
3.77 5.91
6.98 0.5
3.85 0.77
1.0 9.0
8.92 8.63
8.01 9.16
9.46 1.7
0.66 7.44
2.62 5.22
3.43 1.71
1.0 9.0
1.0 9.0
0.28 9.0
1.0 9.0
7.31 1.69
3.84 4.97
1.06 8.89
6.34 0.46
1.0 9.0
0.54 5.42
4.67 0.52
3.6 2.53
1.0 9.0
4.82 0.55
6.85 0.49
6.04 7.13
0.28 8.96
2.07 1.19
1.0 9.0
5.57 6.89
1.77 9.25
4.35 3.74
1.08 9.67
3.18 5.57
6.25 4.25
4.02 9.0
5.42 6.78
9.47 7.24
4.85 7.9
8.92 8.63
3.84 4.97
6.93 2.17
8.15 1.59
7.31 1.69
4.02 9.0
0.28 9.0
1.0 9.0
1.04 9.02
0.28 4.71
0.28 9.04
1.4 9.45
1.0 9.0
1.0 9.0
2.0 8.79
0.28 8.41
4.67 6.33
4.6 7.19
4.02 9.0
0.42 4.48
1.0 9.0
3.6 2.53
3.97 9.09
