6.17 7.22
1.0 9.0
0.28 9.0
4.84 8.07
1.0 9.0
1.0 9.0
0.28 9.0
1.0 9.0
1.92 9.67
4.02 9.0
0.28 9.0
1.0 9.0
0.28 9.0
4.02 8.98
3.84 9.22
4.02 9.0
1.0 9.0
1.0 9.0
1.0 9.0
1.0 9.0
1.0 9.0
1.0 9.0
1.0 9.0
1.0 9.0
1.0 9.0
1.0 9.0
4.02 8.99
1.0 9.0
0.28 9.07
1.0 9.0
1.0 9.0
0.98 8.97
1.0 9.0
1.0 9.0
0.36 9.21
4.02 9.0
4.02 9.0
4.02 9.06
1.0 9.0
0.28 9.0
4.02 9.0
1.83 9.67
0.28 9.0
4.02 9.0
0.28 9.5
1.0 9.0
1.07 8.7
1.0 9.0
4.78 6.43
5.36 7.67
1.0 9.0
1.0 9.0
4.02 9.0
0.28 9.0
1.01 9.01
2.62 7.08
0.28 9.0
4.02 9.0
0.28 4.92
1.03 9.0
1.0 9.0
4.02 9.0
4.02 9.0
5.22 7.71
5.57 6.86
1.0 9.0
2.67 7.71
1.0 9.0
4.72 8.19
1.0 9.0
4.37 8.61
1.0 9.0
1.03 9.0
2.66 9.0
1.0 9.0
1.07 8.87
1.0 9.0
1.0 9.0
0.28 9.0
1.0 9.0
4.02 9.0
4.02 9.0
0.28 9.0
1.0 9.0
4.02 8.99
6.87 8.84
0.28 9.0
4.92 6.53
1.0 9.0
0.28 9.0
4.02 9.0
4.02 9.01
1.0 9.0
3.82 9.23
1.09 9.21
0.91 9.15
1.0 9.0
1.86 6.5
1.0 9.0
1.0 9.0
1.0 9.0
1.0 9.0
0.28 9.0
1.0 9.0
1.0 9.0
1.0 9.0
1.0 9.0
0.28 9.0
1.0 9.0
0.28 8.99
0.28 9.0
4.02 8.99
1.0 9.0
1.01 8.99
0.28 4.71
1.14 8.99
1.0 9.0
0.28 9.07
0.98 8.98
1.92 9.67
4.02 9.0
1.0 9.0
4.02 9.01
0.28 9.0
1.0 9.0
0.28 9.0
0.34 9.67
1.59 9.01
0.28 9.0
0.28 9.0
1.0 9.0
1.0 9.0
0.28 9.0
1.0 9.0
2.62 5.74
1.0 9.0
1.0 9.0
4.02 9.0
4.02 9.0
2.67 7.86
0.91 9.15
4.02 9.0
4.02 9.0
0.28 9.0
3.93 9.12
1.0 9.0
1.0 9.0
1.0 9.0
1.0 9.0
4.02 9.0
4.02 9.0
4.02 9.0
0.28 9.0
1.0 9.0
4.02 9.0
4.02 9.0
3.97 9.07
0.28 9.0
1.0 9.0
4.02 9.0
1.0 9.0
1.0 9.0
1.0 9.0
1.0 9.0
0.99 9.0
3.16 9.67
1.0 9.0
4.02 9.0
1.0 9.0
1.0 9.0
0.99 9.0
1.0 9.0
4.02 8.99
4.02 9.0
4.37 8.61
1.03 9.0
5.82 7.0
1.0 9.0
0.28 9.0
1.1 7.77
0.28 9.0
1.0 9.0
1.0 9.0
1.0 9.0
0.28 9.0
4.78 6.43
1.55 9.11
0.28 9.0
0.28 8.43
1.0 9.0
1.0 9.0
1.0 9.0
4.12 8.9
1.0 9.0
1.0 9.0
1.0 9.0
1.0 9.0
1.0 9.0
1.01 8.82
1.0 9.0
0.28 9.0
1.0 9.0
1.0 9.0
1.0 9.0
0.98 8.98
1.05 8.87
0.98 8.98
5.36 7.67
1.0 9.0
2.62 7.08
1.14 8.99
5.75 6.98
1.0 9.0
0.28 9.0
4.02 9.0
1.0 9.0
1.0 9.0
1.0 9.0
1.0 9.0
4.02 9.0
1.0 9.0
1.0 9.0
2.67 7.86
1.0 9.0
1.0 9.0
1.0 9.0
2.62 5.74
1.0 9.0
1.0 9.0
4.98 7.6
1.0 9.0
1.0 9.0
1.0 9.0
5.53 6.83
1.0 9.0
1.0 9.0
4.02 9.0
4.02 9.0
0.28 9.0
1.0 9.0
4.32 8.66
4.02 9.0
1.0 9.0
1.0 9.0
4.78 6.43
1.0 9.0
1.0 9.0
4.02 9.0
3.97 9.09
1.0 9.0
5.36 7.67
4.17 8.84
0.28 9.0
1.0 9.0
3.32 9.67
1.01 9.0
2.52 7.41
1.0 9.0
0.28 9.0
1.0 9.0
1.0 9.0
1.0 9.0
1.0 9.0
1.0 9.0
3.71 9.37
1.0 9.0
1.0 9.0
5.41 6.78
1.0 9.0
0.28 9.0
1.0 9.0
0.28 8.99
0.28 9.45
4.02 9.0
2.67 7.86
1.0 9.0
1.0 9.0
2.56 5.36
1.0 9.0
1.0 9.0
5.56 6.83
5.75 6.98
3.72 9.01
0.48 9.44
1.39 9.67
4.02 9.0
0.88 9.24
1.0 9.0
4.02 9.0
5.53 6.83
1.0 9.0
0.28 9.0
1.0 9.0
0.44 9.67
1.0 9.0
1.03 9.0
2.67 7.71
0.28 8.99
1.0 9.0
2.34 9.67
4.02 9.0
0.28 9.0
0.53 7.34
0.28 9.0
0.28 4.71
1.0 9.0
4.02 9.0
1.01 9.0
1.0 9.0
4.78 6.43
5.56 6.83
4.84 8.07
1.0 9.0
1.03 9.0
1.0 9.0
1.0 9.0
0.28 9.0
1.02 8.98
2.91 8.68
1.1 7.77
4.02 9.0
1.0 9.0
1.0 9.0
1.0 9.0
1.0 9.0
1.0 9.0
1.0 9.0
4.02 9.0
1.03 9.0
4.02 9.0
3.87 9.2
1.0 9.0
4.72 8.19
3.65 5.78
1.0 9.0
1.0 9.0
0.98 8.97
2.62 6.65
3.74 9.3
4.02 9.0
1.0 9.0
4.02 9.0
1.0 9.0
3.79 9.27
4.02 9.0
1.0 9.0
1.0 9.0
1.0 9.0
0.37 9.67
4.02 9.0
0.28 9.2
2.38 7.17
4.02 9.0
2.67 7.71
0.96 8.98
9.67 6.42
1.0 9.03
1.0 9.0
0.28 9.0
1.0 9.0
1.0 9.0
1.0 9.0
1.0 9.0
1.0 9.0
4.27 8.73
1.1 7.77
2.56 5.36
1.14 8.99
0.28 9.0
1.0 9.0
1.02 6.3
4.02 8.99
4.63 7.23
1.0 9.0
1.0 9.0
1.1 7.77
1.0 9.0
4.37 8.61
5.75 6.98
4.02 9.0
4.8 6.43
5.22 6.63
0.28 9.0
3.65 5.78
1.0 9.0
2.88 9.31
0.28 9.0
3.81 8.34
1.0 9.0
1.04 9.03
4.17 8.86
1.07 8.86
5.75 6.98
1.0 9.0
0.28 9.0
1.0 9.0
5.75 6.98
1.0 9.0
1.0 9.0
3.97 9.09
3.02 9.02
0.28 9.0
0.98 8.98
0.28 9.0
4.02 9.03
0.98 8.98
4.02 9.0
4.78 6.43
2.67 7.7
2.62 7.08
2.66 7.72
1.0 9.0
3.97 9.08
5.54 6.83
0.28 9.0
0.28 9.0
5.75 6.98
1.0 9.0
0.99 9.0
1.0 9.0
5.41 6.78
0.28 4.92
1.0 9.0
4.02 9.0
5.19 8.62
4.02 9.0
1.59 9.01
1.0 9.0
5.56 6.83
4.02 9.0
1.0 9.0
0.99 8.94
5.22 6.66
0.28 9.0
3.65 5.78
1.0 9.0
1.0 9.0
0.28 9.0
1.0 9.0
1.0 9.0
0.28 9.0
1.0 9.0
4.02 9.0
1.0 9.0
5.05 7.82
1.07 8.7
1.0 9.0
3.81 9.27
0.28 9.33
1.0 9.0
4.02 9.0
1.0 9.0
5.73 6.98
3.41 8.9
3.03 9.37
4.02 9.0
4.32 8.66
4.02 9.0
1.6 7.26
2.91 9.67
1.0 9.0
5.41 6.78
2.62 7.08
0.28 9.0
1.0 9.0
1.0 9.0
5.75 6.98
4.12 8.89
4.12 8.89
5.75 6.98
3.97 9.1
1.0 9.0
1.1 7.77
1.1 8.92
1.0 9.0
4.02 8.98
2.62 7.08
1.0 9.0
0.28 9.33
4.78 6.43
4.02 9.0
4.02 9.0
1.0 9.0
1.01 9.03
1.07 8.86
3.21 9.67
1.0 9.0
4.02 9.0
1.0 9.0
0.99 9.67
1.1 7.77
0.28 9.04
2.56 5.36
1.0 8.99
0.28 9.0
1.0 9.0
1.0 9.0
4.02 9.0
1.07 8.87
1.0 9.0
1.0 9.0
4.07 8.93
3.66 9.42
3.32 9.67
1.0 9.0
3.67 9.22
4.02 9.0
1.0 9.0
1.0 9.0
2.67 7.7
0.28 9.0
5.22 7.68
0.28 7.48
0.28 9.67
4.32 8.68
0.28 8.73
4.02 9.0
5.22 6.66
4.02 9.0
1.0 9.0
5.22 7.71
4.02 9.0
3.65 5.78
4.02 9.0
2.12 3.67
4.98 7.6
4.92 6.53
1.0 9.0
2.62 7.08
1.0 9.0
4.02 9.0
1.0 9.0
3.68 9.37
2.67 7.69
1.0 9.0
0.28 9.0
2.67 7.86
4.02 9.0
0.28 8.19
1.0 9.0
1.0 9.0
4.72 8.19
1.0 9.0
4.02 9.0
3.75 9.32
0.28 5.42
4.63 7.23
5.22 6.63
1.0 9.0
2.91 8.68
5.82 7.0
4.02 9.03
1.0 9.0
0.28 4.92
2.62 7.08
1.0 9.0
1.02 6.3
0.6 9.67
5.08 6.72
2.67 7.86
4.02 9.0
1.1 7.77
5.53 6.83
0.28 9.0
1.0 9.0
1.12 8.94
4.95 6.53
4.02 9.0
1.0 9.0
1.0 9.0
2.62 7.08
4.02 9.0
0.28 5.42
4.78 6.43
0.57 4.72
5.41 6.78
4.02 9.0
4.63 7.23
2.62 5.74
4.78 6.43
3.65 5.78
1.0 9.0
0.28 9.0
1.0 9.0
1.0 9.0
1.0 9.0
2.62 7.08
4.02 9.0
0.28 4.92
4.02 9.0
1.08 7.95
0.28 9.66
4.02 8.99
1.0 9.0
4.02 9.01
1.0 9.0
5.75 6.98
5.82 7.0
2.67 7.71
4.02 9.0
5.75 6.98
3.77 9.32
4.02 9.05
3.18 6.24
1.0 9.0
1.0 9.0
4.02 9.0
4.02 9.0
5.75 6.98
1.0 9.0
1.0 9.0
4.78 6.43
2.34 6.52
0.28 8.96
4.02 9.0
1.0 9.01
4.02 9.0
1.0 9.0
5.53 6.83
1.0 9.0
6.52 6.0
2.62 7.08
3.67 9.41
1.0 9.0
2.88 9.08
3.53 9.57
1.63 6.77
2.67 7.71
0.28 4.71
1.12 5.41
2.67 7.69
5.75 6.98
4.02 8.99
5.41 6.78
1.32 8.84
3.45 9.67
2.67 7.71
0.28 9.0
2.67 7.72
2.67 7.86
3.65 5.78
0.69 9.67
3.97 9.1
1.0 9.0
4.07 8.94
4.78 6.43
5.41 6.78
3.97 9.08
2.67 7.71
0.28 8.96
1.48 9.67
1.4 9.67
2.96 7.78
4.02 9.0
4.02 9.0
3.65 5.78
4.88 8.02
3.65 5.78
4.02 9.07
1.0 9.0
5.41 6.78
1.23 9.67
1.0 9.0
4.02 9.0
4.02 9.0
5.41 6.78
1.0 9.0
4.92 6.53
1.0 9.0
5.22 6.66
4.25 8.77
2.62 7.08
2.62 7.08
5.41 6.78
2.67 7.7
4.78 6.43
5.4 6.78
3.68 9.37
4.78 6.43
0.28 8.99
5.41 6.78
1.0 9.0
4.02 9.0
4.02 9.0
5.08 6.72
4.07 8.97
1.0 9.0
4.87 6.45
4.02 9.0
4.02 9.0
2.56 5.36
4.02 9.0
1.0 9.0
0.28 8.93
0.28 9.01
1.0 9.0
1.0 9.0
2.36 8.42
4.22 8.8
2.62 6.56
3.51 5.83
5.02 6.57
0.28 9.0
4.27 8.75
0.98 8.92
1.0 9.0
4.02 9.0
1.0 9.0
3.91 5.93
4.02 9.0
2.56 5.36
5.22 6.66
0.28 5.14
0.28 9.0
3.65 5.78
4.02 9.0
4.02 9.06
2.62 7.08
2.62 7.08
4.02 9.04
1.65 9.67
1.86 6.5
2.67 7.68
4.02 9.0
1.92 9.67
1.0 9.0
4.02 9.0
2.67 7.72
5.41 6.78
0.36 8.35
1.0 9.0
0.28 9.0
4.02 9.0
2.62 7.08
4.78 6.43
4.02 9.0
1.0 9.0
4.02 9.0
1.0 9.0
5.22 6.63
1.0 9.0
4.78 6.43
4.02 9.0
4.02 9.0
2.62 7.08
0.72 4.85
1.19 9.24
1.0 9.0
1.0 9.0
4.78 6.43
4.92 6.53
0.28 5.42
1.0 9.0
1.47 5.86
4.02 9.0
0.28 9.0
1.0 9.0
1.0 9.0
5.22 6.63
2.86 9.67
2.59 9.67
1.33 8.26
4.02 9.0
4.78 6.43
4.78 6.43
4.02 9.0
4.01 9.07
4.02 9.0
4.02 9.0
1.0 9.0
4.07 8.93
0.39 5.13
1.0 9.0
5.02 6.57
4.78 6.43
4.02 9.0
0.28 8.73
1.6 6.52
3.92 9.15
2.56 5.36
4.8 6.43
2.42 7.13
3.65 5.78
0.83 9.67
4.02 9.0
4.02 9.03
4.02 9.0
5.02 6.57
2.62 6.96
1.47 5.84
2.56 5.36
1.0 9.0
4.78 6.43
4.78 6.43
4.87 6.45
1.49 9.67
2.62 6.65
1.02 6.3
5.22 6.63
5.12 6.61
4.2 8.82
4.0 9.07
4.02 9.0
3.92 9.15
4.02 9.0
2.62 7.08
4.02 9.0
0.28 9.01
9.03 0.95
1.0 9.0
3.65 5.78
2.28 9.67
3.95 9.12
2.58 6.74
4.02 9.0
4.02 9.0
1.0 9.0
0.28 9.05
4.02 9.0
4.78 6.43
4.02 9.0
1.0 9.0
1.63 6.77
4.92 6.53
1.0 9.0
4.02 9.0
4.02 9.0
1.01 9.0
1.0 9.0
4.02 9.0
0.28 4.92
2.62 7.08
2.62 7.08
0.95 9.02
4.02 9.0
4.02 9.0
1.63 6.77
4.02 9.0
1.0 9.0
3.65 5.78
2.62 7.39
1.02 9.0
3.97 9.11
1.0 9.0
2.62 7.08
4.78 6.43
1.0 9.0
4.02 9.0
1.0 9.0
4.02 9.0
1.0 9.0
1.0 9.0
3.65 5.78
3.65 5.78
4.78 6.43
3.65 5.78
1.0 9.0
1.11 9.08
3.97 9.12
2.56 5.36
2.62 7.08
1.0 9.0
1.0 9.0
5.12 6.58
4.02 9.0
5.27 6.69
1.0 9.0
1.0 9.0
4.78 6.43
1.0 9.0
1.04 8.99
1.0 9.0
1.0 9.0
1.0 9.0
2.62 7.08
4.02 9.0
4.81 6.43
1.0 9.0
4.78 6.43
3.65 5.78
1.0 9.0
4.02 9.0
0.37 6.73
4.02 9.0
0.52 7.03
4.78 6.43
1.27 5.58
4.02 9.0
4.22 8.8
3.97 9.09
3.65 5.78
2.56 5.36
2.62 7.08
0.28 4.92
0.98 9.02
0.28 9.0
0.28 9.0
4.02 9.0
3.32 9.67
1.86 6.5
0.28 5.42
3.77 9.3
0.97 8.86
4.02 9.0
1.0 9.0
4.02 9.0
0.9 6.66
0.82 5.01
4.02 9.0
1.0 9.0
2.62 5.74
1.0 9.0
1.0 9.0
1.78 5.95
0.28 9.0
2.56 5.36
1.0 9.0
3.48 8.97
4.02 9.0
4.02 9.0
1.0 9.0
3.65 5.78
4.3 8.42
2.56 5.36
3.65 5.78
4.02 9.0
0.28 4.95
1.0 9.0
1.0 9.0
1.0 9.0
0.28 9.0
0.28 4.71
3.97 9.12
4.78 6.43
4.02 9.0
1.05 8.96
2.61 6.97
1.63 6.77
4.02 9.0
2.62 7.08
0.28 8.96
4.02 9.01
0.79 5.0
3.65 5.78
1.0 9.0
1.14 9.67
0.28 5.42
4.02 9.0
3.42 6.01
3.15 9.67
2.56 5.36
2.56 5.36
1.0 9.0
2.56 5.36
1.82 9.67
4.02 9.0
4.02 8.99
4.02 9.0
0.28 4.94
4.02 9.0
1.0 9.0
1.0 9.0
2.56 5.36
0.28 5.14
1.0 9.0
1.0 9.0
1.0 9.0
3.65 5.78
2.56 5.36
0.57 4.72
4.02 9.01
0.28 9.0
0.28 5.04
1.0 9.0
4.02 9.0
4.02 9.0
0.28 9.19
1.0 9.0
2.94 9.67
1.6 7.1
4.02 9.0
0.44 9.67
1.0 9.0
0.28 7.36
1.63 6.76
4.07 8.95
0.28 5.42
3.65 5.78
0.57 4.72
4.02 9.0
1.12 5.41
1.09 9.67
0.28 4.92
4.02 9.0
0.28 9.0
2.56 5.36
3.65 5.78
0.28 8.96
3.51 5.83
1.0 9.0
1.02 6.3
1.0 9.0
0.28 4.92
1.0 9.0
1.0 9.0
3.65 5.78
1.22 9.67
0.79 5.0
0.28 4.96
2.56 5.36
0.28 4.92
2.56 5.36
0.99 8.99
3.87 9.19
3.65 5.78
1.0 9.0
0.28 4.92
0.57 4.72
1.0 9.0
0.28 4.92
0.28 8.31
1.0 9.0
3.05 7.73
3.83 5.88
4.02 9.0
4.17 8.84
0.37 4.45
3.65 5.78
3.65 5.78
1.0 9.0
0.28 4.92
4.02 9.0
1.0 9.0
3.65 5.78
1.64 5.98
0.28 4.92
4.02 9.0
0.28 5.42
3.65 5.78
0.28 4.92
3.65 5.78
3.58 9.52
0.28 5.42
2.62 5.74
2.56 5.36
0.28 8.98
1.0 9.0
0.28 5.94
4.01 9.07
4.02 9.04
0.28 5.42
2.56 5.36
4.02 9.0
0.28 4.94
4.41 6.18
1.0 9.0
2.58 5.39
4.02 9.0
2.56 5.36
3.65 5.78
2.56 5.36
2.56 5.36
2.56 5.36
0.28 4.9
0.28 4.95
1.26 8.4
0.28 9.0
4.02 9.0
4.02 9.0
0.37 4.38
1.0 9.0
2.56 5.36
1.0 9.0
0.28 4.92
4.02 9.0
0.28 5.04
0.28 5.42
1.0 9.0
4.02 9.0
4.27 8.73
2.62 5.54
1.0 9.0
1.02 8.89
2.56 5.36
0.28 9.15
0.28 9.0
1.0 8.99
4.02 9.0
2.8 9.67
1.0 9.0
3.65 5.78
0.28 9.0
3.65 5.78
2.56 5.36
3.65 5.78
3.99 9.07
3.87 9.19
1.0 9.0
4.02 9.0
4.02 9.01
0.28 9.0
1.0 9.0
0.28 5.42
0.28 4.92
1.0 9.0
1.27 5.58
4.02 9.0
0.28 4.94
1.0 9.0
1.0 9.0
2.62 6.45
2.56 5.36
0.58 4.73
2.56 5.36
6.23 8.01
1.47 9.67
3.66 6.49
2.56 5.36
2.56 5.36
2.56 5.36
0.28 4.95
0.28 9.0
1.0 9.0
0.28 4.71
1.0 9.0
2.62 6.18
1.0 9.0
1.0 9.0
4.01 9.07
1.0 9.0
1.0 9.0
1.0 9.0
1.0 9.0
4.02 9.0
0.28 4.92
0.28 4.92
4.02 9.0
2.56 5.36
0.28 9.0
1.0 9.0
1.0 9.0
3.87 9.19
2.56 5.36
1.0 9.0
1.0 9.0
2.56 5.36
1.0 9.0
1.0 9.0
4.02 9.0
2.7 9.67
2.56 5.36
3.94 9.12
1.0 9.0
4.02 9.0
0.28 4.92
0.51 4.82
1.0 8.99
3.82 9.27
3.87 9.22
2.56 5.36
6.26 7.97
1.0 9.0
2.56 5.36
0.28 4.71
2.86 9.67
0.28 4.71
4.02 9.04
1.0 9.0
1.0 9.0
1.0 9.0
0.81 8.82
0.99 8.98
0.57 4.72
1.29 9.67
2.56 5.36
1.76 5.98
1.0 9.0
0.28 4.92
1.0 9.0
1.22 9.05
1.0 9.0
2.56 5.36
2.56 5.36
3.87 9.19
0.28 4.92
2.62 5.51
3.04 9.67
1.0 9.0
4.02 9.0
4.02 9.0
1.0 9.0
2.56 5.36
4.02 9.0
4.02 9.0
2.56 5.36
0.28 4.92
0.28 4.92
0.28 4.92
3.97 9.12
4.02 9.0
1.0 9.0
1.0 9.0
2.56 5.36
3.87 9.18
3.58 9.52
0.28 4.92
0.45 4.53
1.0 9.0
1.0 9.0
1.0 9.0
1.0 9.0
2.46 9.67
3.97 9.09
0.28 4.92
2.56 5.36
0.28 4.94
0.28 4.92
0.28 4.71
0.28 4.71
4.0 9.07
0.28 4.92
0.28 9.0
1.05 8.91
0.28 4.95
2.56 5.36
1.02 8.99
0.28 4.92
0.28 4.92
2.56 5.36
0.57 4.72
2.56 5.36
2.56 5.36
1.0 9.0
0.28 4.91
0.53 4.68
4.02 9.0
2.62 5.91
2.56 5.36
0.99 9.01
2.56 5.36
0.28 4.71
3.67 9.38
4.02 9.0
1.7 9.67
4.97 7.89
4.42 8.57
4.02 9.0
4.02 9.0
2.62 5.26
0.28 4.92
0.28 4.92
4.02 9.0
4.02 9.0
0.28 4.71
1.0 9.0
1.0 9.0
6.23 8.0
1.0 9.0
2.56 5.36
0.28 4.92
4.02 9.06
2.56 5.36
4.02 9.0
4.02 9.0
2.56 5.36
1.0 9.0
1.0 9.0
1.0 9.0
1.0 9.0
0.28 4.72
2.38 9.67
0.28 4.71
1.44 9.67
1.12 8.31
0.28 4.92
0.28 4.92
0.28 9.0
0.28 7.78
4.02 9.0
0.28 4.96
4.02 9.0
1.0 9.0
0.37 4.45
0.99 8.99
2.93 9.67
1.0 9.0
0.91 9.67
0.28 4.92
1.0 9.0
9.17 0.84
0.58 4.73
0.28 4.84
0.28 4.92
1.01 9.01
6.23 8.0
8.11 7.05
0.28 4.92
1.0 9.0
0.28 4.71
1.0 9.0
0.28 4.92
2.62 7.38
0.28 4.92
3.28 8.94
0.28 4.92
4.02 9.0
0.28 4.71
1.0 9.0
0.28 4.92
1.0 9.0
4.02 9.0
0.72 4.92
4.02 9.0
0.28 9.0
9.17 0.84
1.0 9.0
1.0 9.0
1.0 9.0
9.04 0.88
0.28 4.92
3.87 6.84
0.28 4.92
0.57 4.72
1.0 9.0
0.57 4.72
0.28 9.0
1.0 9.0
0.28 4.96
0.28 5.37
4.17 8.84
1.0 9.01
1.0 9.0
1.0 9.0
1.0 9.0
1.0 9.0
1.0 9.0
3.98 9.07
0.28 4.88
0.28 4.92
1.0 9.0
0.28 4.92
0.28 4.92
0.51 4.63
0.28 4.92
0.28 4.73
0.28 4.95
1.42 6.25
0.28 4.92
0.28 4.92
1.0 9.0
0.57 4.72
9.17 0.84
6.23 8.0
0.28 4.71
0.28 4.92
0.28 4.92
0.28 5.04
0.28 4.92
0.28 4.92
0.28 4.92
0.42 5.2
1.0 9.0
0.28 4.92
1.0 9.0
2.56 5.36
4.02 9.0
1.06 8.89
0.28 4.92
6.23 8.0
0.28 4.92
2.56 5.36
1.0 9.0
4.02 9.0
4.02 9.0
1.0 9.0
1.0 9.0
0.28 4.71
0.28 4.92
0.28 4.96
0.28 4.66
0.69 9.33
6.23 8.0
1.44 8.95
4.02 9.02
4.02 9.0
5.27 6.71
0.28 4.71
0.28 4.71
0.28 4.92
1.0 9.0
1.0 9.0
0.36 4.49
0.28 4.87
1.0 9.0
0.28 4.92
0.28 4.71
0.72 4.85
1.0 9.0
4.02 9.0
1.0 9.0
1.0 9.0
4.02 9.02
3.87 9.18
0.28 4.92
0.28 4.78
0.28 4.92
0.28 4.92
0.28 4.92
1.46 8.86
1.0 9.0
1.0 9.0
0.28 4.71
3.97 9.08
4.02 9.0
3.26 9.67
4.02 9.0
0.57 4.72
0.28 4.92
0.28 4.92
0.28 4.92
1.3 6.17
3.92 9.16
1.13 7.8
4.02 9.03
0.72 4.9
0.28 4.92
1.0 9.0
0.28 4.92
2.51 9.44
6.23 8.0
4.02 9.0
0.28 4.92
0.28 4.71
4.02 9.0
5.49 7.77
1.0 9.0
1.0 9.0
1.0 9.0
1.0 9.0
0.28 4.71
0.28 6.2
0.28 4.92
0.28 4.92
0.28 4.92
3.99 9.07
0.28 4.71
0.28 4.71
0.28 4.92
0.28 4.71
0.57 4.72
6.23 8.0
1.0 9.0
0.28 4.84
1.0 9.0
1.0 9.0
9.17 0.84
1.0 9.0
0.28 4.71
0.57 4.72
0.28 4.93
0.28 4.71
4.02 9.0
0.28 4.71
0.51 4.82
1.0 9.0
6.23 8.0
0.28 4.92
0.28 4.71
0.28 4.71
0.57 4.72
4.02 9.0
1.0 9.0
0.28 4.71
1.0 9.0
1.0 9.0
0.57 4.72
0.28 4.71
4.02 9.0
4.02 9.0
3.93 9.12
0.28 4.71
4.02 9.0
1.0 9.0
1.0 9.0
0.97 9.02
0.79 5.0
0.28 4.84
0.57 4.72
0.57 4.72
1.96 8.0
0.28 4.71
0.28 4.71
4.02 9.06
0.28 4.71
1.0 9.0
4.02 9.0
0.79 5.0
4.02 9.0
0.28 8.39
1.0 9.0
1.0 9.0
0.28 4.66
0.36 4.49
0.28 4.71
0.28 4.71
2.62 6.6
1.0 9.0
0.28 4.91
0.28 4.73
1.0 9.0
0.57 4.72
4.02 9.0
1.0 9.0
4.02 9.0
0.28 4.71
1.0 9.0
4.02 9.02
1.0 9.0
0.37 4.45
0.45 4.53
0.37 4.45
1.0 9.0
4.02 9.0
0.57 4.72
0.72 4.85
4.02 9.02
0.36 4.49
2.18 9.67
0.28 4.74
1.0 9.0
0.28 4.73
4.8 7.57
0.28 4.72
0.28 4.71
0.98 9.02
1.0 9.0
1.0 9.0
1.0 9.0
0.28 4.71
4.07 8.94
0.37 4.44
0.28 4.87
3.52 9.62
0.72 4.85
0.28 4.71
0.57 4.72
1.0 9.0
0.57 4.73
0.28 4.71
0.38 4.48
1.0 9.0
0.28 4.71
0.37 4.45
0.28 4.92
1.0 9.0
1.0 9.0
0.36 4.38
0.37 4.43
1.0 9.0
0.28 4.75
1.0 8.92
1.0 9.0
4.02 9.0
1.0 9.0
1.0 9.0
0.28 4.7
0.37 4.38
0.28 4.71
1.0 9.0
0.58 4.73
2.58 7.85
0.28 4.71
0.28 4.71
1.0 9.0
0.28 4.71
4.02 9.0
0.37 4.38
4.02 9.0
4.02 9.01
0.72 4.85
1.0 9.0
0.37 4.48
0.28 4.74
0.28 8.95
0.35 4.38
0.28 4.71
0.28 4.71
1.0 9.0
0.28 4.73
3.92 9.15
4.02 9.0
3.23 9.67
1.0 9.0
0.28 4.71
0.28 4.71
0.32 4.38
1.0 9.0
0.72 4.85
0.28 4.71
0.28 4.71
0.28 4.71
0.28 4.71
0.57 4.72
0.37 4.38
0.28 4.71
0.39 4.56
1.0 9.0
0.28 4.71
0.37 4.45
0.28 4.71
0.28 4.73
0.28 4.72
0.37 4.39
1.0 9.0
1.0 9.0
0.28 4.71
0.28 4.71
4.02 9.0
1.0 9.0
1.0 9.0
0.72 4.85
0.58 4.73
0.37 4.44
0.28 4.71
4.02 9.06
9.17 0.84
0.35 4.38
2.13 9.67
0.57 4.72
0.28 4.71
0.28 4.66
0.92 5.13
0.36 4.38
0.72 4.85
0.72 4.86
3.65 9.42
0.28 4.71
1.0 9.0
0.28 4.71
1.96 6.87
0.28 4.71
4.02 9.0
0.28 4.71
4.02 9.0
0.28 4.73
1.0 9.0
0.28 4.71
1.0 9.0
0.57 4.73
1.0 9.0
0.28 4.71
0.28 4.67
1.0 9.0
1.0 9.0
0.28 4.71
0.28 6.01
1.0 9.0
0.37 4.38
0.37 4.38
1.0 9.0
0.28 4.71
0.28 4.71
0.58 4.73
0.28 4.71
0.57 4.72
0.57 4.72
1.0 9.0
1.0 9.0
0.28 8.83
1.0 9.0
1.92 7.22
0.37 4.38
1.0 9.0
1.0 9.0
0.37 4.45
0.58 4.73
0.57 4.72
2.18 7.6
0.28 4.7
1.0 9.0
0.57 4.72
0.57 4.72
4.02 9.0
0.28 4.68
0.57 4.72
0.36 4.38
2.11 8.94
4.02 9.0
0.72 4.85
0.58 4.73
0.28 4.71
0.28 4.71
2.62 5.6
1.0 9.0
3.81 9.27
0.72 4.85
1.0 9.0
1.0 9.0
4.02 9.0
1.0 9.0
1.0 9.0
0.57 4.72
0.72 4.85
0.28 4.66
1.0 9.0
0.57 4.72
0.58 4.73
0.28 9.0
4.02 9.0
2.67 7.72
3.11 9.67
0.37 4.43
0.37 4.38
0.62 4.75
0.37 4.39
0.37 4.44
0.57 4.72
0.58 4.73
3.87 9.22
4.02 9.02
0.57 4.72
0.57 4.72
0.57 4.72
1.29 9.67
0.28 4.7
0.58 4.73
0.35 4.38
1.0 9.0
1.0 9.0
0.28 9.0
1.0 9.0
1.0 9.0
0.57 4.72
0.28 4.73
0.37 4.43
0.58 4.73
0.57 4.72
0.35 4.38
0.28 4.77
0.37 4.45
1.0 9.0
0.57 4.72
0.57 4.72
0.57 4.72
0.57 4.72
1.0 9.0
1.0 9.0
0.57 4.72
0.57 4.72
1.17 9.67
0.57 4.73
0.57 4.72
0.36 4.38
0.57 4.72
1.0 9.0
0.58 4.73
0.57 4.72
0.58 4.73
0.37 4.45
0.28 4.66
0.57 4.7
1.0 9.0
1.0 9.0
0.28 9.0
0.57 4.72
3.97 9.07
0.36 4.49
4.02 9.02
0.57 4.72
0.37 4.38
0.57 4.72
1.0 9.0
0.36 4.38
0.57 4.72
3.87 9.18
0.57 4.72
0.28 4.73
0.58 4.73
0.57 4.72
0.57 4.72
0.57 4.72
0.37 4.46
1.0 9.0
1.0 9.0
3.67 5.94
3.95 9.12
3.92 9.15
0.58 4.73
0.57 4.72
0.57 4.72
1.0 9.0
1.0 9.0
1.0 9.0
9.17 0.84
0.57 4.72
1.0 9.0
4.02 9.0
1.0 9.0
2.22 7.66
1.0 9.0
0.35 4.38
4.02 9.04
1.59 9.67
0.28 9.0
0.57 4.72
1.0 9.0
0.57 4.72
0.57 4.72
1.0 9.0
1.0 9.0
1.0 9.0
0.37 4.45
0.32 4.38
0.39 4.57
0.28 4.73
0.37 4.39
4.02 9.0
1.0 9.0
0.57 4.72
3.88 9.17
0.57 4.73
0.58 4.73
0.57 4.71
0.58 4.73
0.37 4.38
1.0 9.0
0.57 4.72
0.36 4.38
6.97 7.67
0.37 4.44
1.0 9.0
0.37 4.44
0.37 4.45
0.35 4.38
0.37 4.38
0.37 4.42
0.28 9.0
1.0 9.0
0.37 4.45
4.02 9.04
0.37 4.43
0.37 4.4
0.59 4.73
0.35 4.38
4.02 9.0
0.28 4.7
0.37 4.45
1.0 9.0
0.37 4.39
9.08 0.96
1.0 9.0
1.0 9.0
1.0 9.0
0.35 4.38
0.47 4.58
0.37 4.38
0.57 4.72
0.57 4.73
0.37 4.44
1.0 9.0
1.0 9.0
1.0 9.0
0.36 4.38
0.37 4.43
1.0 9.0
0.28 4.66
0.37 4.38
1.0 9.0
1.0 9.0
0.37 4.47
0.37 4.38
0.28 4.75
3.87 9.18
0.28 4.68
0.37 4.38
0.28 4.7
0.37 4.39
0.36 4.49
0.37 4.45
0.57 4.72
0.57 4.68
1.0 9.0
0.28 4.74
1.0 9.0
0.37 4.45
0.45 4.53
0.37 4.38
0.37 4.45
3.87 9.18
0.36 4.49
0.57 4.72
0.28 4.66
0.72 4.91
0.36 4.49
1.0 9.0
0.53 4.68
0.57 4.72
0.37 4.45
0.35 4.38
1.0 9.0
4.02 9.0
1.0 9.0
0.28 9.0
0.37 4.45
0.37 4.45
1.0 9.0
0.28 9.0
0.38 4.48
0.57 4.72
0.28 4.71
0.99 9.0
4.02 9.04
0.28 4.72
0.37 4.39
0.37 4.44
0.28 4.73
0.28 4.66
0.37 4.43
0.37 4.44
0.37 4.45
0.35 4.38
0.37 4.44
0.37 4.38
0.37 4.44
0.37 4.43
0.37 4.38
0.37 4.44
0.28 4.73
0.37 4.38
0.37 4.42
0.37 4.42
0.28 4.75
0.37 4.43
0.37 4.38
0.37 4.39
0.35 4.38
0.37 4.38
0.37 4.43
0.36 4.38
0.37 4.45
0.37 4.45
0.37 4.43
0.28 4.66
0.35 4.38
0.37 4.44
0.37 4.45
0.37 4.38
0.37 4.38
0.28 4.7
0.35 4.38
9.18 0.84
0.37 4.43
0.28 4.72
0.35 4.38
0.28 4.73
0.37 4.38
0.37 4.44
0.28 4.66
0.36 4.38
0.37 4.43
0.28 4.74
0.35 4.38
1.0 9.0
0.36 4.38
0.37 4.43
0.28 8.76
0.37 4.39
0.37 4.38
0.33 4.38
0.37 4.43
0.37 4.38
0.37 4.45
0.39 4.48
0.37 4.42
0.35 4.38
0.37 4.43
0.37 4.38
0.37 4.45
0.28 4.66
0.34 4.38
0.37 4.43
0.37 4.43
0.37 4.38
0.35 4.38
0.37 4.45
0.28 9.0
0.37 4.44
0.37 4.43
0.35 4.38
0.28 4.72
0.28 4.66
0.37 4.44
0.37 4.47
0.36 4.38
0.37 4.38
0.37 4.38
0.32 4.35
0.37 4.43
0.28 4.65
0.37 4.38
0.28 4.75
0.28 4.73
0.28 4.7
0.37 4.38
0.37 4.38
0.36 4.38
0.37 4.38
0.28 4.74
4.02 9.0
0.37 4.38
0.37 4.38
0.37 4.39
0.28 4.66
0.28 7.54
0.37 4.39
0.37 4.38
0.37 4.39
0.37 4.38
0.35 4.38
0.28 4.69
0.35 4.38
0.28 4.67
0.37 4.4
0.37 4.39
0.28 4.72
0.28 8.39
0.36 4.38
0.37 4.39
0.35 4.38
0.28 9.0
0.28 4.66
0.37 4.38
0.35 4.38
0.28 4.68
0.36 4.38
0.37 4.38
0.35 4.38
0.28 4.66
0.28 4.68
0.36 4.38
0.37 4.38
0.37 4.38
0.37 4.38
0.37 4.38
0.37 4.38
0.37 4.38
1.01 9.0
0.28 4.73
4.02 9.0
0.37 4.38
1.0 9.0
1.0 9.0
0.28 4.72
1.04 8.67
0.28 4.66
0.37 4.44
0.37 4.39
0.36 4.38
0.37 4.39
0.35 4.38
0.37 4.39
0.35 4.38
0.35 4.38
0.37 4.38
0.35 4.38
0.28 4.72
0.32 4.34
0.37 4.39
9.09 1.04
0.35 4.38
0.37 4.39
0.28 4.66
0.28 4.66
0.37 4.38
0.28 9.0
0.36 4.38
0.35 4.38
0.37 4.38
0.28 4.69
0.37 4.39
0.37 4.38
0.28 4.67
5.7 6.93
0.37 4.38
0.36 4.38
0.28 4.71
0.37 4.38
0.37 4.38
0.35 4.38
0.28 4.66
0.37 4.39
0.37 4.38
0.35 4.38
0.34 4.38
0.28 7.56
9.28 6.62
0.37 4.38
1.07 5.28
0.37 4.38
0.37 4.38
0.28 4.71
0.37 4.38
0.34 4.38
0.28 4.73
0.34 4.38
0.36 4.38
0.37 4.38
0.28 4.68
0.37 4.38
0.36 4.38
0.36 4.38
0.36 4.38
0.37 4.38
0.37 4.39
0.35 4.38
0.36 4.38
0.37 4.39
0.37 4.38
0.28 9.0
0.37 4.38
0.37 4.38
0.28 4.72
0.37 4.38
0.28 4.71
0.37 4.38
0.37 4.38
0.28 4.75
1.0 9.0
0.37 4.38
0.32 4.35
0.37 4.38
0.37 4.38
0.37 4.38
0.28 9.0
0.37 4.38
0.28 4.72
0.36 4.38
0.35 4.38
0.37 4.38
0.37 4.38
0.28 9.0
0.37 4.38
0.37 4.4
0.37 4.39
0.37 4.38
0.37 4.38
0.36 4.38
0.37 4.38
0.28 4.72
0.37 4.38
0.28 4.67
0.36 4.38
0.37 4.38
0.37 4.38
0.28 4.72
0.37 4.38
0.37 4.38
0.37 4.38
0.28 4.68
0.35 4.38
0.37 4.38
0.37 4.4
0.36 4.38
0.37 4.38
0.37 4.4
0.37 4.38
0.35 4.38
0.37 4.38
0.37 4.38
0.36 4.38
0.37 4.38
0.28 6.68
0.28 4.73
0.38 4.48
0.28 4.68
1.0 8.98
0.37 4.38
0.36 4.38
0.37 4.38
0.36 4.38
0.37 4.38
0.28 4.68
0.28 4.73
0.37 4.38
0.37 4.38
0.37 4.38
0.37 4.43
0.37 4.38
0.37 4.38
0.37 4.38
0.37 4.38
0.37 4.38
0.28 4.72
0.37 4.38
0.37 4.38
0.37 4.38
0.37 4.38
0.28 4.74
0.28 4.73
0.36 4.38
0.37 4.38
0.37 4.38
0.37 4.38
0.37 4.38
0.37 4.4
0.37 4.38
0.37 4.38
0.37 4.38
0.37 4.38
0.37 4.38
0.37 4.38
4.02 9.0
0.36 4.38
0.37 4.38
0.37 4.38
0.37 4.38
0.36 4.38
0.28 4.71
0.37 4.38
0.37 4.38
0.37 4.38
0.28 4.72
0.37 4.38
0.37 4.39
0.37 4.38
0.28 4.74
0.35 4.38
0.37 4.38
0.37 4.38
0.37 4.38
0.37 4.38
0.28 4.7
0.37 4.38
0.28 4.68
0.37 4.38
0.35 4.38
0.37 4.38
0.37 4.38
0.36 4.38
0.37 4.38
0.28 4.68
0.37 4.38
0.37 4.38
0.37 4.38
0.37 4.38
0.36 4.38
0.28 4.73
0.37 4.38
0.28 4.73
0.28 4.72
0.37 4.38
0.37 4.43
0.37 4.39
0.37 4.38
0.28 4.66
0.28 4.7
0.37 4.39
0.37 4.38
0.37 4.38
0.37 4.38
0.36 4.38
0.28 4.69
0.37 4.38
0.28 4.71
0.28 4.69
0.37 4.38
0.28 4.7
1.01 8.95
0.37 4.38
0.37 4.38
0.28 4.68
0.37 4.38
0.37 4.38
0.37 4.38
0.32 4.35
0.28 4.63
0.37 4.38
0.28 4.64
0.37 4.38
0.35 4.38
0.28 4.72
0.28 4.73
0.37 4.38
0.37 4.38
0.37 4.38
0.28 4.69
0.37 4.38
4.02 9.01
0.37 4.39
0.37 4.38
0.37 4.38
0.35 4.38
0.28 4.69
0.37 4.38
0.37 4.38
0.37 4.38
0.37 4.38
0.37 4.38
0.28 4.73
0.37 4.39
0.37 4.38
0.32 4.34
0.36 4.38
0.34 4.38
0.37 4.39
0.37 4.38
0.34 4.38
0.28 4.74
0.28 4.77
0.28 4.76
0.37 4.38
0.37 4.38
0.37 4.38
0.37 4.42
0.37 4.38
0.36 4.38
0.37 4.38
0.37 4.4
0.28 4.69
0.28 9.0
0.37 4.39
0.37 4.38
0.37 4.38
0.37 4.38
0.28 4.74
0.37 4.38
0.37 4.38
0.37 4.38
0.28 4.68
4.01 9.07
0.37 4.38
0.37 4.38
0.37 4.38
0.37 4.38
0.37 4.38
0.37 4.38
0.28 4.74
0.37 4.38
0.37 4.43
0.36 4.38
9.17 0.84
0.37 4.38
0.37 4.38
0.37 4.38
1.18 9.02
1.0 9.0
0.37 4.38
0.32 4.34
0.28 4.73
0.28 4.83
0.37 4.38
0.37 4.38
0.37 4.38
0.37 4.38
0.37 4.38
0.28 4.72
0.37 4.38
0.35 4.38
0.37 4.38
0.37 4.38
0.28 4.74
0.37 4.38
0.35 4.38
0.37 4.38
0.37 4.42
0.32 4.34
0.37 4.4
0.37 4.38
0.28 4.7
1.0 9.0
0.28 4.76
0.36 4.38
0.35 4.38
0.37 4.4
0.28 4.72
0.37 4.39
0.28 4.69
1.0 9.0
0.37 4.38
0.28 4.72
0.32 4.35
0.37 4.38
0.37 4.38
0.37 4.39
0.37 4.38
0.28 4.74
8.27 1.05
0.28 4.71
0.92 5.13
0.37 4.38
0.37 4.38
0.35 4.38
0.37 4.4
0.37 4.38
1.0 9.0
0.28 4.72
0.37 4.38
0.28 4.72
0.37 4.38
0.28 4.66
0.37 4.38
0.37 4.4
0.37 4.38
0.34 4.38
0.37 4.38
0.28 4.7
0.28 4.69
0.37 4.45
0.37 4.38
1.0 9.0
0.37 4.38
0.28 4.78
0.28 4.73
0.37 4.42
0.37 4.39
0.37 4.38
0.37 4.38
0.36 4.38
0.28 4.7
0.36 4.38
0.37 4.39
0.36 4.38
0.37 4.38
0.28 4.66
0.37 4.41
0.37 4.38
0.33 4.38
0.28 4.68
0.37 4.38
0.28 4.67
0.37 4.38
0.32 4.35
0.37 4.38
0.37 4.38
0.28 4.68
0.37 4.38
0.28 4.73
0.37 4.38
0.37 4.39
0.37 4.38
0.37 4.38
0.37 4.38
0.28 4.71
0.36 4.38
0.37 4.38
0.37 4.38
0.37 4.38
0.37 4.38
0.37 4.38
0.37 4.38
0.37 4.44
0.28 4.68
0.37 4.38
0.36 4.38
0.37 4.38
0.37 4.38
0.37 4.39
0.37 4.38
0.36 4.38
0.28 4.75
0.37 4.38
0.28 4.75
0.37 4.38
0.37 4.38
0.28 4.74
0.28 4.73
0.37 4.38
0.37 4.38
0.37 4.38
0.34 4.38
0.37 4.38
9.17 0.84
0.37 4.38
0.37 4.38
0.36 4.38
0.28 4.69
0.37 4.38
0.37 4.38
0.28 4.7
0.36 4.38
0.37 4.38
4.12 8.89
0.37 4.38
1.64 5.98
0.37 4.38
0.37 4.38
0.37 4.38
0.37 4.38
0.28 4.71
0.32 4.34
0.37 4.38
0.37 4.39
0.28 4.72
9.17 0.84
0.37 4.44
0.28 4.73
0.37 4.38
0.28 9.0
0.36 4.38
0.37 4.38
0.37 4.39
0.37 4.42
0.37 4.38
0.37 4.38
0.37 4.46
1.0 9.0
0.37 4.38
0.28 4.72
0.28 4.69
0.37 4.38
0.37 4.38
0.37 4.38
0.37 4.38
0.32 4.35
0.37 4.38
0.37 4.38
0.37 4.38
0.28 4.75
0.37 4.38
0.37 4.38
0.37 4.38
0.37 4.38
0.37 4.38
0.37 4.38
0.37 4.38
0.28 4.72
0.28 4.74
0.37 4.38
0.37 4.38
9.17 0.84
0.37 4.43
0.37 4.38
0.37 4.38
0.36 4.38
0.37 4.38
0.36 4.38
0.37 4.38
0.37 4.38
0.34 4.38
0.28 4.73
0.37 4.43
0.36 4.38
4.02 9.0
0.37 4.38
1.0 9.0
0.28 9.0
0.37 4.38
0.36 4.38
0.37 4.38
0.37 4.38
0.37 4.38
0.28 4.73
0.36 4.38
0.28 4.74
0.28 9.0
0.37 4.38
0.37 4.38
0.36 4.49
0.32 4.34
1.0 9.0
0.28 9.0
0.37 4.38
0.32 4.37
0.36 4.38
0.28 4.72
1.0 9.0
0.37 4.38
0.36 4.38
0.28 4.85
0.28 9.0
0.28 4.68
0.28 4.72
0.35 4.38
0.37 4.38
0.37 4.38
0.37 4.38
0.37 4.38
0.37 4.38
0.28 4.74
9.17 0.84
0.37 4.38
0.37 4.38
0.37 4.38
0.37 4.39
1.0 9.0
0.37 4.38
0.37 4.38
0.28 4.72
0.37 4.4
0.37 4.43
0.28 9.0
0.37 4.38
1.0 9.0
0.37 4.38
0.28 4.66
3.83 9.22
0.37 4.38
0.37 4.38
0.37 4.4
0.37 4.38
0.37 4.38
0.28 4.68
0.37 4.38
0.37 4.4
1.0 9.0
9.17 0.84
0.37 4.39
0.32 4.34
0.32 4.34
9.17 0.84
0.37 4.38
0.37 4.38
0.37 4.38
0.28 9.0
0.36 4.38
0.32 4.34
0.37 4.38
0.37 4.38
0.37 4.38
0.37 4.38
0.37 4.4
0.37 4.38
0.37 4.38
0.38 4.48
0.28 4.68
0.37 4.38
0.28 4.72
0.28 4.78
0.37 4.38
0.37 4.38
0.37 4.38
0.28 4.72
0.37 4.38
0.35 4.38
0.37 4.38
0.37 4.38
0.37 4.38
0.37 4.4
0.28 4.72
1.0 9.0
0.28 4.72
0.37 4.38
0.37 4.43
0.32 4.36
0.37 4.42
0.28 4.76
0.37 4.38
0.36 4.38
0.37 4.38
9.17 0.84
0.37 4.38
0.28 4.72
0.37 4.39
0.37 4.38
0.37 4.38
0.37 4.38
0.37 4.38
0.37 4.38
0.37 4.39
4.02 9.0
9.08 0.92
0.37 4.38
0.28 4.74
0.32 4.34
0.37 4.4
0.37 4.38
0.37 4.38
1.0 9.0
0.28 4.79
0.34 4.38
0.37 4.38
0.37 4.38
1.0 9.0
3.93 8.96
0.28 4.73
0.36 4.38
0.37 4.38
0.28 4.68
0.37 4.38
0.36 4.38
0.37 4.38
0.37 4.39
0.37 4.38
0.28 4.73
0.34 4.38
0.37 4.38
0.28 4.73
1.0 9.0
0.28 9.0
0.34 4.38
0.37 4.38
0.36 4.38
0.32 4.35
0.37 4.38
0.28 4.74
0.35 4.38
0.28 4.7
0.32 4.34
0.28 8.99
0.28 4.73
0.28 4.66
3.35 9.67
0.37 4.38
0.37 4.38
0.37 4.38
0.37 4.38
0.36 4.38
0.28 4.8
0.35 4.38
0.28 4.71
0.37 4.39
0.37 4.38
0.32 4.35
0.37 4.39
0.37 4.38
0.37 4.38
1.02 9.01
3.92 9.14
0.37 4.38
9.12 0.95
0.28 4.74
0.37 4.38
0.37 4.38
0.28 9.0
0.28 9.04
0.37 4.38
0.37 4.38
0.37 4.39
1.0 9.0
0.28 4.7
0.37 4.4
0.37 4.38
0.37 4.39
0.28 4.74
0.32 4.35
0.37 4.39
0.37 4.38
0.37 4.43
0.37 4.38
0.28 4.72
0.37 4.38
0.37 4.38
0.37 4.41
0.37 4.38
3.87 9.21
9.17 0.84
0.28 4.7
0.34 4.38
0.37 4.39
0.36 4.38
0.28 4.81
0.35 4.38
1.0 9.0
0.37 4.38
0.37 4.44
0.97 8.97
9.17 0.84
0.32 4.34
1.0 9.0
0.37 4.38
0.32 4.34
0.32 4.34
0.28 4.71
0.37 4.38
0.37 4.39
0.32 4.34
0.32 4.35
0.37 4.41
0.37 4.38
0.37 4.39
0.34 4.38
0.37 4.42
0.7 9.67
0.37 4.38
0.28 4.71
0.37 4.45
0.36 4.38
0.37 4.38
0.37 4.38
0.28 4.73
0.37 4.38
0.37 4.38
0.32 4.34
0.28 4.74
0.28 4.7
0.37 4.42
0.37 4.39
0.28 9.0
0.37 4.38
0.37 4.38
0.37 4.38
0.37 4.4
0.37 4.38
0.28 4.72
0.37 4.38
0.37 4.38
1.0 9.0
0.37 4.38
0.37 4.38
0.37 4.39
0.37 4.38
0.37 4.38
0.37 4.38
0.36 4.38
0.37 4.38
0.39 4.57
0.37 4.45
0.37 4.39
0.28 4.86
0.37 4.38
9.29 1.75
0.32 4.34
0.37 4.39
0.37 4.39
4.89 0.79
0.37 4.39
0.37 4.38
0.28 4.68
4.02 9.02
0.37 4.38
0.36 4.38
0.37 4.38
0.37 4.39
0.32 4.35
0.28 4.68
0.37 4.4
0.37 4.39
0.37 4.41
3.77 5.83
0.37 4.39
0.37 4.42
9.23 0.92
0.32 4.34
0.37 4.38
0.35 4.38
0.28 4.73
0.28 4.97
0.37 4.38
0.36 4.38
0.37 4.43
0.28 4.7
0.28 4.71
0.36 4.38
0.37 4.39
4.02 9.0
0.37 4.38
0.37 4.38
0.36 4.38
1.0 9.0
0.37 4.38
5.27 6.72
0.37 4.38
0.37 4.42
0.36 4.38
0.28 4.66
0.28 4.68
0.35 4.38
0.37 4.39
0.37 4.42
0.37 4.41
0.37 4.38
4.89 0.79
0.28 4.7
0.28 4.68
0.35 4.38
0.32 4.35
0.37 4.4
0.37 4.39
0.28 4.66
0.28 4.72
4.02 9.0
0.32 4.36
0.32 4.35
2.09 4.61
0.32 4.34
0.28 4.85
0.37 4.38
0.37 4.38
0.37 4.38
0.37 4.39
0.36 4.38
0.37 4.38
0.32 4.35
0.37 4.41
0.37 4.38
0.37 4.4
1.0 9.0
0.37 4.43
0.37 4.38
0.28 4.84
0.28 4.68
0.37 4.39
0.36 4.38
0.32 4.34
1.0 9.0
4.02 9.0
0.37 4.38
0.37 4.38
0.37 4.39
4.02 9.0
0.37 4.38
0.37 4.39
0.28 4.72
0.37 4.4
0.36 4.38
0.37 4.41
0.37 4.38
2.32 9.67
0.28 4.67
0.34 4.38
0.36 4.38
0.32 4.34
0.37 4.38
0.32 4.35
0.32 4.34
0.32 4.34
0.32 4.34
0.28 9.13
0.36 4.38
0.28 4.72
0.36 4.38
0.37 4.38
0.39 4.57
0.32 4.34
0.37 4.44
9.17 0.84
0.37 4.38
4.02 9.06
0.28 9.0
1.68 9.54
0.32 4.35
0.28 9.0
0.37 4.38
0.32 4.34
0.37 4.38
0.32 4.34
0.37 4.42
0.37 4.39
0.37 4.38
0.37 4.38
0.37 4.39
0.28 4.84
0.28 8.74
0.37 4.38
1.06 8.97
0.28 4.74
0.28 9.0
0.35 4.38
0.35 4.38
0.37 4.44
1.0 9.0
0.37 4.38
0.28 4.72
9.17 0.84
0.32 4.34
0.37 4.39
0.32 4.35
1.0 9.0
4.02 9.0
0.37 4.42
0.28 4.66
0.37 4.4
0.37 4.38
0.37 4.38
1.0 9.0
0.37 4.38
0.37 4.38
2.06 4.53
0.37 4.38
0.37 4.38
0.37 4.44
0.37 4.39
9.17 0.84
0.28 9.29
0.37 4.39
0.37 4.39
0.37 4.39
0.32 4.35
0.37 4.42
0.32 4.34
2.09 4.61
0.36 4.48
3.49 6.24
0.28 4.69
0.28 4.72
1.0 9.0
5.22 7.72
0.36 4.38
0.37 4.4
0.28 4.7
0.28 4.72
0.73 7.5
0.32 4.35
0.32 4.35
0.37 4.39
2.49 0.81
0.32 4.35
0.37 4.39
0.28 4.73
1.0 9.0
0.37 4.38
0.32 4.35
1.0 9.0
0.28 4.69
0.32 4.34
0.28 4.71
0.32 4.34
0.37 4.39
0.32 4.35
0.37 4.44
0.37 4.39
0.32 4.34
0.32 4.35
0.32 4.34
0.32 4.34
0.37 4.39
0.32 4.35
0.28 8.96
0.32 4.34
1.0 9.0
0.28 9.0
0.32 4.34
0.28 4.72
0.37 4.4
1.0 9.0
1.0 9.0
9.26 1.07
0.32 4.35
0.28 4.75
0.32 4.34
1.0 9.0
0.37 4.43
0.32 4.34
3.77 9.0
0.37 4.39
0.37 4.42
0.28 8.32
0.37 4.38
0.32 4.35
0.28 7.62
0.32 4.34
2.09 4.61
0.37 4.39
0.32 4.35
0.32 4.36
1.0 9.0
0.32 4.35
0.37 4.38
0.37 4.39
0.28 4.72
0.32 4.35
0.36 4.38
0.32 4.35
0.37 4.38
0.32 4.34
0.32 4.35
0.37 4.39
9.05 0.91
0.32 4.34
4.02 9.0
0.32 4.36
0.32 4.34
0.28 4.69
0.32 4.35
0.37 4.46
0.32 4.35
0.32 4.35
0.37 4.39
4.89 0.79
0.37 4.39
0.28 9.0
4.02 9.0
0.32 4.34
1.0 9.0
1.0 9.0
0.37 4.43
0.37 4.42
0.28 4.67
0.32 4.35
0.32 4.34
0.37 4.43
0.37 4.39
0.37 4.43
0.56 5.31
0.32 4.34
0.32 4.34
9.17 0.84
0.37 4.39
0.37 4.42
0.32 4.35
0.37 4.38
0.37 4.39
9.17 0.84
4.89 0.79
0.32 4.34
0.32 4.34
0.32 4.34
3.97 9.08
0.37 4.42
0.37 4.38
0.37 4.39
0.32 4.35
0.32 4.34
0.37 4.4
0.32 4.34
0.37 4.4
0.32 4.34
1.53 9.67
0.37 4.39
1.0 9.0
0.37 4.4
9.1 0.97
0.37 4.39
0.32 4.34
0.37 4.42
1.0 9.0
0.32 4.34
0.32 4.35
0.37 4.42
1.0 9.0
9.17 0.84
3.51 9.62
0.32 4.35
9.37 4.97
0.32 4.34
0.37 4.39
0.37 4.39
0.32 4.36
0.32 4.35
0.37 4.39
0.37 4.41
0.32 4.34
1.0 9.0
1.01 9.0
3.18 6.32
2.09 4.61
1.0 9.0
1.0 9.0
0.32 4.34
0.28 4.82
0.37 4.43
1.0 9.0
0.37 4.39
0.37 4.4
0.32 4.34
0.32 4.35
9.17 0.84
9.17 0.84
5.02 6.56
0.28 9.0
9.17 0.84
0.37 4.39
1.64 8.95
0.32 4.34
0.3 4.33
1.0 9.0
0.37 4.39
0.32 4.34
0.37 4.43
0.37 4.39
1.0 9.0
0.32 4.35
0.28 4.77
1.92 5.88
0.32 4.34
0.32 4.34
2.93 9.67
0.32 4.35
0.37 4.39
0.32 4.35
0.32 4.35
0.32 4.35
0.96 8.78
1.0 9.0
0.37 4.38
1.0 9.0
0.32 4.35
4.02 9.0
2.09 4.61
9.21 1.32
0.37 4.39
1.0 9.0
0.32 4.34
1.0 9.0
2.62 6.17
8.14 1.04
2.09 4.61
5.22 7.68
0.32 4.35
4.89 0.79
0.32 4.34
0.37 4.38
0.37 4.43
0.37 4.39
0.37 4.39
0.37 4.39
4.89 0.79
0.32 4.35
0.32 4.34
0.32 4.35
3.98 7.79
0.32 4.35
0.37 4.39
0.32 4.34
4.89 0.79
0.32 4.34
2.09 4.61
0.32 4.34
0.37 4.4
0.37 4.39
0.32 4.35
0.32 4.34
1.0 9.0
1.0 9.0
3.62 9.52
0.28 9.0
0.32 4.35
0.32 4.34
0.37 4.4
0.28 4.79
0.32 4.34
1.0 9.0
0.32 4.34
0.32 4.34
1.0 9.01
0.37 4.39
0.37 4.39
9.11 0.85
0.32 4.34
0.37 4.42
0.32 4.35
0.37 4.44
1.0 9.0
2.09 4.61
1.51 9.67
1.0 9.0
9.33 1.58
0.37 4.39
1.0 9.0
0.37 4.39
0.37 4.42
3.94 9.12
0.37 4.39
0.37 4.39
9.03 0.89
1.0 9.0
9.17 0.84
1.0 9.0
3.92 9.13
1.53 9.1
0.37 4.42
0.32 4.36
0.37 4.41
0.37 4.39
0.32 4.34
1.0 9.0
0.37 4.39
0.37 4.39
0.32 4.34
0.37 4.39
1.0 9.0
0.37 4.39
3.47 9.63
0.32 4.34
4.02 9.0
0.32 4.35
0.37 4.39
0.37 4.39
1.0 9.0
0.37 4.39
0.37 4.43
1.67 9.01
0.32 4.35
9.17 0.84
0.32 4.34
1.0 9.0
4.02 9.0
0.37 4.4
0.37 4.39
4.02 9.03
4.62 8.33
0.28 9.0
0.52 9.14
0.37 4.44
0.28 9.0
1.02 9.0
1.87 6.74
2.09 4.61
1.0 9.0
0.32 4.34
0.37 4.39
0.32 4.35
0.32 4.34
0.32 4.35
9.17 0.84
0.28 9.0
4.02 9.0
0.32 4.35
1.0 9.0
1.0 9.0
1.0 9.0
1.0 9.0
0.37 4.42
0.28 9.0
0.28 6.16
1.0 9.0
0.32 4.34
0.37 4.42
0.37 4.43
4.89 0.79
9.05 0.6
9.28 6.62
0.37 4.41
0.32 4.34
0.37 4.42
0.28 9.08
0.32 4.34
0.32 4.34
0.32 4.34
0.28 9.04
0.28 4.81
0.37 4.39
2.62 7.28
0.32 4.34
2.09 4.61
1.0 9.0
0.37 4.39
1.0 9.0
4.81 7.52
0.32 4.34
0.32 4.34
0.37 4.38
0.37 4.4
0.37 4.39
1.0 9.0
9.11 0.74
0.32 4.34
9.19 1.16
0.37 4.42
9.39 1.27
0.28 8.95
0.32 4.35
2.23 6.03
0.37 4.39
0.37 4.38
0.32 4.34
0.32 4.35
4.89 0.79
0.32 4.35
9.17 0.84
0.37 4.38
2.09 4.61
0.32 4.34
2.09 4.61
0.28 9.0
0.32 4.35
1.31 3.76
0.28 9.0
0.32 4.35
0.32 4.34
0.32 4.34
2.19 4.87
1.0 9.0
0.32 4.35
0.37 4.45
9.17 0.84
1.0 9.0
2.95 9.67
1.0 9.0
1.0 9.0
4.89 0.79
0.32 4.33
0.32 4.34
0.37 4.38
1.0 9.0
0.28 4.85
0.32 4.34
1.01 9.07
3.97 9.12
0.37 4.39
0.32 4.34
0.37 4.39
0.28 9.47
0.37 4.39
0.32 4.34
0.37 4.4
0.32 4.35
4.02 9.01
1.0 9.0
2.08 4.63
0.32 4.35
0.32 4.34
2.09 4.61
0.32 4.35
4.62 0.32
4.02 9.0
0.8 9.09
9.16 0.87
0.28 4.81
0.32 4.35
1.0 9.0
0.32 4.35
0.28 9.0
1.43 9.67
1.69 5.98
9.17 0.84
0.37 4.39
1.42 9.22
0.32 4.35
1.0 9.0
0.32 4.34
4.89 0.79
0.37 4.43
0.37 4.39
0.32 4.34
0.37 4.39
0.32 4.34
1.97 9.67
1.0 9.0
0.32 4.34
9.28 1.2
0.37 4.39
9.17 0.84
0.37 4.44
0.37 4.42
0.37 4.39
0.32 4.34
0.37 4.39
2.09 4.61
9.17 0.84
0.28 9.0
3.97 9.1
0.32 4.35
0.37 4.39
2.79 9.67
0.28 9.0
0.28 9.0
0.37 4.42
1.0 9.0
9.17 0.84
1.04 5.89
0.32 4.34
1.0 9.0
0.28 9.0
0.32 4.34
0.37 4.39
5.49 7.77
0.37 4.42
9.01 0.86
4.02 9.0
1.0 9.0
9.17 0.84
9.07 0.85
1.0 9.0
0.28 1.65
0.32 4.35
0.28 9.0
2.09 4.61
3.87 9.17
1.0 9.0
4.94 7.97
1.99 4.45
0.32 4.34
1.99 6.36
0.32 4.35
0.37 4.42
4.86 8.07
4.89 0.79
3.97 9.1
0.77 9.67
0.32 4.34
0.37 4.42
1.38 9.67
2.09 4.61
1.0 9.0
2.09 4.61
0.37 4.39
1.0 9.0
0.37 4.38
3.97 9.09
0.32 4.33
1.0 9.0
4.32 8.72
0.37 4.42
1.0 9.0
0.32 4.33
9.17 0.84
0.67 4.81
0.32 4.37
1.0 9.0
1.0 9.0
5.42 6.78
0.28 8.96
6.81 0.66
4.02 9.0
2.09 4.61
4.02 9.0
1.0 9.0
4.02 9.0
0.28 4.77
0.37 4.4
0.94 9.01
1.26 3.61
4.89 0.79
9.16 0.86
0.37 4.39
0.32 4.35
0.32 4.35
9.17 0.84
0.93 9.67
4.52 8.47
1.0 9.0
0.28 9.0
2.09 4.61
1.0 9.0
0.37 4.41
1.75 9.67
0.37 4.42
1.14 8.88
0.37 4.41
0.32 4.34
0.28 4.83
0.37 4.4
1.0 9.0
0.32 4.34
1.0 9.0
0.32 4.34
3.97 2.88
1.23 3.25
0.28 9.33
0.37 4.41
9.17 0.84
1.0 9.0
0.37 4.39
4.89 0.79
0.32 4.34
5.57 6.85
4.92 6.49
1.15 8.98
9.28 3.24
0.97 7.61
2.09 4.61
0.28 9.0
1.71 6.03
0.32 4.34
0.32 4.34
0.28 9.03
2.09 4.61
2.09 4.61
0.32 4.34
3.34 9.0
2.09 4.61
0.84 9.67
1.0 9.0
0.32 4.34
1.0 9.0
2.09 4.61
4.02 9.0
2.09 4.61
4.65 7.14
2.09 4.61
9.17 0.84
2.09 4.61
1.61 8.85
4.89 0.79
0.32 4.36
1.0 9.0
9.09 0.87
0.32 4.33
4.89 0.79
0.28 9.0
2.09 4.65
4.59 6.33
0.32 4.34
0.28 9.0
4.02 9.05
1.0 9.0
2.18 6.11
3.12 8.47
1.0 9.0
0.28 9.0
5.07 6.58
4.89 0.79
1.0 9.0
2.09 4.61
1.0 9.0
1.0 9.0
0.28 7.66
2.06 4.76
1.8 3.44
0.37 4.42
1.0 9.0
2.09 4.61
0.32 4.34
0.32 4.34
9.12 1.01
9.19 1.03
8.28 1.06
3.08 9.67
0.37 4.43
2.09 4.61
0.28 8.6
9.2 0.9
1.32 3.78
1.0 9.0
9.1 1.05
1.0 9.0
1.0 9.0
5.4 6.78
4.32 6.13
0.37 4.42
1.0 9.0
0.32 4.34
5.41 6.78
1.0 9.0
2.07 4.57
4.88 7.14
1.32 3.78
3.69 4.38
8.07 0.78
9.15 0.86
1.99 4.45
2.09 4.63
1.0 9.0
1.0 9.0
1.0 9.0
2.07 4.57
2.09 4.61
9.08 0.83
1.0 8.99
0.98 9.67
2.09 4.61
1.0 9.0
2.09 4.61
2.09 4.61
9.17 0.84
2.14 8.82
2.09 4.61
4.89 0.79
1.66 7.35
1.31 3.76
1.25 3.87
1.0 9.0
8.03 1.02
1.01 8.98
2.09 4.61
4.89 0.79
9.23 0.72
0.61 8.9
2.09 4.65
2.09 4.61
0.28 9.44
3.27 8.84
2.01 4.76
2.71 1.66
0.32 4.34
4.89 0.79
0.32 4.34
0.31 4.62
0.86 6.2
1.9 5.88
1.24 3.94
0.96 9.0
9.17 0.84
1.31 3.77
2.08 4.64
0.94 3.12
9.17 0.84
4.03 7.93
2.09 4.61
9.17 0.84
4.62 0.32
4.97 7.41
1.0 9.0
1.82 2.63
1.27 3.74
8.33 1.07
1.3 2.95
5.41 6.78
2.09 4.61
0.63 7.09
2.0 3.13
2.09 4.61
9.2 0.9
1.0 9.0
1.0 9.0
0.91 7.79
2.09 4.61
9.17 0.84
2.09 4.61
1.12 3.1
4.02 9.0
1.0 9.0
1.0 9.0
1.0 9.0
4.89 0.79
2.1 4.63
0.28 9.34
0.6 6.44
2.09 4.61
2.07 4.57
3.56 9.34
2.62 5.49
2.09 4.61
2.09 4.61
0.39 5.12
5.41 6.78
4.89 0.79
8.04 1.0
2.01 8.97
4.02 9.0
9.23 1.77
4.87 0.79
9.17 0.84
2.07 4.59
3.68 5.98
1.94 4.46
4.62 8.3
9.17 0.84
2.09 4.61
4.89 0.79
3.18 5.82
1.02 6.39
2.09 4.61
4.74 7.21
2.09 4.61
4.62 8.29
1.87 3.26
9.39 5.45
2.03 4.75
4.89 0.79
1.0 9.0
2.09 4.61
3.92 9.13
7.83 0.83
2.09 4.61
3.18 6.88
9.17 0.78
4.02 9.02
6.31 4.44
2.09 4.61
4.89 0.79
9.17 0.84
4.73 2.76
2.9 9.67
1.34 6.7
9.17 0.84
1.09 3.15
4.89 0.79
2.16 6.18
0.28 4.67
1.27 3.23
5.36 6.73
1.0 9.0
4.02 9.0
9.17 0.84
1.25 3.56
0.28 9.38
4.89 0.79
4.94 0.79
2.06 4.55
1.31 3.76
5.34 6.73
4.62 8.29
4.44 7.46
3.92 9.13
1.96 5.78
9.17 0.84
5.46 0.52
9.17 0.84
0.28 1.65
2.13 3.4
2.08 4.58
4.66 8.27
2.09 4.61
2.05 4.53
1.35 6.47
0.28 8.73
4.12 8.9
2.09 4.61
2.49 0.81
2.06 4.56
8.99 0.76
8.15 1.04
1.25 6.5
1.66 3.31
1.07 8.24
9.2 0.67
8.69 1.04
3.92 9.15
6.83 1.98
0.4 4.48
6.73 0.29
4.89 0.79
0.95 3.25
4.67 0.44
3.68 8.82
0.99 9.67
1.0 9.0
1.0 9.0
1.39 4.13
1.31 3.76
4.89 0.79
2.08 4.63
3.13 7.72
1.92 5.88
4.02 9.0
0.95 3.02
1.98 1.89
9.17 0.84
1.24 3.2
4.62 8.29
2.25 9.28
4.02 9.03
4.89 0.79
2.08 4.61
4.89 0.79
1.12 3.1
2.49 0.81
4.59 7.33
1.41 3.71
1.2 6.48
4.89 0.79
2.2 1.01
4.64 0.55
6.27 0.45
4.21 7.28
1.62 5.93
9.17 0.84
4.4 7.51
5.31 6.73
4.89 0.79
1.44 8.72
1.04 7.92
2.05 4.52
1.17 9.4
4.9 6.48
4.59 8.37
4.89 0.79
1.0 9.0
2.35 5.77
0.83 3.26
4.02 9.0
4.56 6.82
1.0 9.0
1.66 2.63
0.95 8.93
2.14 4.3
9.11 1.18
5.41 6.78
4.89 0.79
2.14 5.88
9.19 1.13
4.89 0.79
0.82 9.03
1.26 3.61
0.34 6.69
1.32 3.78
4.42 0.43
4.65 7.17
1.87 3.44
7.85 5.2
4.89 0.79
0.28 5.83
2.05 4.53
1.96 5.84
4.89 0.79
4.66 0.3
1.0 9.0
9.29 1.07
4.02 9.0
0.28 1.65
4.83 7.2
1.32 3.78
4.89 0.79
4.62 8.3
9.17 0.84
4.94 0.79
4.66 0.37
1.8 3.39
3.13 7.67
9.17 0.73
5.74 8.94
4.89 0.79
0.75 8.06
1.14 3.3
0.52 9.14
9.38 0.47
4.54 7.67
5.53 6.83
2.07 4.66
0.37 6.68
1.87 3.27
2.22 5.98
1.28 3.26
9.17 0.84
4.52 6.28
0.99 8.95
1.38 8.74
1.41 4.06
9.17 0.84
2.07 4.57
9.17 0.84
0.96 8.97
4.91 6.48
9.17 0.84
5.23 6.68
0.56 9.14
2.3 0.75
9.67 9.52
1.97 3.39
1.68 7.49
4.91 0.37
0.83 3.26
4.85 6.43
4.55 0.32
1.39 7.63
1.23 3.25
3.18 5.6
1.23 3.93
4.02 9.0
4.89 0.79
0.28 4.87
1.37 3.42
5.5 6.83
9.17 0.84
9.04 1.34
4.61 8.37
3.92 9.15
1.21 3.15
1.0 9.0
9.19 1.51
8.99 1.09
1.81 3.25
0.97 3.27
0.67 7.4
4.97 7.37
1.09 3.15
0.43 4.53
9.67 2.17
1.95 4.46
4.02 9.03
9.17 0.84
9.67 3.17
1.0 7.99
7.69 0.85
0.86 9.15
4.89 0.79
4.72 0.79
1.0 9.0
7.74 0.9
1.19 3.43
1.25 3.56
9.17 0.84
9.17 0.84
9.23 0.74
1.24 3.2
1.86 5.93
9.2 0.9
9.18 6.0
1.23 3.92
0.92 3.27
1.81 3.12
1.31 3.77
0.28 1.65
1.22 9.1
1.0 9.0
1.0 9.0
9.04 0.69
9.09 1.29
5.12 7.73
1.23 3.25
9.67 2.31
1.33 6.51
0.85 3.26
9.17 0.84
0.28 9.3
9.17 0.84
1.67 6.27
1.01 7.18
1.37 3.42
1.0 9.0
1.0 9.0
1.95 8.95
2.07 4.59
1.31 4.08
1.95 3.45
2.62 3.92
0.37 4.66
4.45 6.96
1.26 3.61
1.8 3.44
1.27 3.23
0.28 7.97
1.23 3.25
4.09 8.8
2.13 3.4
4.94 6.53
9.17 0.84
4.73 7.18
0.54 5.0
8.95 6.98
2.62 8.19
4.02 9.0
0.28 9.65
0.28 1.65
3.83 8.69
1.0 9.0
1.5 3.21
9.17 0.84
1.3 2.95
1.24 3.2
1.25 3.56
4.32 8.64
4.99 6.53
1.16 9.67
1.0 9.0
1.87 3.27
1.67 2.63
1.28 3.24
1.0 9.0
4.59 8.37
2.63 9.67
1.23 3.25
1.13 6.45
9.0 0.62
9.17 0.84
4.02 9.06
0.83 3.26
0.55 5.23
1.07 8.09
9.18 0.84
1.25 3.56
2.5 4.24
4.02 9.0
1.29 3.45
9.17 0.84
0.99 8.42
3.84 8.04
9.67 2.61
1.88 5.92
9.17 0.84
9.17 0.84
6.53 9.67
2.28 5.54
1.03 6.4
1.47 5.83
1.2 3.5
2.07 4.65
5.47 6.83
9.17 0.84
4.42 0.43
9.17 0.84
0.94 3.12
2.03 4.49
1.35 3.62
1.0 9.0
1.42 4.24
1.0 9.0
9.29 1.54
5.27 7.67
9.67 1.76
8.25 1.05
1.34 3.51
1.39 3.88
0.28 1.65
1.24 3.92
1.37 3.42
2.49 0.81
3.97 9.09
9.17 0.84
2.55 0.37
0.94 3.12
0.97 3.18
4.21 6.75
1.0 9.0
0.28 1.65
1.05 3.28
1.87 3.27
1.24 3.2
1.23 3.25
1.95 3.45
5.29 7.67
1.09 3.15
1.48 3.23
0.28 1.65
1.17 3.13
1.29 3.26
1.27 3.23
3.83 8.42
1.23 3.25
2.08 5.1
1.05 3.35
4.65 7.14
1.8 3.39
1.3 2.95
2.5 0.3
1.46 3.54
0.28 1.65
1.0 9.0
1.85 4.68
1.23 3.25
1.16 8.21
4.0 8.41
0.92 8.86
7.77 0.99
1.86 6.53
2.13 3.4
1.7 4.22
1.0 9.0
9.17 0.84
1.52 2.87
0.88 9.15
9.17 0.84
0.28 5.43
0.28 9.1
2.12 4.01
1.0 9.0
1.54 5.02
0.55 9.15
7.32 9.67
1.37 3.42
1.11 3.1
1.66 0.57
2.04 7.01
9.17 0.84
9.13 0.53
8.1 1.03
3.8 0.51
1.48 3.23
1.0 9.0
1.02 3.29
2.16 5.88
1.96 5.85
0.94 3.12
2.15 5.9
7.83 0.83
0.95 3.28
2.13 8.17
1.5 9.2
1.69 4.19
1.0 9.0
2.04 7.13
4.02 9.0
0.84 3.26
1.06 3.35
9.05 1.78
1.13 3.26
2.47 0.8
0.28 8.66
1.34 3.89
1.38 0.31
0.98 3.3
1.09 3.15
1.22 3.24
5.72 0.48
2.22 6.04
1.87 3.26
4.62 8.3
4.55 7.78
1.81 3.12
1.87 3.26
1.08 8.47
1.85 3.82
4.72 7.25
1.0 9.0
0.95 3.24
2.02 5.87
0.44 4.72
1.87 3.27
5.36 6.73
1.32 3.33
1.0 9.0
0.71 3.13
1.3 2.95
5.54 7.87
1.0 9.0
3.57 5.76
1.0 9.0
0.28 5.71
1.18 3.57
1.56 3.53
0.28 1.65
4.02 9.0
7.98 0.97
1.23 3.92
4.85 7.11
2.49 0.81
1.67 2.63
1.0 9.0
4.34 7.46
2.07 0.6
0.95 3.02
0.28 1.65
1.87 3.27
1.0 9.0
2.28 0.73
1.8 3.39
0.28 1.65
0.8 3.2
1.27 3.25
1.64 2.63
5.2 7.26
2.18 5.16
1.27 3.23
9.01 4.13
1.8 3.39
1.57 6.61
4.53 7.1
1.87 3.27
1.0 9.0
1.24 3.93
5.57 6.88
0.55 5.28
1.86 3.69
9.67 2.53
1.2 9.1
4.2 6.98
1.31 3.34
1.22 3.28
4.21 7.87
2.16 3.4
5.81 0.4
1.24 3.2
1.3 2.95
5.57 6.87
1.7 5.98
1.52 2.87
1.81 3.25
0.99 3.28
1.07 8.41
1.0 9.0
4.7 8.22
9.67 2.43
0.28 1.65
4.56 8.42
4.39 6.92
1.82 3.55
4.02 9.0
0.28 1.65
1.48 3.23
5.16 1.12
4.63 7.45
1.97 4.38
1.75 4.9
3.8 0.51
0.28 5.53
1.89 5.88
9.3 4.1
3.18 7.61
0.91 3.09
9.46 0.28
1.12 3.1
4.97 7.88
1.87 3.3
1.87 3.27
0.28 5.97
2.34 0.76
1.0 9.0
4.02 9.0
8.93 2.1
1.62 6.5
1.0 9.0
2.3 0.75
3.13 7.7
0.43 4.67
2.02 5.82
2.71 1.66
2.71 1.66
2.02 5.81
0.95 3.02
8.34 1.07
4.49 7.53
0.39 4.9
1.31 4.16
1.62 4.1
4.26 8.77
5.57 6.83
1.41 3.79
1.13 3.21
7.44 9.35
4.63 7.31
1.6 3.38
0.41 4.64
4.02 9.0
1.48 3.23
2.1 4.66
5.22 6.64
5.25 6.68
1.81 3.12
2.03 3.41
0.28 1.65
2.49 0.81
1.0 9.0
1.87 3.27
3.35 0.5
4.6 7.16
1.81 3.12
0.28 1.65
3.88 6.98
1.12 3.1
1.67 2.63
1.0 6.23
1.0 9.0
0.96 8.96
4.62 7.47
2.06 0.81
1.44 5.83
2.16 0.71
2.49 0.81
1.94 3.33
0.28 8.93
0.28 1.65
0.44 9.67
1.88 5.88
0.98 9.0
4.93 6.53
1.3 2.95
1.19 3.85
5.22 6.65
1.89 4.79
2.07 0.6
1.0 9.0
1.99 2.94
1.12 3.1
1.0 9.0
1.87 3.26
1.0 9.0
4.02 9.0
2.3 0.75
3.35 0.5
0.28 1.65
2.49 0.81
1.0 9.0
4.02 9.0
4.01 7.22
9.67 2.58
0.28 1.65
1.0 9.0
3.92 9.15
2.16 0.71
0.28 1.65
2.02 5.82
5.12 6.6
4.12 8.92
4.62 8.33
1.82 2.63
1.0 9.0
0.98 6.37
0.28 1.65
0.28 1.65
5.46 6.78
3.93 6.79
9.67 9.46
0.87 6.18
5.6 5.93
2.71 1.66
2.69 1.65
0.49 4.67
1.21 3.93
0.28 1.65
1.52 2.87
0.97 8.97
1.66 2.63
0.28 1.65
0.28 1.65
1.81 3.12
8.73 8.81
4.65 7.17
1.3 2.95
4.87 8.06
1.87 3.26
2.24 8.84
9.67 2.43
4.55 7.58
8.97 4.48
1.87 3.26
1.0 9.0
0.28 8.85
4.91 6.48
0.28 1.65
3.18 6.31
0.34 4.7
5.42 6.78
1.0 9.0
2.55 0.37
2.3 0.75
1.67 2.63
1.0 9.0
1.0 9.0
5.26 7.67
1.62 5.95
1.0 9.0
0.28 1.65
1.66 2.63
9.38 6.67
5.53 7.5
4.2 6.86
0.28 1.65
4.35 8.62
1.81 3.25
4.33 7.49
5.54 7.23
2.5 0.3
0.28 1.65
2.11 0.68
3.99 8.4
0.28 1.65
0.89 8.93
8.23 9.45
0.28 1.7
2.3 0.76
2.0 3.13
5.22 6.64
0.28 1.65
1.22 3.2
1.3 2.95
2.25 0.71
1.66 2.63
1.66 2.63
1.88 9.67
5.27 6.68
2.3 0.75
4.32 8.65
0.28 1.68
1.0 9.0
0.53 5.03
2.95 1.78
1.82 2.63
2.62 3.95
2.2 0.99
4.57 9.53
1.0 9.0
0.28 1.66
2.36 0.77
2.02 9.67
2.49 0.81
0.28 5.83
0.28 1.65
4.33 7.93
9.67 2.44
4.89 8.02
6.27 7.25
4.99 7.87
2.71 1.66
1.64 5.98
6.41 8.38
4.99 6.53
1.03 6.26
1.24 9.4
3.18 6.3
3.32 0.49
0.28 8.91
5.42 6.78
1.67 2.63
0.28 1.65
5.65 9.2
1.66 2.63
1.0 9.0
0.28 1.65
1.66 0.57
0.28 9.49
2.51 0.81
2.45 0.8
0.46 5.25
1.0 9.0
1.0 9.0
0.28 1.65
4.49 0.55
5.16 6.63
4.34 6.18
2.71 1.66
9.67 1.74
5.47 6.78
1.95 6.42
0.28 1.65
0.28 9.06
5.41 7.72
3.35 0.5
2.49 0.81
2.39 5.78
3.18 6.58
0.28 1.65
1.67 2.63
2.37 0.78
2.55 0.37
0.28 1.65
1.64 2.63
1.0 9.0
3.13 7.67
2.39 0.78
0.39 4.48
2.62 0.83
0.28 1.65
4.02 9.07
2.28 0.73
4.52 8.47
4.76 8.17
2.71 1.66
3.47 2.58
5.57 6.84
9.67 9.51
9.67 2.65
3.18 6.24
1.05 9.01
2.24 0.73
2.33 0.75
0.28 1.65
6.58 9.67
2.49 0.81
2.47 0.8
1.98 1.89
1.98 1.89
2.67 1.67
2.71 1.66
2.51 0.81
2.3 0.76
2.67 1.64
2.06 0.64
6.16 7.97
0.28 1.65
2.1 0.7
0.28 8.56
2.55 0.37
1.86 9.1
1.98 8.45
2.49 0.81
5.47 6.82
2.74 1.63
2.3 0.76
4.18 5.04
2.49 0.81
1.38 7.51
1.66 0.57
2.49 0.81
5.22 6.63
2.3 0.75
2.12 0.71
5.58 6.88
0.32 4.48
1.66 2.63
5.27 6.71
1.43 0.51
2.49 0.81
7.2 4.25
4.02 9.05
4.33 9.52
7.7 9.67
2.61 1.65
4.14 7.47
3.18 6.22
2.28 0.73
1.0 9.0
5.12 7.73
2.52 0.83
2.49 0.81
1.66 2.63
9.49 6.72
9.67 2.61
0.28 1.63
2.3 0.75
9.67 2.53
2.11 0.68
2.33 0.75
5.43 7.72
1.92 0.65
1.01 9.0
1.82 2.66
2.69 1.65
2.19 0.7
2.49 0.81
0.47 4.79
2.07 0.6
2.69 1.65
2.24 0.73
9.67 2.54
1.0 9.0
4.57 7.9
5.56 7.87
2.28 0.73
2.3 0.75
5.27 7.67
5.37 6.73
2.3 0.75
2.33 0.75
1.67 2.63
5.27 0.73
1.64 2.63
0.28 9.23
1.09 9.67
1.0 9.0
2.46 0.8
2.94 8.75
5.57 6.87
2.2 0.71
4.5 8.47
2.49 0.81
2.49 0.81
2.5 0.3
2.49 0.81
0.74 9.67
2.06 0.81
2.24 0.73
2.49 0.81
1.91 0.32
4.02 9.0
2.42 0.78
2.3 0.76
1.24 8.72
2.82 1.63
2.35 0.75
2.3 0.75
2.5 0.79
9.67 1.49
2.49 0.81
2.51 0.81
1.99 0.67
2.3 0.75
9.67 2.43
4.49 8.47
2.02 0.8
2.58 0.83
2.46 0.8
2.49 0.81
2.49 0.81
2.29 0.75
2.49 0.81
2.3 0.76
2.07 0.6
2.33 0.75
2.49 0.81
2.49 0.81
4.02 9.0
2.49 0.81
2.24 0.73
2.4 0.77
2.3 0.75
2.49 0.81
2.33 0.75
2.49 0.81
2.24 0.73
2.21 0.72
2.28 0.73
2.73 1.61
1.79 8.85
9.67 2.54
2.36 0.75
2.72 1.68
2.52 0.83
4.84 8.07
2.55 0.37
2.3 0.75
2.49 0.81
2.58 1.71
2.49 0.81
2.47 0.8
2.45 0.8
2.5 0.81
2.51 0.81
2.49 0.81
2.94 1.78
2.52 0.82
1.0 9.0
1.66 1.87
2.49 0.81
9.67 2.43
2.17 0.7
2.24 0.73
2.2 1.01
2.47 0.79
1.67 1.87
2.3 0.76
0.28 5.72
2.48 0.81
2.3 0.76
2.07 0.6
1.92 0.65
9.67 0.79
1.05 1.79
1.66 0.57
2.19 1.05
2.49 0.81
1.05 1.79
0.42 4.92
2.5 0.8
2.3 0.76
2.11 0.68
2.47 0.78
9.67 2.51
2.43 0.78
2.48 0.8
2.16 0.66
9.67 2.43
4.02 9.0
2.52 0.82
9.67 2.49
2.35 0.75
2.5 0.81
9.67 2.3
2.64 1.64
2.3 0.75
2.28 0.73
2.23 0.74
2.31 0.75
2.42 0.79
2.19 0.61
2.3 0.75
2.31 0.75
2.08 0.59
2.29 0.75
2.02 0.8
2.18 0.93
2.5 0.78
4.02 9.0
2.3 0.76
2.28 0.73
2.61 1.68
2.3 0.75
2.49 0.81
3.97 9.08
2.66 1.65
3.37 1.59
2.45 0.77
2.47 0.8
2.45 0.8
2.3 0.75
2.22 0.7
2.06 0.59
2.45 0.8
2.46 0.81
2.35 0.75
2.47 0.82
2.69 1.65
2.07 0.6
2.16 0.71
2.16 0.71
2.73 1.68
1.92 0.65
2.33 0.75
2.49 0.81
2.49 0.81
2.16 0.71
2.24 0.73
2.14 0.63
2.33 0.75
9.67 2.46
2.24 0.73
2.49 0.81
2.49 0.81
2.05 0.81
9.67 9.51
2.5 0.82
2.18 0.69
2.49 0.81
2.19 0.73
2.52 0.8
2.03 0.8
2.06 0.81
2.3 0.75
1.97 0.6
2.23 0.72
2.49 0.81
2.37 0.75
2.3 0.75
2.27 0.72
2.35 0.75
2.5 1.83
2.15 0.71
2.49 0.81
2.36 0.74
2.48 0.81
1.07 1.79
9.67 2.91
2.33 0.76
2.49 0.81
2.11 0.68
2.48 0.8
2.16 0.71
9.67 2.44
2.38 0.77
2.39 0.77
2.31 0.76
2.24 0.73
2.23 0.74
2.05 0.67
2.28 0.73
2.3 0.76
2.15 0.71
2.18 0.93
2.3 0.76
2.24 0.73
2.3 0.75
2.3 0.75
2.3 0.75
2.62 1.0
2.06 0.81
2.3 0.76
2.76 1.61
9.67 2.25
2.1 0.69
2.3 0.75
4.55 7.94
2.14 0.69
2.45 0.79
2.3 0.75
2.3 0.75
2.48 0.8
2.14 0.71
2.02 0.8
2.3 0.75
7.21 4.13
2.22 0.71
2.3 0.75
0.49 0.78
2.3 0.76
2.32 0.76
2.54 0.82
2.19 0.71
2.24 0.73
9.67 2.44
9.67 2.52
5.42 6.78
9.67 2.44
2.21 0.72
2.3 0.76
2.23 0.73
0.32 1.62
2.3 0.76
2.3 0.76
2.34 0.76
2.3 0.75
2.23 0.72
2.3 0.76
2.28 0.73
2.3 0.75
1.92 0.65
2.06 0.63
2.31 0.75
2.3 0.76
2.03 0.81
2.28 0.75
2.23 0.72
2.3 0.76
2.3 0.75
2.3 0.76
2.28 0.73
9.67 2.62
2.24 0.73
2.27 0.73
2.29 0.75
2.3 0.76
2.3 0.75
2.28 0.73
2.3 0.75
2.02 0.8
2.47 0.8
2.06 0.66
2.3 0.75
2.51 0.81
9.67 2.17
2.32 0.76
2.21 0.68
2.3 0.76
2.06 0.81
2.48 0.79
2.07 0.67
2.24 0.73
2.24 0.73
2.16 0.71
2.24 0.73
2.02 0.8
2.29 0.75
2.47 0.79
4.59 5.13
9.67 2.29
2.21 0.72
9.67 2.53
2.03 0.68
2.2 1.01
9.67 2.45
2.31 0.74
2.24 0.73
4.02 9.0
1.95 0.63
2.29 0.73
1.67 1.87
2.18 0.68
2.27 0.72
9.67 2.63
4.56 4.98
2.27 0.72
9.67 2.48
2.48 0.77
2.3 0.76
2.3 0.76
2.5 0.78
2.2 1.01
2.16 0.71
2.05 0.68
2.23 0.72
2.77 1.66
2.48 0.81
2.35 0.75
2.18 0.7
3.85 4.04
2.5 0.81
2.24 0.73
2.26 0.72
2.18 0.93
1.92 0.65
2.06 0.67
2.44 0.8
2.31 0.75
1.92 0.65
2.24 0.73
1.47 0.52
2.3 0.76
2.06 0.81
0.28 8.96
2.53 0.82
2.36 0.76
2.32 0.76
2.19 1.04
2.3 0.73
2.36 0.76
2.18 0.69
4.02 9.0
2.71 1.64
2.71 1.65
2.56 0.83
2.07 0.67
1.98 0.66
2.18 0.93
9.67 2.18
9.67 2.53
1.97 0.64
2.35 0.77
2.06 0.81
2.3 0.76
2.15 0.71
2.46 0.79
2.3 0.76
2.46 0.79
2.81 1.63
1.92 0.65
2.18 0.95
2.46 0.78
1.63 1.73
1.97 0.64
2.21 0.71
2.19 1.05
4.71 5.05
2.31 0.74
2.14 0.69
2.24 0.73
2.16 0.72
9.67 2.78
9.67 2.48
