2.2 6.2
1.0 9.0
1.0 9.0
2.04 9.67
0.28 9.0
4.02 9.0
0.28 9.0
1.0 9.0
0.87 9.67
1.17 9.08
1.0 9.0
0.45 9.51
1.0 9.0
4.02 9.0
0.28 9.0
0.28 9.0
1.0 9.0
1.0 9.0
1.0 9.0
1.0 9.0
0.28 9.0
3.18 6.34
2.74 7.73
1.0 9.0
1.0 9.0
0.28 9.0
0.28 9.64
1.0 9.0
1.0 9.0
1.1 8.42
1.0 9.0
1.0 9.0
1.0 9.0
1.0 9.0
2.37 9.67
1.0 9.0
4.02 8.98
0.28 9.0
1.0 9.0
1.0 9.0
1.0 9.0
0.28 9.0
1.0 9.0
4.02 9.0
1.0 9.0
1.0 9.0
4.02 9.07
0.28 9.0
3.7 7.26
0.28 9.0
0.28 9.0
1.0 9.0
1.04 9.67
0.28 8.97
1.01 9.01
3.18 5.71
1.0 9.0
1.0 9.0
1.0 9.0
4.22 8.82
1.0 9.0
4.02 9.0
0.28 9.0
3.52 9.58
4.02 9.0
0.28 9.0
1.0 9.0
1.0 9.0
0.28 9.0
0.28 9.0
0.91 9.19
0.28 9.0
0.28 9.0
1.0 9.0
4.02 9.0
0.28 9.0
1.0 9.0
4.02 9.0
1.0 9.0
1.0 9.0
4.02 9.0
4.02 9.0
1.0 9.0
0.28 9.0
1.0 9.0
1.0 9.0
4.02 9.0
1.0 9.0
1.0 9.0
1.0 9.0
1.0 9.0
1.0 9.0
0.28 9.0
1.0 9.0
1.0 9.0
1.0 9.0
1.0 9.0
4.02 9.04
0.28 9.0
1.0 9.0
1.0 9.0
1.0 9.0
1.0 9.0
0.28 9.0
0.28 9.0
4.72 7.97
0.28 9.0
1.0 9.0
1.0 9.0
1.0 9.0
1.0 9.0
0.28 9.0
0.28 9.0
1.05 8.93
4.02 9.04
0.28 9.0
0.28 9.0
3.18 7.1
1.0 9.0
1.0 9.0
1.0 9.0
1.0 9.0
0.28 8.94
1.0 9.0
4.02 9.0
1.0 8.97
0.92 9.67
1.0 9.0
4.02 9.0
3.18 5.71
1.0 9.0
3.18 6.34
2.81 9.67
0.28 9.0
1.45 9.67
1.0 9.0
0.28 9.0
1.0 9.0
1.0 9.0
1.0 9.0
0.28 9.0
0.59 9.67
1.0 9.0
0.28 9.0
0.28 9.0
1.0 9.0
1.0 9.0
1.0 9.0
4.02 9.0
1.0 9.0
0.28 9.0
1.0 9.0
1.87 5.93
1.0 9.0
1.0 9.0
1.0 9.0
0.28 7.42
0.28 9.0
0.28 9.0
1.0 9.0
1.0 9.0
1.0 9.0
1.0 9.0
0.28 9.23
1.0 9.0
1.0 9.0
1.0 9.0
1.0 9.0
1.0 9.0
0.83 9.67
1.0 9.0
1.0 9.0
1.0 9.0
4.02 9.0
4.02 9.0
3.92 9.14
1.0 9.0
1.0 9.0
0.28 8.86
1.0 9.0
0.28 9.0
0.28 9.64
0.28 9.28
4.02 9.0
1.0 9.0
1.0 9.0
4.02 9.0
1.87 7.68
4.97 7.53
4.02 9.0
1.0 9.0
1.0 9.0
3.18 6.73
1.0 9.0
1.0 9.0
1.0 9.0
1.0 9.0
1.0 9.0
0.28 9.0
1.0 9.0
3.86 9.16
2.2 6.2
1.0 9.0
1.0 9.0
0.55 9.67
0.28 8.27
0.28 8.99
4.32 8.64
1.0 9.0
2.25 9.67
1.0 9.0
4.02 8.99
1.0 9.0
0.28 9.0
4.02 9.0
3.52 9.03
1.0 9.0
1.02 8.91
1.0 9.0
1.0 9.0
1.0 9.0
1.0 9.0
3.75 9.29
1.0 9.0
1.0 9.0
1.0 9.0
1.0 9.0
1.0 9.0
3.79 9.27
1.0 9.0
1.01 8.94
4.72 7.97
1.0 9.0
1.0 9.0
1.0 9.0
1.0 9.0
1.0 9.0
1.0 9.0
0.28 9.0
3.18 6.34
1.0 9.0
1.0 9.0
1.0 9.0
1.0 9.0
0.28 9.0
0.28 7.42
1.0 9.0
1.0 9.0
1.0 9.0
1.0 9.0
0.28 8.99
0.28 9.0
1.0 9.0
1.0 9.0
1.0 9.0
4.01 9.07
1.0 9.0
1.0 9.0
3.77 9.3
1.0 9.0
1.05 8.93
2.15 9.67
4.02 9.0
2.74 7.73
1.0 9.0
1.0 9.0
0.28 8.98
1.61 9.67
0.28 9.11
1.0 9.0
1.0 9.0
1.0 9.0
0.28 9.0
0.28 9.0
1.0 9.0
1.0 9.0
1.0 9.0
0.97 8.23
1.0 9.0
4.02 9.0
0.28 9.0
4.02 9.01
1.0 9.0
1.0 9.0
1.0 9.0
1.0 9.0
1.0 9.0
1.0 9.0
0.93 9.03
1.0 9.0
1.0 9.0
1.01 8.94
1.0 9.0
0.28 9.0
1.0 9.0
4.02 9.04
1.0 8.97
0.28 9.0
1.0 9.0
0.28 9.0
0.28 9.52
1.0 9.0
3.64 9.42
4.02 9.0
1.0 9.0
0.28 9.0
1.0 9.0
1.0 9.0
0.32 9.67
0.28 9.0
1.0 9.0
4.73 7.97
3.87 9.05
1.0 9.0
1.0 9.0
1.0 9.0
1.0 9.0
1.0 9.0
1.0 9.0
1.0 9.0
1.0 9.0
1.0 9.0
1.0 9.0
1.0 9.0
1.0 9.0
1.0 9.0
1.0 9.0
4.02 9.0
4.02 9.0
0.28 9.0
1.0 9.0
1.0 9.0
0.99 9.0
1.0 9.0
0.28 9.0
1.0 9.0
1.0 9.0
0.28 9.0
3.18 7.1
1.0 9.0
4.02 9.0
0.96 8.92
1.0 9.0
4.02 9.0
1.39 9.67
1.0 9.0
1.0 9.0
4.02 9.0
0.28 9.0
1.0 9.0
0.99 8.98
1.0 9.0
1.0 9.0
1.0 9.0
2.49 9.67
1.0 9.0
1.0 9.0
1.0 9.0
1.0 9.0
1.0 9.0
1.0 9.0
4.12 8.9
3.97 9.11
0.28 9.0
1.0 9.0
1.0 9.0
0.28 7.42
0.98 9.0
1.02 8.96
0.28 9.0
1.0 9.0
4.02 9.0
1.0 9.0
4.62 8.31
1.0 9.0
3.65 7.68
0.28 9.0
3.64 9.42
1.0 9.0
1.0 9.0
4.02 9.0
4.72 7.97
3.18 7.1
1.0 9.0
1.0 9.0
4.12 8.88
0.28 9.0
1.0 9.0
4.02 9.06
0.28 9.0
1.0 9.0
1.02 8.91
4.62 7.23
1.0 9.0
1.05 8.93
1.0 9.0
1.0 9.0
1.0 9.0
1.87 5.93
2.74 7.73
1.0 9.0
1.0 9.0
4.32 8.64
1.0 9.0
1.05 8.93
1.0 9.0
4.32 8.67
3.18 6.34
4.02 9.0
1.0 9.0
1.0 9.0
1.0 9.0
4.02 9.0
1.0 9.0
1.0 9.0
4.02 9.0
2.2 6.2
2.74 7.73
1.0 9.0
1.0 9.0
0.28 7.42
1.0 9.0
3.18 7.1
1.0 9.0
4.61 8.03
5.04 7.82
0.28 9.0
1.0 9.0
0.28 9.0
4.02 9.04
1.02 8.97
0.93 9.03
4.02 9.0
1.0 9.0
0.28 9.0
4.02 9.0
0.28 9.0
1.0 9.0
4.02 9.0
1.0 9.0
1.0 9.0
3.18 5.71
4.02 9.0
1.04 8.97
3.36 7.61
1.0 9.0
3.97 9.11
4.32 8.64
3.52 9.61
4.32 8.64
1.0 9.0
1.0 9.0
0.99 9.0
1.0 9.0
3.88 9.17
1.0 9.0
0.28 7.05
1.0 9.0
3.18 6.49
1.0 9.0
0.28 9.0
4.02 9.04
1.0 9.0
3.36 7.61
4.32 8.68
3.18 7.1
5.59 6.88
3.99 9.07
4.12 8.88
4.02 9.0
0.28 9.0
1.0 9.0
4.62 7.23
0.28 9.0
3.88 9.17
4.02 9.0
4.02 9.0
1.39 9.67
3.18 5.76
0.99 9.0
0.97 8.97
4.32 8.67
1.0 9.0
0.28 9.53
0.28 9.0
0.97 8.98
2.74 7.73
4.32 8.64
0.28 9.0
0.28 9.0
3.18 6.34
1.54 8.27
1.0 9.0
0.51 9.67
0.28 9.0
1.0 9.0
3.87 9.05
1.0 9.0
1.0 9.0
4.02 9.05
0.76 9.67
3.18 7.1
0.28 9.0
3.97 9.11
4.97 7.53
1.02 7.63
4.02 9.0
4.02 9.0
4.75 6.8
4.12 8.9
0.28 9.0
4.02 9.0
4.02 9.0
1.32 8.97
0.28 9.0
1.0 9.0
4.72 7.97
0.28 9.0
4.61 8.03
0.99 9.0
0.99 9.08
1.39 9.67
1.02 8.91
1.02 8.96
0.28 7.05
1.87 5.93
4.32 8.64
3.97 9.08
1.39 9.67
1.0 9.0
0.28 9.0
4.02 9.0
0.28 9.0
3.18 6.73
5.29 7.3
2.49 9.67
0.28 8.83
0.28 7.05
4.02 9.0
1.0 9.0
1.0 9.0
0.28 9.0
0.59 9.67
3.18 7.1
4.97 7.9
0.28 9.0
4.02 9.0
5.04 7.82
0.52 5.61
1.78 5.95
0.28 9.0
0.28 9.0
3.18 6.73
3.36 9.06
0.28 9.0
0.28 7.42
3.18 6.34
1.0 9.0
1.0 9.0
1.0 9.0
1.0 9.0
3.62 9.28
4.02 9.0
1.0 9.0
0.28 9.0
1.0 9.0
1.0 9.0
1.0 9.0
4.02 9.0
0.28 9.0
0.28 9.0
1.39 9.67
0.28 9.0
0.51 9.67
0.28 9.04
1.86 5.93
0.28 8.76
4.73 7.97
1.0 9.0
0.28 7.42
1.21 9.67
0.28 9.0
3.18 7.1
1.0 9.0
2.74 7.73
3.7 8.64
2.74 7.73
4.02 9.0
1.0 9.0
1.0 9.0
0.28 8.83
1.02 8.98
1.0 9.0
5.82 6.98
4.02 9.0
4.02 9.0
1.0 9.0
1.0 9.0
3.18 7.0
1.0 9.0
0.28 7.42
1.0 9.0
1.0 9.0
3.74 9.03
1.0 9.0
1.0 9.0
1.78 9.67
0.28 7.05
4.62 8.31
0.89 8.95
3.49 9.62
4.02 9.0
2.49 9.67
1.0 9.0
1.0 9.0
5.22 7.7
4.02 9.01
4.02 9.07
5.04 7.82
0.28 9.04
4.02 9.0
0.28 9.0
0.95 9.08
5.5 6.84
3.91 9.17
4.62 7.23
0.28 9.0
1.0 9.0
3.64 9.42
0.28 9.0
3.18 5.71
3.52 9.6
4.02 9.0
3.18 6.34
4.02 9.0
4.32 8.64
4.02 9.0
3.64 9.42
1.0 9.0
4.17 8.83
1.0 9.0
1.02 7.58
0.28 6.07
1.87 5.93
1.0 9.0
1.0 9.0
0.28 7.48
1.0 9.0
3.18 6.34
1.25 9.67
3.18 5.97
3.52 9.58
0.52 5.61
1.0 9.0
1.0 9.0
4.02 8.99
4.62 7.23
4.02 9.0
0.28 9.26
1.0 9.0
1.0 9.0
1.54 8.27
1.06 8.9
4.97 7.53
2.2 6.2
1.58 9.67
4.02 9.0
3.18 6.98
1.0 9.0
1.0 9.0
3.18 5.85
0.28 9.0
3.9 8.46
0.28 7.42
0.99 9.01
0.28 9.52
1.0 9.0
3.18 6.34
0.3 9.67
1.87 5.93
0.28 8.97
4.02 9.0
1.89 7.85
2.62 7.6
3.36 9.06
2.08 9.67
2.94 7.78
3.14 9.67
0.28 9.0
5.82 6.98
1.78 9.67
1.87 5.93
1.0 9.0
3.83 9.22
4.02 9.0
2.82 7.91
4.02 9.0
1.46 7.5
4.02 9.0
1.09 8.57
1.0 9.0
0.28 9.0
4.02 9.0
2.92 9.1
4.02 9.0
3.18 6.34
1.0 9.0
4.3 6.13
1.0 9.0
0.52 5.61
4.75 6.8
3.18 6.34
5.35 7.47
1.0 9.01
4.02 8.99
1.0 9.0
1.0 9.0
3.7 7.26
0.28 7.42
3.18 7.35
1.0 9.0
3.18 6.73
1.0 9.0
4.96 7.53
4.02 9.0
4.02 9.0
4.17 8.84
4.02 9.0
1.0 9.0
4.02 9.0
1.78 9.67
6.36 7.28
1.0 8.96
0.3 9.67
4.62 7.23
0.28 9.0
4.02 9.0
1.0 9.0
1.0 9.0
1.0 9.0
1.0 9.0
1.0 9.0
0.28 9.0
3.52 9.58
5.67 6.91
1.0 9.0
4.02 9.0
2.2 6.2
1.29 8.89
1.0 9.0
4.02 9.0
1.0 9.0
4.29 8.1
0.28 8.74
1.0 9.0
0.28 8.27
0.28 8.83
1.1 8.52
1.0 9.0
3.36 7.61
0.28 9.0
0.28 9.0
3.18 6.34
1.86 5.93
3.18 7.1
2.28 9.67
3.18 5.71
0.28 9.0
0.28 9.0
4.02 9.0
3.18 6.34
0.28 9.0
3.52 9.58
1.0 9.0
4.02 9.0
1.32 9.67
1.0 9.0
3.18 6.73
1.0 9.0
4.3 6.13
4.02 9.0
2.49 9.67
0.28 9.0
1.0 9.0
4.3 6.13
3.48 2.89
0.91 5.79
1.0 9.0
3.18 6.98
3.18 6.19
0.97 8.23
1.0 9.0
1.0 9.0
0.28 8.92
3.18 5.71
4.22 8.78
3.18 6.34
3.18 6.34
1.0 9.0
1.02 8.73
1.0 9.0
4.02 8.98
1.0 9.0
3.18 5.85
4.02 9.0
1.0 9.0
1.0 9.0
3.18 6.34
3.18 7.35
3.18 5.71
1.0 9.0
1.0 9.0
1.0 9.0
3.18 6.73
1.0 9.0
1.87 5.93
1.0 9.0
1.54 9.67
3.18 6.34
3.82 6.69
3.18 7.62
1.0 9.0
3.18 6.34
1.0 9.0
1.0 9.0
3.99 9.01
4.17 8.87
3.18 6.34
5.82 6.98
3.18 5.97
3.18 5.71
4.02 9.03
0.28 9.0
1.0 9.0
2.2 6.2
1.0 9.0
0.28 7.77
1.01 8.98
0.28 9.0
3.77 5.83
1.87 5.93
0.52 5.61
4.02 9.0
0.28 9.0
3.18 5.85
3.18 6.2
1.03 8.97
4.02 9.0
3.18 5.85
1.0 9.0
4.47 6.25
4.3 6.13
3.18 6.34
0.28 9.07
3.18 5.71
4.02 9.0
3.11 9.03
1.46 7.5
0.28 9.3
1.86 5.93
1.0 9.0
0.28 7.05
1.0 9.0
4.02 9.0
1.0 9.0
1.02 7.63
3.18 6.34
4.02 9.0
4.02 9.0
1.87 5.93
2.34 9.67
3.18 5.71
3.18 6.34
1.0 9.0
3.18 6.34
0.28 9.0
4.83 6.6
1.0 9.0
3.18 7.0
1.0 9.0
4.3 6.13
0.28 9.0
5.82 6.98
3.18 6.34
3.18 6.34
2.87 8.14
1.87 5.93
1.46 7.5
0.89 8.35
4.56 9.58
4.32 8.67
1.0 9.0
0.28 9.52
2.92 9.1
4.3 6.13
1.0 9.0
1.06 7.03
3.44 9.67
2.0 8.45
4.22 8.8
1.0 9.0
3.18 6.34
4.3 6.13
0.28 9.2
4.02 9.0
1.01 9.0
1.0 9.0
1.87 5.93
3.18 5.71
1.0 9.0
0.99 9.01
4.02 8.99
4.07 8.96
4.02 9.0
1.0 9.0
3.18 5.71
4.3 6.13
3.82 9.22
1.0 9.0
1.0 9.0
1.0 9.0
1.78 5.95
1.0 9.0
1.0 9.0
1.0 9.0
0.3 9.67
4.83 6.6
3.18 5.85
4.02 9.0
1.05 9.01
3.18 5.71
0.28 9.25
3.18 5.71
3.18 5.71
1.27 6.24
1.0 9.0
1.87 5.93
0.71 7.4
1.0 9.0
0.28 9.0
4.02 9.0
1.86 5.93
1.08 8.93
4.83 6.6
1.0 9.0
1.0 9.0
1.0 9.0
0.28 9.0
0.43 5.15
0.28 9.0
4.07 8.94
4.47 6.25
2.11 9.67
0.28 9.0
3.11 9.03
4.75 6.8
2.74 7.73
1.01 8.99
3.54 9.23
1.87 5.93
1.0 9.0
0.89 8.34
0.28 8.97
3.18 5.71
5.82 6.98
2.34 9.67
1.88 5.92
4.02 9.07
3.18 5.97
0.28 9.02
1.0 9.0
1.0 9.0
4.02 9.0
1.0 9.0
5.82 6.98
1.87 5.93
4.22 8.78
4.3 6.13
4.3 6.13
2.34 9.67
3.18 5.85
4.32 8.63
0.28 7.05
1.02 9.02
3.77 5.83
1.0 9.0
1.87 5.93
1.0 9.0
5.24 6.68
1.0 9.0
0.53 9.67
0.28 9.0
0.28 9.0
3.18 5.71
3.18 5.85
3.18 5.71
3.18 5.71
1.27 6.24
1.0 9.01
0.28 7.05
0.28 8.92
0.28 9.0
5.67 7.31
0.28 9.0
4.97 7.92
3.18 5.71
3.77 9.14
0.28 9.0
5.47 6.78
3.18 5.71
2.2 6.2
1.0 9.0
5.33 6.73
0.28 9.0
5.24 6.68
3.18 5.71
0.28 9.0
3.07 9.67
1.06 8.91
3.16 9.67
3.18 5.71
2.68 9.67
1.0 9.0
0.71 7.4
0.28 9.0
3.18 7.34
3.18 5.71
0.28 8.45
0.28 8.96
4.02 8.99
2.67 7.65
2.87 8.14
1.87 5.93
4.02 9.0
1.0 9.0
1.0 9.0
2.2 6.2
3.18 5.71
1.0 9.0
3.18 5.71
3.18 5.71
4.56 9.58
3.18 7.2
0.28 9.01
4.02 9.0
1.1 9.08
1.0 9.0
1.0 9.0
0.28 8.96
4.75 6.8
4.02 9.0
0.62 9.67
0.28 7.05
3.33 9.67
4.02 9.0
3.77 5.83
0.28 9.0
6.36 7.28
4.02 9.0
4.02 9.0
1.0 9.0
4.02 9.0
1.6 8.78
3.18 5.71
1.0 9.0
1.0 9.0
5.12 6.59
1.86 5.93
3.18 5.71
4.02 9.0
4.02 8.99
1.91 5.88
1.0 9.0
1.0 9.0
1.0 9.0
1.0 9.0
0.87 9.67
4.02 9.0
0.91 5.79
2.21 6.19
2.87 8.14
4.87 6.44
5.76 7.45
0.28 8.6
4.86 6.6
3.18 5.71
3.18 5.71
3.18 5.71
1.11 8.78
3.92 9.05
1.0 9.0
3.18 5.71
6.27 7.26
3.18 5.71
3.18 5.71
1.0 9.0
1.0 9.0
0.28 7.97
3.18 5.71
1.01 9.0
1.0 9.0
3.18 5.71
3.18 5.71
4.02 9.0
3.18 5.71
1.06 8.88
2.08 9.67
1.0 9.0
0.28 9.0
2.67 7.65
0.28 6.03
1.0 9.0
1.0 9.0
2.34 9.67
4.02 9.0
3.66 9.04
3.18 7.35
3.18 5.71
3.18 5.71
3.18 5.71
1.0 9.0
1.0 9.0
1.0 9.0
0.67 5.1
3.18 5.71
1.0 9.0
0.28 8.99
4.66 7.43
3.18 5.71
3.18 5.71
3.18 5.71
0.99 9.0
3.18 5.71
5.25 6.68
3.18 5.71
1.0 9.0
3.18 5.71
2.67 7.65
3.19 9.67
1.0 9.0
3.18 5.71
0.28 9.0
3.18 5.71
1.15 9.19
1.01 9.0
2.21 9.67
1.0 9.0
3.7 7.26
3.28 9.67
1.0 9.0
0.28 9.0
4.02 9.0
0.95 8.93
3.18 5.71
0.28 9.0
3.18 5.71
1.0 9.0
1.05 9.02
3.38 6.71
2.34 9.67
4.83 6.6
0.28 9.0
0.28 4.88
0.79 7.41
0.52 5.61
3.18 5.71
3.18 5.71
4.02 9.0
0.52 5.61
3.18 5.71
3.18 5.71
3.18 5.71
3.18 5.71
3.18 5.71
1.0 9.0
3.18 5.71
3.85 9.22
4.02 9.0
4.02 9.0
3.18 5.71
0.76 8.16
1.62 8.89
0.58 5.45
4.83 6.6
1.0 9.0
3.95 9.0
3.18 5.71
2.67 7.64
1.0 9.0
3.97 9.08
2.0 8.45
3.19 9.67
1.0 9.0
3.93 9.01
3.82 9.07
5.67 7.31
1.0 9.0
1.76 5.98
7.62 7.98
3.48 2.89
1.12 8.98
0.52 5.61
4.65 7.44
0.28 9.0
1.1 9.44
0.99 8.97
0.28 9.0
0.28 9.0
3.19 9.67
0.28 9.0
1.0 9.0
0.28 9.0
0.52 5.61
3.18 5.71
1.0 9.0
1.0 9.0
1.0 9.0
1.0 9.0
5.25 6.68
5.47 6.8
1.0 9.0
1.46 7.5
0.83 7.49
1.91 5.88
4.02 8.99
0.57 9.67
3.48 2.89
0.99 8.99
1.0 9.0
1.0 9.0
1.09 8.94
1.91 5.88
3.18 5.71
1.0 9.0
4.02 9.0
3.39 6.83
1.0 9.0
3.18 5.71
4.02 9.0
3.18 5.71
1.0 9.0
1.03 8.92
3.7 7.26
3.18 5.71
0.28 9.0
3.1 9.67
2.67 7.65
1.69 9.67
3.77 9.01
4.83 6.6
1.0 9.0
1.0 9.0
4.02 9.0
3.18 7.34
3.18 5.71
1.0 9.0
2.67 7.65
1.78 5.95
3.18 5.71
4.02 9.0
0.59 6.55
0.28 9.0
3.68 8.98
4.02 9.0
0.28 6.03
0.52 5.61
1.46 7.5
4.02 9.0
0.28 7.05
3.34 6.27
2.08 9.67
3.18 7.06
1.0 9.0
0.91 5.79
4.02 9.0
0.28 7.43
1.0 9.0
3.77 5.83
2.79 9.34
1.62 8.89
0.28 4.64
0.52 5.61
1.0 9.0
5.49 6.83
0.67 5.1
2.87 8.14
1.87 5.93
1.78 5.95
1.0 9.0
0.28 7.77
3.92 9.17
0.28 8.99
0.28 7.77
0.28 9.0
3.15 9.67
3.38 6.71
4.29 8.1
4.02 9.0
0.28 9.0
4.02 8.98
0.97 8.99
3.18 5.71
0.28 9.0
0.28 9.0
0.64 9.67
5.68 7.31
1.0 9.0
3.39 6.83
3.97 9.08
2.21 9.67
0.58 5.82
0.52 5.61
0.71 8.97
2.86 8.15
4.87 6.44
3.48 2.89
1.01 9.0
1.46 7.5
3.76 5.83
1.0 9.0
1.0 9.0
0.28 6.07
1.46 7.5
3.96 9.12
7.62 7.98
4.02 9.0
1.06 9.16
0.98 8.92
0.52 5.61
0.28 7.77
1.0 9.0
1.0 9.0
3.48 2.89
0.28 6.07
3.18 5.77
3.48 2.89
3.7 7.26
4.97 7.92
4.02 9.0
1.0 9.0
3.18 7.39
0.28 8.37
4.01 9.07
0.98 9.06
1.78 5.95
4.02 8.98
5.67 7.31
0.79 5.87
2.21 6.19
4.07 8.97
1.09 9.43
3.39 4.49
1.0 9.01
4.72 9.1
4.02 8.99
2.92 8.07
0.37 4.38
0.28 9.0
0.28 9.04
0.28 7.05
2.2 6.18
3.18 5.77
7.57 7.96
0.28 9.0
1.44 9.67
5.47 6.8
4.83 6.6
1.0 9.0
4.02 9.0
1.0 9.0
0.28 9.0
1.0 9.0
4.83 6.6
0.5 4.63
1.15 5.43
4.97 7.92
0.28 9.0
1.11 8.96
7.62 7.98
0.28 7.05
1.0 9.0
0.28 9.0
0.28 9.02
3.38 6.71
0.28 7.92
1.03 8.96
1.27 6.24
4.02 9.0
2.86 8.15
0.28 7.05
1.0 9.0
4.02 9.0
0.67 5.1
4.68 5.6
3.18 7.34
2.0 8.45
0.28 9.0
3.57 9.56
3.39 4.55
4.02 9.0
4.02 8.98
5.04 2.22
4.83 6.6
1.0 9.0
4.02 9.0
0.96 8.94
0.28 9.04
3.53 5.73
0.62 9.04
1.0 9.0
0.43 5.15
1.04 8.89
5.22 7.7
5.13 6.9
1.0 9.0
1.0 9.0
1.0 9.0
3.34 6.27
4.07 8.95
4.29 8.14
2.62 7.59
0.79 5.87
3.18 5.71
2.52 9.67
1.0 9.0
0.4 9.18
0.28 9.0
1.0 9.0
0.28 7.05
1.0 9.0
1.0 9.0
0.28 9.02
4.77 6.41
0.28 7.73
3.18 7.34
0.28 7.05
0.28 7.05
5.68 7.31
1.0 9.0
0.28 7.05
4.41 7.82
5.25 6.68
4.02 9.0
5.28 6.73
5.13 6.9
4.02 9.0
4.02 9.0
1.91 5.88
0.28 7.29
1.0 9.0
3.38 7.12
0.91 9.09
1.54 9.42
3.57 9.56
1.0 9.0
4.02 9.0
0.6 9.49
4.02 9.0
4.07 8.94
1.09 8.86
1.07 9.11
1.0 9.0
0.52 5.61
1.0 9.0
0.59 6.55
3.48 2.89
1.57 7.34
3.48 2.89
4.02 9.0
0.61 6.85
2.44 9.67
1.25 9.67
4.02 9.0
0.61 5.48
4.02 9.0
0.28 9.0
2.79 9.34
7.57 7.96
0.28 8.96
1.0 9.0
4.76 6.7
4.02 9.0
3.48 2.89
4.02 9.0
0.4 5.12
0.28 9.0
5.47 6.8
0.28 9.03
0.5 4.63
5.58 2.06
3.07 7.92
3.48 2.89
4.02 9.0
1.0 9.0
1.0 9.0
0.59 6.45
1.0 9.0
1.0 9.0
1.0 9.0
4.02 9.0
0.28 5.13
0.28 9.0
4.02 9.0
2.43 9.67
1.0 9.0
1.0 9.0
0.28 7.73
0.38 8.45
0.28 9.0
6.12 7.13
3.48 2.89
1.97 9.67
1.0 9.0
4.62 8.29
3.77 5.83
0.67 5.1
4.02 9.01
4.66 7.43
4.07 8.97
4.32 8.64
1.0 9.0
1.0 9.0
1.0 9.0
3.48 2.89
3.83 5.12
1.0 9.0
0.3 4.68
0.28 9.0
1.0 9.0
1.0 9.0
4.02 9.0
4.02 9.0
1.0 9.0
1.01 8.94
9.67 9.53
1.97 8.44
1.36 9.67
0.79 7.41
1.0 9.0
2.35 9.47
1.0 9.0
5.22 7.7
3.18 5.71
0.59 4.73
0.29 9.67
3.48 2.89
4.27 6.16
3.23 9.67
0.67 5.1
0.28 4.64
4.76 6.7
0.61 7.12
3.82 6.69
4.77 6.41
1.0 9.0
3.18 7.16
4.12 8.89
0.99 8.99
3.18 5.71
4.02 9.0
1.46 7.5
1.0 9.0
3.91 9.0
1.57 7.34
1.05 8.99
1.0 9.0
3.48 2.89
0.28 9.0
3.48 2.89
2.21 6.19
1.0 9.0
1.0 9.0
0.62 5.86
0.67 5.1
1.0 9.0
1.91 5.88
1.0 9.0
4.68 5.6
1.0 9.0
0.28 8.56
0.91 5.79
4.12 8.88
4.02 9.01
1.0 9.0
0.29 4.67
1.0 9.0
1.0 9.0
3.48 2.89
1.0 9.0
2.93 9.35
1.0 9.0
1.06 9.06
0.6 7.41
5.75 0.83
1.0 9.0
3.44 9.08
3.18 5.71
4.19 1.0
4.02 9.0
2.62 7.59
1.0 9.0
2.61 9.05
3.83 5.12
0.67 5.1
0.67 5.1
3.48 2.89
3.18 5.71
4.17 8.85
3.58 8.95
0.91 5.79
3.76 5.83
1.0 9.0
4.07 8.93
4.02 9.0
1.0 9.0
3.63 9.26
0.28 4.64
1.15 5.43
1.15 5.43
1.0 9.0
0.28 9.17
3.48 2.89
1.0 9.0
1.0 9.0
1.0 9.0
3.48 2.89
0.28 9.0
1.0 9.0
1.0 9.0
4.19 1.0
1.0 9.0
1.54 9.67
4.81 7.98
1.0 8.94
1.04 9.03
4.02 9.0
1.0 9.0
3.48 2.89
4.68 5.6
3.66 9.01
3.48 2.89
2.05 8.9
5.89 1.97
1.0 9.0
2.28 9.67
0.28 9.0
4.5 6.28
7.61 7.98
3.6 9.52
4.75 6.7
5.75 0.83
3.48 2.89
3.18 5.71
0.35 8.28
4.28 7.02
3.86 2.62
3.48 2.89
1.29 8.96
3.48 2.89
4.32 6.18
1.0 9.0
4.33 6.18
1.0 9.0
5.7 2.03
3.48 2.89
1.0 9.0
0.28 8.86
1.0 9.0
1.18 8.86
3.48 2.89
1.0 9.0
3.48 2.89
3.53 2.83
3.47 4.69
1.94 9.4
3.93 8.72
3.64 8.82
6.65 1.75
3.88 2.61
1.0 9.0
1.91 5.88
4.02 9.0
1.0 9.0
1.88 6.34
3.73 9.32
3.94 8.96
3.48 2.89
6.27 7.26
4.62 8.29
0.28 7.66
3.48 2.89
2.62 7.59
1.0 9.0
0.5 4.63
0.45 5.51
4.77 6.41
3.48 2.89
0.5 4.63
5.24 6.68
1.16 5.43
1.02 9.67
1.0 9.0
4.2 8.82
1.0 9.0
1.0 9.0
3.48 2.89
1.46 9.67
4.19 1.0
0.28 9.0
3.48 2.89
4.02 9.0
3.3 3.55
3.48 2.89
3.48 2.89
0.45 9.67
1.0 9.0
3.59 1.05
3.86 2.62
1.0 9.0
1.0 9.0
3.86 2.62
3.48 2.89
3.83 5.12
3.39 4.49
3.48 2.89
1.0 9.0
6.18 6.46
4.02 9.0
4.0 5.12
6.53 1.78
3.48 2.89
3.52 4.78
0.5 4.63
3.48 2.89
3.48 2.89
3.47 4.69
1.57 7.34
4.02 9.0
3.48 2.89
3.48 2.89
4.02 9.01
3.77 9.31
3.48 2.89
3.48 2.89
3.82 9.06
3.48 2.89
3.48 2.89
3.83 5.12
3.48 2.89
3.54 2.82
0.28 9.0
3.83 5.12
2.62 7.59
1.0 9.0
0.28 9.0
3.48 2.89
3.48 2.89
5.55 0.85
0.37 8.67
0.5 4.63
3.51 2.85
3.18 5.55
4.12 8.88
3.83 5.12
3.48 2.89
4.02 9.0
3.48 2.89
3.48 2.89
3.89 2.6
0.93 9.1
0.28 4.81
3.48 2.89
0.61 9.26
0.28 9.0
0.28 4.88
1.0 9.0
0.28 9.0
1.57 7.34
3.92 9.1
3.48 2.89
1.0 9.0
3.48 2.89
0.44 0.75
1.05 9.0
3.48 2.89
5.75 0.83
3.9 9.01
3.83 5.12
3.48 2.89
3.86 2.62
3.48 2.89
7.61 7.98
3.48 2.89
3.48 2.89
1.0 9.0
1.01 9.0
1.16 9.12
3.48 2.89
1.22 1.34
3.48 2.89
5.75 0.83
5.91 0.81
5.75 0.83
3.48 2.89
0.5 1.12
3.48 2.89
5.75 0.83
3.76 2.67
3.48 2.89
3.82 8.64
3.19 5.53
3.44 4.64
6.47 0.82
7.62 7.98
5.69 0.83
6.02 6.37
6.53 1.78
1.0 9.02
5.89 1.97
3.48 2.89
5.44 0.86
6.53 1.78
3.48 2.89
3.48 2.89
3.25 9.29
3.48 2.89
3.52 2.84
4.48 2.39
3.48 2.89
3.48 2.89
3.48 2.89
7.57 7.96
6.17 0.8
0.28 9.0
5.58 2.06
2.04 1.22
3.48 2.89
3.48 2.89
5.04 2.22
5.76 0.83
5.92 0.81
3.59 9.03
3.48 2.89
0.28 7.66
3.48 2.89
0.64 1.47
3.48 2.89
3.48 2.89
5.61 0.84
3.86 2.62
3.31 4.09
3.56 2.81
4.19 0.99
3.53 2.83
0.28 9.0
2.77 1.13
3.48 2.89
3.48 2.89
5.75 0.83
3.89 2.6
4.5 9.67
0.3 9.2
6.81 6.73
1.0 9.0
0.58 1.35
5.04 2.22
0.64 9.11
4.02 9.0
3.48 2.89
3.48 2.89
3.87 9.17
9.11 7.87
3.48 4.69
3.3 3.55
3.48 2.89
0.44 0.75
3.48 2.89
3.48 2.89
6.66 0.9
3.51 2.85
6.91 1.49
2.32 1.19
3.48 2.89
3.48 2.89
3.48 4.71
3.48 2.89
3.48 2.89
3.48 2.89
3.42 4.6
3.48 2.89
5.58 2.06
3.86 2.62
1.59 9.67
3.77 9.3
1.0 9.0
3.48 4.71
2.7 1.15
3.86 2.62
3.22 6.12
1.92 5.88
5.67 6.92
5.44 0.86
5.02 0.9
1.0 9.0
1.25 8.87
4.19 1.0
5.04 2.22
3.86 2.62
3.94 1.03
3.9 1.02
5.7 0.83
3.58 7.27
5.89 1.97
4.4 2.41
3.86 2.62
6.11 0.8
6.0 6.36
6.53 1.78
3.97 9.1
5.55 0.85
3.42 4.6
3.07 7.92
6.53 1.78
5.89 6.29
5.89 1.96
6.27 0.81
3.86 2.62
0.28 7.29
3.58 2.79
4.39 0.98
6.01 1.93
3.56 2.81
5.04 2.22
0.44 0.75
3.48 2.89
5.71 2.03
3.77 2.67
3.54 2.82
0.28 7.28
3.47 4.67
7.55 7.99
1.65 5.98
2.32 1.19
3.3 3.55
5.64 0.84
6.53 1.78
7.61 7.98
1.18 9.23
0.37 9.67
0.88 5.18
3.42 4.58
6.0 0.81
5.39 2.12
2.04 1.22
4.99 2.24
0.28 9.0
7.62 7.98
2.76 0.44
3.88 2.61
9.47 0.99
3.92 2.59
0.28 8.07
1.0 9.0
6.18 6.46
1.0 9.0
3.86 2.62
0.28 8.43
6.66 0.9
3.59 1.05
4.29 2.45
1.88 6.34
1.0 9.0
3.25 9.29
6.53 1.78
4.28 0.46
3.44 1.08
2.77 1.13
3.83 5.12
5.89 1.97
5.26 5.89
6.97 6.84
2.32 1.19
4.19 1.0
1.0 9.0
0.97 9.65
0.44 0.75
3.44 1.08
5.82 0.82
1.65 0.4
2.61 1.17
1.0 9.0
1.79 1.25
5.55 0.85
1.0 9.0
6.7 0.93
0.71 8.81
0.58 1.35
3.4 2.99
3.48 4.7
3.88 2.61
5.22 7.7
3.31 3.86
5.04 2.22
3.3 3.55
3.11 7.73
1.47 9.67
5.5 0.85
1.0 9.0
0.59 6.76
0.97 9.0
5.44 0.86
1.09 8.99
1.0 8.99
6.52 0.82
4.94 2.25
4.63 2.34
3.44 4.62
2.04 1.22
3.48 4.71
5.55 0.85
3.46 4.67
1.0 9.0
0.95 9.21
4.64 9.54
3.75 2.67
5.22 7.7
3.9 9.17
6.24 6.49
1.0 9.0
2.04 1.23
5.47 6.02
1.0 9.0
4.19 1.0
4.39 9.67
1.0 9.0
1.0 9.0
4.02 9.01
5.16 2.19
3.07 7.92
3.3 3.55
3.01 1.11
3.48 9.0
4.02 9.0
0.45 0.93
4.02 9.0
1.68 9.58
3.32 4.3
2.28 9.67
5.76 0.83
2.32 1.19
4.98 0.91
3.63 2.75
3.47 4.69
3.83 5.12
3.38 4.45
4.19 0.99
9.11 7.87
1.83 1.24
2.09 1.21
6.69 0.53
6.83 1.06
3.59 1.05
0.28 9.25
1.01 8.96
6.05 6.39
5.7 6.93
3.52 2.83
9.28 9.4
4.3 0.98
0.98 9.0
4.1 8.92
4.69 0.94
9.08 7.86
1.0 9.0
5.8 7.12
0.92 1.32
4.41 2.41
3.32 3.87
4.37 8.58
0.72 0.56
0.95 8.97
5.64 2.05
0.44 4.53
5.47 0.86
4.02 9.06
6.24 6.49
0.45 0.93
0.28 8.35
5.39 5.97
1.0 8.99
4.02 9.0
5.47 6.02
2.04 1.23
6.46 0.83
5.22 7.7
4.48 2.39
3.14 7.63
2.07 7.44
0.44 0.75
5.22 7.7
3.83 5.12
4.25 6.48
3.66 1.05
1.67 9.35
4.5 9.67
1.04 9.67
5.22 7.7
1.0 9.0
2.39 1.26
0.44 0.75
5.8 2.0
4.02 9.0
6.94 1.32
3.32 4.05
1.16 9.57
1.0 9.0
0.28 9.0
4.47 6.24
0.59 1.37
0.58 1.35
1.82 5.34
4.02 9.01
3.3 3.55
4.57 9.47
4.02 9.0
6.58 0.85
3.07 7.92
3.78 5.09
4.18 6.26
5.67 2.04
3.75 2.68
1.58 1.32
3.18 5.65
0.28 9.0
0.65 0.57
3.83 5.12
5.53 2.08
4.02 9.0
4.02 9.0
0.88 5.17
3.42 4.68
4.02 9.01
3.07 7.93
4.02 9.0
3.59 1.05
3.48 4.69
0.47 1.02
5.47 6.8
3.76 9.32
0.28 9.45
3.33 4.22
1.47 8.02
0.28 6.76
1.0 9.0
1.0 9.0
4.4 2.41
4.85 0.92
0.28 9.0
3.61 1.05
5.47 0.86
1.0 9.0
1.04 9.12
4.48 2.39
0.89 5.19
1.78 1.23
2.32 1.19
2.35 9.47
1.57 1.27
3.66 1.06
5.08 7.26
3.65 2.77
2.98 1.13
5.33 7.66
1.0 9.0
4.48 0.96
3.52 2.84
0.65 1.41
1.92 5.88
4.02 9.0
4.16 2.49
3.44 6.54
3.92 2.59
4.09 2.51
6.52 0.82
2.77 1.13
6.52 0.82
1.83 1.24
3.01 1.11
3.97 2.57
9.67 9.53
1.08 8.99
2.66 1.17
3.92 2.59
4.22 9.67
0.44 0.88
1.0 9.0
4.08 8.88
3.53 2.83
3.59 1.06
3.12 1.12
4.79 6.61
3.75 2.67
5.02 0.9
3.54 2.82
4.31 0.98
3.57 2.8
6.38 0.55
0.28 8.29
2.04 1.22
5.64 2.05
0.28 6.76
0.92 1.32
4.37 2.42
3.77 2.66
3.34 7.53
6.79 1.0
4.43 9.67
3.45 4.64
3.89 2.61
1.0 9.0
3.78 2.66
3.33 4.22
5.02 0.9
2.32 1.19
2.04 1.23
3.83 2.64
1.91 1.26
5.14 0.89
4.26 6.49
6.83 1.06
4.02 9.0
4.19 1.0
1.47 8.02
0.28 9.0
4.82 2.29
0.92 1.37
1.48 1.3
3.09 1.15
5.06 2.22
3.09 1.15
3.48 4.69
0.61 1.38
1.0 9.0
5.87 1.98
1.22 1.34
1.51 0.41
6.62 0.87
5.63 2.05
3.53 2.83
3.47 4.69
0.84 1.35
3.09 1.1
2.15 0.41
2.35 1.21
1.71 1.25
3.08 9.67
3.78 2.66
4.31 0.98
3.09 1.1
3.52 1.06
2.55 1.19
3.32 3.21
3.43 7.41
3.47 4.69
1.0 9.0
3.86 2.62
1.75 0.43
4.22 8.79
3.97 9.08
2.04 1.23
6.88 1.55
3.32 3.17
5.02 0.91
9.47 0.97
0.43 0.82
2.05 1.29
1.93 5.83
4.43 9.67
5.77 2.01
4.47 0.96
2.77 1.13
4.02 9.0
1.9 6.34
1.0 9.0
4.79 6.61
3.47 4.69
0.28 6.76
3.47 4.69
9.3 9.39
3.77 2.67
2.04 1.22
2.04 1.22
0.45 0.81
2.74 9.57
1.0 9.0
1.37 1.37
2.04 1.22
6.69 0.92
0.28 9.0
6.3 0.8
0.64 9.67
2.04 1.23
5.61 7.22
3.19 0.43
0.63 1.47
0.58 0.66
2.98 1.13
4.12 8.9
0.73 7.02
5.11 2.2
6.86 1.1
3.43 4.6
6.54 0.84
3.59 1.07
4.2 6.48
5.38 2.12
0.54 6.91
5.35 0.87
1.0 9.0
3.52 2.84
2.32 1.19
9.67 9.54
0.53 0.72
0.28 9.0
0.62 1.45
4.08 1.05
3.7 1.05
3.42 4.65
5.02 2.23
1.0 9.0
3.42 7.47
4.28 6.5
0.28 6.76
4.2 0.99
2.24 7.75
6.93 1.42
2.04 1.22
4.4 2.43
2.08 7.45
0.51 1.18
2.32 1.19
2.32 1.19
9.43 0.84
2.92 7.88
2.48 1.18
3.72 1.04
1.48 1.3
5.35 0.87
2.32 1.19
3.63 2.75
4.48 0.96
0.44 0.87
5.48 6.83
1.0 9.0
3.89 2.6
3.05 1.12
4.02 9.0
6.9 1.52
9.42 9.67
9.28 9.4
0.44 0.75
1.83 1.24
1.0 9.0
4.79 5.63
0.6 1.37
3.31 3.36
6.92 1.43
2.36 1.19
3.79 1.05
2.04 1.23
4.41 0.97
2.32 1.19
3.3 3.48
5.85 0.82
2.04 1.22
5.87 1.97
0.45 0.94
4.63 6.56
6.63 1.76
4.02 9.0
2.04 1.22
1.0 9.0
4.02 9.0
0.45 0.86
3.47 4.68
4.73 7.56
2.55 1.19
3.42 4.59
5.87 1.98
5.16 0.89
5.25 5.89
1.25 3.21
1.34 9.14
0.28 9.0
5.3 6.73
9.54 1.54
2.16 7.64
1.58 9.04
4.08 1.05
2.59 0.42
9.47 0.97
5.33 0.87
3.51 2.85
6.34 0.8
0.62 1.36
4.94 0.91
2.32 1.19
6.01 0.8
3.42 4.65
4.76 0.93
2.46 1.17
6.48 0.82
1.41 9.67
2.27 1.2
3.99 1.02
9.47 0.99
2.55 0.42
2.03 1.22
5.52 6.06
4.88 0.48
4.26 6.49
1.82 5.34
0.46 0.93
2.32 1.19
5.33 7.66
3.19 1.11
5.26 5.89
5.02 2.23
2.67 0.44
3.27 1.1
5.64 0.84
1.04 8.95
0.48 4.63
4.02 9.0
1.75 0.43
4.9 0.93
5.04 6.78
1.83 1.24
3.72 1.05
4.58 0.95
9.28 0.59
3.83 0.4
6.95 6.75
5.82 0.82
2.16 7.64
4.18 0.46
5.83 1.99
6.54 1.77
5.03 2.23
9.53 2.94
2.04 1.23
3.42 4.65
3.52 2.84
3.51 2.85
0.57 1.32
5.87 0.82
3.06 1.13
1.96 1.22
4.08 2.52
1.83 1.24
6.9 1.52
6.86 1.59
3.4 4.52
2.06 7.38
0.61 7.17
9.67 9.6
0.53 1.17
4.02 9.0
2.04 1.22
3.51 2.83
2.05 1.29
3.05 1.14
2.15 0.41
5.1 0.48
4.67 0.94
4.91 0.92
2.16 7.64
0.96 1.37
5.27 0.88
0.6 1.34
3.42 4.64
3.47 4.7
3.79 9.18
3.45 4.65
2.04 1.22
2.36 1.19
3.38 3.03
3.43 4.6
9.28 9.4
3.42 2.97
3.46 2.9
6.61 1.76
9.41 0.79
0.48 4.63
5.21 2.17
3.31 3.38
3.84 1.66
4.61 9.42
1.79 1.25
2.39 1.26
3.87 2.62
2.66 1.17
1.83 1.24
0.28 9.0
3.45 1.08
0.95 9.0
3.39 4.55
4.61 0.95
0.46 1.0
0.59 0.65
6.96 6.83
3.47 4.73
3.33 3.13
4.2 6.25
1.83 1.24
9.52 1.55
2.04 1.22
5.23 2.17
6.88 6.75
4.53 0.96
6.17 1.88
2.04 1.23
1.83 1.24
5.9 0.81
5.8 0.82
2.36 1.19
5.34 0.87
6.96 6.83
6.94 1.34
2.66 1.17
3.31 3.33
6.88 6.75
2.03 1.22
0.47 0.96
6.89 1.53
2.04 1.22
0.5 1.07
3.31 3.86
1.0 9.0
0.54 4.68
1.98 0.43
3.96 1.02
0.75 1.34
0.56 1.3
6.88 6.75
6.65 0.89
1.58 1.32
3.48 4.69
2.04 1.22
5.23 6.93
4.73 0.94
9.52 3.31
2.04 1.22
2.04 1.22
1.71 1.25
9.28 9.41
2.39 1.26
3.21 1.1
2.55 1.19
6.4 0.81
9.28 0.59
1.75 0.43
6.56 6.64
0.46 0.83
3.38 4.44
0.52 1.16
4.02 9.05
3.92 1.02
0.45 0.86
2.04 1.22
3.59 1.07
0.62 7.22
5.42 5.99
6.44 1.8
4.53 9.3
3.48 4.69
6.97 6.84
0.61 7.17
2.64 0.44
2.55 1.19
2.39 1.26
2.97 1.14
3.37 4.47
6.14 0.8
3.06 1.14
0.53 0.72
2.17 1.2
1.03 8.8
1.58 1.32
3.33 1.1
4.81 6.67
2.34 1.23
5.18 7.4
0.48 1.01
2.04 1.22
2.39 1.2
9.33 9.38
1.69 1.26
1.38 9.12
1.99 1.22
2.04 1.22
9.36 9.39
6.24 0.79
6.88 6.75
4.02 9.0
5.6 6.88
5.42 5.99
2.04 1.22
2.04 1.22
5.59 0.84
4.41 6.45
1.0 9.0
2.88 1.14
4.2 6.48
5.66 0.84
0.44 4.53
4.94 0.9
3.44 4.63
6.02 0.8
4.46 9.57
1.91 1.26
4.39 9.67
2.44 1.17
2.04 1.22
5.51 0.86
1.0 9.0
2.48 0.4
0.67 1.39
6.0 1.94
3.11 1.1
1.95 1.25
2.04 1.22
0.82 3.11
4.02 9.01
4.64 0.47
3.51 2.84
5.5 6.83
2.04 1.22
3.49 9.06
3.48 4.69
9.11 7.87
2.04 1.22
3.42 4.59
1.0 9.0
6.95 1.24
0.5 1.12
0.28 7.71
3.43 4.6
1.05 0.47
0.44 4.53
2.04 1.22
0.41 0.69
1.0 9.0
5.42 0.86
4.71 2.32
1.84 5.34
3.94 1.03
1.0 9.0
1.66 1.26
2.04 1.22
4.05 6.03
4.19 2.48
2.85 7.78
9.67 9.6
0.85 1.37
0.72 0.56
9.21 9.46
9.52 3.05
3.42 4.58
0.64 0.58
9.33 9.38
3.34 4.22
2.04 1.22
2.04 1.22
4.02 9.0
3.52 9.58
3.47 4.69
6.7 1.72
2.27 1.2
2.13 1.23
3.31 3.33
3.4 9.04
3.0 1.11
0.8 9.14
4.18 0.46
0.49 4.63
1.28 9.15
6.5 0.83
0.46 0.81
9.67 9.6
2.34 1.18
0.44 4.53
3.44 1.07
2.04 1.22
3.48 4.69
2.04 1.22
2.5 1.18
1.99 1.27
2.65 1.23
5.99 1.94
6.77 1.0
3.42 4.59
9.37 0.7
0.64 0.58
3.84 1.66
9.52 3.31
9.54 1.99
0.47 0.95
3.45 4.64
3.47 4.69
5.12 2.2
6.39 0.8
3.47 4.69
2.97 9.67
1.75 0.43
2.04 1.22
2.12 1.2
6.8 1.03
2.48 0.4
3.24 1.1
0.45 0.82
2.04 1.22
1.0 9.0
0.96 0.47
0.47 0.94
7.98 7.81
0.64 0.58
9.52 3.0
9.38 0.71
0.74 1.36
5.98 0.81
2.04 1.22
1.91 1.26
2.04 1.22
1.78 1.23
0.64 0.58
0.67 1.39
6.52 0.83
1.32 1.28
2.04 1.22
1.01 1.33
2.04 1.22
1.0 9.0
5.3 0.87
0.46 0.75
6.92 1.23
3.32 3.17
9.53 2.87
2.15 0.41
0.56 1.24
2.04 1.22
1.83 1.24
4.61 0.46
2.97 7.78
2.07 1.25
0.48 1.03
5.03 7.32
0.44 0.86
2.04 1.22
3.53 2.83
6.82 1.06
1.46 0.43
4.67 2.33
5.38 7.0
0.71 0.52
0.45 0.83
0.68 1.41
3.18 6.33
4.03 1.01
3.3 3.59
1.0 9.0
0.46 0.79
0.82 3.11
3.64 4.94
1.84 1.25
2.04 1.22
2.04 1.22
9.57 2.47
2.04 1.22
5.07 0.9
2.92 0.42
3.13 9.67
0.52 1.21
5.18 0.89
3.77 2.63
2.04 1.22
5.07 0.9
9.27 0.54
9.52 3.05
8.57 7.52
1.78 0.43
2.04 1.22
1.95 1.25
6.7 8.19
2.04 1.22
1.78 1.23
3.78 2.66
3.0 0.43
0.46 0.99
5.56 0.85
6.81 1.67
1.13 1.32
9.52 3.01
1.36 1.33
3.34 3.12
0.72 0.54
4.79 6.61
3.59 1.07
3.31 3.88
3.47 4.69
2.08 1.18
1.62 0.42
0.51 1.2
0.43 0.88
6.66 1.73
2.03 0.43
9.52 2.89
0.91 0.5
9.52 2.87
4.28 9.54
0.47 0.76
1.83 1.24
1.0 9.0
3.42 1.07
3.9 2.6
9.11 7.87
9.52 2.95
0.81 0.49
0.98 9.01
1.92 7.37
9.52 2.99
3.8 1.04
5.12 2.2
0.49 1.03
5.26 2.16
3.9 1.03
3.31 3.09
1.6 0.39
1.66 1.26
3.64 0.45
0.82 3.11
0.87 0.49
8.57 7.49
4.02 9.0
1.95 1.25
4.67 2.33
3.37 4.42
4.39 0.99
3.12 1.11
3.97 1.03
6.89 1.16
0.44 0.87
6.78 1.01
3.43 4.65
1.78 1.31
1.34 9.67
5.96 0.81
3.94 1.04
3.92 9.15
0.82 3.11
7.98 7.81
2.27 1.2
5.0 0.91
5.94 0.81
6.13 0.8
4.11 1.0
3.59 1.07
0.43 0.82
2.27 1.2
0.68 1.36
1.46 0.43
2.52 1.16
2.07 1.25
1.99 1.22
5.12 2.2
3.0 1.11
0.28 8.61
1.67 1.26
2.34 1.18
0.64 0.61
2.34 1.18
3.38 4.46
6.03 0.8
2.31 1.22
1.12 0.46
0.5 1.06
6.37 0.8
3.48 4.7
1.13 1.36
1.89 6.37
6.88 6.76
1.95 1.25
1.02 1.35
3.43 4.6
3.84 1.66
3.48 4.7
0.82 3.11
4.03 1.0
0.98 9.01
0.62 0.57
1.0 9.0
2.27 1.2
3.79 1.03
4.37 6.53
1.48 1.3
1.0 9.0
4.32 8.67
3.84 1.66
5.78 0.82
2.77 1.14
5.99 0.81
4.68 0.47
4.02 9.0
9.12 7.87
1.27 1.33
0.82 3.11
0.28 9.3
1.78 1.31
2.34 1.18
1.99 1.22
3.43 4.6
1.63 1.26
2.07 1.23
0.47 1.09
7.98 7.8
0.44 9.16
0.96 0.47
9.08 7.85
3.84 1.66
0.64 0.58
1.0 9.0
4.45 1.47
3.45 4.65
0.59 7.74
3.73 0.47
1.44 7.48
6.52 1.79
0.52 1.16
3.42 4.6
1.49 3.17
0.63 1.42
2.51 1.19
5.53 6.83
0.82 3.11
3.48 4.75
1.98 1.23
0.96 0.47
4.63 0.94
3.42 4.59
3.42 4.65
6.82 1.05
0.44 0.82
3.9 5.13
2.98 1.13
0.82 3.11
2.49 1.17
4.79 6.61
1.0 9.0
3.39 4.5
3.59 1.07
3.23 3.84
6.12 0.8
2.9 0.43
3.5 1.06
3.31 3.88
1.79 1.27
6.49 1.82
1.0 9.0
1.48 1.3
4.69 7.81
5.84 1.97
4.83 2.28
3.42 4.64
2.21 0.41
5.77 0.82
4.18 0.46
0.65 0.57
1.79 1.24
2.72 0.43
6.48 1.8
2.87 0.43
6.43 0.82
1.78 1.23
3.31 3.88
3.31 3.38
0.47 0.89
2.08 1.18
3.42 4.6
3.39 4.55
1.99 1.22
1.51 0.41
6.02 0.8
4.74 0.45
1.78 1.23
0.42 0.85
4.44 2.42
6.6 1.77
3.83 2.55
1.66 1.26
4.75 0.49
1.48 1.3
0.8 1.36
4.37 6.53
4.14 0.99
2.08 1.18
3.31 0.43
3.61 4.93
3.3 9.62
3.97 2.57
1.47 7.58
1.91 1.26
6.83 1.02
0.57 1.35
5.48 0.86
4.18 0.46
1.67 1.29
4.47 6.24
3.99 1.02
4.79 6.61
3.31 3.53
2.62 5.8
3.55 2.84
1.54 0.43
3.37 4.41
6.68 1.74
3.19 0.43
5.51 0.85
4.91 8.97
1.78 1.23
3.47 4.69
3.52 4.81
4.16 6.44
6.22 0.79
2.61 1.16
3.58 8.97
4.23 6.13
2.34 1.18
4.77 0.47
3.19 0.43
3.48 4.71
1.25 3.21
1.72 0.43
6.81 6.73
4.79 6.61
1.91 1.26
3.47 9.03
0.28 8.47
6.81 1.67
1.99 1.22
5.38 6.99
1.66 1.26
0.47 1.02
3.47 4.68
6.38 6.55
3.8 8.79
0.41 0.85
1.6 1.28
3.42 4.58
2.35 0.43
0.44 0.75
1.0 9.0
6.81 6.73
6.79 1.68
3.94 1.02
3.91 5.05
3.48 4.69
3.47 4.68
1.74 1.27
3.53 4.8
4.02 9.0
1.0 9.0
0.57 1.35
4.02 9.0
0.65 0.57
1.23 1.33
1.39 0.41
3.4 4.57
6.87 1.14
1.87 1.27
4.43 2.4
2.26 1.21
0.49 1.11
4.14 0.99
3.24 1.1
3.32 3.17
0.76 1.34
4.42 2.42
4.02 9.0
3.79 2.66
6.33 0.78
3.32 3.2
1.78 1.23
1.0 9.0
3.73 0.47
2.09 1.18
1.25 3.21
4.55 0.95
1.78 1.31
0.61 1.36
4.18 0.46
1.0 9.0
6.36 0.8
9.54 1.67
1.99 1.22
5.12 2.2
4.22 8.79
0.28 9.4
1.79 1.27
2.1 1.24
4.79 6.61
1.36 1.28
0.76 1.4
3.68 2.72
1.78 1.23
9.52 2.2
2.46 1.26
0.49 1.07
5.76 0.83
1.95 0.43
1.78 1.31
4.45 1.47
2.27 1.2
6.44 0.8
5.34 7.67
6.88 1.58
6.17 0.79
0.54 0.71
0.46 1.03
3.42 4.6
5.3 0.9
6.95 1.26
1.0 9.0
3.48 4.7
0.61 1.37
0.42 0.84
4.54 0.96
0.46 0.97
2.51 1.19
3.42 4.59
1.48 1.3
1.63 0.42
1.98 0.43
1.78 1.23
3.47 4.69
0.46 0.96
1.48 1.3
1.99 1.22
2.78 0.42
3.72 2.7
2.5 1.18
3.34 4.24
1.48 1.3
3.39 4.49
5.37 2.13
1.99 1.22
4.02 9.0
1.23 1.33
0.72 1.35
1.21 1.35
1.06 1.31
1.91 1.26
3.42 4.59
6.55 6.63
2.49 1.17
4.84 6.46
5.87 0.52
5.11 2.25
1.82 0.43
2.06 1.2
0.98 9.0
4.8 6.61
0.54 0.71
5.03 5.78
4.2 0.98
1.91 1.26
6.38 6.55
0.52 1.22
2.5 1.18
0.47 1.08
4.02 9.0
3.43 4.65
1.15 1.33
0.65 0.57
2.03 0.43
6.57 1.81
1.96 0.43
0.28 9.0
4.75 6.6
9.51 2.34
6.85 1.6
3.3 3.45
1.0 9.0
0.28 4.72
2.31 1.2
0.69 9.62
0.48 1.05
1.01 9.02
3.42 4.59
4.02 9.06
5.02 5.78
4.84 6.63
0.52 1.21
0.63 1.38
3.45 4.72
1.81 1.26
0.71 1.36
0.64 1.53
0.55 1.26
4.45 1.47
3.86 1.02
1.25 1.38
3.04 0.44
3.61 2.77
6.88 6.75
3.67 5.02
2.5 1.18
4.45 1.47
5.95 0.5
6.71 6.7
3.42 4.59
3.69 4.97
0.45 0.98
1.49 1.31
1.91 6.19
3.06 1.11
4.02 8.99
6.67 1.74
1.0 9.0
5.62 0.84
1.62 0.43
1.87 0.43
1.01 1.33
0.54 0.71
2.12 1.22
3.32 4.45
1.89 6.37
0.49 1.07
3.48 4.69
5.48 0.85
4.78 0.93
4.46 0.46
4.11 1.0
1.85 0.4
0.46 0.86
3.49 1.07
3.47 0.44
1.78 0.43
3.42 4.56
1.87 1.27
2.03 0.43
1.91 6.19
2.07 1.23
0.7 0.57
0.6 7.01
4.59 0.99
8.6 0.57
2.21 0.41
1.98 0.43
1.4 0.44
6.85 1.6
5.02 6.57
0.28 9.03
3.24 1.1
3.66 1.04
4.12 8.91
3.31 1.07
0.64 1.41
0.46 0.84
3.3 0.44
4.87 6.45
3.04 1.12
3.58 1.07
1.13 1.36
6.81 1.01
4.02 9.06
5.79 2.03
6.25 0.8
0.82 0.5
3.91 9.12
3.39 4.5
1.98 0.43
3.47 4.61
3.83 1.02
6.93 1.44
3.32 4.09
3.73 0.47
2.09 1.18
1.74 1.27
3.59 1.06
3.94 1.02
0.65 0.57
5.73 0.51
4.03 8.95
1.49 3.17
1.0 9.0
0.52 1.22
1.36 1.28
3.77 2.64
0.28 4.72
1.91 1.26
1.27 0.42
6.02 7.1
1.18 0.45
0.82 0.53
2.1 1.17
9.51 2.57
4.38 2.44
0.85 0.52
4.02 9.0
0.59 1.33
1.96 0.43
2.27 0.41
0.87 1.34
6.49 1.8
1.01 1.33
0.78 1.38
5.62 0.84
4.55 0.46
5.26 2.18
3.71 0.45
2.46 1.26
2.04 1.21
2.09 1.18
7.47 8.21
0.64 1.37
3.89 0.45
0.56 0.68
1.46 1.3
2.1 1.22
4.83 2.28
1.89 6.37
5.62 0.5
6.72 0.96
4.8 8.02
1.96 1.22
1.0 9.0
0.63 0.6
0.53 1.27
2.78 1.15
0.56 0.68
2.07 0.41
1.39 0.41
4.8 6.62
2.09 1.18
3.34 4.25
2.09 0.44
5.41 2.16
1.81 1.26
3.43 4.6
3.23 7.61
2.09 1.18
5.63 0.84
2.27 1.2
0.58 1.33
3.92 9.17
3.96 1.03
0.44 0.75
3.64 2.77
2.63 1.19
1.36 1.28
1.44 1.31
9.67 9.61
6.6 8.15
6.88 1.56
5.26 2.18
1.25 1.38
6.88 6.73
4.85 6.7
3.83 0.4
2.12 1.2
2.73 0.44
4.02 9.0
4.18 6.48
2.85 7.78
2.12 1.22
3.72 8.83
0.57 1.33
1.25 3.21
6.32 0.8
4.26 0.48
8.16 0.55
4.88 2.26
1.36 1.28
5.52 0.47
4.76 2.3
3.83 0.47
3.65 1.05
1.55 1.3
2.85 7.78
1.45 8.81
2.42 1.2
3.53 0.44
6.28 0.5
9.52 1.79
3.36 0.45
2.27 1.2
2.1 1.24
0.44 0.86
1.92 7.37
2.85 7.78
0.65 1.55
3.86 9.22
2.1 1.17
1.95 7.46
3.37 4.42
4.13 1.0
2.08 1.18
4.62 6.33
4.19 6.48
2.69 0.42
0.59 6.97
2.34 1.18
5.32 0.87
3.33 3.63
1.89 0.43
5.01 0.47
6.6 8.15
4.88 2.27
2.0 1.23
0.52 1.21
1.46 1.3
3.48 4.7
0.55 0.69
1.25 3.21
1.37 1.31
1.62 0.42
0.64 0.58
3.43 4.62
3.69 0.44
2.73 0.44
2.1 1.17
2.12 1.16
1.81 1.26
2.47 1.18
0.6 7.01
6.28 1.89
1.96 1.23
1.56 1.3
3.29 1.11
1.0 9.0
0.59 6.96
0.47 0.99
2.58 1.2
2.16 0.43
3.72 0.45
0.61 6.65
3.92 9.17
1.74 1.27
2.08 1.18
1.45 1.33
2.09 1.18
0.57 0.63
3.6 5.96
3.48 4.7
9.5 2.69
3.78 2.66
1.89 0.43
3.35 0.43
1.0 9.0
2.09 1.18
1.0 9.0
1.78 0.43
2.09 0.39
0.46 0.92
5.81 0.49
2.09 1.18
4.96 0.91
6.07 0.79
2.02 1.2
4.26 0.48
5.09 0.91
0.6 7.02
9.66 9.24
1.94 0.42
1.49 3.17
1.78 0.43
3.93 0.45
4.39 6.52
1.0 9.0
2.18 0.41
4.64 0.95
2.08 1.18
3.35 1.07
6.88 1.56
0.63 1.39
2.17 1.2
0.48 1.09
0.49 1.03
4.46 0.46
2.03 1.2
6.72 6.69
1.21 1.32
6.62 0.85
3.83 0.45
0.75 0.55
4.8 9.55
1.44 6.27
4.41 2.42
2.03 5.72
5.37 6.75
4.44 6.59
3.9 1.02
0.28 9.0
4.18 6.48
3.48 4.69
3.41 2.98
1.46 1.3
5.41 2.13
5.46 0.45
3.92 9.15
2.73 0.44
3.04 1.12
0.97 0.48
1.76 0.43
1.47 6.26
0.47 1.12
0.28 4.72
2.09 0.41
0.97 9.01
1.0 9.0
5.84 7.17
6.54 0.84
4.26 0.48
2.44 1.19
5.37 6.73
2.47 1.18
6.88 6.73
6.25 0.8
1.96 1.22
2.51 0.41
1.81 1.26
2.11 1.17
3.0 0.43
5.34 0.87
1.0 9.0
3.93 0.45
9.65 9.27
2.31 9.67
1.42 6.27
6.71 6.69
1.96 1.23
4.02 9.0
1.95 7.46
0.57 0.63
5.13 2.22
2.95 1.13
4.47 6.54
1.04 0.47
4.47 0.97
0.57 1.32
6.95 0.54
0.54 0.7
1.46 1.3
3.31 1.1
1.62 0.42
1.0 9.0
1.25 1.38
6.93 1.5
4.11 1.0
0.58 1.34
0.28 7.19
3.35 0.45
1.92 7.37
1.95 7.46
1.91 1.27
1.81 1.26
4.82 2.31
1.09 1.41
2.06 1.19
4.34 0.99
3.13 0.43
6.62 0.86
3.03 0.43
3.33 3.37
3.88 9.17
0.81 1.36
4.07 8.96
2.11 1.17
3.73 9.29
1.46 1.28
1.81 1.26
0.28 8.23
1.45 1.33
0.72 1.36
6.02 7.09
1.74 1.27
0.46 0.79
4.7 0.94
0.28 4.72
1.0 9.0
1.25 1.38
0.56 1.25
2.39 1.19
2.2 0.43
6.87 6.75
8.6 0.57
4.17 0.45
3.62 1.07
6.87 6.73
1.95 7.46
9.51 2.5
3.37 4.41
2.02 1.2
2.39 1.19
0.54 1.22
5.43 2.13
4.47 6.54
2.04 0.43
3.23 1.08
7.48 0.5
1.77 0.43
2.73 1.14
0.99 9.0
2.09 1.18
0.94 8.99
5.87 0.5
0.45 0.83
6.96 1.37
9.62 6.77
0.53 0.71
1.64 3.11
5.57 6.84
1.52 3.16
4.39 9.67
2.32 9.67
3.23 0.43
3.41 9.27
4.02 9.0
6.28 1.89
4.88 0.92
1.33 1.3
0.66 0.57
6.46 0.81
2.69 1.16
4.85 0.45
1.49 3.17
1.28 1.29
1.71 0.42
0.52 0.68
2.95 1.13
0.89 0.51
6.42 0.81
3.93 0.45
2.12 1.15
4.69 2.35
1.3 1.3
7.31 8.07
2.11 1.17
7.32 0.45
4.41 2.42
6.93 1.5
3.57 4.85
0.74 0.55
0.42 0.84
5.62 0.84
2.1 1.24
7.41 0.47
1.76 0.43
1.56 1.31
4.47 6.54
1.76 0.43
6.66 0.88
4.48 6.55
0.64 0.63
7.83 8.09
6.28 1.89
3.17 9.67
2.11 1.17
3.35 0.43
3.48 4.74
5.27 6.78
7.03 0.53
4.5 9.67
2.1 1.17
1.0 9.0
2.09 0.43
2.58 1.2
2.09 1.17
2.31 1.19
3.79 8.75
1.95 7.46
9.51 2.25
6.54 6.62
2.73 1.14
4.41 2.42
0.61 6.67
2.03 5.72
1.59 0.41
1.74 1.27
4.47 0.97
6.12 0.5
0.53 0.72
2.17 1.19
0.63 0.58
7.48 8.15
3.29 1.08
5.43 2.13
4.42 2.42
7.91 0.53
1.44 1.28
0.46 1.01
0.48 4.8
0.47 1.04
2.8 7.96
1.15 1.32
2.44 1.19
3.63 1.06
0.47 1.01
0.56 1.28
1.56 1.3
0.45 0.8
1.33 1.3
6.57 0.82
8.16 0.55
4.4 2.43
0.64 1.4
6.83 1.05
4.56 0.46
2.02 1.2
1.87 1.27
2.06 9.11
4.87 6.45
2.1 1.24
3.28 9.12
0.78 0.54
5.27 7.28
6.43 0.56
2.46 1.26
1.87 1.27
4.89 0.92
4.9 0.92
4.46 0.47
7.48 8.15
2.05 1.19
4.47 0.97
4.95 6.65
1.87 1.27
5.01 0.91
2.09 1.17
7.88 0.54
5.23 7.0
0.28 6.88
3.39 4.47
5.25 2.16
3.47 4.73
2.98 0.42
1.74 1.27
3.3 0.44
0.54 0.7
3.53 0.44
1.29 9.12
0.28 7.09
7.29 8.06
2.17 1.2
6.6 1.79
6.28 0.44
5.82 7.13
1.28 1.29
2.71 1.18
2.42 1.2
4.57 0.95
2.37 0.43
0.63 1.42
1.87 1.27
7.78 0.58
5.47 0.48
2.61 9.45
3.74 8.85
4.7 0.48
0.61 7.0
1.74 1.27
2.03 5.72
1.95 7.46
2.84 0.43
0.46 0.87
2.86 9.67
1.14 1.33
0.56 1.28
2.95 1.13
0.47 7.24
5.12 6.6
6.11 0.51
0.79 9.67
4.23 9.61
4.06 1.01
7.27 7.81
2.09 0.44
2.71 1.18
0.28 8.39
2.2 0.43
1.49 0.43
3.41 4.49
4.92 6.51
2.37 0.43
3.66 4.96
4.77 6.78
8.88 0.51
5.7 0.83
2.11 1.17
4.58 7.88
1.74 1.27
2.07 9.11
5.44 0.86
2.77 1.14
2.14 1.13
3.58 8.96
0.47 0.78
5.42 0.48
3.12 1.14
4.56 0.46
5.51 2.11
0.28 7.09
1.81 1.26
7.94 6.93
2.03 5.72
5.78 2.02
2.02 5.73
4.37 9.67
2.12 9.1
5.7 0.83
0.97 0.48
2.46 1.26
5.19 0.49
2.32 9.67
3.24 1.08
4.92 6.52
5.1 0.9
3.57 8.97
2.19 9.1
3.38 4.44
2.56 9.67
0.44 0.84
2.05 1.19
3.35 7.52
0.75 0.55
0.64 0.57
2.03 5.72
0.95 1.34
0.99 0.48
6.88 6.73
1.01 0.47
6.88 6.73
1.1 1.39
2.48 1.19
6.9 1.59
6.53 0.82
5.78 0.82
6.48 1.82
2.04 0.43
0.28 7.2
0.28 6.87
0.28 6.92
1.52 1.27
4.04 6.35
3.87 9.22
6.0 0.51
2.37 0.43
2.23 0.43
0.46 0.79
1.0 9.0
1.0 9.0
1.7 0.43
7.27 7.81
3.28 0.47
7.1 0.45
0.56 1.29
4.21 0.45
2.1 0.43
2.14 1.14
4.52 2.42
4.56 0.46
4.3 0.99
0.28 8.46
6.22 0.5
4.13 0.46
3.88 1.02
2.42 0.44
3.89 0.47
2.04 0.43
1.81 1.26
2.46 0.43
1.84 0.4
4.06 1.01
3.48 4.69
6.95 1.4
3.43 4.56
7.83 8.09
2.94 1.11
6.18 7.47
3.21 7.66
0.81 9.67
2.99 1.17
7.27 7.81
5.11 0.9
4.11 6.43
5.17 0.48
3.37 4.41
2.44 9.27
9.48 3.17
1.08 0.47
0.44 0.89
2.06 1.19
1.95 7.46
4.01 6.36
0.82 0.52
2.48 1.22
2.81 0.43
3.55 4.79
1.35 1.33
4.5 9.67
0.28 8.49
3.09 0.45
6.5 0.46
3.72 0.43
3.18 5.67
9.67 9.61
4.28 8.23
4.92 6.49
1.79 1.25
5.41 0.85
2.46 1.26
6.18 7.49
1.54 1.28
5.78 2.02
0.45 0.85
0.48 1.06
3.56 1.06
0.6 0.63
6.06 0.46
2.41 0.44
6.9 1.59
4.03 6.37
3.35 1.07
7.93 6.95
2.48 1.19
2.12 1.22
5.42 7.18
2.46 1.26
5.78 0.48
7.83 8.09
2.08 1.18
4.31 6.56
5.64 0.83
3.0 1.15
2.14 1.14
5.47 0.85
9.67 9.61
2.11 1.17
4.12 6.4
4.41 2.42
3.09 9.67
8.01 6.97
3.68 0.46
6.69 0.93
6.36 0.51
1.56 1.3
2.14 1.14
3.48 4.7
0.43 4.53
4.92 6.49
2.79 7.93
4.46 0.44
3.66 4.96
1.35 0.44
4.29 6.13
1.81 1.26
2.8 7.96
8.03 0.52
0.5 1.07
4.24 6.47
9.51 2.38
9.66 9.24
2.1 1.17
7.78 0.51
2.12 1.15
6.26 0.8
5.77 2.01
6.71 1.76
2.1 1.17
7.8 8.09
6.89 1.57
2.08 1.18
7.45 0.46
2.44 9.27
2.09 1.18
3.44 0.44
3.35 1.07
1.15 1.32
7.1 0.45
6.28 0.44
1.44 6.27
1.29 0.44
5.53 0.85
1.95 7.43
5.79 0.83
3.65 1.05
5.31 2.16
2.8 7.97
0.88 1.35
2.8 7.96
3.11 0.43
0.42 0.84
2.32 0.43
7.04 7.92
9.48 3.17
5.44 0.48
4.36 9.67
0.46 0.78
2.04 0.43
4.49 9.67
2.26 1.21
3.09 0.45
4.49 9.67
2.8 7.96
2.61 1.2
8.03 6.97
2.94 9.52
5.02 6.57
5.78 2.02
3.92 1.02
3.32 0.47
4.09 0.45
8.22 0.56
3.55 1.07
1.52 1.27
2.3 9.23
0.28 9.09
2.12 1.15
0.29 0.28
0.28 8.44
8.87 0.48
4.79 0.47
4.47 6.24
0.65 0.57
5.51 0.85
2.04 0.43
2.49 1.2
3.72 0.43
0.66 1.4
4.1 6.38
3.45 4.64
0.72 1.35
6.22 0.45
5.01 0.91
4.22 6.5
9.47 3.33
3.72 0.43
2.15 1.13
1.15 1.32
6.91 0.51
9.67 9.61
0.45 0.84
7.93 6.95
3.88 1.02
1.71 1.3
4.23 0.43
1.74 1.27
3.05 9.63
0.63 4.9
1.77 0.43
6.63 0.86
9.62 6.77
3.44 0.44
8.03 6.97
0.89 0.51
2.85 1.13
4.3 9.66
0.64 1.39
2.04 0.43
9.51 2.25
9.51 2.46
2.14 1.14
3.66 1.06
3.99 0.45
1.08 0.46
8.03 6.99
3.03 1.13
2.34 1.22
2.05 1.19
3.32 7.58
5.88 6.29
0.48 4.8
2.64 1.15
8.88 0.51
3.42 4.53
9.51 2.38
3.14 9.63
9.62 6.77
4.96 5.73
6.59 0.84
8.03 6.99
4.79 7.72
5.77 0.49
0.83 1.34
2.78 1.17
3.67 2.75
4.75 9.53
2.48 1.19
4.47 0.96
5.09 6.77
0.28 0.28
3.37 4.46
4.48 0.46
3.36 4.1
1.81 1.26
2.37 1.2
2.25 0.41
5.37 0.87
3.77 1.04
3.89 0.47
4.41 0.46
4.6 7.83
8.69 0.54
5.77 7.11
2.15 1.13
2.05 1.23
0.54 1.31
7.04 7.92
2.13 1.15
2.13 1.15
1.0 9.0
6.49 0.81
4.65 7.78
