1.0 9.0
1.0 9.0
1.0 9.0
0.28 9.0
0.83 9.67
1.0 9.0
1.0 9.0
1.0 9.0
0.73 4.93
1.0 9.0
1.0 9.0
1.0 9.0
1.0 9.0
3.52 9.59
1.0 9.0
1.0 9.0
0.28 9.0
1.1 8.36
0.99 8.97
1.0 9.0
0.28 9.0
1.0 9.0
0.83 8.79
4.02 9.0
1.0 9.0
4.02 9.0
4.02 9.0
2.53 9.67
1.22 9.67
0.28 9.0
0.28 9.0
4.02 8.98
1.05 8.99
4.02 9.0
0.28 9.03
0.28 9.0
4.02 9.0
0.28 8.99
3.97 9.09
1.09 8.97
1.0 9.0
3.26 5.83
0.28 9.0
0.28 9.0
1.0 9.0
1.0 9.0
0.28 9.0
1.0 9.0
0.28 9.0
4.02 9.0
4.02 8.99
0.28 9.0
4.02 9.0
1.0 9.0
4.62 8.31
0.28 9.0
4.02 9.0
1.0 9.0
0.28 9.0
1.0 9.0
4.02 9.0
4.02 9.0
0.28 9.0
3.18 5.98
1.24 9.67
1.01 8.99
1.0 9.0
1.08 8.79
0.28 9.0
1.0 9.0
1.0 9.0
4.02 9.0
1.47 8.86
1.0 9.0
1.02 9.0
1.0 9.0
1.11 9.19
1.0 9.0
1.0 9.0
0.28 9.0
4.89 7.26
1.0 9.0
3.82 9.23
4.02 9.0
4.48 6.28
0.28 9.0
1.0 9.0
1.0 9.0
0.64 4.78
0.28 9.0
0.28 9.0
4.32 8.69
0.28 9.0
0.28 9.0
0.28 9.62
4.02 9.01
1.0 9.0
0.28 9.0
0.28 9.0
4.02 9.0
1.52 5.91
1.0 9.0
1.0 9.0
1.0 8.99
1.0 9.0
1.0 9.0
1.0 9.0
1.0 9.0
1.0 9.0
0.28 9.0
2.07 9.67
3.31 9.21
1.0 9.0
4.02 9.0
3.44 6.5
0.99 8.97
1.0 9.0
1.0 9.0
3.38 9.67
0.28 9.0
1.0 9.0
1.0 9.0
0.28 9.0
0.28 9.0
4.02 9.0
3.92 9.15
4.02 9.0
4.91 7.24
0.28 9.0
0.28 9.0
4.02 9.0
1.38 9.67
1.0 9.0
1.2 8.86
1.0 9.0
4.02 9.0
1.0 9.0
0.28 9.0
0.28 9.0
0.28 9.02
1.0 9.0
1.0 9.0
4.02 9.0
0.28 9.0
3.82 9.24
4.02 9.0
2.53 9.67
3.97 9.11
0.72 4.89
0.64 4.78
3.97 9.11
4.02 9.0
0.28 9.0
0.28 8.92
1.0 9.0
0.28 9.0
4.02 9.0
1.0 9.0
1.0 9.0
0.28 9.0
4.02 8.98
1.0 9.0
0.28 9.0
1.0 9.0
1.0 9.0
1.0 9.0
0.28 9.0
1.0 9.0
0.28 8.99
1.0 9.0
1.0 9.0
1.0 9.0
1.28 8.9
4.62 8.31
1.0 9.0
0.28 9.0
1.27 8.85
1.0 9.0
0.28 9.0
3.53 8.45
0.28 9.0
1.0 9.0
3.84 6.78
3.82 9.22
1.29 9.67
4.02 9.0
1.13 8.93
0.28 9.0
1.0 8.91
4.02 9.0
0.28 9.0
1.0 9.0
0.56 9.67
3.97 9.08
1.0 9.0
0.28 8.96
1.0 9.0
4.02 9.0
4.02 9.0
0.28 9.0
1.0 9.0
1.0 9.0
1.0 9.0
1.0 9.0
1.0 9.0
1.0 9.0
0.28 9.0
4.91 7.24
1.0 9.0
1.0 9.0
1.0 9.0
1.0 9.0
1.0 9.0
3.18 6.62
4.08 6.7
1.0 9.0
1.0 9.0
1.13 8.93
1.0 9.0
0.28 9.0
1.0 9.0
1.0 9.0
0.28 9.0
1.0 9.0
0.72 4.89
1.0 9.0
1.0 9.0
1.0 9.0
1.0 9.0
1.0 9.0
1.0 9.0
1.0 9.0
3.51 8.94
1.0 9.0
1.0 9.0
1.0 9.0
1.23 8.86
1.0 9.0
1.0 9.0
1.0 9.0
4.62 8.31
1.0 9.0
0.28 9.0
1.09 8.97
1.0 9.0
4.07 8.97
1.0 9.0
1.0 9.0
0.28 7.79
4.02 9.0
1.29 8.87
1.0 9.0
4.02 9.0
1.0 9.0
1.0 9.0
4.02 9.0
1.0 9.0
1.0 9.0
1.0 9.0
1.0 9.0
0.28 9.0
4.91 7.24
1.01 9.0
3.56 9.15
1.0 9.0
1.0 9.0
3.53 8.45
5.41 6.78
1.0 9.0
1.0 9.0
1.0 9.0
1.09 8.97
0.28 8.9
1.0 9.0
5.01 6.53
1.0 9.0
0.28 9.22
1.0 9.0
3.84 9.22
1.0 9.0
1.0 9.0
1.02 8.96
1.0 9.0
1.07 9.0
4.17 8.86
0.28 9.0
4.89 7.26
1.0 9.0
4.02 9.0
1.0 9.0
1.0 9.0
1.0 9.0
0.28 9.0
1.0 9.0
0.97 8.98
3.44 6.5
1.0 9.0
1.0 9.0
1.0 9.0
1.0 9.0
0.28 8.99
1.0 9.0
1.0 9.0
1.0 9.0
1.0 9.0
1.06 8.93
1.27 8.85
1.0 9.0
4.62 8.31
0.99 8.97
1.0 9.0
1.0 9.0
4.02 9.0
0.28 9.0
0.28 9.0
1.0 9.0
2.34 9.67
1.0 9.0
0.33 4.38
1.0 9.0
4.02 9.0
1.04 9.0
1.0 9.0
0.28 7.79
0.28 7.79
1.0 9.0
0.48 7.91
1.0 9.0
1.0 9.0
4.07 8.96
1.0 9.0
0.28 9.0
1.0 9.0
1.0 9.0
2.95 9.67
3.26 5.83
1.0 9.0
1.0 9.0
1.0 9.0
3.18 6.96
5.21 6.63
1.0 9.0
0.28 9.0
0.72 4.89
1.0 9.0
0.99 8.97
1.0 9.0
1.0 9.0
1.17 8.81
1.0 9.0
1.0 9.0
1.0 9.0
1.0 9.0
6.27 7.27
1.0 9.0
3.44 6.5
1.0 9.0
0.99 8.97
1.07 9.0
1.09 8.94
0.28 9.01
1.0 9.0
1.0 9.0
1.0 9.0
1.13 8.93
3.31 9.67
1.0 9.0
1.0 9.0
0.28 4.6
1.47 8.86
4.62 8.31
1.0 9.0
0.28 9.0
4.62 8.31
1.0 9.0
0.28 9.0
4.07 8.96
4.62 8.31
0.28 9.0
0.97 8.98
1.0 9.0
1.01 9.0
4.02 9.02
0.28 4.59
2.58 9.67
1.0 9.0
4.02 9.0
0.28 7.79
4.02 9.0
1.0 8.91
1.0 9.0
0.95 8.96
3.63 9.42
3.44 9.67
4.2 6.08
4.62 8.31
1.0 9.0
0.28 4.6
0.28 9.0
4.02 8.98
0.28 4.6
5.41 6.78
5.21 6.63
0.28 8.96
3.44 6.5
0.99 8.99
5.41 6.78
0.28 9.0
3.18 5.76
5.41 6.78
0.28 9.0
1.0 9.0
1.03 9.67
4.07 8.96
1.45 9.07
1.02 8.96
4.02 9.0
4.02 9.0
0.72 4.89
1.0 9.0
4.62 8.31
3.37 7.7
1.47 8.86
5.72 6.93
0.28 9.0
0.64 4.78
0.28 9.0
4.02 9.0
1.0 9.0
1.0 9.0
1.0 9.0
4.02 9.0
1.0 9.0
0.28 9.0
4.02 9.0
1.0 9.0
4.89 7.24
2.62 7.14
1.17 8.92
4.14 7.91
0.28 9.0
0.28 9.0
1.51 6.72
3.28 8.84
1.0 9.0
2.05 9.67
0.28 9.0
0.28 9.0
1.0 9.0
4.62 8.31
1.04 8.97
0.76 9.67
0.72 4.89
0.28 9.0
1.85 5.93
0.28 9.0
3.93 9.12
2.62 5.85
5.32 7.12
0.6 9.65
1.0 9.0
1.0 8.95
4.02 9.0
4.02 9.0
1.05 8.91
1.0 9.0
0.28 9.0
5.37 6.76
1.0 9.0
4.02 9.0
4.27 8.74
1.12 8.65
4.02 9.02
4.48 6.28
3.65 5.96
3.83 8.25
1.0 9.0
0.28 9.0
1.0 9.0
1.0 9.0
0.9 8.85
1.0 9.0
4.89 7.24
0.28 9.0
5.44 7.72
3.18 5.98
1.01 9.0
1.0 9.0
1.09 8.89
4.02 9.0
1.0 9.0
5.71 7.79
4.14 7.93
4.55 7.3
1.0 9.0
1.0 9.0
4.62 8.31
5.29 6.73
4.02 9.0
0.28 9.0
0.28 9.0
1.0 9.0
1.0 9.0
1.76 8.86
1.0 9.0
4.02 9.0
1.0 9.0
4.02 9.0
1.0 9.0
1.0 9.12
0.28 8.71
2.36 9.67
1.0 9.0
0.5 4.63
1.1 8.32
1.0 9.0
0.64 4.78
0.98 8.89
1.0 9.0
1.0 9.0
4.02 9.0
1.1 8.37
3.18 6.62
4.02 9.0
0.28 9.0
1.0 9.0
1.0 9.0
0.28 4.6
4.62 8.31
4.62 8.31
4.02 9.0
4.07 8.96
1.0 9.0
1.0 9.0
4.2 6.08
5.41 6.78
0.28 7.76
1.0 9.0
3.31 9.67
3.18 5.98
1.68 9.67
0.72 4.89
4.62 8.31
0.48 7.91
4.07 8.96
2.18 9.67
1.19 8.91
4.02 9.0
1.0 9.0
3.18 5.98
4.62 8.31
1.0 9.0
4.91 7.24
0.28 8.14
1.0 9.0
0.45 7.75
1.0 9.0
4.02 9.0
6.32 8.15
1.0 9.0
1.0 9.0
1.0 9.0
0.28 7.79
3.18 6.9
2.39 9.67
0.28 9.0
3.18 5.98
2.84 9.67
1.0 9.0
1.0 9.0
3.44 6.5
1.87 9.67
0.28 6.48
2.44 9.67
1.0 9.0
3.44 6.5
3.18 6.24
3.53 8.45
1.0 9.0
1.0 9.0
0.28 4.6
1.88 5.93
0.28 4.6
1.0 9.0
5.53 8.07
4.02 9.0
4.08 6.7
1.76 8.86
1.22 8.71
0.28 9.06
1.92 1.28
1.0 9.0
3.44 6.5
0.98 8.81
4.02 9.0
1.0 9.0
4.02 9.0
0.28 9.0
4.59 6.33
4.02 9.0
1.68 9.67
0.28 9.0
4.02 9.0
1.0 9.0
4.08 6.7
1.0 9.0
5.21 6.63
0.28 9.0
3.44 9.22
1.0 9.0
1.0 9.0
1.0 9.0
4.02 9.0
3.18 5.98
1.0 9.0
4.02 9.0
4.02 9.0
0.28 4.58
1.0 9.0
5.21 6.63
0.73 4.93
1.0 9.0
4.89 7.26
3.44 6.5
0.28 4.57
1.0 9.0
4.49 8.41
5.21 6.63
4.02 9.0
2.06 9.67
3.02 9.67
4.02 9.0
3.26 5.83
1.0 9.0
0.28 9.0
0.5 4.63
0.72 4.89
2.32 9.67
4.89 7.24
0.28 9.0
0.28 8.99
1.76 8.86
4.02 9.0
1.0 9.0
1.0 9.0
0.28 8.96
0.28 9.0
5.72 6.93
3.75 8.97
0.28 4.59
4.02 9.0
4.49 8.41
1.0 9.0
1.0 9.0
5.71 6.93
0.64 4.78
3.44 6.5
1.0 9.0
0.33 4.38
1.3 9.67
4.02 9.03
4.49 8.41
4.48 6.28
0.28 4.6
0.45 7.75
0.33 4.38
4.49 8.41
1.0 9.01
5.63 6.88
1.02 9.0
3.18 5.98
0.72 4.89
4.02 9.0
4.02 9.0
5.47 6.78
0.28 4.6
1.0 9.0
3.45 6.47
5.12 6.63
1.0 9.0
4.02 9.0
1.0 9.0
4.49 8.41
4.02 9.0
0.64 4.78
3.18 5.98
1.0 9.0
3.65 5.96
0.28 9.0
0.72 4.89
1.0 9.0
4.02 9.0
2.62 5.86
1.0 9.0
0.28 4.6
4.02 9.0
1.0 9.0
0.87 9.06
1.0 9.0
1.0 9.0
1.17 9.67
2.62 7.14
0.28 9.03
1.0 9.0
2.74 9.67
5.53 8.07
0.28 4.63
0.28 4.6
1.0 9.0
3.18 5.76
0.28 9.0
4.02 9.0
4.02 9.0
0.28 4.6
3.44 6.5
5.74 6.98
0.72 4.89
4.14 6.08
3.44 6.5
0.72 4.9
0.28 4.59
0.72 4.89
1.0 9.0
1.0 9.0
5.72 6.93
0.72 4.89
5.53 8.06
1.0 9.0
1.0 9.0
4.18 9.65
0.28 4.6
3.18 5.99
3.18 6.24
1.0 8.99
1.0 9.0
0.28 8.39
0.28 9.0
1.0 9.0
3.92 9.17
1.0 9.0
1.0 9.0
1.13 8.85
0.28 4.59
0.28 9.0
1.0 9.0
1.0 9.0
4.97 7.9
3.18 5.75
1.0 9.0
4.02 9.0
0.35 4.38
1.0 9.0
1.0 9.0
3.87 8.97
0.64 4.78
0.28 4.6
4.02 9.0
0.28 9.0
4.2 6.08
0.28 4.6
1.1 8.51
3.45 6.47
0.28 9.02
4.02 9.0
3.18 5.98
4.17 8.85
3.28 9.67
0.28 9.0
4.02 9.0
5.12 6.63
2.74 9.67
3.18 5.98
0.28 9.0
0.64 4.78
4.08 6.7
1.83 9.67
0.28 4.6
0.28 4.6
1.0 9.0
0.34 4.38
3.18 5.98
3.18 6.37
1.0 9.0
4.02 9.0
2.62 5.85
1.0 9.0
0.28 4.6
4.63 9.67
0.28 9.0
1.0 9.0
4.89 6.48
0.28 7.79
0.28 4.6
0.35 4.38
0.28 4.57
0.28 4.58
0.28 9.0
0.28 9.0
1.02 8.99
0.28 4.6
1.0 9.0
5.47 6.78
1.0 9.0
3.82 9.25
0.5 4.63
1.86 5.93
1.0 9.0
1.0 9.0
0.28 4.6
5.53 8.07
4.08 6.7
3.18 5.98
4.17 8.86
2.11 7.54
1.0 9.0
1.0 9.0
1.0 9.0
4.02 9.0
4.55 7.3
0.28 9.0
2.62 7.14
3.18 5.76
0.79 9.67
5.0 6.53
1.04 8.91
0.28 4.58
0.28 4.6
1.0 9.0
3.18 5.98
0.28 4.58
4.02 9.0
1.2 8.96
1.05 8.68
4.02 9.0
3.26 5.83
4.17 8.84
0.28 9.0
0.64 4.78
3.18 5.76
0.31 4.33
0.28 4.59
4.98 6.53
4.02 9.0
4.2 6.08
1.0 9.0
1.0 9.0
0.33 4.38
0.28 4.58
1.0 9.0
0.28 4.57
0.28 9.0
1.85 5.93
0.33 4.38
1.0 9.0
4.02 9.0
0.28 8.89
2.62 7.14
3.26 5.83
3.18 6.24
0.5 4.63
5.25 7.06
1.81 5.93
1.0 9.0
4.7 6.38
6.32 8.15
4.08 6.7
2.01 7.61
1.09 8.04
0.98 8.96
0.28 9.0
0.64 4.78
1.0 9.0
1.0 9.0
1.0 9.0
1.0 9.0
4.02 9.0
1.0 9.0
4.02 9.0
1.0 9.0
1.0 9.0
1.52 5.91
0.28 7.79
1.53 9.67
4.08 6.7
5.47 6.78
2.62 7.14
0.5 4.63
3.97 9.1
1.0 9.0
0.45 7.75
4.02 9.0
0.64 4.78
0.28 9.0
4.02 9.0
0.28 9.0
1.0 9.0
0.64 4.78
0.98 8.94
0.28 9.0
1.55 6.79
3.23 8.82
3.18 5.76
0.35 4.38
0.28 4.33
0.28 5.47
3.37 7.7
3.46 7.44
2.62 7.14
3.87 9.17
1.0 9.0
0.99 9.0
1.0 9.0
0.95 6.34
4.02 9.0
0.33 4.38
1.0 9.0
4.55 7.3
2.62 7.14
1.09 8.04
1.02 9.0
0.28 7.9
3.18 5.76
0.33 4.38
1.0 9.0
1.0 9.0
4.69 6.38
5.37 6.76
3.18 5.76
1.42 9.47
0.34 4.38
1.93 8.95
3.19 9.67
1.0 9.0
0.28 9.0
4.02 9.0
1.0 9.0
4.02 9.0
1.0 9.0
1.0 9.0
4.02 9.0
2.62 7.14
1.91 9.67
1.0 9.0
1.12 7.74
3.18 5.75
4.55 7.3
1.0 9.0
1.0 9.0
1.52 5.91
3.46 7.44
0.28 9.0
0.28 7.99
5.13 6.63
1.0 9.0
1.07 8.92
4.43 8.21
0.28 4.62
1.0 9.0
2.62 7.14
1.0 9.0
5.53 8.07
4.02 9.0
3.18 5.76
4.29 8.57
0.8 9.49
0.34 4.38
1.0 9.0
3.18 5.76
1.0 9.0
1.53 9.67
1.0 9.0
1.3 9.49
4.02 9.0
4.02 9.0
0.28 9.0
4.59 6.33
2.62 5.86
1.52 9.67
0.73 4.93
1.0 9.0
0.72 4.89
0.28 9.0
4.02 9.0
0.28 9.0
4.02 9.0
4.02 9.0
0.33 4.38
0.28 8.62
0.72 4.89
1.0 9.0
0.45 7.75
0.51 4.63
0.28 4.62
1.0 9.0
1.0 9.0
4.55 7.3
0.28 7.79
4.57 8.38
0.28 4.57
0.51 9.67
1.0 9.0
4.9 7.9
1.0 9.0
0.34 4.38
1.0 9.0
0.35 4.38
0.28 4.59
0.28 9.0
4.02 8.99
1.0 9.0
2.62 5.85
1.01 8.99
0.35 4.38
0.34 4.38
1.0 9.0
1.0 9.0
0.93 8.89
0.33 4.38
1.0 9.0
0.28 4.63
3.18 5.76
3.92 9.15
0.5 4.63
1.93 8.95
5.26 6.68
2.01 7.61
1.0 9.0
1.0 9.0
3.18 5.76
0.72 9.67
1.0 9.0
3.18 5.76
3.56 8.82
1.0 9.0
1.0 9.0
0.5 4.63
0.28 9.0
4.02 9.06
0.33 4.38
3.87 9.19
4.88 6.48
0.53 4.68
1.93 8.95
0.33 4.38
2.76 9.6
2.11 9.67
4.02 9.0
4.02 9.0
4.02 9.0
1.52 5.91
0.72 4.9
0.34 4.38
1.0 9.0
0.5 4.63
0.72 4.89
4.02 9.0
5.81 6.98
0.34 4.38
4.02 9.0
4.02 9.0
0.33 4.38
1.0 9.0
0.64 4.78
1.0 9.0
2.62 5.86
3.97 9.09
0.28 9.0
0.73 4.93
0.72 4.84
3.74 6.37
3.74 9.3
1.0 9.0
0.28 6.67
1.0 9.0
0.92 9.67
1.0 9.0
4.02 9.03
0.66 4.78
2.62 5.86
0.3 4.65
6.27 7.27
4.51 8.47
3.18 5.76
0.35 4.38
3.18 5.75
0.53 4.68
1.0 9.0
1.0 9.0
3.9 9.17
6.32 8.15
1.88 5.93
3.18 5.75
3.23 8.82
0.33 4.38
0.95 6.34
5.74 7.73
6.17 7.22
0.28 9.0
4.02 9.0
1.0 9.0
1.86 5.93
4.02 9.0
0.28 4.45
1.88 5.93
1.0 9.0
1.0 9.0
3.08 9.67
4.02 9.0
0.31 4.66
1.03 8.96
1.0 9.0
1.0 9.0
2.62 5.86
4.02 9.0
4.02 9.0
0.28 5.9
0.28 9.0
0.72 4.89
2.12 7.74
3.34 9.67
1.0 9.0
1.0 9.0
0.75 4.93
0.5 4.63
0.32 4.33
1.0 9.0
1.12 7.74
2.62 5.85
0.57 4.68
1.0 9.0
0.28 8.62
1.0 9.0
1.0 9.0
0.34 4.38
0.76 9.67
0.34 4.38
1.17 9.67
0.28 4.57
0.75 9.44
4.22 8.79
1.0 9.0
0.28 9.0
0.28 9.0
0.28 4.59
0.28 9.0
1.0 9.0
0.28 4.63
1.0 9.0
5.38 2.44
3.67 9.38
1.81 5.93
0.73 4.93
2.62 5.85
0.53 4.68
4.69 6.38
0.28 4.63
1.0 9.0
1.0 9.0
0.28 9.0
4.84 6.43
3.77 9.29
2.62 5.85
1.0 9.0
1.0 9.0
5.47 6.81
0.33 4.38
0.34 4.38
1.0 9.0
2.62 5.86
4.02 9.0
9.57 3.19
0.28 9.0
4.02 9.0
0.28 8.96
1.0 9.0
1.0 9.0
4.02 9.05
1.81 5.93
1.0 9.0
3.98 9.05
1.0 9.0
1.0 9.0
3.57 9.11
1.0 9.0
1.0 9.0
4.02 8.99
6.17 7.2
0.31 4.66
1.22 9.67
4.02 9.0
0.34 4.38
2.16 9.67
0.35 4.38
1.52 5.91
1.0 9.0
3.57 9.01
0.51 4.63
4.02 9.0
1.0 9.0
1.94 7.18
2.76 9.6
0.28 4.58
1.72 9.67
1.24 9.67
1.0 9.0
0.95 8.99
1.0 9.0
3.62 9.43
0.43 8.31
0.64 4.78
0.31 4.66
2.92 9.67
1.41 8.94
1.88 5.93
0.28 6.56
0.28 4.33
0.53 4.68
0.71 8.77
0.5 4.63
1.0 9.0
1.17 9.67
1.92 1.28
1.0 9.0
0.59 4.73
4.69 8.08
0.28 4.62
4.02 9.0
0.32 4.33
1.0 9.0
2.99 9.67
1.0 9.0
1.0 9.0
3.91 9.17
0.33 4.38
0.33 2.53
1.09 8.86
1.92 1.28
4.02 9.0
1.52 5.91
1.52 5.91
1.0 9.0
4.02 9.0
4.59 6.33
1.52 5.9
0.28 9.0
0.28 8.54
0.57 4.68
5.11 2.5
4.02 9.0
1.86 5.93
0.51 4.63
0.66 4.78
1.0 9.0
2.11 9.67
0.28 9.06
4.63 9.67
1.0 9.0
0.28 9.0
4.02 9.0
0.5 4.63
0.74 9.67
1.0 8.95
0.95 6.34
0.34 4.38
4.59 6.33
4.02 9.0
1.92 1.28
0.53 4.68
4.02 9.0
1.0 9.0
0.28 7.8
4.02 9.0
4.02 9.0
0.35 4.38
5.38 2.42
0.95 6.34
6.27 7.27
4.02 9.0
4.02 9.0
3.3 8.33
4.02 9.0
0.35 4.38
1.0 9.0
0.71 4.83
1.0 9.0
2.69 9.67
0.28 6.56
2.62 6.29
0.28 8.96
4.02 9.0
1.0 9.0
1.0 9.0
4.02 9.0
0.53 4.68
1.11 6.07
4.02 9.0
0.84 9.35
1.88 5.93
1.0 9.01
1.92 1.28
1.0 9.0
5.24 7.67
1.0 9.0
4.02 9.0
1.32 9.67
4.02 9.0
1.0 9.0
5.76 7.82
1.0 9.0
1.0 9.0
4.02 9.0
0.28 4.33
1.0 9.0
5.11 2.5
2.92 9.67
1.0 9.0
1.7 7.03
5.25 6.81
1.12 7.74
4.02 9.0
3.92 9.16
0.75 4.93
1.0 9.0
0.28 9.32
0.66 4.78
1.0 9.0
5.46 2.42
4.02 9.05
1.88 5.93
1.0 9.0
0.35 4.38
4.02 9.0
0.34 4.38
4.02 8.99
0.28 9.0
4.02 9.0
1.39 6.59
0.33 2.53
1.0 9.0
4.02 9.0
1.05 8.66
1.01 9.0
3.99 9.07
4.37 8.61
4.02 9.0
4.69 8.07
4.02 9.0
4.02 9.0
0.33 4.38
4.02 9.0
2.96 9.67
4.02 9.0
1.0 9.0
5.27 6.74
1.87 5.93
0.64 4.78
1.19 6.28
3.67 9.4
5.52 6.83
1.86 5.93
1.52 5.91
9.67 8.39
1.0 9.0
1.0 8.97
4.07 8.96
0.79 8.78
0.31 4.33
5.7 7.18
0.34 4.38
0.34 4.38
1.0 9.0
4.02 9.0
1.0 9.0
0.28 5.9
1.41 8.81
4.02 9.0
1.0 9.0
1.33 8.01
0.99 9.0
0.32 4.33
3.76 9.32
4.02 9.0
0.51 4.63
0.5 4.63
1.0 9.0
1.0 9.0
1.04 9.01
5.28 7.67
1.0 9.0
0.34 4.38
0.34 4.38
5.27 6.72
4.69 6.38
2.81 9.67
2.41 9.67
1.0 9.0
1.0 9.0
1.0 9.0
0.53 4.68
0.28 8.96
0.28 8.88
0.28 5.9
2.92 9.67
9.57 3.19
0.28 9.6
0.35 4.38
1.01 9.0
1.0 9.0
0.28 4.33
4.02 9.0
1.0 9.0
0.37 4.41
1.0 9.0
4.02 9.0
0.88 9.67
0.35 4.38
1.0 9.0
2.3 6.36
1.0 9.0
1.0 9.0
1.0 9.0
1.0 9.0
1.0 9.0
2.92 9.67
0.28 6.67
1.0 9.0
1.54 6.76
0.35 4.38
0.28 4.33
0.66 4.78
0.33 4.38
5.43 6.78
5.38 2.42
0.64 4.78
0.35 4.38
4.02 9.0
1.0 9.0
3.62 9.43
4.02 9.06
4.02 9.0
0.29 4.33
3.77 9.32
0.28 8.11
0.51 4.63
3.98 9.07
5.36 2.38
0.59 6.02
1.0 9.0
0.5 4.63
1.0 9.0
1.0 9.0
0.5 4.63
1.0 9.0
3.99 9.07
0.28 9.0
4.02 9.0
0.67 9.67
0.51 4.63
3.18 6.55
2.62 6.27
1.92 7.37
1.0 9.0
0.28 4.33
3.67 9.42
0.72 4.88
1.46 1.18
4.02 9.0
3.74 6.37
0.57 4.68
1.0 9.0
1.0 9.0
0.29 4.33
1.0 9.0
2.09 6.12
3.18 5.71
1.51 6.72
0.5 4.63
0.64 4.78
1.0 9.0
0.28 6.67
0.99 9.0
4.02 9.0
1.0 9.0
1.0 9.0
1.92 1.28
4.02 9.0
4.02 9.01
0.37 4.41
1.0 9.0
1.0 9.0
0.8 9.67
1.92 1.28
3.65 9.42
1.0 9.0
1.0 9.0
0.28 9.0
0.33 2.53
1.86 7.36
1.92 1.28
4.96 6.53
1.77 1.26
1.0 9.0
5.11 2.5
0.96 8.46
1.11 6.07
0.28 9.0
4.02 9.0
0.28 9.0
1.0 9.0
1.01 8.98
0.28 9.6
5.38 2.42
0.53 9.6
0.28 4.33
0.28 5.9
5.27 6.72
1.33 8.01
4.02 9.0
9.57 3.19
4.02 9.0
1.77 7.24
5.11 2.5
4.47 8.49
3.82 9.27
4.01 9.07
4.02 9.0
0.31 4.33
4.02 9.0
4.02 9.0
0.33 4.38
5.13 2.45
0.31 4.33
4.02 9.0
0.74 4.93
1.92 1.28
0.99 8.98
1.0 9.0
4.62 8.3
0.49 4.63
2.83 7.78
1.87 1.27
1.52 5.91
9.57 3.19
0.28 9.0
1.0 9.0
1.92 1.28
1.0 9.0
0.28 9.0
0.69 9.67
0.33 2.53
4.22 8.8
0.37 4.41
3.56 9.13
1.0 9.0
4.02 9.0
0.29 7.22
1.0 9.0
5.69 2.39
1.0 9.0
1.0 9.0
9.67 8.39
4.56 8.42
1.0 9.0
3.92 9.15
1.0 9.0
0.29 4.33
1.92 1.28
2.3 1.31
5.1 2.45
3.99 9.07
1.0 9.0
1.0 9.0
2.16 6.23
0.33 4.38
1.0 9.0
4.02 9.0
1.0 9.0
1.0 9.0
0.33 2.53
4.89 8.02
1.92 1.28
4.02 9.0
0.28 4.7
4.02 9.0
4.02 9.05
5.11 2.5
0.28 5.64
0.64 4.78
4.02 9.0
0.64 4.78
1.92 1.28
4.02 9.0
1.01 9.0
4.54 9.67
1.0 9.0
0.64 4.78
5.11 2.5
4.32 8.68
1.0 9.0
2.12 7.74
1.0 9.0
1.0 9.0
1.92 1.28
0.49 4.63
3.74 6.37
5.34 9.17
1.92 1.28
0.28 9.0
3.77 9.32
2.09 6.12
4.58 8.14
4.69 8.07
1.0 9.0
4.02 9.0
1.0 9.0
0.33 4.38
5.06 2.46
0.32 2.53
4.02 9.0
5.11 2.5
4.02 9.0
4.02 9.0
3.74 6.37
0.28 8.82
1.52 9.02
2.16 6.23
5.37 6.78
1.0 9.0
1.92 1.28
4.02 9.0
1.0 9.0
1.0 9.0
1.98 1.29
1.04 8.96
0.37 9.67
1.0 9.0
9.57 3.19
5.14 6.63
4.02 9.0
5.41 2.46
3.27 9.67
4.54 9.67
0.33 2.53
4.02 9.0
0.28 9.0
1.0 9.0
2.88 1.61
2.3 1.31
1.0 9.0
4.02 8.99
1.01 8.73
0.28 9.0
1.0 9.0
1.92 1.28
4.02 9.0
1.57 8.03
4.02 9.01
1.87 1.27
1.0 9.0
1.13 9.67
1.92 1.28
0.33 2.53
4.02 9.0
4.02 9.0
9.57 3.19
2.01 9.67
4.02 9.0
1.0 9.0
4.02 9.0
4.02 9.0
4.02 9.06
4.17 8.84
9.59 3.24
1.92 1.28
1.03 8.99
0.28 9.0
5.14 2.44
9.57 3.19
1.0 9.0
1.0 9.0
0.28 9.0
9.57 3.19
3.18 6.0
0.28 9.67
1.02 8.88
9.57 3.19
5.99 0.65
3.74 6.37
0.28 9.0
0.28 7.8
4.57 8.4
4.02 9.0
2.18 0.91
1.92 1.28
1.0 9.0
4.27 8.73
0.95 5.72
1.0 9.0
1.0 9.0
3.74 6.37
1.92 1.28
9.57 3.19
0.62 9.67
1.0 9.0
1.94 1.28
4.02 9.0
1.0 9.0
0.28 9.0
4.02 8.99
0.28 8.04
0.28 9.26
0.28 8.92
3.18 6.55
0.33 2.53
1.16 7.49
4.02 9.0
9.57 3.17
4.07 8.96
1.92 1.28
5.38 2.42
1.0 9.0
1.0 9.0
4.19 8.82
1.92 1.28
5.1 2.45
0.28 9.0
2.21 9.67
0.32 2.53
0.91 6.3
1.14 7.43
1.79 1.26
2.3 1.31
1.92 1.28
5.69 2.39
1.0 9.0
1.92 1.28
1.0 9.0
1.91 1.28
1.0 9.0
0.28 9.0
4.62 8.28
1.0 9.0
1.75 1.26
4.02 9.0
4.69 6.38
1.98 1.29
0.28 9.0
1.79 1.26
2.41 9.67
1.0 9.0
0.28 7.71
0.28 9.0
1.0 9.0
0.28 7.8
4.02 9.0
1.11 1.07
2.09 6.12
0.33 2.53
4.02 9.0
4.02 9.0
1.92 1.28
1.0 9.0
1.0 9.0
0.28 9.0
0.28 9.66
1.92 1.28
3.92 9.14
2.09 6.12
0.64 4.78
0.28 7.8
1.0 9.0
1.92 1.28
1.92 1.28
1.0 9.0
1.92 1.28
2.16 6.23
1.0 9.0
4.85 5.61
4.02 9.0
0.43 9.67
9.67 6.03
4.35 6.18
1.82 1.27
1.64 1.24
1.0 9.0
0.33 2.53
2.49 7.7
1.76 1.26
1.0 9.0
3.82 0.28
0.33 2.53
4.54 9.67
3.98 9.07
1.28 9.67
1.0 9.0
1.0 9.0
0.28 9.0
1.82 1.27
2.3 1.31
0.28 5.35
2.3 1.31
1.88 1.28
0.42 8.94
1.92 1.28
1.0 9.0
2.41 9.67
5.36 2.47
4.27 8.73
0.64 4.78
1.98 1.29
0.28 6.45
1.92 1.28
5.06 2.46
1.92 1.28
1.92 1.28
1.92 1.28
1.92 1.28
5.69 2.39
1.92 1.28
1.0 9.0
1.89 1.27
1.92 1.28
4.02 9.0
1.87 1.27
1.92 1.28
2.3 1.31
3.18 6.05
1.0 9.0
1.83 1.27
1.0 9.0
9.41 7.89
1.92 1.28
1.94 1.28
0.28 9.0
1.92 1.28
1.92 1.28
2.3 1.31
1.92 1.28
5.39 2.43
1.92 1.28
1.0 9.0
1.92 1.28
1.92 1.28
1.11 1.07
2.01 1.29
1.91 1.28
1.95 1.28
1.92 1.28
3.81 0.58
1.92 1.28
1.92 1.28
1.83 1.27
1.92 1.28
1.89 6.28
2.3 1.31
8.52 0.62
4.02 8.99
1.14 1.1
2.3 1.31
9.67 6.03
0.64 4.78
3.72 9.37
2.95 1.6
8.6 7.24
4.62 8.35
1.11 1.07
1.92 1.28
0.28 9.42
1.92 1.28
5.77 2.96
1.67 1.25
1.98 1.29
1.76 1.26
1.92 1.28
9.67 8.39
1.92 1.28
5.51 2.41
9.67 8.39
1.0 9.0
1.92 1.28
3.38 1.37
2.83 7.78
0.28 9.0
0.28 7.79
3.69 1.24
0.28 5.01
1.46 1.18
1.92 1.28
1.92 1.28
4.02 9.0
0.28 9.0
1.0 9.0
1.92 1.28
5.92 7.06
3.41 1.36
1.92 1.28
1.92 1.28
5.06 2.46
1.01 9.0
2.18 0.91
4.02 9.0
1.77 1.26
2.01 1.29
1.1 8.2
1.0 9.0
0.28 6.07
2.3 1.31
1.62 1.24
1.83 1.27
4.4 6.18
9.67 8.39
4.02 9.0
1.92 1.28
1.78 1.27
1.93 1.28
8.57 7.23
2.88 1.61
2.03 1.29
1.97 5.84
1.0 9.0
3.18 6.05
2.3 1.31
1.0 9.0
2.03 1.29
1.88 1.28
9.67 6.03
5.1 2.45
1.89 1.28
1.75 1.26
9.67 8.44
3.18 6.05
0.32 2.53
2.39 1.29
2.3 1.31
4.07 8.95
3.87 9.22
5.34 9.17
1.99 1.29
1.94 1.28
1.99 5.75
3.66 2.92
3.17 1.55
5.01 2.53
4.02 9.0
3.81 0.58
4.12 8.9
4.07 8.94
2.41 1.29
4.02 9.03
2.79 7.78
9.41 7.89
1.75 1.26
0.28 8.99
2.3 1.31
0.91 8.02
3.35 1.09
1.27 5.6
9.67 8.39
1.98 1.29
2.3 1.31
5.1 2.5
1.0 9.0
0.43 4.53
1.84 1.24
4.07 8.97
1.98 1.29
5.69 2.39
1.74 1.25
2.42 6.05
0.53 9.67
2.29 0.83
1.76 1.26
1.84 1.27
2.03 1.29
3.87 9.17
1.89 1.27
8.52 0.62
5.67 2.4
1.98 1.29
4.47 8.5
1.92 1.28
2.36 1.29
9.67 8.39
3.61 1.29
1.98 1.29
5.1 2.45
1.25 7.33
1.11 1.07
4.02 8.99
1.77 1.27
1.71 9.67
5.69 2.39
2.18 0.91
4.02 9.0
4.02 9.01
3.18 6.07
1.82 1.27
1.0 9.0
4.02 9.0
5.44 2.47
0.28 5.8
1.82 1.27
2.49 7.7
1.74 1.26
1.0 9.0
1.97 1.29
0.28 9.0
9.67 6.24
1.96 1.28
0.28 9.48
2.18 1.07
4.02 9.0
3.56 3.29
1.0 9.0
1.01 9.01
1.91 1.28
2.34 0.91
0.28 5.01
3.42 1.07
1.0 9.0
4.02 9.0
1.62 1.24
1.64 1.25
4.55 9.67
3.51 1.32
0.28 4.63
3.18 6.21
0.28 9.0
4.6 9.67
3.92 9.17
0.33 2.53
2.83 7.78
4.12 8.91
2.23 1.31
2.03 1.29
3.04 1.59
1.73 1.22
0.9 8.04
1.0 9.0
4.39 6.18
1.64 1.24
5.47 2.42
4.32 8.67
5.51 2.41
5.06 2.46
5.06 2.46
0.78 5.31
1.11 1.07
4.47 8.5
2.84 7.78
1.1 1.04
0.33 2.53
1.82 1.27
3.81 0.58
1.0 9.0
2.42 6.05
8.41 7.07
4.02 9.02
4.02 9.0
5.57 6.84
1.32 9.67
1.01 9.0
0.33 2.53
3.18 6.0
4.64 7.24
1.08 8.26
2.14 1.29
3.77 6.56
4.02 9.0
1.98 1.29
4.81 2.51
1.46 1.18
1.0 9.0
1.26 7.66
3.41 1.36
2.18 0.91
7.92 7.2
0.99 9.0
2.31 1.31
1.83 1.27
1.83 1.27
1.0 9.0
1.0 9.0
0.28 9.0
