0.28 9.0
4.5 6.28
1.0 9.0
4.02 9.0
0.28 9.0
4.02 8.99
2.62 9.67
1.0 9.0
5.48 7.73
3.89 9.17
1.0 9.0
4.17 8.84
0.28 9.0
1.02 9.05
1.0 9.0
0.28 9.0
1.02 8.8
4.02 9.0
2.76 8.13
4.02 9.0
0.28 9.0
1.0 9.0
1.0 9.0
0.28 9.0
4.02 9.0
0.28 9.0
1.07 8.93
1.0 9.0
1.0 9.0
1.0 9.0
3.84 9.03
1.0 9.0
1.0 9.0
4.02 9.0
0.28 9.0
0.28 6.39
0.96 9.08
0.28 9.0
3.18 6.38
1.0 9.0
0.28 9.0
1.47 9.67
1.0 9.0
4.66 7.98
0.89 8.83
4.02 9.0
1.0 9.0
1.0 9.0
1.0 9.0
0.95 8.98
4.07 8.95
0.28 9.0
0.55 9.35
4.02 9.0
0.28 9.0
1.0 9.0
1.0 9.0
1.0 8.99
1.0 9.0
0.28 9.43
5.35 6.73
4.02 9.0
0.28 9.0
0.28 9.0
1.0 9.0
1.0 9.0
4.02 9.0
0.79 9.67
1.0 9.0
1.0 9.0
0.28 9.0
1.0 9.0
1.0 9.0
0.28 8.7
0.28 9.04
4.02 9.0
1.0 9.0
5.07 7.29
1.0 9.0
1.0 9.0
1.0 9.0
1.0 9.0
1.0 9.0
2.15 9.66
1.0 9.0
0.28 9.0
1.0 9.0
0.28 9.0
0.28 9.67
1.0 9.0
1.0 9.0
0.28 9.0
0.85 8.24
0.28 9.0
0.97 9.67
4.02 9.0
1.63 9.67
0.28 9.51
1.87 5.93
0.28 9.0
0.28 9.0
0.28 9.0
1.0 9.0
1.0 9.0
0.28 8.7
1.0 9.0
0.72 9.67
1.0 9.0
1.0 9.0
1.0 9.0
3.7 9.37
0.28 9.0
2.76 9.67
1.1 8.85
1.0 9.0
0.28 9.0
3.13 7.63
0.95 8.98
1.52 9.67
1.0 9.0
1.0 9.0
4.02 9.0
4.07 8.95
0.28 9.0
0.28 9.0
1.0 9.0
0.71 9.67
1.0 9.0
0.28 9.0
1.0 9.0
4.02 9.0
2.15 9.66
4.02 9.07
0.61 9.67
1.01 8.53
1.16 8.7
1.0 9.0
0.28 9.0
0.28 9.0
1.0 9.0
0.28 9.0
1.12 9.07
1.0 9.0
1.0 9.0
1.39 9.67
1.0 9.0
4.02 9.0
1.03 8.87
1.0 9.0
1.0 9.0
0.28 8.03
1.0 9.0
3.97 9.09
4.02 9.0
1.0 9.0
2.93 9.06
1.0 8.99
4.02 9.0
1.08 8.86
1.33 6.85
0.9 9.34
0.47 6.62
1.75 5.98
1.0 9.0
1.0 9.0
2.62 9.67
1.02 9.05
1.0 9.0
4.02 8.7
0.28 9.0
0.28 9.0
0.28 9.0
0.28 9.0
0.28 9.0
1.0 9.0
3.92 9.15
0.28 9.0
1.0 9.0
1.0 9.0
1.04 8.92
4.58 7.65
4.02 9.0
0.28 9.0
2.62 9.67
1.0 9.0
0.28 9.0
3.87 9.19
1.0 9.0
0.28 9.44
1.0 9.0
0.28 9.0
1.0 9.0
0.28 9.0
1.0 9.0
0.28 9.0
1.68 9.67
1.0 9.0
0.28 9.51
0.28 9.0
1.0 9.0
0.28 9.0
0.99 8.88
3.84 9.03
0.28 9.0
4.66 7.98
0.28 9.0
1.0 9.0
3.98 9.07
1.0 9.0
2.62 7.57
0.28 9.0
1.0 9.0
4.02 8.99
0.28 9.0
1.0 9.0
1.0 9.0
1.0 9.0
4.17 8.84
4.02 9.0
1.0 9.0
1.0 9.0
1.0 9.0
0.28 9.0
1.0 9.0
3.82 9.23
0.28 9.0
1.0 9.0
1.0 9.0
0.28 9.0
4.02 9.0
1.0 9.0
0.28 9.0
0.28 9.0
1.0 9.0
0.28 9.0
1.63 9.67
1.0 9.0
0.28 9.0
1.0 9.0
0.92 8.97
1.0 9.0
4.02 9.0
0.52 4.63
1.0 9.0
1.0 9.0
4.17 8.84
1.02 8.8
3.82 9.26
1.0 9.0
0.28 9.0
1.0 9.0
0.28 9.0
3.84 9.03
0.28 9.0
0.28 9.0
1.0 9.0
1.0 9.0
1.22 8.91
1.0 9.0
1.04 8.86
1.0 9.0
2.62 9.67
2.43 8.32
0.28 9.0
0.28 9.0
1.0 9.0
1.0 9.0
3.77 9.29
0.28 9.0
0.57 9.67
0.28 9.0
4.17 8.84
1.0 9.0
1.02 9.05
2.62 6.36
1.02 8.8
1.0 9.0
1.0 9.0
1.0 9.0
0.28 9.0
4.02 9.0
1.0 9.0
1.0 9.0
1.0 9.0
1.0 9.0
1.13 7.82
0.28 9.0
1.0 9.0
1.0 9.0
0.28 9.0
1.0 9.0
0.28 9.67
1.0 9.0
1.0 9.0
0.28 9.0
4.02 9.0
4.02 9.0
3.72 9.33
1.0 9.0
1.0 9.0
2.82 9.53
4.02 9.0
0.28 9.31
1.0 9.0
0.28 9.0
4.02 9.0
0.28 9.02
0.28 9.0
1.0 9.0
1.06 8.9
1.16 8.85
0.79 9.67
4.02 9.0
1.0 9.0
3.76 9.32
0.96 9.08
0.28 9.0
0.28 9.0
1.0 9.0
1.0 9.0
4.02 9.0
3.65 9.42
1.0 9.0
1.0 9.0
0.28 9.0
1.0 9.0
1.0 9.0
1.52 5.9
1.0 9.0
1.0 9.0
4.02 9.0
0.28 9.0
1.0 9.0
4.02 9.0
1.0 9.0
1.0 9.0
5.07 7.29
1.0 9.0
1.0 9.0
0.7 5.87
0.95 8.98
1.0 9.0
0.28 9.0
0.28 9.0
2.59 9.04
1.0 9.0
4.02 9.0
4.02 8.99
1.0 9.0
1.0 9.0
1.63 9.67
0.28 9.0
0.28 9.0
0.28 9.0
4.66 7.98
2.76 8.13
1.0 9.0
1.0 9.0
0.92 9.67
2.62 9.67
1.0 9.0
1.0 9.0
3.84 9.03
0.28 9.0
0.28 9.0
4.07 8.94
1.0 9.0
1.0 9.0
0.28 9.01
1.0 9.0
0.28 9.0
1.0 9.0
4.02 9.01
0.28 8.98
0.28 9.31
1.0 9.0
0.28 9.0
1.0 8.99
5.48 7.72
1.11 9.67
1.0 9.0
3.84 9.03
0.28 9.0
3.82 9.02
5.07 7.29
1.08 8.77
4.32 8.7
0.28 9.31
1.0 9.0
0.28 9.0
1.0 9.0
1.63 9.67
1.0 9.0
4.07 8.95
1.0 9.0
4.02 9.0
1.0 9.0
3.63 9.24
0.28 9.01
1.0 9.0
3.89 9.17
1.0 9.0
0.55 9.35
4.5 6.28
4.02 9.0
1.0 9.0
4.02 8.99
0.28 9.0
1.0 9.0
1.0 9.0
1.0 9.0
0.8 4.98
4.01 9.07
1.0 9.0
1.0 9.0
1.0 9.0
3.44 9.67
4.02 8.99
4.02 9.0
1.86 6.79
1.63 9.67
0.28 9.0
3.18 7.55
1.0 9.0
1.0 9.0
0.28 9.03
0.89 8.83
4.02 9.0
0.28 9.0
1.02 7.72
0.28 9.0
4.66 7.98
4.07 8.94
1.0 9.0
4.02 9.0
0.79 9.67
1.0 9.0
1.0 9.0
1.0 9.0
1.0 9.0
3.87 9.21
1.0 9.0
1.0 9.0
0.28 8.85
4.17 8.84
4.02 9.0
1.0 9.0
1.0 9.0
4.02 9.0
1.0 9.0
0.28 9.08
1.0 9.0
4.02 9.0
1.0 9.0
0.28 9.23
1.0 9.0
0.28 8.44
4.02 9.0
4.02 9.0
1.0 9.0
1.0 9.0
2.05 9.67
1.0 9.0
1.13 7.82
0.28 6.39
0.28 9.0
1.0 9.0
0.8 4.98
4.02 9.0
1.0 9.0
1.08 8.95
5.35 6.73
1.0 9.0
0.28 9.0
0.95 8.98
1.0 9.0
1.04 8.97
1.38 9.03
4.02 9.0
1.0 9.0
1.49 6.67
1.0 9.0
3.49 9.62
1.0 9.0
1.0 9.0
0.77 8.22
1.0 9.0
1.01 8.99
0.28 9.0
4.02 9.01
1.0 9.0
0.85 8.24
3.83 9.02
3.93 9.12
0.79 9.67
1.0 9.0
0.28 9.0
0.28 9.0
0.28 9.0
1.0 9.0
1.86 6.79
5.24 7.67
3.87 9.21
2.22 9.67
4.5 6.28
0.95 8.98
1.0 8.99
2.82 9.53
4.02 9.0
1.0 9.0
1.0 9.0
1.0 9.0
1.0 9.0
2.62 9.67
1.0 9.0
0.28 9.0
1.0 9.0
1.0 9.0
3.82 9.27
1.0 9.0
0.95 8.98
0.51 9.67
1.0 9.0
3.19 9.67
1.0 9.0
1.13 7.82
3.18 7.55
1.0 9.0
1.0 9.0
4.5 6.28
0.28 9.0
0.28 9.0
1.0 9.0
0.82 8.47
0.55 9.35
2.82 9.53
3.92 9.14
1.46 9.67
0.28 8.39
1.0 9.0
1.63 9.67
0.28 9.01
0.33 9.67
2.62 9.67
4.02 9.0
1.0 9.0
0.28 9.0
0.79 9.67
1.0 9.0
0.28 9.01
1.0 9.0
4.02 9.01
0.79 9.67
1.0 9.0
0.28 9.0
4.07 8.97
3.87 9.21
4.32 8.7
1.0 9.0
4.02 9.0
1.0 9.0
0.91 7.62
2.62 6.0
1.86 6.79
1.86 6.79
0.92 9.67
0.28 8.97
2.59 9.04
1.0 9.0
1.0 9.0
1.78 9.67
1.0 9.0
1.0 9.0
0.79 9.67
1.0 9.0
1.16 7.28
0.79 9.67
3.77 9.28
0.28 9.0
0.28 8.39
4.02 9.0
0.28 9.01
1.0 9.0
0.28 9.31
1.0 9.0
4.36 6.96
1.64 9.67
0.28 8.9
3.18 6.38
3.97 9.1
4.02 9.0
1.0 9.0
4.09 8.89
4.02 9.0
4.02 9.0
1.0 9.0
2.59 9.04
0.99 9.0
1.0 9.0
1.0 9.0
2.66 9.67
4.02 9.0
1.57 9.67
1.49 6.71
4.02 9.0
1.0 9.0
1.0 9.0
0.28 9.0
1.0 9.0
4.5 6.28
0.28 9.31
3.64 9.42
3.73 9.29
1.0 9.0
4.66 7.98
1.46 9.67
1.0 9.0
0.79 9.67
1.0 9.0
2.62 9.67
1.42 8.91
1.13 7.82
0.28 5.76
3.18 7.55
2.66 9.67
3.18 7.55
0.28 9.19
0.28 9.0
5.92 7.05
1.63 9.67
1.21 9.67
5.22 7.69
3.59 9.52
2.62 9.67
5.48 7.73
1.0 9.0
1.0 9.0
0.28 9.0
3.18 7.55
0.79 9.67
2.15 9.66
0.28 9.0
1.0 9.0
0.89 8.83
0.28 9.0
1.14 8.77
1.0 9.0
1.0 9.0
0.28 9.0
1.0 9.0
0.28 9.0
4.02 9.0
1.11 9.67
0.93 8.99
4.02 9.0
1.0 9.0
0.28 9.67
1.86 6.79
1.13 7.82
0.91 7.62
1.11 9.67
1.13 7.82
4.65 8.01
3.18 7.55
3.67 9.39
4.02 9.0
1.38 9.03
4.02 9.0
4.02 9.0
4.02 9.0
1.0 9.01
4.02 9.0
1.13 7.82
3.77 9.28
0.55 9.35
1.0 9.0
1.0 9.0
5.82 7.02
0.51 9.67
0.28 5.7
1.0 9.0
1.04 8.93
0.28 9.0
0.28 9.62
1.0 9.0
1.0 9.0
5.35 6.73
4.66 7.98
1.13 7.82
4.02 9.0
1.13 7.82
1.0 9.0
1.05 8.92
0.28 9.0
0.28 5.27
5.35 6.73
1.0 9.0
0.28 9.0
3.58 7.85
1.0 9.0
1.52 5.9
0.28 9.01
0.28 8.98
4.02 9.07
0.8 4.98
0.28 9.0
1.78 9.67
0.85 6.8
4.02 9.0
3.18 6.38
4.02 9.0
1.13 7.82
2.76 8.13
3.08 7.73
2.76 8.13
1.0 9.0
5.07 7.29
0.28 7.97
1.02 7.72
1.0 9.0
1.0 9.0
1.0 9.0
0.85 8.24
0.91 7.62
0.37 8.46
1.0 9.0
1.0 9.0
0.28 8.39
0.28 9.67
1.0 9.0
0.28 9.0
0.99 8.63
2.62 6.0
2.59 9.04
4.02 9.06
4.02 9.0
4.32 8.66
0.28 6.39
3.61 9.52
4.02 9.0
4.02 9.0
5.22 6.66
2.59 9.04
4.02 9.0
1.0 9.0
0.31 9.08
1.21 8.81
1.03 8.91
1.11 8.94
3.87 9.19
2.05 9.67
0.95 9.0
1.0 9.0
3.19 9.67
3.19 9.67
0.28 8.02
0.85 6.8
0.28 9.0
0.8 4.98
4.02 9.0
3.87 9.21
0.85 8.24
0.28 5.69
1.04 8.97
2.59 9.04
1.78 9.67
3.18 7.55
1.0 9.0
0.28 9.58
1.0 9.0
4.02 9.0
4.5 6.28
4.02 9.0
1.0 9.0
1.01 9.0
2.45 8.61
5.35 6.73
1.52 5.9
4.02 9.0
0.28 9.06
3.44 9.67
4.5 6.28
0.28 9.0
1.0 9.0
1.3 9.67
1.0 9.0
2.55 8.18
1.78 9.67
3.18 7.55
4.5 6.28
4.12 8.89
1.0 9.0
4.5 6.28
1.0 9.0
1.36 9.66
0.28 6.39
4.02 9.0
4.02 9.0
0.95 8.9
1.0 9.0
3.75 9.32
0.28 9.49
4.02 9.0
1.84 9.05
1.57 6.64
0.28 9.0
1.0 9.0
1.0 9.0
1.0 9.0
4.02 9.0
4.35 8.25
1.0 9.0
1.0 9.0
3.44 9.67
4.12 8.89
4.12 8.89
1.0 9.0
0.86 6.79
1.05 6.32
4.66 7.98
1.0 9.0
0.85 8.24
4.66 7.98
0.28 9.05
1.0 9.0
1.73 5.31
1.0 9.0
3.44 9.67
0.28 6.39
3.52 9.61
1.0 9.0
1.02 8.96
3.18 6.38
1.93 9.67
5.07 7.29
4.66 7.98
4.36 6.96
2.56 9.67
1.86 6.79
1.0 9.0
1.0 9.0
0.28 9.0
3.44 9.67
4.02 8.98
2.32 8.92
1.16 7.28
4.02 9.0
0.28 9.0
5.49 6.83
1.0 9.0
1.01 9.67
0.82 8.47
5.08 6.58
1.16 7.28
4.02 8.99
4.45 7.08
5.62 6.88
0.28 8.67
1.59 6.64
4.92 6.48
1.0 9.0
0.28 9.0
4.02 9.0
0.28 9.0
0.28 9.49
0.28 9.0
0.28 9.0
2.97 7.78
4.02 9.0
0.28 9.0
0.85 6.8
1.0 9.0
1.0 9.0
1.0 9.67
4.02 9.0
1.0 9.0
1.05 8.84
1.0 9.0
0.84 8.22
4.65 8.01
2.67 7.63
0.28 9.15
4.66 7.98
4.02 9.0
0.28 6.27
0.85 8.24
4.02 9.0
0.43 4.72
1.65 6.72
3.18 6.38
3.18 6.38
5.48 7.69
5.63 6.88
3.18 6.38
2.05 9.67
0.81 4.98
0.28 9.0
1.57 9.56
1.0 9.0
2.14 8.58
4.02 9.03
1.0 9.0
0.28 9.0
0.28 9.0
0.28 7.97
1.0 9.0
5.24 7.67
1.0 9.0
1.06 7.78
3.8 9.27
4.02 9.0
1.0 9.0
0.85 6.8
1.01 8.95
4.02 9.0
0.28 6.39
4.02 9.0
0.28 6.26
5.07 7.29
1.0 9.0
0.28 3.22
1.0 9.0
4.02 9.0
1.0 9.0
4.02 9.0
1.0 9.0
4.02 9.02
1.05 6.86
0.28 6.22
0.8 4.98
0.28 9.0
3.62 9.43
1.52 5.9
3.95 8.6
0.28 9.0
4.36 6.96
1.63 9.67
0.8 4.98
1.0 9.0
0.28 9.58
2.44 9.67
4.02 9.0
0.8 4.98
0.28 6.27
4.0 8.96
0.28 6.39
0.28 8.98
1.0 9.0
0.28 9.0
1.0 9.0
0.28 5.69
1.16 7.28
4.04 8.97
2.24 6.52
2.56 9.67
4.06 8.42
1.0 9.0
1.07 9.03
0.28 9.0
0.28 9.0
0.82 8.47
1.57 9.56
0.28 6.27
0.28 8.02
1.0 9.0
1.0 9.0
4.02 9.01
5.07 7.29
4.06 7.63
2.38 9.67
1.13 9.11
1.0 9.0
4.02 9.0
4.17 8.86
1.2 8.87
0.28 7.97
1.4 9.67
1.0 9.0
0.8 4.98
1.15 7.3
0.8 4.98
2.15 9.66
0.28 9.0
0.55 7.11
1.0 9.0
1.0 9.0
0.28 9.04
1.0 9.0
4.02 9.0
0.28 8.93
1.0 9.0
4.12 8.89
0.28 9.0
1.0 9.0
4.02 9.0
3.75 8.26
2.56 9.67
3.26 6.36
1.11 9.67
3.76 7.87
2.76 8.13
1.0 9.0
4.02 9.0
5.4 6.78
1.88 6.71
1.0 9.0
3.21 9.32
1.0 9.0
1.02 8.99
0.28 7.97
1.0 9.0
5.57 6.83
1.0 9.0
3.62 9.43
1.73 5.31
2.76 8.13
1.0 9.0
2.32 8.92
1.0 9.0
1.0 9.0
1.0 9.0
3.63 7.73
4.02 9.0
5.62 6.88
0.56 8.9
4.36 6.96
0.39 9.67
4.02 9.0
4.36 6.96
5.38 7.69
3.95 8.6
4.02 9.0
1.53 5.93
4.02 8.99
3.18 5.92
4.13 8.7
0.28 9.0
1.0 9.0
1.0 9.0
2.03 9.67
0.28 9.0
4.02 9.0
0.28 9.0
0.28 9.0
0.28 9.0
0.28 6.68
1.16 7.28
3.98 9.02
0.28 8.61
2.62 6.0
3.72 9.34
4.02 9.01
4.02 9.0
0.28 8.91
0.28 9.0
2.62 6.01
3.54 5.73
4.4 7.08
4.02 9.0
1.16 7.28
1.0 9.0
1.0 9.0
0.28 9.58
1.52 5.9
3.95 8.6
1.16 7.28
1.0 9.0
0.28 7.53
4.45 7.26
1.16 7.28
0.28 9.0
1.0 9.0
1.0 9.0
0.28 9.0
0.28 9.0
0.28 3.22
1.0 9.0
1.0 9.0
1.57 9.56
1.73 5.31
1.0 9.0
1.11 9.67
1.52 5.9
0.29 9.67
0.28 9.0
0.28 3.22
4.02 9.0
1.0 9.0
4.02 9.0
0.29 9.67
3.05 9.67
4.02 9.0
0.28 6.68
0.28 5.69
0.99 8.99
0.28 5.69
1.73 5.31
1.0 9.0
3.95 8.6
1.0 9.0
2.56 9.67
1.0 9.0
0.28 9.0
3.95 8.6
2.63 8.24
0.28 9.0
5.62 6.88
0.28 5.69
4.45 7.08
3.86 9.22
4.02 9.0
0.28 9.0
4.07 8.96
3.18 7.19
4.15 8.87
4.02 9.0
2.97 7.78
0.28 9.0
1.0 9.0
1.0 9.0
5.53 6.83
3.21 9.34
3.19 9.67
4.02 9.0
2.56 9.67
1.0 9.0
1.0 9.0
0.28 9.0
1.07 8.23
4.37 8.58
4.02 9.0
0.28 7.97
1.74 6.51
0.28 9.0
0.28 9.0
1.0 9.0
3.89 8.64
2.97 7.78
4.02 9.0
0.28 9.58
0.28 9.0
1.75 6.2
5.82 7.02
0.28 3.22
4.02 9.0
1.0 9.0
4.92 6.48
5.56 6.83
1.0 9.0
3.92 9.0
0.28 9.0
1.07 9.67
0.28 9.0
5.62 6.88
1.01 8.99
0.28 9.0
0.28 9.0
2.14 8.58
0.28 3.22
4.57 7.81
3.57 9.35
0.28 9.0
0.28 9.0
1.67 8.97
0.28 9.0
4.02 9.01
3.54 5.73
2.51 7.28
5.62 6.88
1.0 9.0
1.0 9.0
0.28 9.0
1.0 9.0
1.0 9.0
0.28 9.42
1.0 9.0
3.54 5.73
1.63 9.67
1.73 5.31
0.28 9.0
4.02 9.0
0.28 5.48
0.28 9.0
1.0 9.0
3.92 9.12
0.28 7.53
5.22 6.66
3.97 8.96
0.28 5.9
1.52 5.89
1.0 9.0
1.0 9.0
0.28 5.69
2.62 6.0
4.45 7.08
1.0 9.0
1.0 9.0
5.12 6.63
0.28 9.0
1.0 9.0
1.0 9.0
1.0 9.0
0.28 5.69
0.28 9.0
1.0 9.0
1.0 9.0
0.28 3.22
1.0 9.0
0.37 9.67
3.54 5.73
1.0 9.0
1.0 9.0
1.11 8.93
2.63 8.24
1.0 9.0
1.0 9.0
1.74 6.51
0.28 3.22
3.63 7.73
1.0 9.0
4.63 7.82
1.0 9.0
1.63 9.67
7.27 7.8
3.18 5.92
0.28 9.0
4.45 7.08
0.28 9.01
1.0 9.0
2.36 8.76
1.0 9.0
0.28 9.0
1.0 9.0
1.67 8.97
3.54 5.73
0.28 9.0
4.66 7.98
2.27 7.2
1.0 9.0
4.45 7.08
1.0 9.0
1.0 9.0
0.28 3.22
0.28 3.22
2.51 9.67
2.45 7.71
0.82 8.47
4.02 8.98
3.54 5.73
0.28 9.0
0.28 9.0
1.0 9.0
3.47 9.65
1.74 6.51
0.28 5.7
0.28 9.0
0.37 8.27
3.82 9.26
0.96 8.93
0.28 8.98
1.0 9.0
1.0 9.0
3.89 9.17
2.62 6.0
3.18 7.19
0.28 9.0
5.38 7.69
1.0 9.0
1.0 9.0
1.63 9.67
1.73 5.31
0.57 7.96
5.22 6.66
0.28 9.0
1.67 8.97
4.02 9.0
3.28 8.96
3.6 6.81
1.94 9.67
4.02 9.0
2.63 8.24
1.0 9.0
2.63 8.24
1.0 9.0
1.83 9.67
4.02 9.0
0.28 9.0
1.0 9.0
0.53 9.21
3.6 8.99
3.18 6.42
1.05 6.32
3.21 9.32
0.28 3.22
1.0 9.0
0.28 9.22
4.02 9.0
1.0 9.0
0.28 3.22
0.45 9.67
2.47 7.01
3.87 9.18
0.74 9.4
4.85 6.92
2.51 9.67
4.02 9.0
4.02 9.0
2.81 9.67
1.0 9.0
2.56 9.67
3.46 9.67
1.04 8.96
0.28 9.0
1.0 9.0
4.02 9.0
1.0 9.0
3.32 6.42
0.28 3.22
1.0 9.0
1.0 9.0
1.05 6.79
6.02 7.12
4.12 8.89
4.66 7.98
3.93 9.0
3.54 5.73
1.0 9.0
0.37 9.67
0.37 8.27
0.28 6.68
1.05 8.92
4.12 8.9
2.25 9.67
5.63 6.88
4.17 8.84
4.02 9.0
1.0 9.0
0.28 9.0
3.18 7.02
1.17 9.56
1.52 5.89
1.0 8.97
4.02 9.0
4.02 9.0
0.53 9.67
0.28 9.0
1.0 9.0
2.03 9.67
4.02 9.0
1.0 9.0
0.28 9.0
0.28 6.68
4.32 8.63
0.28 9.0
1.0 9.0
1.03 9.67
0.28 6.68
0.28 9.0
1.0 9.0
4.97 7.89
0.28 9.0
3.82 9.26
1.32 5.68
3.46 9.67
3.0 9.67
0.28 9.24
6.02 7.12
3.26 8.96
4.57 7.81
1.0 9.0
4.47 8.52
1.75 6.2
3.18 7.19
3.63 7.73
1.0 9.0
1.0 9.0
1.0 9.0
1.74 6.51
3.94 9.12
3.18 7.19
3.54 5.73
4.1 8.92
1.02 9.0
3.76 7.87
3.21 9.32
0.28 9.01
3.18 6.93
1.27 5.59
1.0 9.0
1.07 9.67
5.18 7.24
0.28 9.0
4.02 9.0
4.62 8.28
3.54 5.73
3.18 7.19
1.0 9.0
1.0 9.0
3.18 7.19
2.49 7.1
1.0 9.0
0.37 8.27
1.0 9.0
1.0 9.0
1.07 8.95
3.52 9.61
0.28 9.0
4.02 9.0
0.28 6.68
0.61 8.11
2.81 9.67
3.18 6.29
1.83 9.05
1.0 9.0
0.28 9.0
1.74 6.51
1.0 9.0
4.02 9.0
4.02 9.0
3.46 9.67
4.02 9.0
4.02 9.0
5.63 6.88
1.0 9.0
1.0 9.0
5.12 6.59
9.16 7.49
4.92 6.48
3.89 7.52
4.02 9.0
3.78 8.36
4.02 9.01
3.46 9.67
2.06 9.67
0.28 9.0
2.94 9.67
1.0 9.0
4.37 8.58
8.53 7.61
1.35 9.67
1.0 9.0
1.0 9.0
1.0 9.0
2.81 9.67
4.02 9.0
0.28 9.0
1.0 9.0
1.0 9.0
3.63 7.73
1.0 9.0
1.0 9.0
1.0 9.0
1.0 9.0
1.0 9.0
5.18 7.24
1.0 9.0
0.28 7.53
0.28 8.97
1.03 9.67
1.05 6.86
1.0 9.0
0.28 9.0
1.0 9.0
1.0 9.0
4.02 9.0
0.99 8.91
1.0 9.0
4.02 9.0
1.0 9.0
4.02 8.98
4.02 9.0
0.88 6.06
3.58 7.85
1.0 9.0
4.82 8.08
0.37 8.27
0.28 6.68
1.0 9.0
1.75 6.2
1.15 8.89
0.43 4.72
4.66 7.98
0.42 8.18
1.0 9.0
0.28 9.0
2.29 6.48
1.0 9.0
1.0 9.0
1.0 9.0
3.18 7.1
4.03 8.64
0.7 5.87
4.02 9.0
4.02 9.0
1.03 8.9
1.0 9.01
0.28 9.0
4.02 9.0
1.02 8.31
1.0 9.0
4.62 8.32
3.82 9.25
2.49 7.1
1.05 6.32
6.02 7.12
1.0 9.0
3.32 9.05
0.79 9.67
0.28 9.0
1.0 9.0
3.18 6.36
4.37 6.9
0.28 9.02
3.77 9.29
4.62 8.28
0.28 9.0
1.0 9.0
0.28 9.0
4.02 9.0
0.28 9.0
1.07 9.67
2.47 7.01
1.0 9.0
3.97 9.11
4.3 4.58
4.02 9.0
0.28 9.0
1.0 5.99
1.0 9.0
1.0 9.0
0.28 6.68
5.29 7.67
1.49 9.67
1.52 5.89
5.41 7.22
5.24 6.68
3.92 9.17
4.02 9.0
7.27 7.8
3.85 9.22
1.89 6.58
1.84 9.05
0.92 8.95
4.77 6.39
5.82 7.01
5.18 7.24
0.28 8.4
0.28 9.0
4.17 8.84
3.32 9.05
3.97 9.08
3.75 8.26
5.63 6.88
4.97 7.89
5.63 6.88
1.0 9.0
1.0 9.0
0.28 9.0
4.02 9.0
1.89 6.58
1.0 9.0
1.0 9.0
1.06 7.78
4.77 6.39
5.29 7.67
2.53 6.82
0.28 9.0
4.02 9.03
0.97 8.98
4.02 9.0
1.0 9.0
0.28 7.53
0.28 9.0
4.27 8.74
1.0 9.0
3.18 6.76
2.45 7.71
5.13 6.63
0.42 6.92
1.69 9.67
4.02 9.0
1.55 9.67
0.91 9.05
1.0 9.0
1.09 8.97
4.23 8.77
4.02 9.0
1.0 9.0
5.77 6.98
4.02 9.0
0.28 8.61
2.49 9.67
1.0 9.0
1.0 9.0
3.18 6.29
5.48 6.83
7.27 7.8
1.0 9.0
6.02 7.12
0.88 6.06
4.37 8.58
0.28 9.0
1.0 9.0
0.43 4.72
5.57 7.87
6.02 7.12
4.02 8.98
0.28 9.06
3.03 9.67
3.94 9.12
0.28 8.89
5.12 6.62
4.25 7.36
3.97 8.97
1.0 9.0
5.77 6.98
4.12 8.9
0.28 9.0
1.0 9.0
0.28 5.27
0.28 9.0
4.53 8.13
0.79 9.12
0.81 9.51
2.81 9.67
0.28 9.0
8.53 7.61
0.89 9.67
4.93 6.53
0.28 8.19
1.52 5.91
4.06 7.63
4.84 7.67
0.28 9.0
4.77 6.39
3.18 6.88
4.32 8.69
2.82 9.67
1.35 8.96
5.29 7.67
0.98 5.84
0.28 5.28
4.02 9.0
1.0 9.0
3.92 9.16
1.05 6.86
4.96 6.97
2.57 7.78
1.65 9.67
0.98 9.0
1.75 6.2
0.28 9.0
0.7 5.87
5.09 6.93
2.83 9.67
4.02 9.0
1.0 9.0
1.22 8.97
4.22 8.79
4.02 9.0
1.43 9.04
1.0 9.0
1.0 9.0
0.88 6.06
1.0 9.0
0.28 9.0
3.18 7.02
1.0 9.0
4.85 6.92
0.28 9.0
3.18 6.29
0.28 9.0
1.0 9.0
4.07 8.94
1.09 8.43
0.28 9.0
7.27 7.8
0.28 9.01
0.28 9.0
0.7 5.86
4.02 9.0
3.28 8.96
0.28 9.0
0.28 8.49
3.35 9.38
4.06 7.63
0.28 8.99
1.0 5.99
0.88 6.06
8.93 3.08
3.93 9.05
2.78 7.78
0.28 9.0
4.02 9.0
1.0 9.0
1.0 9.0
4.02 9.0
4.25 7.36
0.28 9.55
1.0 9.0
1.84 6.49
9.16 7.49
4.02 9.0
1.0 9.0
1.0 9.0
1.58 9.67
4.66 7.98
1.04 8.98
3.25 9.39
1.0 9.0
0.88 6.06
0.28 6.8
0.28 5.27
4.02 9.0
3.61 9.52
4.02 8.99
1.0 9.0
5.75 6.98
2.86 9.48
3.45 8.55
1.0 9.0
0.57 7.08
4.02 9.0
2.29 6.48
1.0 9.0
1.0 9.0
0.28 8.99
5.72 6.94
1.01 9.0
3.18 7.02
1.0 9.0
1.89 6.58
3.02 9.0
1.0 9.0
1.0 9.0
1.0 9.0
1.1 8.94
1.0 9.0
1.33 8.97
1.0 9.0
3.72 9.35
4.02 9.0
3.85 7.08
1.01 8.89
0.28 9.0
1.0 9.0
4.02 9.0
1.0 9.0
0.28 9.0
4.02 9.0
1.0 9.0
3.8 9.01
3.89 7.52
2.51 7.28
1.0 9.0
4.02 9.0
8.53 7.61
0.81 9.67
3.26 8.96
0.28 9.0
9.16 7.49
3.51 7.78
1.06 7.78
1.0 9.0
4.46 7.66
3.78 8.36
1.02 8.75
0.96 7.88
0.28 5.27
1.0 9.0
4.02 9.0
0.28 9.0
1.0 9.0
0.89 9.67
1.0 8.94
1.19 9.56
4.83 7.62
0.28 9.0
4.02 9.0
5.24 7.25
3.45 9.67
2.03 5.57
4.62 8.29
1.0 9.0
1.0 9.0
1.0 9.0
5.2 7.11
0.28 9.0
4.88 6.96
7.62 9.03
4.02 9.0
3.49 6.81
0.28 9.43
0.28 5.27
4.02 9.0
0.28 9.0
0.28 9.0
1.0 9.0
4.02 9.0
0.28 9.0
0.28 9.0
4.25 7.36
1.17 8.9
0.38 9.34
0.28 9.0
1.0 9.0
2.78 7.78
0.28 7.31
2.83 9.67
1.0 9.0
0.97 8.93
1.0 9.0
0.28 9.0
0.65 8.92
1.0 9.0
0.98 9.0
4.16 7.92
0.59 8.35
0.28 9.0
2.25 9.67
1.84 9.05
5.75 6.98
5.87 6.14
1.0 9.0
1.0 9.0
1.0 9.0
0.85 9.2
1.0 9.0
4.02 9.0
3.18 6.69
1.01 9.0
2.62 7.56
0.28 8.76
4.22 8.79
3.61 9.52
0.28 8.62
3.84 8.77
1.48 9.67
8.53 7.61
0.96 7.88
1.1 9.05
0.28 9.0
1.02 9.0
3.57 9.55
0.55 7.11
2.45 7.71
0.43 4.72
1.24 8.87
1.72 9.67
1.0 9.0
1.58 6.77
1.0 9.0
7.27 7.8
0.28 9.13
1.0 9.0
4.02 9.0
2.96 9.12
2.34 7.68
1.27 5.59
1.06 7.78
1.0 9.0
1.0 9.0
1.0 9.0
3.72 9.37
1.0 9.0
1.02 9.01
4.02 9.0
2.3 6.46
0.97 9.02
1.0 9.0
0.28 9.0
2.85 9.67
5.12 7.48
0.28 9.0
3.81 9.27
1.0 9.0
0.95 9.67
0.43 4.72
1.01 8.99
2.95 9.09
1.69 9.67
5.3 6.73
3.18 6.22
7.62 9.03
1.0 9.0
3.54 6.79
4.02 9.0
1.49 9.67
5.72 6.97
1.0 9.0
1.09 8.43
1.0 9.0
2.57 7.78
1.0 9.0
1.32 5.68
0.59 8.35
0.28 9.0
4.02 9.0
4.02 9.0
2.83 9.67
3.41 9.41
0.28 9.04
2.62 7.27
7.78 8.27
3.82 9.24
5.68 6.93
4.02 9.0
1.0 9.0
4.02 8.99
1.0 9.0
4.01 6.46
3.18 6.69
4.02 9.0
0.28 4.69
3.18 6.99
4.77 6.39
0.99 9.61
2.93 7.78
1.0 9.0
1.0 9.0
0.28 9.0
8.53 7.61
4.02 9.0
1.0 9.0
0.57 7.12
4.02 9.0
1.27 5.59
4.02 9.0
1.0 9.0
1.0 9.0
8.53 7.61
5.46 7.72
0.57 9.67
4.02 9.0
8.9 0.96
1.96 6.1
7.27 7.8
1.32 5.68
4.62 8.29
2.94 9.08
1.0 9.0
3.67 7.18
4.02 9.0
3.6 6.81
4.02 9.0
2.81 9.65
6.82 7.54
4.02 9.0
7.62 9.03
4.62 8.29
4.97 7.91
3.96 9.08
0.44 4.72
3.65 9.42
1.0 9.0
4.02 9.0
0.64 9.67
0.28 9.0
3.49 6.86
5.01 7.13
3.18 6.23
5.56 6.83
1.0 9.0
3.58 7.85
1.83 9.05
4.02 9.07
1.0 9.0
1.0 9.0
1.88 5.47
7.27 7.8
0.43 4.72
0.28 9.0
4.62 8.29
8.93 3.08
1.0 9.0
4.02 9.0
1.0 9.0
1.0 9.0
1.92 9.05
3.65 9.42
7.27 7.8
0.28 9.55
1.61 5.97
4.77 6.39
4.02 9.0
0.28 9.55
1.09 7.88
0.82 9.67
1.0 9.0
4.25 6.13
4.17 8.83
0.43 4.72
1.0 9.01
4.77 6.39
0.28 9.04
1.0 9.0
1.0 9.0
2.78 9.67
0.28 9.37
1.72 7.32
1.06 6.13
0.28 9.62
0.28 9.55
1.88 5.47
2.54 9.47
0.28 8.19
0.57 6.98
0.28 8.19
4.7 8.22
1.0 9.0
1.78 5.97
4.97 7.97
8.93 3.08
5.65 6.88
2.93 7.78
3.98 9.07
3.62 9.46
0.55 7.11
4.02 9.0
0.8 9.05
4.02 9.0
3.55 9.57
8.94 1.19
0.28 6.8
4.02 9.0
0.28 8.85
9.16 7.49
0.28 9.0
1.76 5.98
0.28 9.0
1.0 9.0
3.45 9.67
4.02 9.0
3.93 9.12
4.16 7.92
7.27 7.8
1.03 9.67
2.19 5.71
9.16 7.49
1.01 8.99
3.87 7.09
7.27 7.8
2.91 7.78
1.0 9.0
1.29 9.04
8.93 3.08
5.12 6.62
1.4 9.67
4.02 9.0
1.0 9.0
1.0 9.0
1.0 9.0
4.02 9.0
3.33 8.99
4.97 7.9
7.27 7.8
4.02 9.0
1.0 9.0
1.0 9.0
0.57 9.67
3.67 9.41
3.67 7.18
3.85 7.08
4.02 9.0
1.0 9.0
4.97 7.91
1.0 9.0
1.0 9.0
1.0 9.0
1.0 9.0
0.28 7.31
0.28 7.07
0.28 9.0
1.0 9.0
0.28 9.0
2.53 6.82
1.0 9.0
7.78 8.27
4.02 9.0
4.02 9.0
3.68 9.37
1.0 9.0
0.95 9.67
0.64 9.67
4.02 8.98
0.92 9.65
1.0 9.0
9.16 7.49
0.74 9.2
1.0 9.0
7.78 8.27
4.02 9.0
4.16 7.92
4.02 9.0
0.88 9.67
4.02 9.03
3.18 7.1
5.2 7.11
1.0 9.0
1.0 9.0
8.93 3.08
4.02 9.0
1.0 9.0
1.0 9.0
4.02 9.0
4.02 9.0
4.16 7.92
6.82 7.57
1.58 6.77
3.84 8.89
3.87 7.09
1.0 9.0
2.94 7.78
3.85 7.08
3.18 6.22
2.78 9.67
4.16 7.92
2.86 7.78
3.82 9.27
3.18 6.99
0.28 9.05
4.86 8.07
0.28 8.19
2.06 9.67
4.02 9.0
4.02 9.0
2.78 9.67
0.28 8.05
2.94 7.78
1.76 5.98
3.82 8.99
7.62 9.03
9.33 8.88
2.54 9.47
2.53 6.82
4.37 6.9
4.02 9.0
4.02 9.0
4.02 9.0
8.93 3.08
1.0 9.0
1.0 9.0
4.72 8.19
0.99 8.99
4.22 8.8
5.25 7.67
0.98 8.98
4.07 8.96
4.02 9.0
2.06 9.67
4.02 9.03
5.09 6.93
0.28 6.37
0.98 8.46
1.0 9.0
1.05 8.98
8.93 3.06
0.85 9.24
1.0 9.0
1.12 8.86
4.02 9.0
1.01 9.0
4.02 9.0
1.0 8.99
2.93 7.78
1.0 9.0
4.01 6.46
2.93 7.78
1.0 9.0
3.67 7.18
4.27 8.74
3.51 7.78
4.02 9.0
4.02 9.0
1.09 7.88
1.0 8.99
5.72 6.94
1.0 9.0
1.0 9.0
4.16 7.92
7.14 1.47
0.28 9.0
1.0 9.0
4.02 9.04
1.0 9.0
5.47 6.82
4.02 9.0
0.28 7.54
4.16 7.92
5.92 7.06
1.0 9.0
4.02 9.02
1.0 9.0
3.62 9.44
0.28 9.0
4.02 9.0
2.78 9.67
4.02 9.0
8.29 1.04
3.45 8.55
1.0 9.0
2.06 9.67
0.5 8.24
0.28 9.0
0.28 9.0
6.82 7.54
1.0 9.0
7.78 8.27
0.28 9.0
8.94 1.29
0.99 9.0
4.36 7.12
4.02 9.0
0.98 8.98
5.37 6.73
2.18 7.61
1.72 7.32
1.0 8.98
3.92 9.14
4.16 7.92
1.0 9.0
5.35 6.73
0.79 9.67
1.57 7.67
4.32 8.63
5.2 6.63
1.0 9.0
0.28 7.45
5.28 6.73
1.0 9.0
4.02 9.0
4.16 7.92
4.27 8.74
5.3 6.73
8.93 3.08
0.55 7.11
4.98 7.32
1.0 9.0
4.07 8.93
4.28 9.54
8.94 1.2
1.0 9.0
5.47 6.79
4.02 9.0
4.16 7.92
3.45 8.55
1.0 9.0
5.37 6.76
1.88 5.47
3.77 9.31
4.16 7.92
1.58 6.77
4.02 9.0
1.0 9.0
7.78 8.27
4.84 9.67
4.02 9.0
4.02 8.98
3.45 8.55
1.0 9.0
4.82 6.43
1.0 9.0
1.0 9.0
2.71 9.04
1.0 9.0
0.28 9.18
4.02 9.0
4.03 6.96
5.53 6.83
3.82 9.25
2.04 9.67
3.87 9.2
1.95 6.11
4.37 6.9
4.75 7.13
4.02 9.0
5.47 6.8
4.02 9.0
0.28 9.0
0.28 9.0
0.28 9.0
3.97 9.08
0.98 8.99
2.91 7.84
1.0 9.0
3.18 6.22
3.18 6.22
4.97 7.89
5.29 7.67
3.41 9.01
4.02 9.0
8.9 0.96
0.28 5.28
1.0 9.0
8.94 1.19
1.0 9.0
1.0 9.0
0.28 8.9
1.06 9.18
4.78 7.11
0.28 9.0
0.79 8.43
1.0 9.0
3.18 6.69
4.72 8.2
3.18 7.01
4.01 6.46
4.72 8.19
1.0 9.0
3.18 6.99
3.18 7.07
0.28 9.0
5.0 7.87
0.98 8.46
8.9 0.96
4.02 9.0
0.28 7.0
1.88 5.47
3.18 4.74
3.56 9.01
3.18 7.1
4.25 6.13
4.37 6.9
3.18 6.22
1.0 9.0
4.02 9.0
1.0 9.0
0.28 4.93
4.02 9.0
2.06 9.67
1.0 9.0
4.27 9.58
4.02 9.03
1.0 9.0
1.0 9.0
4.82 8.07
3.18 6.93
4.25 6.13
0.28 9.0
1.04 8.92
0.28 5.29
0.28 8.4
0.28 8.96
4.07 8.93
1.0 9.0
0.28 9.0
0.97 8.93
3.06 8.31
0.28 5.84
2.83 9.67
5.28 7.56
6.82 7.54
0.28 9.0
4.02 9.0
0.82 9.01
7.62 9.03
0.28 8.24
0.28 7.0
4.47 8.5
1.0 9.0
8.9 0.96
4.02 9.0
4.31 8.72
4.02 9.0
5.29 7.51
0.28 9.0
5.55 6.83
7.62 9.03
4.83 9.67
0.28 9.0
3.18 6.33
3.92 9.17
4.02 9.0
4.02 9.0
3.06 8.31
1.0 9.0
8.9 0.95
2.87 7.82
0.28 9.0
1.0 9.0
0.28 7.57
3.18 6.19
3.18 6.4
1.55 9.11
1.52 7.62
4.78 7.11
0.28 9.0
1.0 9.0
5.47 6.8
0.28 9.0
8.9 0.96
3.97 9.11
4.02 9.0
0.52 8.41
2.02 9.29
1.0 9.0
3.1 7.73
4.86 8.07
1.0 9.0
8.94 1.29
0.85 3.24
1.0 9.0
1.98 7.68
1.0 9.0
7.82 9.03
0.28 9.0
1.0 9.0
4.87 8.07
4.3 4.58
1.01 8.11
4.02 9.0
1.0 9.0
4.02 9.0
4.28 9.54
0.28 9.0
4.78 7.11
5.46 6.78
2.04 9.67
6.82 7.57
5.72 6.95
0.98 8.46
0.28 7.45
4.37 8.6
0.28 8.97
4.59 7.29
4.02 9.0
2.88 7.78
3.09 7.73
5.38 7.69
1.0 9.0
4.7 8.22
4.02 9.0
1.0 9.0
5.27 6.72
7.62 9.03
5.37 6.77
5.01 7.13
5.57 7.87
4.83 9.67
1.0 9.0
1.2 8.97
5.3 6.73
8.9 0.96
9.33 8.88
1.0 9.0
4.02 8.98
1.05 8.69
4.02 9.0
2.93 7.78
1.58 6.77
3.97 9.1
3.18 7.43
8.9 0.96
6.82 7.57
4.02 9.0
2.71 9.04
0.28 7.45
0.28 7.45
1.0 9.0
3.18 5.76
1.0 9.0
1.0 9.0
1.0 9.0
0.28 7.54
0.28 9.0
8.9 0.96
2.03 7.84
4.86 6.89
1.91 5.88
8.86 0.87
5.87 6.14
1.0 9.0
2.89 7.78
1.91 6.35
4.64 8.27
3.58 9.52
1.1 8.84
3.18 4.74
7.51 1.02
1.52 7.62
4.62 8.35
3.58 5.14
5.53 6.83
1.0 9.0
2.79 9.67
9.33 8.88
9.3 9.18
5.87 7.03
1.0 9.0
4.0 6.89
2.92 8.24
2.77 7.84
3.47 9.65
4.36 7.12
6.82 7.57
1.96 6.1
1.0 9.0
5.72 6.95
0.28 7.17
1.12 9.01
4.02 9.0
0.28 5.28
2.03 9.67
3.9 9.17
1.0 9.0
3.29 9.5
3.97 9.08
3.74 6.45
1.57 7.67
0.28 7.54
4.07 8.92
5.57 7.87
1.02 8.07
8.91 0.99
4.02 9.0
3.92 9.14
5.52 6.83
3.97 9.09
0.28 6.55
2.53 6.82
7.78 8.27
1.0 9.0
6.82 7.54
5.17 6.63
2.19 5.71
1.0 9.0
0.96 9.03
4.02 9.0
1.0 9.0
6.09 8.3
4.29 6.13
2.52 8.8
8.9 1.87
2.03 7.84
2.88 8.53
4.77 0.79
1.0 9.0
3.18 6.19
1.57 7.67
0.28 5.29
1.04 9.04
5.17 6.63
4.84 9.67
1.0 9.0
1.0 9.0
1.0 9.0
1.31 6.32
5.57 6.85
3.48 9.13
1.0 9.0
1.0 9.0
4.09 6.67
1.0 9.0
1.0 9.0
4.02 9.0
0.28 5.28
0.28 9.0
1.0 9.0
7.62 7.98
0.28 9.0
0.28 8.65
0.28 9.1
4.87 9.67
4.02 9.0
1.0 9.0
3.26 9.11
1.0 9.35
1.0 9.0
2.53 6.82
5.57 7.87
4.83 5.83
7.2 8.94
5.67 6.88
3.41 9.01
2.03 9.67
4.02 9.0
1.03 9.0
1.25 8.89
3.38 5.04
4.32 8.67
1.0 9.0
3.92 9.16
1.84 6.64
0.99 9.05
2.02 9.29
3.06 8.31
0.28 8.75
2.05 7.68
5.28 7.54
1.9 6.53
0.98 9.0
3.8 5.88
1.02 8.51
8.93 2.81
7.77 8.21
4.32 8.68
0.28 9.0
1.0 9.0
0.28 9.0
1.0 9.0
2.53 6.82
1.57 7.67
1.0 9.0
1.0 9.0
2.62 9.67
1.0 9.0
3.84 7.67
0.28 5.84
4.02 9.0
1.0 9.0
1.0 9.0
4.03 6.96
3.41 6.17
5.55 6.83
1.0 9.0
3.18 7.43
4.84 9.67
4.54 6.99
1.0 9.0
5.18 6.81
1.0 9.0
1.31 7.38
1.24 8.94
0.28 7.49
1.0 9.0
4.02 9.0
1.02 8.07
2.61 8.69
1.0 9.0
4.29 6.13
0.86 9.67
0.94 8.97
1.0 9.0
4.58 7.97
2.92 8.15
1.86 6.63
0.88 8.05
3.09 9.67
4.54 6.28
3.18 6.16
2.53 6.82
0.28 8.96
0.28 9.63
5.11 6.58
0.28 4.95
5.29 6.73
5.08 7.04
1.0 9.0
3.76 6.05
3.92 9.13
4.07 8.93
4.02 9.0
1.0 9.0
5.17 6.63
2.53 6.82
3.06 8.31
3.18 6.08
0.28 9.0
0.97 8.89
1.06 6.13
1.0 9.0
1.02 8.51
5.17 6.63
3.68 8.13
1.0 9.0
5.5 7.77
1.0 9.0
1.02 8.15
4.83 9.67
4.83 9.67
4.02 9.0
2.62 9.67
4.83 9.67
1.0 9.0
4.06 8.97
0.28 8.69
4.0 6.89
3.43 9.05
1.0 9.0
2.53 6.82
3.98 5.38
2.82 9.67
4.83 9.67
6.12 7.17
4.02 8.98
1.0 9.0
4.02 9.0
4.87 9.67
1.69 6.91
0.28 7.67
0.89 8.98
1.0 9.0
4.02 9.0
3.03 9.5
5.82 7.02
3.18 4.69
3.8 6.96
4.93 8.82
9.33 8.88
4.02 9.0
1.0 9.0
1.03 8.45
0.94 9.13
1.47 5.86
5.87 6.14
0.28 7.86
4.03 7.9
2.27 7.2
8.49 5.41
1.0 9.0
1.0 9.0
1.0 9.0
4.52 8.47
1.02 9.02
3.18 7.49
1.0 9.0
3.18 5.94
5.79 6.98
4.51 6.28
8.29 1.04
4.32 8.66
4.83 5.85
4.52 8.43
8.29 1.04
4.55 8.42
1.0 9.0
1.0 8.99
2.53 6.82
5.38 7.63
3.83 8.09
4.02 9.0
4.02 9.0
4.82 7.03
1.0 9.0
0.28 5.72
0.69 7.04
1.0 9.0
1.0 9.0
2.71 9.04
3.35 8.45
1.02 8.15
1.0 9.0
4.54 6.99
1.06 6.13
8.53 0.92
0.28 9.0
3.94 7.06
4.17 8.85
2.49 6.2
1.07 6.17
3.18 5.75
0.98 8.91
1.0 9.0
1.06 6.12
6.37 7.3
2.53 6.82
0.28 7.41
9.3 9.18
3.18 7.43
4.02 9.0
4.54 6.99
2.52 8.8
1.06 6.13
2.91 7.78
2.53 6.82
4.39 6.79
1.74 7.18
5.12 7.76
4.32 8.66
1.96 6.35
2.77 7.77
3.68 8.13
1.02 8.41
9.3 9.18
2.67 7.7
9.3 9.18
0.28 6.76
1.0 9.0
3.4 6.2
0.28 9.0
4.52 8.17
0.98 8.99
1.0 9.0
1.0 9.0
3.85 6.8
4.4 8.57
4.59 8.37
4.27 8.73
4.36 7.12
1.0 9.0
1.0 9.0
2.86 8.96
1.0 9.0
1.0 9.0
0.28 7.49
4.92 7.98
4.02 9.0
4.54 6.28
3.18 4.74
1.0 9.0
3.89 6.59
1.0 9.0
0.28 9.0
1.0 9.0
8.17 1.06
2.94 7.78
1.69 6.91
8.49 5.41
7.52 1.39
2.53 6.82
1.0 9.0
1.02 8.41
1.0 9.0
0.28 9.0
5.96 0.66
0.28 7.41
8.13 9.05
1.0 9.0
8.29 1.04
3.18 4.74
1.0 9.0
1.0 9.0
8.89 3.29
3.92 3.33
4.02 9.0
4.54 6.28
0.28 5.72
0.28 6.51
1.0 9.0
0.28 4.66
8.29 1.04
7.62 7.98
1.0 9.0
0.28 9.0
1.98 7.07
1.02 8.41
5.01 6.52
4.51 6.28
4.02 8.98
1.0 9.0
3.35 8.45
4.02 8.99
3.83 8.09
3.15 8.96
3.54 9.57
1.95 3.15
3.18 5.9
1.74 6.68
1.47 5.86
1.83 6.64
0.8 8.06
4.28 4.58
1.0 9.0
1.0 9.0
3.49 9.0
0.28 9.56
2.53 6.82
0.98 9.0
2.53 6.82
8.29 1.04
5.73 6.98
3.58 5.14
2.62 6.0
3.92 9.15
8.9 2.03
4.02 9.01
2.53 6.82
1.0 9.0
1.05 8.43
4.02 9.0
9.3 9.18
4.02 9.01
2.53 6.82
0.28 7.41
4.65 9.67
4.12 8.92
3.12 9.67
2.53 6.82
4.51 6.28
5.37 6.77
3.97 9.12
3.18 5.75
8.39 7.58
1.0 9.0
9.16 9.26
4.83 5.83
3.09 9.67
0.7 7.05
0.28 7.53
1.0 9.0
9.33 8.88
9.3 9.18
0.28 7.48
3.47 7.25
5.87 6.14
4.02 9.0
5.87 6.14
1.03 9.04
1.0 9.0
0.28 9.0
4.02 9.0
1.08 8.65
0.28 7.67
5.5 7.77
0.28 9.0
5.22 6.63
0.35 9.67
3.18 5.82
1.0 9.0
5.48 6.83
8.13 9.05
4.59 8.37
3.18 4.74
9.03 8.92
0.28 6.55
3.35 8.45
0.28 9.32
1.0 9.0
3.18 5.9
9.3 9.18
8.41 5.25
1.31 7.38
1.0 8.99
3.13 9.67
3.74 8.31
1.0 9.0
3.98 5.38
4.65 9.67
5.47 6.82
1.0 9.0
0.99 9.0
4.3 4.58
0.28 7.24
0.28 9.0
1.0 9.0
0.28 5.72
3.16 8.99
4.65 9.67
0.28 9.08
4.64 8.27
1.0 9.0
4.02 9.0
5.63 7.76
4.32 8.65
0.28 9.63
0.96 8.85
3.99 8.66
1.01 6.95
3.58 5.14
3.05 9.67
3.98 5.38
4.02 9.0
9.44 0.65
3.8 5.88
6.12 7.17
5.82 6.99
4.53 7.66
1.95 3.15
0.32 7.87
4.02 9.0
1.0 9.0
4.18 8.52
0.28 9.34
3.18 4.74
1.07 9.63
0.28 8.96
3.18 6.42
4.02 9.0
4.52 8.47
3.35 8.45
3.59 7.85
5.01 6.52
1.0 9.0
6.09 8.3
7.92 1.31
2.94 7.78
3.1 9.67
3.59 7.85
3.18 6.12
4.65 9.67
4.33 7.05
3.82 9.26
0.28 7.9
0.28 6.73
1.0 9.0
4.3 4.58
3.85 6.56
1.0 9.0
0.68 6.94
3.35 8.45
3.18 6.28
4.32 8.67
9.15 8.9
1.0 9.0
4.02 9.0
6.03 7.13
5.16 7.5
3.18 7.52
8.44 5.26
5.38 7.69
1.0 9.0
4.28 7.88
0.28 9.0
0.35 9.67
1.0 9.0
2.99 9.67
4.02 9.0
4.02 9.0
4.97 7.89
1.0 9.0
0.67 6.67
6.12 7.16
4.93 8.82
3.59 7.85
0.28 6.01
1.0 9.0
5.03 7.41
1.0 9.0
1.0 9.0
1.0 9.0
3.57 8.95
5.19 7.49
3.59 7.85
0.28 9.48
1.32 5.73
0.94 9.67
0.28 9.0
3.98 0.88
3.35 8.45
1.65 5.98
4.71 9.67
1.0 9.0
1.0 9.0
4.64 0.84
3.15 8.96
8.9 1.87
8.37 7.55
1.0 9.0
4.07 8.95
4.73 7.22
0.47 9.09
0.85 3.24
1.0 9.0
0.28 9.0
1.0 9.0
3.65 6.65
0.28 9.0
4.02 9.03
1.82 9.67
1.0 9.0
0.28 6.55
4.19 8.82
4.3 4.58
7.14 1.47
5.49 7.77
1.66 6.26
3.89 6.59
0.28 5.72
0.28 8.73
1.0 9.0
5.37 6.78
0.28 7.63
0.28 9.0
6.12 7.17
2.26 8.21
1.0 9.0
5.57 6.84
4.83 5.85
8.12 1.31
9.35 0.66
2.62 6.0
8.93 2.81
8.37 7.55
7.14 1.47
3.18 6.11
0.99 8.98
9.44 0.65
2.15 5.26
4.02 9.01
1.0 9.0
1.95 3.15
4.93 8.82
3.88 7.37
4.28 4.58
0.85 3.24
4.83 5.83
4.02 9.0
0.97 8.94
1.07 8.27
4.02 9.0
3.29 6.53
4.45 0.82
4.4 7.86
1.0 9.0
1.16 8.16
9.44 0.65
1.0 9.0
4.02 9.0
1.95 5.62
9.15 8.9
4.83 5.83
7.83 7.56
1.32 5.73
0.28 8.96
2.89 7.78
0.84 9.63
0.98 9.04
6.12 7.17
7.52 1.39
2.62 7.33
0.98 8.86
3.97 9.09
2.93 7.78
1.0 9.0
4.02 9.02
1.0 9.0
8.9 2.03
0.28 6.99
4.83 5.83
0.29 4.33
5.06 6.58
8.37 7.55
5.87 6.14
4.32 8.16
3.32 9.67
1.65 5.98
3.48 4.4
0.28 9.24
3.18 5.93
7.52 1.39
5.62 6.88
2.62 6.0
5.13 7.72
3.97 9.08
3.0 9.67
4.87 6.47
1.0 9.0
1.64 5.98
4.97 7.9
3.92 9.16
1.0 9.0
1.05 8.97
0.35 9.67
1.0 9.0
1.0 9.0
2.59 9.67
1.84 8.91
0.69 5.19
8.56 4.66
3.47 8.72
0.28 9.0
0.85 3.24
3.3 9.67
5.47 6.82
0.35 9.67
1.12 2.6
5.26 7.67
0.28 4.97
7.62 7.98
1.84 6.71
5.42 6.78
5.37 6.75
1.93 5.86
1.0 9.0
5.72 6.93
1.79 8.06
0.99 8.99
3.18 6.83
1.84 8.91
2.75 7.76
1.78 8.96
3.76 9.32
9.44 0.65
4.62 8.28
4.02 9.0
0.74 8.84
8.92 3.13
4.02 9.0
1.0 9.0
2.04 9.67
1.02 6.94
1.77 9.67
4.31 7.52
6.96 6.72
4.4 9.67
7.62 7.98
3.22 9.54
9.1 0.62
4.4 7.86
1.96 6.66
4.67 8.17
1.05 8.88
7.72 4.87
5.26 6.99
9.08 6.5
8.41 5.25
1.0 9.0
1.0 9.0
3.76 6.05
1.01 6.95
1.0 9.0
0.37 2.53
5.13 0.54
7.62 7.98
4.32 8.16
1.0 9.0
3.38 9.08
7.62 7.98
1.22 9.67
0.28 7.9
9.15 8.9
0.77 9.65
1.0 9.0
4.17 8.83
4.02 9.0
3.47 7.25
5.12 7.21
0.64 6.83
0.51 4.9
4.77 0.79
5.87 6.14
4.02 9.0
1.0 9.0
0.28 4.65
6.09 8.3
4.8 9.67
0.28 9.0
8.89 2.55
0.83 9.02
3.92 3.33
8.44 5.26
5.7 6.93
4.45 0.82
4.71 9.67
1.03 8.93
1.03 8.86
5.23 7.45
5.29 6.73
2.9 8.49
4.3 4.58
1.65 9.07
4.78 0.82
4.28 4.58
5.96 0.66
1.95 3.15
5.38 7.72
4.02 8.99
8.12 1.31
8.89 2.55
4.28 9.67
0.88 9.15
0.5 4.97
1.91 8.97
8.44 5.26
4.32 8.64
1.0 9.0
2.17 5.32
5.87 6.14
4.29 9.67
8.98 6.43
0.28 6.44
3.18 7.0
3.98 0.88
9.15 8.9
4.94 7.33
3.03 9.67
3.94 5.93
0.87 9.3
8.27 5.17
8.9 1.87
1.95 5.62
1.0 9.0
8.12 1.31
0.28 9.0
3.7 7.05
6.37 7.3
1.07 8.27
9.12 9.35
1.0 9.0
4.24 7.8
0.28 7.96
6.17 7.18
5.57 6.84
1.0 9.0
8.93 2.81
5.82 7.02
1.48 7.55
4.45 6.58
1.96 3.15
4.32 8.64
1.28 0.95
1.91 6.09
1.35 9.02
1.91 6.07
3.55 9.57
1.06 9.06
4.93 8.82
0.28 7.46
4.05 7.66
3.95 7.22
7.77 7.33
3.29 6.53
8.44 5.26
2.93 7.78
2.08 8.21
1.11 8.59
3.57 9.01
0.28 9.3
3.67 9.4
6.95 1.04
0.93 8.97
3.97 9.09
1.0 9.0
1.04 7.56
3.29 6.53
6.96 6.72
1.0 9.0
3.98 0.88
8.44 5.26
1.01 9.0
7.04 1.21
1.0 9.0
4.37 8.62
5.97 4.08
4.77 0.79
5.06 0.8
1.64 9.35
1.0 9.0
4.42 0.89
5.41 6.78
1.48 7.55
8.12 1.31
3.98 6.69
1.24 7.35
5.02 7.87
1.0 9.0
1.02 8.99
0.5 4.97
4.77 8.14
3.18 5.55
8.77 0.81
5.75 6.98
1.0 8.9
5.45 7.72
4.02 9.0
6.16 6.13
0.28 9.29
3.77 9.32
3.78 9.27
3.79 9.27
9.34 3.64
0.28 9.0
4.45 8.52
4.05 6.74
8.91 4.36
5.97 4.08
1.0 9.0
9.15 8.9
1.0 8.99
1.95 3.15
0.28 9.0
5.96 0.66
1.0 9.0
8.0 5.02
0.28 9.0
1.91 8.97
2.59 9.67
2.35 9.39
1.0 9.0
1.0 9.0
1.96 6.66
5.87 6.14
1.0 9.0
3.98 0.88
3.74 8.08
9.44 0.65
1.01 9.0
1.96 6.66
4.29 9.67
8.92 3.06
4.1 0.84
8.93 1.07
1.07 9.03
8.97 8.93
1.0 9.0
8.93 2.81
6.96 6.72
1.0 9.0
0.73 8.47
0.97 8.99
9.67 9.03
3.18 6.18
5.3 7.49
1.75 9.65
1.0 9.0
8.97 1.41
6.99 1.04
4.39 7.34
8.93 3.21
4.48 9.67
9.44 0.65
4.49 6.59
1.0 9.01
4.9 8.83
5.37 6.73
8.98 6.45
5.47 6.81
8.93 3.39
8.92 3.13
1.0 9.0
5.37 6.78
5.96 0.66
3.42 7.96
9.67 7.44
0.28 9.0
1.81 6.63
1.0 9.0
1.95 3.15
1.85 3.93
9.15 8.9
8.93 2.81
3.94 5.93
4.9 9.24
3.92 3.33
4.02 9.0
1.04 8.97
3.42 7.96
0.73 8.32
4.02 9.0
1.0 9.0
5.25 7.52
1.0 9.0
1.85 3.93
4.75 0.76
8.56 4.66
1.0 9.0
8.13 9.05
4.62 8.29
7.51 1.02
8.09 9.02
8.98 4.42
3.18 6.27
6.96 6.72
1.58 3.41
1.0 9.0
2.92 7.78
0.85 9.45
4.02 9.0
0.95 0.96
3.74 8.08
4.39 7.34
3.92 3.33
8.98 6.45
4.38 8.02
5.96 0.66
1.0 9.0
1.0 9.0
1.64 7.65
5.51 7.77
4.48 9.67
0.98 9.08
3.92 7.89
0.28 9.0
1.0 9.01
3.18 6.18
6.96 6.72
5.91 0.49
0.28 9.0
4.02 9.0
4.02 9.0
2.26 8.21
1.84 6.76
5.87 6.14
3.98 0.88
4.02 9.0
6.83 1.01
5.65 0.69
1.28 0.95
6.17 6.14
5.56 7.87
6.09 8.3
2.9 1.19
1.0 9.0
8.13 9.05
1.0 9.0
0.76 9.16
0.99 9.0
9.34 3.64
1.0 9.0
2.12 6.63
1.71 6.32
8.13 9.05
0.66 9.67
8.83 6.32
3.98 0.88
6.05 0.5
5.96 0.66
5.51 7.77
0.35 9.67
0.28 7.47
1.0 9.0
7.73 0.6
0.48 9.67
1.94 5.78
1.73 9.67
4.02 9.0
1.0 9.0
1.11 9.03
8.13 9.05
1.0 9.0
2.15 6.24
0.47 4.84
3.94 5.93
2.9 1.19
4.28 9.67
4.62 8.34
8.9 7.97
9.67 7.44
4.97 7.88
3.18 5.6
4.02 9.0
6.96 6.72
1.07 8.96
1.16 8.86
5.87 6.14
8.09 7.26
4.0 8.74
2.55 7.57
8.02 5.05
0.28 9.0
8.98 6.43
0.58 9.67
4.8 6.43
3.33 9.67
0.64 5.81
1.0 9.0
0.28 9.0
3.05 8.97
6.96 6.72
1.91 8.97
1.0 9.0
1.0 9.0
1.0 9.0
0.28 5.71
4.02 9.02
4.27 8.73
5.06 7.03
0.37 2.53
1.85 6.92
3.18 5.85
3.92 3.33
5.8 0.65
3.75 8.51
5.28 7.05
7.73 0.6
0.28 9.0
1.0 9.0
2.7 8.92
1.42 9.46
8.91 1.43
4.86 0.76
4.45 6.58
5.42 6.78
0.28 9.0
9.67 7.44
9.08 6.5
8.48 8.99
1.0 9.0
7.29 0.53
8.88 0.8
4.47 8.48
3.57 0.99
1.0 9.0
5.19 6.74
1.0 9.0
4.22 8.81
9.33 8.88
9.0 6.47
1.0 9.0
1.0 9.0
0.28 9.0
2.11 5.35
4.08 6.85
5.87 6.14
4.54 5.61
9.34 3.64
6.23 6.17
6.96 6.72
0.28 9.57
7.31 3.34
4.48 9.67
1.0 9.0
8.92 6.37
4.48 9.67
4.48 9.67
2.03 8.97
2.15 5.26
3.98 0.88
0.28 6.99
5.27 6.71
0.28 9.2
1.71 6.71
2.77 7.77
2.38 7.85
1.0 9.0
4.12 8.91
4.93 7.95
1.12 9.08
0.49 9.67
4.02 9.0
2.62 7.33
3.16 7.63
3.92 3.33
3.05 8.97
0.28 6.59
7.31 3.34
7.97 5.01
0.29 4.33
0.73 9.67
4.38 7.87
7.73 0.6
8.91 1.43
5.56 7.87
4.02 9.0
7.35 1.42
0.37 2.53
6.12 7.17
3.94 5.93
7.29 0.53
3.88 6.19
1.03 8.98
2.17 5.32
1.16 8.88
0.87 8.18
0.36 7.15
1.0 9.0
0.73 8.32
2.63 9.67
5.85 7.03
4.36 6.18
0.37 2.53
0.28 9.0
0.28 4.78
8.89 5.94
3.96 9.12
4.98 8.75
9.34 3.64
1.28 8.79
0.29 4.33
6.27 9.67
2.62 7.32
3.18 6.29
2.7 8.92
3.94 5.93
1.25 9.67
3.87 9.22
8.56 4.66
7.81 4.92
7.29 0.53
4.75 0.76
4.18 6.77
2.98 8.5
2.03 6.41
1.0 9.0
0.36 6.77
1.1 6.22
0.28 8.96
3.92 3.33
0.28 8.97
4.68 6.96
4.59 7.02
2.15 5.31
4.88 0.97
4.83 7.65
0.28 4.66
6.29 0.66
7.31 3.32
1.33 6.06
0.28 5.71
5.19 7.22
1.0 9.0
1.0 9.0
1.0 9.0
0.28 6.88
4.02 9.0
7.04 1.21
0.28 9.0
1.0 9.0
5.52 7.77
1.0 9.0
1.01 9.0
1.0 9.0
0.31 4.33
0.99 9.0
1.0 9.0
8.91 1.68
6.13 3.63
4.57 5.63
2.64 8.55
2.48 9.67
1.0 9.0
9.34 3.31
4.92 7.98
8.88 1.98
8.91 1.43
4.02 9.0
4.02 9.0
0.64 6.84
1.58 3.41
3.61 9.13
6.02 7.92
4.64 7.42
8.0 5.02
4.17 8.83
4.02 8.99
0.28 9.28
4.02 9.0
3.44 5.68
3.92 3.33
5.38 7.69
1.0 9.0
1.33 7.72
0.94 9.01
9.33 8.88
4.42 7.88
4.3 4.58
0.95 0.96
4.33 9.51
1.95 6.4
9.63 7.51
0.28 9.29
4.07 8.95
4.9 9.24
8.98 1.84
0.28 9.0
9.67 8.97
3.18 5.61
0.37 2.53
1.04 7.27
4.18 6.77
3.92 3.33
1.04 9.3
4.62 8.33
1.36 8.94
4.52 0.87
1.0 9.0
4.44 9.67
0.28 9.0
4.75 0.76
4.19 6.83
3.99 9.07
3.97 7.26
5.82 7.0
4.45 7.37
1.12 2.6
1.02 9.22
4.02 8.99
3.92 3.33
4.81 7.29
4.02 9.0
0.37 2.53
4.37 8.62
6.27 8.38
3.92 3.33
2.37 8.22
4.17 4.21
1.0 9.0
4.32 8.64
4.72 0.56
8.86 5.7
1.04 6.55
1.64 7.65
4.02 9.0
8.9 1.3
9.34 3.64
3.92 3.33
7.72 4.87
8.93 0.81
1.0 9.0
1.28 0.95
0.28 4.52
0.95 0.96
3.89 6.77
3.18 6.62
4.41 8.57
1.0 9.0
1.04 7.7
1.57 9.67
5.54 6.83
2.9 1.19
2.68 8.91
0.28 9.06
6.29 0.66
2.9 1.19
4.36 6.18
9.33 8.88
5.52 7.69
7.72 4.87
4.44 9.67
6.3 0.67
1.0 9.0
5.63 4.72
7.28 0.53
1.0 9.67
0.28 9.36
9.34 3.31
9.34 3.45
0.99 8.64
4.07 8.96
2.9 1.19
5.0 8.68
8.09 7.26
4.36 6.18
0.28 9.0
1.85 6.92
9.67 8.97
3.24 9.67
4.98 8.75
4.02 9.0
9.34 3.64
1.98 5.65
9.63 7.51
7.23 9.53
9.34 3.44
5.6 0.52
5.14 7.72
4.02 9.0
1.28 0.95
5.13 0.54
1.58 3.41
2.12 6.26
4.02 9.0
0.28 8.95
7.82 3.54
4.36 6.18
4.02 9.0
9.09 9.02
7.31 3.34
4.38 8.04
5.33 7.67
1.0 9.0
5.11 0.79
5.97 4.08
9.29 6.62
9.61 6.57
4.65 7.22
3.18 5.61
3.17 9.67
5.16 5.97
4.02 9.07
0.97 8.74
1.76 5.98
8.86 0.68
5.49 7.77
1.23 0.95
1.28 0.95
7.91 8.93
1.0 9.0
8.84 0.64
9.33 3.36
1.0 9.0
9.24 6.23
0.72 9.19
1.02 8.51
5.58 7.87
6.34 0.58
1.11 9.05
1.63 7.48
5.13 0.54
3.69 9.37
4.52 0.87
9.17 6.01
1.0 9.0
9.33 8.88
1.0 9.0
3.42 8.74
4.56 7.23
3.87 9.19
9.24 6.23
1.13 9.14
2.03 4.41
4.17 4.2
0.28 5.28
7.72 4.87
8.21 5.47
1.0 9.0
3.89 6.77
1.0 9.0
3.64 9.08
7.73 0.6
9.61 6.57
3.18 5.76
4.88 9.67
6.29 0.66
1.04 7.83
5.49 7.77
5.7 0.51
7.96 0.83
1.04 7.7
6.33 0.67
2.68 8.91
4.3 9.66
5.5 6.83
0.28 9.0
0.28 4.52
2.15 3.94
1.0 9.0
5.6 6.88
4.02 9.0
6.33 0.7
9.11 3.67
3.18 6.51
3.19 6.88
4.12 8.88
3.18 5.92
5.19 0.55
1.1 6.14
8.43 4.6
5.4 7.68
8.09 7.26
5.13 0.54
0.28 9.04
8.84 0.64
7.76 3.52
2.4 4.0
1.04 6.55
5.25 7.52
7.94 8.64
1.0 9.0
7.72 4.87
3.76 7.81
8.95 0.56
4.58 8.37
1.0 9.0
5.2 6.63
3.97 9.11
0.69 8.9
5.98 0.56
7.7 0.6
0.96 8.96
4.02 9.0
6.24 0.64
3.68 9.37
4.44 9.67
8.95 1.89
6.83 1.01
1.85 3.93
8.89 5.94
0.28 8.81
8.92 5.04
4.47 9.56
1.36 9.67
1.0 9.0
9.63 6.34
1.0 9.0
3.52 5.92
7.73 0.6
7.31 3.34
1.32 8.45
4.43 7.15
9.29 6.62
8.92 0.8
8.48 8.99
6.09 3.67
1.0 9.0
8.41 4.69
3.57 0.99
4.59 6.33
9.28 6.17
3.93 7.14
5.53 7.62
5.96 3.79
1.95 6.5
8.25 7.13
1.59 6.28
3.64 9.42
4.63 9.51
8.88 1.98
1.85 3.93
7.32 8.57
1.15 9.16
4.27 8.72
5.44 7.72
2.68 8.91
9.11 3.67
4.51 7.82
1.98 5.76
1.0 9.0
4.02 9.0
7.31 3.34
8.04 5.1
0.91 8.94
9.05 6.47
5.63 4.72
1.12 9.07
8.86 5.7
4.02 9.0
1.0 9.0
8.86 2.9
8.84 0.64
8.61 0.89
5.97 0.75
5.63 4.72
9.61 6.57
1.0 9.0
2.9 1.19
3.52 9.62
4.27 8.75
2.9 1.19
4.81 9.19
3.82 9.25
9.13 5.74
1.0 9.0
6.27 9.67
9.08 5.47
0.68 6.37
1.0 9.0
4.02 9.0
5.63 4.72
0.95 8.96
4.02 9.0
0.28 9.0
5.86 3.93
7.31 3.32
8.88 1.98
1.0 9.0
4.7 9.15
7.82 3.54
1.16 6.78
8.84 0.64
4.02 9.0
1.16 8.9
1.02 7.77
0.28 4.37
2.23 6.42
4.52 0.87
6.78 0.84
5.07 7.79
6.09 8.3
2.9 1.19
5.29 7.56
6.09 8.3
9.61 6.57
9.33 8.88
3.52 0.99
2.61 8.48
1.0 9.0
3.66 9.42
4.02 9.0
3.97 7.16
0.99 7.31
1.0 9.0
4.64 9.5
9.33 8.88
2.93 7.78
0.68 6.37
7.77 4.91
1.91 6.26
5.92 7.91
4.0 9.07
8.44 4.75
2.05 9.67
4.57 5.63
8.98 4.42
3.73 9.0
7.31 3.34
5.53 8.06
8.86 2.68
4.02 9.0
3.67 9.42
9.33 8.88
7.31 3.34
4.37 8.61
3.92 9.15
8.48 8.99
7.78 7.85
1.27 8.95
0.31 8.97
4.45 9.61
3.19 6.88
8.91 0.62
9.33 8.88
8.09 7.26
5.3 7.57
8.44 8.03
5.36 7.67
5.39 6.78
1.0 9.0
8.48 8.99
1.0 9.0
8.11 4.9
4.02 9.02
8.93 7.91
6.94 1.51
3.77 9.28
1.04 9.04
8.98 1.38
5.09 6.94
1.89 6.6
5.63 4.71
4.02 9.0
1.03 9.02
1.0 9.0
3.73 9.32
8.95 1.9
7.1 3.31
5.24 7.49
0.77 3.36
0.28 8.97
1.0 9.0
7.41 8.92
0.28 8.9
5.25 9.05
9.13 2.12
1.0 9.0
8.88 1.98
7.74 0.88
0.3 3.31
1.02 9.01
5.21 6.68
6.13 3.63
4.02 9.0
1.98 5.65
1.02 9.0
4.05 8.97
4.26 8.77
5.97 4.08
3.92 9.15
6.87 8.19
4.52 0.87
4.17 8.85
7.82 3.54
0.98 8.92
1.03 9.08
7.72 4.87
0.43 9.28
8.89 2.98
0.44 8.67
7.82 3.54
5.07 7.79
8.46 0.96
4.02 9.02
3.64 8.86
1.11 8.17
4.75 8.17
8.46 0.96
5.92 7.03
0.91 9.19
3.28 8.45
5.27 6.69
1.02 7.77
4.13 7.85
4.02 9.0
6.52 3.41
4.52 9.54
7.77 7.33
0.28 5.26
3.97 9.09
1.85 6.85
0.57 9.14
9.13 3.0
0.28 4.37
7.92 3.62
1.0 9.0
5.87 6.14
9.25 8.9
8.5 7.8
5.56 7.83
4.21 8.82
4.36 6.65
9.22 9.44
6.76 0.93
1.0 9.0
1.84 6.84
7.61 8.98
6.09 8.3
7.31 3.34
0.73 6.93
8.47 7.57
1.0 9.0
6.11 3.62
1.0 9.0
6.11 0.62
0.87 9.2
9.67 9.64
8.21 5.47
1.0 9.0
2.12 6.1
7.84 3.57
4.87 6.46
4.11 7.49
3.75 8.43
9.13 5.74
0.89 8.41
1.71 9.45
4.53 0.87
1.0 9.0
8.92 2.21
9.33 8.88
6.89 4.52
3.18 5.78
6.98 8.43
5.42 7.72
8.12 0.28
5.48 8.15
1.0 9.0
1.0 9.0
8.9 5.58
8.86 2.9
4.32 8.68
7.94 8.64
0.28 4.36
0.9 8.96
3.97 6.67
8.97 8.92
5.12 7.73
1.0 9.0
1.73 6.24
7.1 3.31
5.63 4.72
2.82 8.46
1.02 7.77
7.94 8.64
7.1 3.31
7.01 1.13
3.03 7.73
1.05 9.02
8.9 1.01
7.31 3.34
4.88 9.67
8.48 8.99
1.14 9.17
8.86 5.7
2.4 0.9
1.93 5.84
4.17 4.2
4.02 9.01
5.24 2.45
2.79 9.14
1.0 9.0
0.28 9.0
5.0 7.31
1.0 9.0
3.18 6.62
4.17 4.21
4.12 8.88
9.53 6.48
1.05 8.94
0.28 5.83
4.02 9.0
0.89 9.04
4.57 5.63
2.95 8.67
7.62 7.14
4.52 9.54
6.13 3.63
4.02 9.0
0.42 5.55
4.17 8.83
3.56 3.15
1.85 6.74
3.05 9.3
8.07 5.34
4.86 8.07
6.27 9.67
4.12 6.05
6.78 0.84
8.12 0.28
4.17 4.2
1.0 9.0
1.0 9.0
1.0 9.0
5.52 7.77
1.84 6.84
3.52 5.92
7.82 3.8
3.98 9.07
4.87 5.26
5.36 6.93
9.33 8.87
4.05 7.51
9.19 8.05
4.81 5.78
2.53 8.04
1.0 9.0
4.75 5.53
5.16 5.97
6.92 1.51
4.02 9.0
8.43 0.97
8.86 2.9
4.02 9.0
4.95 5.85
4.32 6.87
1.0 9.0
8.96 0.57
1.0 9.0
8.92 1.59
7.26 1.03
6.72 7.5
5.63 4.72
6.98 8.43
1.98 5.74
1.2 8.97
6.2 3.55
2.12 5.38
1.0 9.0
1.02 8.99
3.97 6.67
1.22 5.55
0.28 9.55
1.85 6.85
4.56 0.87
1.92 9.18
1.0 9.0
8.98 0.32
1.07 9.61
5.72 6.94
1.27 9.07
8.8 0.69
1.0 9.0
3.18 6.97
4.52 0.87
1.0 9.0
1.0 9.0
4.4 5.54
4.97 7.89
3.18 5.78
1.11 9.39
7.77 7.33
5.63 4.72
5.19 6.9
0.28 9.0
7.99 3.84
3.18 6.77
2.84 7.78
5.64 7.71
9.11 3.67
1.0 9.0
0.28 5.83
4.12 6.05
4.02 9.0
3.52 5.69
1.85 6.91
4.02 9.0
9.37 4.23
6.27 8.38
9.31 6.62
1.9 6.36
1.0 9.0
6.27 7.28
9.55 6.5
5.63 4.72
1.0 9.0
5.53 8.06
0.83 5.52
1.0 9.0
9.0 1.45
8.93 7.91
1.03 8.77
5.62 6.96
1.0 9.0
0.51 8.55
1.0 9.0
5.64 4.72
4.02 9.07
9.53 6.48
3.18 5.74
4.88 9.67
1.82 4.16
1.0 9.0
5.26 9.0
0.28 9.0
9.11 2.25
0.28 9.0
4.21 4.53
2.19 5.04
0.33 5.3
4.72 8.22
2.4 9.67
5.48 7.77
4.02 9.0
5.93 3.82
5.51 6.83
3.18 6.62
3.18 7.53
8.93 7.91
1.0 9.0
5.31 6.73
8.98 0.32
1.05 8.99
1.99 9.67
4.88 8.85
1.0 9.0
9.11 2.55
7.78 7.85
1.0 9.0
1.3 8.78
4.17 8.12
5.5 7.77
2.48 0.9
9.11 3.67
3.89 0.95
6.46 0.66
4.02 9.0
1.3 6.38
1.0 9.0
1.03 8.18
1.0 9.0
4.47 8.01
1.98 5.73
8.98 4.42
1.0 9.0
6.89 4.52
0.69 9.27
1.14 9.17
8.92 5.04
0.28 7.43
4.68 8.22
2.4 0.9
5.72 6.94
4.1 3.92
5.12 9.16
8.12 0.28
6.52 3.41
0.28 8.96
1.01 9.0
4.61 6.33
3.44 6.05
6.55 0.75
4.55 9.23
6.07 0.61
1.81 9.67
3.89 0.95
3.04 9.67
6.33 6.68
6.61 0.86
6.98 8.43
5.57 6.83
1.82 4.16
0.98 8.93
6.27 9.67
3.89 0.95
6.83 0.85
7.82 7.42
8.21 5.47
9.0 3.32
9.42 1.08
0.28 4.36
1.0 9.0
8.99 4.98
3.75 6.56
0.33 8.58
1.19 9.08
2.97 7.82
8.92 4.71
6.78 0.84
9.53 6.48
9.58 5.85
5.25 5.8
4.02 9.0
2.4 0.9
8.97 8.02
0.28 9.13
4.2 9.67
1.85 6.91
0.71 9.6
5.28 9.17
0.98 7.46
0.28 9.0
3.74 6.22
4.42 9.6
1.89 6.46
1.0 7.62
3.77 9.08
3.2 5.53
6.12 7.15
1.01 9.0
5.44 7.02
8.12 0.28
0.96 3.38
2.79 9.14
4.12 6.05
6.78 0.84
7.31 1.01
6.92 1.51
5.82 7.02
6.97 6.73
7.99 3.84
1.0 9.0
4.7 9.03
8.17 1.14
4.62 8.29
4.28 7.91
8.92 4.85
6.27 9.67
4.57 8.26
1.0 9.0
5.4 6.78
8.86 2.68
6.9 1.04
1.0 9.0
8.97 0.32
8.3 5.52
5.13 8.53
9.08 5.47
2.03 7.59
3.42 5.67
4.27 8.75
4.02 9.03
8.92 2.21
0.83 5.52
5.05 9.05
2.98 8.23
3.95 7.24
4.26 9.67
2.93 7.78
0.82 3.36
5.51 7.77
4.87 5.26
7.82 7.42
5.53 7.86
0.3 3.31
5.25 5.8
2.16 3.13
4.69 7.2
6.3 6.23
5.63 9.04
5.47 7.72
1.82 4.16
0.28 8.88
1.0 9.0
8.98 0.32
4.21 4.53
6.98 8.43
0.83 5.52
6.78 6.97
8.98 0.32
5.93 3.82
3.08 9.67
3.64 6.12
9.0 3.32
6.62 0.97
1.82 4.16
6.98 8.22
8.98 2.95
7.54 3.57
4.37 6.92
8.92 3.48
0.83 5.52
9.67 6.0
6.2 9.49
8.22 8.38
5.73 3.62
6.89 4.52
0.87 9.11
0.95 9.48
7.99 3.84
1.0 9.0
7.65 7.98
0.28 9.37
1.0 9.0
5.6 9.03
8.78 8.08
6.98 8.43
5.87 6.14
3.18 6.49
4.0 9.07
5.91 7.3
4.02 7.28
8.98 0.32
4.1 3.92
9.53 6.48
2.4 0.9
1.0 9.0
4.02 8.98
8.98 0.32
6.02 7.11
1.0 9.0
5.53 7.63
3.18 5.57
1.0 9.0
1.0 9.0
3.18 5.63
9.59 7.93
1.0 8.9
1.7 3.13
1.13 9.08
2.03 4.41
2.48 0.9
1.0 9.0
8.64 0.88
6.98 8.43
2.19 9.62
5.72 6.97
4.02 8.98
3.89 0.95
0.28 8.99
8.96 7.67
2.94 7.78
1.89 7.04
4.21 4.53
1.0 9.0
4.32 8.64
2.19 5.04
7.26 4.72
1.0 9.0
1.15 9.67
5.87 6.14
8.92 3.48
6.52 3.41
9.59 7.93
7.99 3.84
5.68 3.5
3.89 0.95
4.02 9.0
8.53 5.59
3.97 7.0
2.48 0.9
4.28 9.56
1.82 4.16
5.5 7.77
8.92 2.42
2.43 8.94
0.66 5.39
4.02 9.0
7.99 3.84
1.0 9.0
4.87 5.26
4.02 9.0
1.0 9.0
8.99 3.7
1.82 4.16
5.52 7.77
7.83 3.51
5.48 7.77
0.28 9.0
1.02 9.06
1.21 8.62
1.0 9.0
0.44 4.53
4.02 9.0
4.43 9.6
6.53 6.78
8.17 1.14
4.02 9.0
5.41 7.57
3.56 3.15
9.0 3.32
0.68 9.25
1.9 1.78
4.62 8.3
0.28 9.0
8.9 0.5
1.0 9.0
8.98 3.35
2.48 0.9
7.82 7.42
0.76 6.06
0.28 8.85
0.96 9.09
7.57 3.59
6.89 4.52
5.51 7.77
1.85 5.93
1.02 8.53
1.0 9.0
0.97 9.01
0.28 9.0
8.64 9.44
0.28 9.0
5.51 7.77
9.66 6.46
2.13 5.69
5.22 6.66
1.0 9.0
0.28 9.0
4.02 9.0
1.21 7.5
1.86 5.93
0.91 8.38
4.02 8.99
8.92 2.76
5.02 5.86
8.26 1.04
1.0 9.0
5.12 3.72
7.06 6.78
7.13 8.18
5.63 4.72
5.66 8.24
8.93 3.51
8.53 5.59
0.97 8.92
1.9 1.78
4.02 9.0
0.68 0.98
6.53 6.78
4.42 9.63
4.23 9.67
4.12 8.9
6.89 4.52
1.82 9.23
1.0 9.0
8.76 8.28
9.54 6.1
3.0 9.67
0.97 8.98
7.02 6.82
9.59 7.93
1.0 9.0
0.28 9.21
6.72 7.5
9.66 6.46
5.53 6.83
9.33 8.87
3.89 0.95
3.89 0.95
1.0 9.0
1.63 7.48
9.4 4.64
4.02 8.99
2.19 1.01
5.6 9.03
5.87 6.14
5.48 7.77
1.0 9.0
4.87 5.26
9.67 8.95
8.96 7.67
1.0 9.0
5.51 7.77
0.28 5.4
5.48 6.83
8.64 9.44
3.89 0.95
4.27 9.64
4.46 9.6
5.2 9.2
7.41 6.76
5.43 6.78
5.63 4.69
5.43 7.72
1.0 9.0
4.58 9.19
6.72 7.5
1.0 9.0
1.87 6.7
4.02 8.99
1.0 9.0
3.02 9.48
8.22 5.72
6.53 6.78
8.06 4.45
5.2 6.97
9.22 8.96
1.24 7.5
9.67 9.64
5.02 5.86
6.14 7.18
4.02 9.0
7.83 7.57
2.03 7.59
6.5 4.3
3.66 0.96
5.46 7.72
8.08 7.27
8.21 5.47
4.95 7.16
4.95 0.87
3.18 7.54
1.96 5.9
8.98 2.33
2.0 3.27
6.3 6.23
1.53 3.24
