1.0 9.0
1.0 9.0
1.0 9.0
4.02 9.0
0.28 9.42
0.28 9.0
0.28 9.0
1.0 9.0
1.0 9.0
4.02 9.0
1.0 9.0
0.92 9.67
1.0 9.0
4.02 9.0
1.0 9.0
1.0 9.0
4.02 9.0
1.0 9.0
1.0 9.0
1.13 8.76
1.0 9.0
4.02 9.0
1.0 9.0
1.0 9.0
0.28 9.0
1.0 9.0
1.0 9.0
1.0 9.0
0.28 8.95
1.0 9.0
0.28 9.07
0.28 9.0
4.02 9.04
4.02 9.0
1.07 8.92
0.28 9.0
4.02 9.0
4.02 9.0
1.0 9.0
0.28 9.0
0.28 9.0
1.04 8.86
1.09 8.82
1.0 9.0
1.0 9.0
0.28 9.0
4.02 9.0
0.28 9.0
4.02 9.0
0.28 9.0
1.0 9.0
1.0 9.0
0.28 9.0
4.02 9.0
1.0 9.0
1.0 9.0
1.0 9.0
0.28 9.0
0.28 9.0
0.28 9.0
4.02 9.0
1.0 9.0
0.28 9.0
4.02 9.0
0.82 4.98
1.0 9.0
0.28 9.0
1.14 8.96
1.0 9.0
1.83 5.93
1.0 9.0
0.28 9.0
1.0 9.0
0.28 9.0
0.28 9.0
1.0 9.0
0.28 9.0
0.28 9.0
4.02 9.0
1.0 9.0
1.0 9.0
0.28 9.0
1.0 9.0
1.0 9.0
1.0 9.0
1.0 9.0
1.0 9.0
1.0 9.0
3.58 9.27
1.69 9.67
5.13 7.32
0.28 9.0
0.9 6.27
0.28 9.0
1.0 9.0
1.14 9.67
1.08 8.46
1.0 9.0
5.47 6.78
1.0 9.0
1.0 9.0
0.28 9.0
4.02 9.0
4.02 9.0
3.58 9.52
1.0 9.0
1.0 9.0
1.03 8.76
1.0 9.0
0.28 9.0
1.04 8.86
0.28 9.0
4.02 9.0
0.28 8.84
1.0 9.0
1.0 9.0
1.0 9.0
1.0 9.0
3.97 9.11
4.37 6.18
1.0 9.0
1.0 9.0
1.0 9.0
1.0 9.0
1.0 9.0
1.0 9.0
0.28 9.0
1.0 9.0
4.02 9.0
0.28 9.0
4.02 9.0
0.28 7.82
0.28 9.0
4.02 9.0
1.0 9.0
1.0 9.0
0.28 9.0
2.14 9.4
0.28 9.0
0.28 9.0
4.02 9.0
4.02 9.0
1.0 9.0
0.28 9.0
4.02 9.0
1.0 9.0
0.28 9.0
1.0 9.0
1.0 9.0
1.0 9.0
0.28 9.0
1.0 9.0
0.68 9.67
1.0 9.0
0.28 9.0
0.41 8.77
1.0 9.0
1.0 9.0
0.28 9.0
1.0 9.0
1.83 5.93
1.0 9.0
1.0 9.0
1.0 9.0
4.02 9.0
1.0 9.0
0.99 9.0
4.02 9.0
1.0 9.0
1.0 9.0
1.0 9.0
4.02 9.0
0.9 6.27
1.0 9.0
1.0 9.0
1.0 9.0
0.28 9.0
1.04 8.98
1.04 8.94
0.28 9.0
1.0 9.0
1.0 9.0
1.0 9.0
2.32 9.67
0.28 9.0
1.0 9.0
1.0 9.0
3.18 7.62
0.82 4.98
1.0 9.0
1.0 9.0
1.0 9.0
1.0 9.0
1.0 9.0
0.36 8.37
0.98 8.97
4.02 9.0
1.69 9.67
5.57 6.86
4.02 8.99
1.0 9.0
3.87 9.19
1.0 9.0
0.28 9.0
0.28 9.0
0.28 9.0
1.0 9.0
1.0 9.0
0.28 9.0
1.0 9.0
1.0 9.0
1.97 9.67
1.09 8.82
4.02 9.0
0.28 9.0
1.0 9.0
3.57 9.54
1.0 9.0
1.0 9.0
1.0 9.0
1.0 9.0
1.0 9.0
4.02 9.0
0.28 9.0
1.0 9.0
1.0 9.0
1.0 9.0
1.0 9.0
1.0 9.0
1.0 9.0
1.0 9.0
1.0 9.0
0.79 9.29
1.0 9.0
1.0 9.0
1.14 8.96
1.04 8.97
1.0 9.0
0.31 8.91
0.28 9.0
0.31 6.7
4.02 9.0
1.0 9.0
1.0 9.0
1.0 9.0
1.0 9.0
1.0 9.0
1.0 9.0
1.0 9.0
1.4 9.22
0.9 6.27
0.28 9.0
2.14 9.4
0.28 9.0
1.0 9.0
1.0 9.0
1.0 9.0
1.04 8.98
1.08 8.46
0.28 9.26
1.0 9.0
1.0 9.0
4.02 9.0
0.53 9.67
0.28 9.57
1.0 9.0
1.0 9.0
4.02 9.0
1.0 9.0
1.0 9.0
1.14 8.96
1.0 9.0
1.0 9.0
1.0 9.0
1.0 9.0
1.0 9.0
1.0 9.0
1.0 9.0
1.0 9.0
1.0 9.0
1.0 9.0
1.0 9.0
0.28 9.0
4.02 9.03
1.0 9.0
1.0 9.0
1.0 9.0
1.0 9.0
0.28 9.0
1.0 9.0
5.26 6.68
1.0 9.0
1.0 9.0
5.39 6.78
1.0 9.0
0.28 9.0
4.25 8.04
0.41 8.77
1.01 9.0
1.0 9.0
4.02 9.0
1.0 9.0
3.32 7.35
1.0 9.0
5.57 6.86
1.0 9.0
1.0 9.0
1.04 8.97
1.0 9.0
1.14 8.96
0.28 9.43
1.04 8.86
1.0 9.0
1.0 9.0
1.0 9.0
1.0 9.0
0.28 9.0
1.0 9.0
0.28 9.0
1.0 9.0
1.0 9.0
3.86 9.22
1.0 9.0
4.02 9.0
1.0 9.0
4.02 9.0
1.0 9.0
0.28 9.03
1.0 9.0
1.0 9.0
1.12 8.88
1.83 5.93
1.34 8.98
1.0 9.0
0.99 9.0
1.0 9.0
3.92 9.15
1.0 9.0
1.0 9.0
1.0 8.99
1.0 9.0
1.0 9.0
1.0 9.0
0.28 9.0
1.04 8.94
1.0 9.0
3.18 7.62
1.0 9.0
1.0 9.0
1.0 9.0
1.83 5.93
1.0 9.0
0.28 9.0
0.28 9.0
1.0 9.0
0.28 9.0
5.13 6.63
1.0 9.0
1.0 9.0
1.0 9.0
1.0 9.0
1.04 8.98
0.28 9.0
1.0 9.0
1.0 9.0
1.0 9.0
1.07 8.92
1.0 9.0
1.0 9.0
1.0 9.0
1.0 9.0
0.28 9.0
4.02 9.0
1.0 9.0
1.0 9.0
0.41 8.77
1.05 8.83
1.04 8.86
1.0 9.0
1.0 9.0
3.34 9.67
1.14 8.96
1.14 8.96
0.28 8.84
0.28 9.15
1.0 9.0
1.0 9.0
0.28 9.41
0.28 9.0
0.28 7.54
4.02 9.0
1.0 9.0
1.04 8.97
4.02 9.0
0.28 9.0
1.0 9.0
1.08 8.9
4.76 6.38
1.08 8.46
1.04 8.98
1.0 9.0
4.02 9.0
0.28 9.0
1.03 8.76
1.0 9.0
0.28 9.0
1.0 9.0
1.9 9.67
1.0 9.0
0.28 9.35
1.0 9.0
1.0 9.0
1.06 8.97
1.63 8.87
0.28 9.0
0.28 9.0
1.0 9.0
1.0 9.0
1.0 9.0
1.0 9.0
2.14 9.4
0.28 9.0
4.02 9.03
1.88 6.28
4.02 9.0
1.0 9.0
4.02 9.0
3.18 7.62
1.08 9.02
0.28 9.0
4.02 9.0
0.9 6.27
0.28 9.0
1.0 9.0
4.02 9.0
1.0 9.0
0.28 9.0
0.9 6.27
0.28 9.0
1.0 9.0
4.02 9.0
0.28 8.09
1.0 9.0
1.0 9.0
0.37 9.43
1.01 9.01
1.0 9.0
1.0 9.0
1.0 9.0
0.28 9.0
4.02 9.0
0.31 6.7
1.0 9.0
1.0 8.99
4.02 9.0
0.28 9.43
1.0 9.0
0.28 9.0
3.32 7.35
0.28 9.0
1.0 9.0
4.12 8.9
1.08 8.46
1.14 8.96
1.0 9.0
3.92 9.15
1.06 8.92
4.02 9.0
4.22 8.8
0.66 9.67
4.18 9.66
3.12 8.96
0.28 9.0
0.28 7.54
4.02 9.0
1.14 8.96
4.32 8.71
1.04 8.86
3.64 8.54
1.01 8.98
1.07 8.92
1.0 9.0
1.04 8.98
4.02 9.0
1.08 8.46
1.34 8.98
0.99 8.89
0.28 9.0
0.28 9.0
1.0 9.0
4.92 6.48
4.02 9.0
1.0 9.0
1.0 9.0
1.0 9.0
3.87 8.12
1.04 8.98
4.02 9.0
0.28 9.04
1.03 8.76
1.0 9.0
0.28 9.0
4.41 8.22
0.28 9.0
4.02 9.0
0.28 9.0
1.0 9.0
4.02 9.0
1.04 8.97
0.28 9.0
0.28 8.72
1.0 9.0
0.28 8.67
0.9 6.27
1.0 9.0
3.92 9.15
4.02 9.0
1.0 9.0
1.0 9.0
0.28 9.0
1.0 9.0
0.28 7.82
1.14 8.96
3.92 9.15
1.09 8.82
0.9 6.27
1.0 9.0
0.28 9.0
1.04 8.97
1.0 9.0
0.9 6.27
0.99 8.99
1.0 9.0
4.02 9.0
1.01 8.93
1.0 9.0
5.36 7.67
1.0 9.0
1.22 9.67
4.98 6.53
0.98 9.12
1.04 8.94
0.91 9.0
1.1 5.38
1.34 8.98
0.28 4.49
3.3 9.67
4.02 9.0
1.0 9.0
1.08 8.44
1.0 9.0
5.14 6.63
1.0 9.0
4.02 9.05
0.28 9.0
4.02 9.0
0.9 6.27
1.06 7.72
1.0 9.0
4.12 8.9
0.9 6.27
0.28 9.0
3.18 7.62
4.12 8.88
0.62 7.33
1.06 9.17
4.02 9.0
3.86 9.22
0.28 7.03
1.0 9.0
4.18 9.66
4.96 6.53
5.57 6.86
1.0 9.0
0.28 9.0
4.02 9.01
0.9 6.27
4.02 9.0
3.62 9.51
0.28 9.0
1.81 5.93
0.28 9.29
0.28 9.0
1.08 8.46
0.9 6.27
0.95 8.99
0.28 8.99
3.34 9.67
0.96 9.05
0.28 9.0
0.28 8.99
1.0 9.0
1.07 8.97
1.0 9.0
0.28 9.0
0.31 6.72
3.18 6.64
4.02 9.0
1.0 9.0
1.87 8.85
4.02 9.0
0.28 9.06
5.09 7.71
1.0 9.0
3.64 8.54
1.03 8.76
1.0 9.0
3.63 8.11
1.0 9.0
1.0 9.0
1.0 9.0
1.0 9.0
0.9 6.27
0.28 8.67
4.29 8.72
5.41 7.72
4.17 8.83
4.18 9.66
4.02 9.0
0.28 9.0
4.02 9.0
5.26 6.68
0.28 9.0
5.57 6.86
1.0 9.0
0.91 6.68
1.01 9.0
1.0 9.0
1.0 9.0
4.18 9.66
0.28 9.0
3.92 9.14
1.13 8.76
4.02 9.0
1.0 9.0
2.92 7.78
1.83 5.93
0.28 9.0
5.47 6.78
4.02 9.0
1.0 9.0
0.28 9.0
1.0 9.0
1.0 9.0
0.28 8.83
1.0 9.0
0.28 4.89
0.9 6.27
0.9 6.27
1.0 9.0
0.31 6.72
1.0 9.0
4.87 7.66
4.02 9.0
4.25 8.04
3.32 7.35
1.0 9.0
0.28 7.54
0.28 7.82
3.18 7.28
1.0 9.0
0.28 9.0
4.02 8.99
1.0 9.0
3.18 5.76
0.9 6.27
0.32 6.73
4.02 9.0
1.02 9.0
3.0 7.78
0.28 8.67
0.9 6.27
3.18 6.54
1.0 9.0
0.86 8.43
4.02 9.0
5.13 6.63
4.02 9.0
4.02 9.0
1.0 9.0
0.8 9.67
3.18 7.62
4.18 9.66
1.0 9.0
0.28 8.15
4.02 9.0
1.0 9.0
5.57 6.86
0.28 9.0
0.97 8.94
1.0 9.0
1.22 9.67
1.87 8.85
1.0 9.0
4.02 9.0
1.0 9.0
5.13 6.63
2.92 7.78
1.0 9.0
4.02 9.0
4.97 7.9
0.91 6.68
0.28 9.0
5.36 7.67
0.28 8.29
0.28 7.77
0.9 6.27
1.0 9.0
5.22 6.67
4.77 7.93
4.29 8.72
0.9 6.27
3.92 9.13
1.4 8.85
3.14 8.96
0.28 9.0
0.28 7.82
4.41 8.22
1.0 9.0
1.0 9.0
1.83 5.93
0.83 8.89
1.0 9.0
0.28 9.0
1.0 9.0
0.28 9.0
0.28 9.0
3.18 6.54
1.0 9.0
1.0 9.0
0.28 9.0
4.32 8.69
4.17 8.83
1.0 9.0
0.82 4.98
0.77 5.26
1.0 9.0
0.8 9.67
4.02 9.0
1.82 8.27
0.28 9.0
0.9 6.27
1.0 9.0
1.9 9.67
0.9 6.27
4.02 9.0
2.14 9.4
1.07 8.95
3.13 7.64
4.02 9.0
0.91 6.31
0.9 6.27
0.28 9.0
0.9 6.27
1.0 9.0
1.0 9.0
2.14 9.4
1.0 9.0
1.0 9.0
0.28 9.0
2.92 7.78
1.0 9.03
3.87 9.18
0.33 6.71
1.0 9.0
0.28 8.4
3.5 9.62
1.05 8.92
1.0 9.0
1.82 5.93
0.97 9.47
4.02 9.0
0.9 6.27
4.02 9.0
1.0 9.0
3.12 8.96
1.0 9.0
0.28 9.28
1.0 9.0
0.64 9.51
0.28 9.0
1.07 8.93
0.9 6.26
1.0 9.0
0.28 8.81
2.67 7.64
5.1 7.77
0.91 6.68
1.57 9.67
4.02 9.0
0.31 6.7
1.0 9.0
1.12 8.97
0.28 9.0
1.0 9.0
1.0 9.0
0.91 6.27
5.41 7.72
0.9 6.27
2.32 9.38
0.28 9.0
0.28 9.0
0.9 6.27
2.97 9.67
0.28 7.03
4.25 8.04
1.83 5.93
0.28 9.0
1.0 9.0
0.91 6.68
1.0 9.0
4.02 9.0
0.9 6.27
0.28 9.0
0.28 9.0
1.85 5.93
0.82 4.98
3.88 7.13
1.0 9.0
1.0 9.0
1.0 9.0
0.9 6.27
0.91 6.68
0.82 4.98
1.83 5.93
1.0 9.0
0.28 9.0
0.32 6.7
0.31 6.7
3.4 5.63
1.05 8.95
3.54 5.73
0.31 6.7
0.28 9.0
1.0 9.0
1.87 8.85
3.79 9.12
0.9 6.27
0.28 5.35
0.28 9.0
0.9 6.27
4.02 9.0
1.0 9.0
4.0 6.82
1.0 9.0
0.28 9.0
0.9 6.27
1.0 9.0
0.9 6.27
0.28 7.03
0.78 6.11
3.64 7.94
0.32 8.9
1.52 8.4
4.02 9.0
0.91 6.31
4.14 6.08
0.99 9.0
1.14 9.06
1.83 5.93
0.31 6.7
3.94 9.12
4.93 6.53
5.29 7.67
1.0 9.0
0.9 6.3
0.28 9.0
3.18 6.26
1.0 9.01
4.27 8.77
2.92 7.78
1.81 5.93
0.28 4.47
1.8 5.93
4.02 9.0
1.0 9.0
0.32 9.63
0.91 7.45
3.13 7.71
0.91 6.31
0.28 9.16
0.9 6.27
4.02 9.0
0.28 9.0
0.28 4.8
1.83 5.93
0.9 6.27
3.18 7.29
0.9 6.27
4.02 9.0
3.19 6.99
0.28 9.0
4.02 9.0
4.02 9.0
4.02 9.0
0.28 9.0
0.9 6.27
4.02 9.0
4.48 9.37
0.37 5.39
0.9 6.27
4.02 9.01
4.02 9.0
4.96 6.53
4.02 9.0
1.0 9.0
0.61 9.67
4.07 8.95
1.0 9.0
4.02 9.0
1.83 5.93
3.32 7.35
1.8 5.93
1.0 9.0
0.82 4.98
0.82 4.98
1.83 5.93
0.28 5.17
1.0 9.0
1.0 9.0
1.0 9.0
0.91 6.31
4.19 8.82
1.83 5.93
1.0 9.0
0.77 6.96
4.02 9.0
0.91 6.68
0.28 4.92
0.28 9.0
0.91 6.31
3.18 6.64
4.02 8.99
0.82 4.98
4.02 9.0
0.91 6.31
1.0 9.0
3.03 7.73
4.96 6.53
1.0 9.0
1.83 5.93
4.02 9.0
0.28 4.78
4.02 9.0
1.83 5.93
1.0 9.0
0.28 4.89
4.02 8.98
0.28 9.0
0.28 8.75
4.0 6.82
1.84 9.09
4.02 9.0
0.97 8.97
1.83 5.93
4.02 8.99
0.82 4.98
1.0 9.0
1.83 5.93
1.83 5.93
5.29 6.73
3.64 7.94
4.02 9.0
4.02 9.0
1.87 5.93
0.74 4.93
3.19 6.99
4.02 9.0
3.01 7.78
1.02 8.97
1.01 9.0
1.0 9.0
4.96 6.53
2.14 9.4
0.31 6.72
1.0 9.0
3.87 9.19
0.28 4.89
0.28 5.03
4.02 9.0
1.83 5.93
0.28 9.0
0.28 7.54
1.0 9.0
0.28 8.98
0.28 9.0
0.28 9.0
4.12 8.9
4.02 9.0
4.42 6.21
0.28 9.0
2.67 7.64
1.83 5.93
1.0 9.0
3.99 9.07
4.37 6.18
0.28 9.0
0.91 6.68
3.47 9.63
4.07 8.97
1.0 9.0
1.0 9.0
0.28 9.04
0.28 9.0
1.87 8.84
1.44 9.67
0.8 7.26
1.0 9.0
1.0 9.0
1.0 9.0
1.01 8.13
1.0 9.0
0.82 4.98
0.82 4.98
1.0 9.0
1.0 9.0
1.0 9.0
1.0 9.0
0.91 6.68
1.02 8.99
0.93 9.67
0.28 9.0
0.28 7.54
3.18 6.64
1.0 9.0
3.18 6.64
3.18 7.39
4.02 9.0
0.28 4.89
1.0 9.0
3.64 7.94
1.0 9.0
1.0 9.0
1.0 9.0
3.18 6.64
0.82 4.98
0.91 6.3
0.28 5.17
1.0 9.0
0.28 9.0
2.14 9.4
0.28 9.0
1.0 9.0
1.0 9.0
1.83 5.93
4.02 9.0
0.82 4.98
0.82 4.98
4.42 6.21
0.28 5.35
2.14 9.4
4.02 9.0
0.28 9.0
1.0 9.0
2.14 9.4
1.83 5.93
0.88 8.31
1.83 5.93
0.82 4.98
1.71 5.98
4.02 9.0
1.0 9.0
3.04 9.67
4.02 9.0
3.08 9.67
0.82 4.98
1.0 9.0
0.28 9.0
0.28 4.89
4.02 9.0
1.0 9.0
4.02 8.99
0.28 9.0
0.28 4.53
0.28 4.89
1.0 9.0
0.78 6.11
4.02 9.0
3.32 7.35
0.82 4.98
4.02 9.0
3.18 6.54
0.28 4.89
0.9 6.29
4.02 9.04
1.0 9.0
1.0 9.0
1.83 5.93
0.91 7.54
1.06 8.92
0.91 6.68
0.28 4.78
4.17 8.84
4.02 9.0
0.82 4.98
4.02 9.0
1.83 5.93
0.28 5.49
4.42 6.21
1.0 9.0
4.02 9.0
0.82 4.98
0.28 9.04
1.78 9.67
0.28 9.0
1.99 9.67
1.0 9.0
1.44 9.67
1.0 9.0
3.94 9.12
0.82 4.98
1.0 9.0
0.28 9.0
0.82 4.98
0.28 7.89
0.82 4.98
1.12 8.47
0.82 4.98
5.4 6.78
1.0 9.0
1.0 9.0
2.15 3.49
3.74 9.32
1.06 7.72
4.02 8.99
1.11 8.9
1.0 9.0
3.53 6.48
0.28 9.0
0.28 4.53
0.81 4.98
1.0 9.0
1.1 8.93
1.0 9.0
0.28 9.0
0.91 7.54
1.0 9.0
0.82 4.98
0.82 4.98
0.28 8.96
1.0 9.0
0.37 5.39
0.28 7.01
0.73 4.93
0.91 7.54
0.78 6.11
0.91 6.27
1.0 9.0
4.12 8.89
1.0 9.0
4.0 9.07
4.02 9.0
0.28 9.0
5.23 6.68
0.73 6.47
5.77 2.05
0.28 9.0
0.82 4.98
1.82 8.27
1.0 9.0
0.77 6.96
4.03 8.97
0.28 9.0
4.02 9.0
0.82 4.98
1.0 9.0
0.78 6.11
1.04 8.94
0.73 9.04
1.76 5.98
3.67 9.38
0.77 5.26
0.28 4.91
0.28 4.92
0.28 9.0
1.0 9.0
0.82 4.98
4.57 8.39
1.0 9.0
0.28 4.78
1.0 9.0
4.76 6.38
3.18 5.83
1.0 9.0
0.75 7.47
0.28 9.0
3.14 7.63
0.28 4.34
0.28 4.47
1.0 9.0
1.13 9.01
1.0 9.0
1.0 9.0
3.5 6.83
1.0 9.0
0.66 4.78
0.28 4.48
0.28 6.28
1.0 9.0
4.02 9.0
2.09 6.43
1.0 9.0
1.0 9.0
5.21 6.63
1.83 5.93
4.57 8.39
0.78 6.11
3.84 8.53
0.28 4.78
4.08 6.03
1.0 9.0
0.82 4.98
5.67 6.91
0.28 9.15
0.98 8.99
1.06 8.91
1.0 9.0
3.08 9.67
0.28 5.28
1.0 9.0
0.82 4.98
1.52 8.4
0.28 4.42
1.0 9.0
3.7 7.6
4.22 8.79
0.28 6.59
4.02 9.0
1.0 9.0
3.18 5.76
0.28 9.0
1.0 9.0
5.22 6.65
0.78 6.11
1.22 5.53
0.78 6.11
4.02 8.99
4.25 8.58
4.02 9.0
3.94 6.83
1.0 9.0
1.06 8.86
4.0 6.82
0.28 5.35
1.0 9.0
0.88 8.2
0.28 4.47
4.02 9.0
0.28 4.91
0.28 5.15
0.82 4.98
1.83 5.93
1.88 6.28
1.0 9.0
1.01 9.02
0.28 9.29
1.0 9.0
0.28 9.0
1.0 9.0
4.02 9.0
1.1 5.38
0.95 7.21
1.18 8.86
0.82 4.98
0.28 4.91
0.28 4.92
4.78 6.43
1.83 5.93
0.28 8.54
1.0 9.0
1.0 9.0
3.18 6.54
0.28 9.0
4.02 9.0
4.38 6.34
1.0 9.0
0.32 6.7
0.28 4.75
4.02 9.0
1.0 9.0
1.0 9.0
4.91 6.48
0.28 5.06
0.77 5.26
4.02 9.0
2.09 6.43
1.0 9.0
1.18 9.1
1.0 9.0
0.28 9.0
1.83 5.93
4.02 9.0
0.28 9.0
4.02 9.0
2.62 4.89
1.0 9.0
1.0 9.0
0.28 4.49
1.05 7.59
0.28 9.0
4.02 8.99
1.0 9.0
1.0 9.0
0.28 4.47
4.14 6.08
3.54 5.73
0.78 6.11
1.1 5.38
4.97 7.92
4.02 9.0
4.02 9.0
0.28 5.35
1.29 9.67
0.28 4.49
0.28 4.48
1.0 9.0
5.25 6.68
4.02 9.0
3.92 9.13
1.0 9.0
3.18 6.25
4.82 6.43
0.78 6.11
0.28 5.33
1.0 9.0
0.28 4.68
0.28 9.0
4.32 8.68
0.28 9.0
0.28 4.78
0.97 8.83
1.0 9.0
1.0 9.0
1.79 6.37
1.0 9.0
3.13 7.72
2.67 9.67
1.0 9.0
2.15 3.49
5.34 7.67
0.28 9.0
1.0 9.0
3.18 5.83
4.02 9.0
0.28 2.75
5.28 6.73
1.0 9.0
1.0 9.0
1.0 9.0
4.02 9.0
0.28 5.49
0.28 9.0
0.28 5.41
0.28 4.88
5.36 6.73
0.28 4.47
0.81 4.98
1.0 9.0
0.28 7.69
4.52 8.44
4.67 6.33
1.0 7.54
2.68 7.73
1.05 9.09
4.97 6.53
4.02 8.98
1.0 9.0
1.0 9.0
3.18 5.75
0.74 4.93
0.28 4.65
0.28 4.78
0.28 4.47
3.82 8.75
5.35 6.73
2.7 7.73
0.28 9.0
1.0 9.0
2.2 6.52
1.0 9.0
0.87 8.6
4.02 9.0
1.83 5.93
0.32 6.7
1.0 9.0
0.28 4.53
4.02 9.0
0.28 6.93
1.22 5.53
3.18 6.52
1.79 7.81
0.77 5.26
4.08 6.03
0.28 9.0
4.01 8.52
0.28 4.47
0.98 9.0
3.76 9.11
1.05 8.97
3.77 9.3
0.28 9.0
0.77 5.26
1.0 9.0
2.62 4.89
4.02 9.0
1.0 9.0
1.0 9.0
1.86 5.93
1.0 9.0
1.0 9.0
4.02 9.03
0.28 9.02
0.43 6.71
4.02 9.0
0.77 5.26
0.28 9.0
4.02 9.01
0.28 9.0
0.66 4.78
0.28 9.0
3.57 9.55
0.28 5.03
0.28 4.34
1.0 9.0
0.28 9.0
3.13 7.72
2.68 7.73
2.15 3.49
0.95 7.19
1.96 5.78
0.28 4.49
1.0 9.0
3.18 6.54
3.18 6.06
4.02 8.99
1.0 9.0
0.77 5.26
4.46 7.35
1.0 9.0
1.0 9.0
1.0 9.0
1.0 9.0
4.02 9.0
1.0 9.0
4.42 6.18
4.07 8.96
1.0 9.0
1.0 9.0
1.0 9.0
1.0 9.0
1.0 9.0
4.02 9.0
0.95 7.21
4.79 7.48
0.97 5.21
0.28 7.94
4.02 9.0
2.62 4.89
4.14 6.08
0.28 8.87
4.97 7.9
0.28 9.0
0.98 9.0
4.02 9.0
1.1 5.38
3.18 6.47
1.79 6.37
1.0 9.0
5.37 6.73
0.28 5.03
0.28 4.35
3.3 9.67
4.02 9.0
0.28 4.49
0.28 8.27
1.0 9.0
4.02 9.0
4.02 9.0
0.28 9.0
0.28 8.67
0.28 4.44
0.28 9.0
1.0 9.0
3.72 9.08
4.02 9.05
0.28 4.92
5.36 7.67
4.02 9.0
0.28 4.48
0.28 9.0
4.67 6.33
4.19 6.59
0.28 4.49
1.1 5.38
0.28 4.67
4.36 8.62
0.88 6.32
5.53 6.83
4.14 6.08
3.81 5.88
0.28 9.1
4.03 7.67
0.28 9.0
1.1 5.38
1.0 9.0
1.0 9.0
4.12 8.88
0.28 4.34
3.89 9.17
3.1 7.73
1.51 9.67
0.81 4.98
0.28 4.42
1.84 5.93
0.28 6.68
1.0 9.0
1.05 7.59
4.27 8.74
1.0 7.54
4.08 8.92
1.1 5.38
0.28 4.47
0.28 4.33
2.15 3.49
2.15 3.49
2.15 3.49
4.02 9.0
1.22 5.53
0.28 4.47
0.28 4.47
0.28 6.26
3.98 9.07
4.48 9.28
3.68 8.47
0.28 9.0
1.0 9.0
4.02 9.0
0.96 5.18
0.28 6.57
1.0 9.0
0.28 4.47
0.28 7.01
3.18 6.25
3.05 9.67
1.0 9.0
3.3 9.67
0.73 9.67
3.54 5.73
3.67 5.81
0.28 2.75
3.18 5.76
1.0 9.0
4.02 9.0
2.18 9.67
1.0 9.0
1.0 9.0
5.35 6.73
0.28 6.29
5.35 6.73
0.28 7.15
0.28 4.34
0.28 5.22
0.73 4.93
0.28 9.0
1.0 9.0
0.28 9.0
1.0 9.0
1.03 5.28
3.18 6.06
1.29 8.89
0.81 4.98
5.09 6.58
1.0 9.0
3.81 9.27
4.02 9.0
1.0 9.0
5.78 6.38
4.02 9.0
4.07 8.93
0.28 7.88
0.28 4.53
4.02 9.0
4.79 7.48
4.02 9.0
0.28 4.48
0.28 4.47
1.36 7.83
1.0 9.0
1.0 9.0
1.0 9.0
3.54 5.73
4.19 6.59
2.15 3.49
1.0 9.0
0.77 5.26
1.0 9.0
0.28 9.0
3.04 9.67
1.0 9.0
0.28 4.53
3.37 9.67
4.02 9.0
1.0 9.0
4.46 7.35
3.7 6.62
1.0 9.0
2.23 5.68
0.28 8.98
1.0 9.0
1.0 9.0
0.28 4.93
1.0 9.0
2.32 3.35
4.02 9.0
1.25 9.67
1.38 9.67
0.28 4.53
1.0 9.0
1.0 9.0
3.18 5.75
0.28 4.68
0.99 8.96
1.0 9.0
0.81 4.98
3.13 7.66
0.28 9.0
4.62 8.33
3.18 6.6
3.18 6.24
1.0 9.0
0.99 9.02
4.02 9.0
1.86 5.93
3.29 6.41
2.18 9.67
5.78 6.38
4.02 9.0
4.02 9.0
8.06 9.45
4.02 9.0
0.28 4.42
1.0 9.0
4.02 9.0
3.18 7.18
0.81 4.98
1.0 9.0
1.07 7.9
0.76 4.93
1.0 9.0
1.0 9.0
1.0 9.0
4.02 9.0
1.22 5.53
2.25 6.17
1.0 9.0
1.0 9.0
0.28 6.29
5.37 6.75
3.18 6.24
0.28 6.57
1.0 9.0
1.0 9.0
1.0 9.0
1.03 9.01
2.98 7.97
1.0 9.0
1.0 9.0
1.22 5.53
2.67 9.67
0.66 4.78
0.28 4.34
4.02 9.0
3.87 8.22
0.66 4.78
1.0 9.0
0.28 4.36
1.0 9.0
0.97 5.21
1.0 9.0
4.01 9.07
0.99 9.01
4.02 9.0
3.37 6.63
5.22 6.63
5.92 7.03
1.96 5.78
1.0 9.0
1.0 9.0
1.0 9.0
1.88 4.16
3.11 7.73
0.5 9.67
5.67 8.97
3.77 9.28
0.28 4.68
2.15 3.49
2.15 5.95
3.13 7.66
2.15 3.49
0.28 9.0
0.28 4.93
1.0 9.0
1.0 9.0
1.0 9.0
1.0 9.0
2.65 8.05
1.0 9.0
4.02 9.0
0.28 4.35
4.02 9.0
3.15 7.63
1.97 5.78
3.65 7.06
0.81 4.98
1.1 5.38
1.49 9.01
2.15 3.49
2.2 6.52
0.28 4.33
4.02 8.99
0.28 4.34
1.25 6.87
3.51 9.62
0.28 4.35
0.28 9.0
1.0 9.0
0.28 4.34
1.0 9.0
1.0 9.0
5.92 7.03
1.0 9.0
1.0 9.0
1.92 3.02
3.62 6.93
1.0 9.0
1.0 9.0
3.57 6.99
0.28 7.93
1.0 9.0
0.28 5.24
3.18 5.82
1.0 9.0
0.28 4.93
2.15 3.49
4.02 9.0
3.74 7.59
4.02 9.0
4.02 9.0
0.28 5.22
0.28 4.38
0.66 4.78
0.86 9.67
2.18 9.67
1.0 9.0
4.76 7.24
3.18 6.02
0.28 4.42
0.28 4.85
0.28 7.88
1.0 9.0
7.88 7.64
1.0 9.0
1.0 9.0
3.18 6.26
3.83 9.22
3.18 6.06
0.96 9.01
0.28 4.93
2.08 6.36
3.96 4.5
1.21 8.91
4.22 6.08
1.0 9.0
0.28 4.55
1.0 9.0
1.0 9.0
3.18 5.75
1.0 9.0
1.0 9.0
1.88 4.16
1.22 5.53
5.17 6.63
1.0 9.0
3.92 9.14
0.77 5.26
4.17 8.83
2.19 5.57
1.0 9.0
1.0 9.0
4.02 9.0
5.77 2.05
2.15 3.49
0.28 9.0
4.27 8.74
2.18 9.67
0.28 9.0
1.0 9.0
0.28 4.42
3.18 7.56
0.28 4.66
1.0 9.0
1.73 8.65
1.0 9.0
0.28 5.11
1.0 9.0
0.28 9.16
0.28 4.34
0.28 4.42
0.28 4.72
0.28 4.35
1.0 9.0
1.25 6.85
5.72 6.96
0.28 4.34
0.28 4.42
2.19 5.57
0.76 6.1
0.28 9.0
2.2 6.52
5.32 6.73
3.44 6.8
1.0 9.0
4.02 9.0
3.18 6.17
1.0 9.0
3.82 9.27
2.15 6.18
0.28 4.47
0.28 4.68
3.86 9.22
3.18 6.11
1.0 9.0
1.0 9.0
0.28 5.1
1.0 9.0
3.19 5.53
0.48 4.63
2.15 3.49
1.87 6.42
1.0 9.0
1.0 9.0
3.8 7.65
5.71 8.95
0.28 4.34
4.02 9.0
2.62 4.89
2.15 3.49
4.76 7.24
1.0 9.0
1.25 6.87
2.15 3.49
0.28 4.34
1.0 9.0
1.0 9.0
2.19 5.57
4.02 9.0
1.0 9.0
1.36 7.83
0.28 4.37
2.15 3.49
1.0 9.0
1.79 7.81
3.57 6.99
0.66 4.78
2.27 5.4
5.56 6.83
0.28 5.11
2.15 3.49
1.0 9.0
4.01 8.24
2.15 3.49
2.2 6.52
1.0 9.0
0.28 4.79
0.28 4.78
0.28 4.42
0.28 4.36
1.01 9.04
4.02 9.0
3.48 6.18
0.28 4.34
1.98 5.69
1.0 9.0
4.17 8.83
2.28 6.1
2.15 3.49
2.09 6.43
0.28 4.42
1.0 9.0
0.28 4.87
3.18 7.18
2.15 3.49
4.02 9.0
0.28 4.64
4.12 8.89
0.28 9.0
1.0 9.0
0.38 4.48
1.0 9.0
7.88 7.64
1.19 5.48
0.77 4.93
2.62 4.89
0.72 5.97
3.33 5.63
0.28 4.35
1.88 4.16
1.0 9.0
8.17 7.19
2.15 3.49
2.15 3.49
0.28 9.0
0.99 8.99
0.28 7.75
0.28 9.0
0.66 4.78
1.0 9.0
0.28 4.84
5.47 9.19
1.0 9.0
0.66 4.78
0.28 4.68
0.28 4.68
2.15 3.49
1.11 8.26
2.62 4.89
1.0 9.0
4.02 9.0
4.27 4.08
0.66 4.78
4.02 9.0
1.0 9.0
0.28 9.0
5.78 6.38
1.9 8.91
0.28 9.0
1.0 9.0
1.0 9.0
0.28 9.15
2.15 3.49
0.28 9.0
1.09 8.76
0.95 8.99
2.15 3.49
5.77 2.05
0.28 4.35
1.0 9.0
1.03 5.28
3.94 6.6
2.15 3.49
2.15 3.49
1.0 9.0
5.68 6.34
5.78 6.38
1.0 9.0
1.0 9.0
4.02 9.0
5.44 7.38
0.28 2.75
1.0 9.0
0.28 9.0
1.88 4.16
1.0 9.0
1.12 9.02
2.62 4.89
0.28 9.0
1.0 9.0
2.15 3.49
1.0 9.0
1.0 9.0
1.0 9.0
0.66 4.78
5.71 8.95
3.18 6.2
1.77 9.09
0.48 9.67
0.94 8.99
5.29 6.73
0.66 4.78
1.0 9.0
3.82 9.23
2.15 3.49
4.33 8.62
2.15 3.49
0.28 6.13
1.0 9.0
2.15 3.49
1.92 3.02
4.02 8.99
3.18 5.94
1.07 8.92
1.0 9.0
0.28 4.33
0.99 9.0
0.75 8.69
0.28 2.71
4.02 9.0
3.94 6.6
0.28 5.19
4.02 9.0
4.02 9.0
0.28 4.47
2.62 4.89
3.04 8.93
2.15 3.49
2.15 3.49
3.33 5.63
2.15 3.49
3.33 5.63
5.12 7.73
1.0 9.0
2.15 3.49
2.15 3.49
2.15 6.0
1.0 9.0
1.01 9.0
4.02 9.0
1.0 9.0
0.28 4.47
2.15 3.49
2.15 3.49
3.83 8.05
3.33 5.63
0.28 7.15
2.15 3.49
2.15 3.49
1.0 9.0
2.15 3.49
4.06 8.97
3.19 5.53
1.46 6.77
9.35 6.12
3.66 9.32
2.15 3.49
1.0 9.0
2.15 3.49
2.15 3.49
2.15 3.49
1.98 5.77
1.0 9.0
2.15 3.49
1.0 9.0
1.0 9.0
1.0 9.0
0.99 9.0
5.14 6.63
2.15 3.49
2.15 3.49
4.07 8.97
2.15 3.49
4.32 9.52
0.28 4.35
4.16 8.28
1.92 3.02
2.18 6.16
2.15 6.18
4.44 6.79
5.14 7.25
4.02 9.0
2.15 3.49
1.0 9.0
3.33 5.63
0.28 9.38
1.0 9.0
1.0 9.0
0.28 8.92
0.28 4.38
1.0 9.0
4.02 9.06
1.0 9.0
2.15 3.49
1.0 9.0
1.0 9.0
0.28 2.75
2.18 5.63
4.02 9.0
2.15 3.49
1.0 9.0
1.83 5.93
7.88 7.64
2.15 3.49
2.15 3.49
2.15 3.49
5.18 6.97
2.15 3.49
5.16 7.07
3.7 6.23
2.15 3.49
2.15 3.49
5.46 7.36
2.2 5.82
2.15 3.49
5.08 6.93
4.12 8.9
1.0 9.0
2.15 3.49
0.97 2.85
2.15 3.49
1.0 9.0
2.15 3.49
2.15 3.49
2.15 3.49
1.0 9.0
2.15 3.49
2.22 6.18
2.15 3.49
5.77 2.05
5.38 6.78
4.28 4.93
0.75 9.12
2.25 6.1
2.15 3.49
2.15 3.49
2.15 3.49
2.28 6.09
5.31 7.67
2.15 3.49
1.0 9.0
2.26 6.09
1.83 5.93
2.15 3.49
0.28 9.01
0.28 6.5
2.15 3.49
2.15 3.49
1.83 5.93
2.15 3.49
2.25 6.1
2.15 3.49
2.15 3.49
2.15 3.49
1.92 3.02
2.25 6.1
1.88 4.16
2.15 3.49
2.15 3.49
3.78 6.31
1.0 9.0
1.83 5.93
3.53 7.75
2.15 3.49
2.15 3.49
3.94 6.6
1.88 4.16
1.0 9.0
2.15 3.49
5.09 6.95
4.4 6.77
0.28 2.71
2.15 3.49
1.88 4.16
2.15 3.49
2.15 3.49
1.44 7.49
0.28 4.51
2.15 3.49
2.21 6.15
2.15 3.49
2.31 3.35
2.15 3.49
2.25 6.1
1.39 8.94
1.0 9.0
0.28 4.77
2.15 3.49
2.31 3.35
2.15 3.49
3.76 6.66
0.5 9.67
0.37 5.08
1.0 9.0
4.02 9.0
1.0 9.0
1.0 9.0
2.23 5.67
0.28 2.75
2.15 3.49
4.02 9.07
2.15 3.49
2.15 3.49
1.89 4.07
1.0 9.0
1.89 4.04
2.15 3.49
8.17 7.19
0.99 9.0
1.93 3.66
4.02 9.0
1.92 3.02
4.27 4.08
2.15 3.49
1.93 6.1
2.15 3.49
0.28 2.71
2.15 3.49
2.78 8.18
2.15 3.49
0.28 2.75
0.28 2.71
2.15 3.49
2.25 6.11
5.77 2.05
1.97 5.78
2.15 3.49
2.15 3.49
1.92 3.02
2.15 3.49
7.88 7.64
0.45 9.17
1.92 3.02
0.67 4.81
1.0 9.0
1.88 4.16
2.15 3.49
5.44 6.78
4.02 9.0
1.0 9.0
0.28 2.71
0.28 2.71
1.0 9.0
0.28 2.75
4.02 9.0
3.18 5.95
0.28 5.11
7.88 7.64
2.15 3.49
2.2 5.63
2.18 5.78
3.18 5.78
1.0 9.0
1.92 3.02
2.15 3.49
1.0 9.0
2.25 6.08
2.15 3.49
1.88 4.16
2.15 3.49
2.15 3.49
0.28 7.37
2.15 3.49
2.15 3.49
1.0 9.0
2.15 3.49
1.0 9.0
7.88 7.64
2.74 8.41
0.28 9.51
4.02 8.98
1.92 3.02
2.15 3.49
4.34 7.11
2.15 3.49
1.0 9.0
2.15 3.49
3.37 6.48
2.15 3.49
4.56 6.78
1.88 4.16
2.15 3.49
1.0 9.0
1.0 9.0
0.37 5.08
4.22 8.82
3.18 5.87
1.88 4.16
2.31 3.35
3.18 6.35
2.15 3.49
2.15 3.49
1.92 3.02
0.66 4.78
0.68 8.18
0.28 4.51
0.28 4.93
3.18 5.53
0.28 2.75
4.02 9.0
4.37 8.2
0.5 9.67
1.92 4.64
3.03 1.68
1.0 9.0
0.28 4.34
4.61 7.41
2.15 3.49
5.44 6.78
1.0 9.0
2.15 3.49
0.98 9.0
2.11 6.33
5.44 6.78
1.0 9.0
1.0 9.0
1.0 9.0
1.0 9.0
2.15 3.49
0.28 2.75
0.28 8.98
2.07 3.37
2.25 6.11
0.28 7.37
2.79 0.87
1.92 3.02
1.95 9.67
1.01 9.0
0.28 7.37
8.17 7.19
3.92 7.21
4.27 4.08
4.24 6.62
0.28 2.71
1.44 7.49
0.28 4.51
1.0 9.0
0.28 2.71
0.28 4.51
6.37 7.3
1.0 9.0
0.86 3.13
4.17 8.84
4.88 7.65
0.28 9.0
4.26 4.9
0.28 4.51
7.88 7.64
3.18 5.77
0.28 4.84
1.08 9.12
0.28 7.94
0.28 9.0
0.28 9.0
0.28 5.17
1.89 6.42
1.0 9.0
2.78 8.18
5.57 7.87
2.26 6.09
8.17 7.19
3.2 5.53
3.62 9.47
1.0 9.0
0.28 5.0
0.28 4.52
1.92 3.02
3.18 5.53
1.92 3.02
1.0 9.0
1.33 6.66
2.78 8.18
5.77 2.05
1.92 3.02
5.25 6.68
0.28 4.51
3.92 7.21
2.43 9.31
1.92 3.02
1.92 3.52
4.66 6.81
0.28 8.29
1.03 8.94
3.66 7.75
0.28 4.98
1.95 9.67
1.0 9.0
0.28 4.5
0.28 4.51
1.0 9.0
1.51 9.67
9.06 1.65
3.76 6.66
0.66 4.78
2.15 5.92
4.3 4.93
0.28 2.71
0.28 4.7
3.92 7.21
2.0 1.67
0.46 4.53
0.28 2.71
0.28 2.71
0.6 9.67
1.92 3.02
5.29 6.73
7.15 6.48
2.24 5.68
5.27 6.72
0.28 4.33
1.0 9.0
2.03 3.37
1.88 5.88
1.0 9.0
8.06 9.45
4.28 4.93
1.92 6.22
0.28 4.5
4.28 4.93
3.42 5.67
0.28 9.0
7.78 7.9
0.28 2.71
1.47 9.67
1.92 3.02
0.67 4.81
2.78 8.18
1.0 9.0
3.91 7.95
1.0 9.0
0.28 4.75
1.0 9.0
7.93 2.15
0.28 2.54
1.92 3.02
0.92 3.88
4.32 4.95
3.18 5.59
0.28 4.51
3.7 7.61
2.18 5.56
3.18 7.49
0.28 2.71
0.28 7.7
1.9 4.33
3.18 6.0
0.28 4.68
3.18 7.59
1.92 3.02
2.62 5.54
3.18 6.85
3.18 5.53
1.0 9.0
1.0 9.0
0.28 2.58
1.0 9.0
0.28 4.37
5.77 2.05
0.28 4.51
9.03 2.35
1.0 9.0
0.28 9.0
2.31 3.35
0.4 4.48
2.13 3.36
2.24 6.1
3.2 5.53
6.78 5.31
3.96 4.5
1.16 3.94
0.72 4.83
1.92 3.02
5.77 2.05
1.44 7.49
0.66 4.78
3.96 4.5
1.89 6.61
3.18 6.28
3.03 1.68
0.4 4.48
5.38 6.78
1.0 9.0
2.1 3.36
4.27 4.08
3.18 5.96
0.28 9.0
3.25 7.54
1.92 3.02
5.37 6.77
1.0 9.0
1.92 3.02
1.0 9.0
1.0 9.0
3.41 9.67
5.77 2.05
3.79 9.27
1.92 3.02
4.07 6.76
1.92 3.02
3.52 5.72
1.92 3.02
2.27 5.98
1.0 9.0
4.47 7.74
0.28 4.66
7.68 3.51
3.71 5.83
1.92 3.02
1.71 9.67
1.0 9.0
5.77 2.05
0.66 4.78
1.92 3.02
3.03 7.73
1.0 9.0
0.4 4.48
1.02 9.67
5.58 7.61
1.0 9.0
4.6 6.33
1.92 3.02
0.95 9.67
1.0 9.0
1.92 3.02
2.06 3.37
4.02 9.0
3.96 4.5
2.24 8.98
1.0 9.0
0.28 2.7
5.77 2.05
0.28 9.3
8.69 1.52
2.31 3.35
5.02 6.58
8.67 2.17
1.0 9.0
1.93 3.66
0.97 7.94
9.67 9.04
1.94 9.67
1.16 7.88
1.33 6.66
1.0 9.0
0.28 2.61
1.92 3.02
3.72 6.77
0.89 6.28
2.3 3.35
5.77 2.05
3.57 9.56
2.26 3.39
2.09 3.36
1.92 3.02
1.92 3.02
0.28 9.0
1.92 3.02
1.0 9.0
2.24 6.11
5.51 7.37
5.42 7.36
1.0 9.0
1.92 3.02
3.24 7.58
3.42 7.97
1.0 9.0
1.0 9.0
1.92 3.02
6.37 7.3
5.15 6.63
2.17 5.74
4.07 6.76
0.28 9.48
1.37 8.97
1.92 3.02
0.28 5.2
1.89 4.24
1.0 9.0
0.28 7.7
1.93 5.62
0.28 8.97
5.2 7.29
1.92 3.02
1.0 9.0
1.92 3.02
3.05 8.28
0.28 2.58
9.51 3.93
1.92 3.02
1.92 3.02
0.28 4.74
0.28 6.58
1.92 3.02
2.15 5.68
1.0 9.0
1.9 5.88
9.06 1.65
1.0 9.0
0.94 8.95
3.21 9.67
3.03 7.73
1.92 3.02
1.0 9.0
0.28 2.7
1.95 6.09
1.0 9.0
1.0 9.0
2.25 6.09
9.67 3.39
1.0 9.0
2.07 3.37
2.01 6.0
1.09 9.67
1.25 8.63
9.67 9.04
1.0 9.0
1.89 4.04
1.0 9.0
8.47 2.18
1.0 9.0
9.06 1.65
1.92 3.02
1.92 3.02
2.26 6.09
1.22 7.58
9.35 6.12
0.4 4.48
3.18 7.08
6.62 7.45
0.95 8.83
2.2 6.12
1.0 9.0
1.13 3.66
4.33 9.52
1.07 6.22
1.67 4.19
3.18 6.34
0.97 2.85
0.28 4.93
1.89 4.04
2.06 3.41
5.13 6.63
4.88 7.65
2.0 1.67
4.02 8.99
1.92 3.02
3.91 7.28
1.92 3.02
1.92 3.02
7.46 6.84
1.0 9.0
5.16 7.72
0.71 3.01
9.35 6.12
4.18 4.89
1.92 3.02
4.38 7.92
2.43 8.15
3.13 7.72
1.92 3.02
1.92 3.02
3.49 9.14
1.92 3.02
1.92 3.02
1.92 3.02
1.0 9.0
6.62 7.45
1.0 9.0
1.0 9.0
1.0 9.0
1.92 3.02
1.0 9.0
2.16 7.85
1.0 9.0
1.92 3.02
1.92 3.02
5.41 7.36
1.92 3.02
4.26 4.92
1.0 9.0
5.37 6.77
3.21 9.67
4.02 9.0
2.19 6.06
1.92 3.02
1.0 9.0
1.0 9.0
3.36 6.3
6.37 7.29
2.24 6.1
4.94 7.35
6.79 1.11
3.18 5.97
1.58 9.67
4.2 4.91
5.49 7.45
1.03 9.53
1.92 3.02
2.23 6.18
1.92 3.02
0.28 4.66
1.92 3.02
9.6 2.92
5.55 6.83
1.0 9.0
2.23 5.68
1.92 3.02
2.2 6.16
1.92 3.02
0.28 9.0
0.28 9.0
5.33 6.73
1.07 6.22
1.92 3.02
4.57 6.31
3.75 7.92
1.92 3.02
1.0 9.0
9.34 6.03
1.92 3.02
7.78 7.84
1.92 3.02
4.02 9.0
3.18 5.8
1.0 9.0
1.0 9.0
2.06 6.4
1.92 3.02
4.17 8.84
4.27 4.08
4.58 8.37
2.78 7.78
1.92 3.02
1.92 3.02
3.03 1.68
3.2 6.08
1.92 3.02
1.0 9.0
2.91 1.69
2.18 5.63
1.92 3.02
1.92 3.02
5.44 7.72
1.92 3.02
1.92 3.02
1.0 9.0
9.67 9.04
1.92 3.02
1.92 3.02
7.68 3.51
1.92 3.02
1.0 9.0
1.92 3.02
1.09 9.67
1.92 3.02
4.24 6.73
1.92 3.02
1.92 3.02
1.13 8.68
1.92 3.02
1.92 3.02
1.0 9.0
5.85 5.8
8.62 2.23
1.92 3.02
4.29 4.88
4.27 4.08
1.92 3.02
1.0 9.0
5.13 7.25
1.92 3.02
1.92 3.02
0.88 9.43
1.92 3.02
2.18 6.14
1.92 3.02
1.92 3.02
4.27 4.08
1.0 9.0
2.14 5.19
1.92 3.02
1.0 9.0
0.33 8.92
6.78 5.31
1.92 3.02
1.92 3.02
2.19 5.63
1.92 3.02
1.92 3.02
1.92 3.02
5.41 7.56
4.88 7.65
4.44 2.42
1.92 3.02
1.48 4.83
4.31 4.93
1.92 3.02
1.92 3.02
1.92 3.02
1.0 9.0
1.92 3.02
1.92 3.02
1.88 6.1
1.92 3.02
1.92 3.02
1.0 9.0
1.92 3.02
1.92 3.02
1.92 3.02
1.92 3.02
1.92 3.02
1.92 3.02
3.18 5.81
4.29 4.88
0.28 4.67
6.79 1.11
3.16 8.74
1.92 3.02
1.92 3.02
1.92 3.02
5.15 2.03
1.92 3.02
1.0 9.0
2.0 1.67
1.92 3.02
3.77 6.89
2.24 0.85
1.0 9.0
2.21 6.12
9.51 3.93
1.92 3.02
1.92 3.02
1.92 3.02
2.25 6.08
1.92 3.02
3.02 8.32
7.93 2.15
1.92 3.02
1.92 3.02
2.91 1.69
1.92 3.02
1.92 3.02
1.92 3.02
0.28 4.64
1.92 3.02
4.75 7.7
1.92 3.02
2.91 1.69
2.17 5.61
1.92 3.02
1.92 3.02
1.92 3.02
5.71 7.27
2.2 6.12
1.03 8.72
5.46 6.78
1.92 3.02
2.91 1.69
1.92 3.02
1.0 9.0
1.92 3.02
1.92 3.02
1.92 3.02
2.26 6.11
2.0 1.67
1.0 9.0
1.92 3.02
7.68 3.51
2.2 5.58
1.92 3.02
4.71 6.83
1.92 3.02
1.92 3.02
4.3 4.93
1.92 3.02
2.25 6.09
1.92 3.02
1.92 3.02
1.92 3.02
1.92 3.02
1.92 3.02
1.92 3.02
1.92 3.02
1.92 3.02
1.92 3.02
1.92 3.02
2.29 1.67
1.24 9.27
1.92 3.02
2.21 6.13
1.92 3.02
1.92 3.02
1.92 3.02
1.92 3.02
1.92 3.02
0.99 9.0
1.92 3.02
1.92 3.02
1.92 3.02
3.58 7.24
1.92 3.02
2.0 1.67
7.68 3.51
2.19 5.63
1.92 3.02
1.92 3.02
3.03 1.68
1.0 9.0
0.96 9.03
1.92 3.02
3.03 1.68
6.88 8.85
2.24 6.01
2.2 5.64
1.0 9.0
7.93 2.15
1.92 3.02
1.92 3.02
1.92 3.02
9.51 3.93
1.92 3.02
1.0 9.0
4.27 4.93
3.18 5.79
0.28 9.01
2.09 9.13
5.85 5.8
1.0 9.0
4.77 7.6
8.9 2.91
0.77 8.7
5.26 7.67
3.03 1.68
2.22 5.69
1.92 3.02
0.4 4.97
2.2 5.58
1.92 3.02
1.92 3.02
1.1 8.77
1.92 3.02
1.92 3.02
1.92 3.02
1.92 3.02
1.92 3.02
2.29 1.67
2.94 9.67
1.0 9.0
1.92 3.02
1.92 3.02
1.92 3.02
1.92 3.02
4.49 7.76
2.15 5.92
5.13 6.95
1.92 3.02
1.92 3.02
7.17 0.97
0.84 8.49
1.92 3.02
1.92 3.02
3.3 6.07
5.37 6.77
0.57 9.67
3.2 7.73
1.92 3.02
4.02 9.0
1.94 6.09
1.92 3.02
2.91 1.69
0.99 9.0
1.92 3.02
2.25 6.1
5.85 5.8
1.92 3.02
1.92 3.02
4.14 6.08
3.1 1.67
4.97 7.37
1.0 9.0
1.2 3.98
1.0 9.0
1.92 3.02
1.0 9.0
1.92 3.02
1.92 3.02
1.92 3.02
1.92 3.02
4.31 4.93
3.04 7.73
2.23 6.04
0.54 4.68
4.31 4.93
1.92 3.02
0.95 8.48
3.42 1.59
4.17 8.84
1.96 5.78
2.2 5.64
1.0 9.0
2.52 1.7
3.7 7.83
0.99 9.0
0.45 4.53
1.0 9.0
1.0 9.0
1.0 9.0
0.99 1.63
4.29 4.93
7.68 3.51
4.49 7.54
5.44 7.4
1.92 3.02
2.17 6.17
7.68 3.51
1.09 8.83
2.91 1.69
1.0 9.0
2.49 9.14
4.91 7.72
0.64 1.6
1.0 9.0
4.31 4.93
1.0 9.0
1.92 3.02
4.31 4.93
3.03 7.78
2.91 1.69
2.16 5.69
3.57 7.19
2.2 5.69
3.03 1.68
1.0 9.0
0.28 4.65
1.16 3.94
1.0 9.0
2.91 1.69
4.1 8.92
2.22 6.09
1.18 1.63
4.44 2.42
7.18 0.75
1.0 9.0
9.67 8.89
1.0 9.0
7.68 3.51
3.03 1.68
1.92 3.02
3.18 5.81
1.26 9.66
0.67 9.67
7.68 3.51
5.53 7.34
1.92 3.02
3.28 5.58
2.15 5.68
7.68 3.51
1.92 3.02
1.92 3.02
1.0 9.0
3.59 6.06
3.57 9.57
5.37 6.77
2.21 6.15
2.2 5.58
4.28 4.88
9.67 9.1
2.87 7.78
0.28 9.47
5.14 2.03
1.0 9.0
2.19 5.63
4.3 6.63
3.29 9.67
4.27 8.74
3.92 9.15
2.91 1.69
9.53 9.44
1.67 9.1
2.19 5.63
1.92 3.02
0.52 9.67
5.37 6.77
1.92 3.02
1.8 9.17
2.89 7.98
2.84 9.07
7.93 2.15
1.16 3.94
1.0 9.0
3.18 7.61
3.18 6.37
0.28 4.54
2.91 1.69
4.22 8.79
0.97 2.85
0.98 8.98
2.18 5.67
5.42 6.78
0.97 2.85
5.13 7.25
4.02 8.98
1.01 9.0
1.01 1.94
1.75 9.15
4.23 4.83
4.27 4.93
4.49 7.54
2.89 1.67
7.78 7.91
0.92 6.94
4.39 2.44
2.16 5.69
1.0 9.0
4.32 4.89
4.02 8.98
5.28 6.73
3.03 1.68
0.28 4.85
1.0 9.0
9.67 9.2
1.96 1.63
2.18 5.68
0.81 3.44
5.43 7.48
4.14 6.08
1.34 1.64
5.49 7.46
0.28 2.54
3.18 6.15
5.85 5.8
0.61 0.91
2.19 5.7
7.93 2.15
6.56 4.75
2.0 1.67
5.22 6.63
2.91 1.69
2.29 1.67
3.9 3.23
2.91 1.69
0.28 5.14
1.16 3.94
2.0 1.67
0.97 2.85
8.82 7.19
4.11 7.93
1.73 1.66
5.52 7.38
2.19 5.64
3.03 1.68
9.67 1.23
3.18 5.8
2.8 9.67
2.75 1.7
3.21 5.82
9.51 3.93
0.28 5.22
3.03 1.68
4.57 8.4
3.18 5.79
2.15 5.69
9.53 9.44
4.02 9.0
0.97 2.85
0.65 9.23
9.67 9.08
5.18 7.72
1.77 7.54
0.28 4.9
4.33 7.97
3.83 9.22
5.14 2.03
3.28 5.67
3.13 7.64
2.27 1.69
4.02 8.99
4.02 9.0
0.68 9.67
0.49 4.63
4.63 5.67
3.26 5.58
5.4 7.5
1.48 4.83
3.11 1.65
4.13 3.94
3.19 9.67
4.6 8.37
1.0 9.0
2.0 1.67
5.85 5.8
0.97 2.85
9.51 3.93
3.23 5.85
3.77 9.3
4.02 9.0
0.76 4.93
0.97 2.85
3.59 5.78
0.48 3.62
2.0 1.67
4.47 9.67
5.16 6.63
2.91 1.69
5.14 2.03
2.27 1.67
4.12 0.61
9.51 3.93
2.91 1.69
2.0 1.67
1.89 6.63
6.56 4.75
5.52 7.63
7.67 3.32
4.67 8.22
3.76 7.76
0.97 2.85
0.97 2.85
2.0 1.67
1.01 1.94
1.28 1.94
9.25 9.35
2.54 1.71
1.0 9.0
0.28 4.71
1.95 5.78
1.0 9.0
8.82 7.19
1.0 9.0
2.29 1.67
2.99 9.67
3.18 6.2
6.54 1.63
1.0 9.0
4.44 2.42
5.56 6.83
2.96 1.7
5.37 6.74
1.15 1.64
3.18 6.07
7.78 7.91
9.67 4.03
3.31 7.73
3.03 1.68
2.94 1.69
2.16 5.7
9.51 3.89
2.18 5.58
4.12 8.89
5.4 7.5
5.15 2.03
2.91 1.69
5.85 5.8
5.47 6.8
2.19 5.7
0.61 0.76
4.02 8.99
0.99 9.01
2.91 1.69
2.0 1.67
0.28 4.4
9.55 0.28
0.28 4.68
5.14 2.03
4.3 8.72
2.83 7.78
1.0 9.0
5.85 5.8
5.4 7.5
4.0 6.68
2.25 5.37
4.02 9.0
1.0 9.0
1.0 9.0
0.61 0.76
3.42 1.59
0.28 4.39
4.32 8.64
0.28 4.8
1.0 9.0
9.67 2.26
3.01 1.66
7.67 3.32
4.39 2.44
2.83 7.78
4.02 9.0
8.82 7.19
0.61 0.76
2.0 1.67
7.17 0.97
0.62 1.58
1.0 9.0
2.16 5.69
3.03 7.77
3.42 1.59
3.03 1.68
8.74 9.67
2.83 7.78
7.18 0.75
1.03 8.78
2.01 6.13
3.51 6.17
1.96 1.63
4.02 8.99
2.79 0.87
0.3 4.77
3.34 6.79
8.8 3.23
9.29 9.34
2.0 1.67
6.82 6.89
1.0 9.0
2.72 7.73
5.36 7.67
0.39 4.9
2.0 1.67
5.47 6.78
3.05 1.67
3.42 1.59
5.5 7.39
2.0 1.67
6.8 1.1
4.28 4.89
2.16 5.69
1.69 4.68
0.28 4.69
2.0 1.67
5.14 2.03
1.02 9.0
5.11 2.1
0.49 3.14
1.49 0.64
2.0 1.67
6.56 4.75
9.5 3.26
2.29 1.67
4.22 8.79
7.97 7.81
4.49 7.86
1.0 9.0
6.62 7.44
2.15 5.69
0.49 9.67
0.28 9.0
4.02 8.99
4.12 8.89
0.47 4.53
4.62 8.28
1.29 3.52
1.0 9.0
7.78 7.91
3.35 7.73
2.27 1.68
3.9 3.92
3.18 5.77
2.85 1.68
5.15 2.03
0.63 1.59
2.54 1.71
1.0 9.0
0.53 2.62
3.67 9.38
0.63 1.59
0.78 1.89
0.6 1.05
6.56 4.75
0.59 9.67
5.46 7.53
2.0 1.67
3.67 9.39
1.0 9.0
1.18 1.64
9.33 9.34
0.64 1.6
0.61 0.76
8.13 9.67
1.0 9.0
1.11 1.64
3.72 9.34
0.48 4.63
4.02 8.98
1.71 1.66
1.0 9.0
2.07 6.22
3.18 4.73
2.0 1.67
2.0 1.67
1.53 7.87
0.28 4.88
1.0 9.0
0.28 4.36
2.2 5.69
0.61 0.65
2.79 0.87
2.54 1.71
7.73 9.36
2.14 0.86
1.0 9.0
0.93 1.89
1.0 9.0
2.0 1.67
2.13 1.69
8.82 7.19
8.43 9.67
1.35 0.63
2.29 1.67
3.23 1.64
0.28 5.03
1.01 8.83
2.0 1.67
2.69 1.71
1.66 8.15
5.15 2.03
3.21 1.64
2.0 1.67
0.63 1.6
1.03 8.96
1.34 1.92
4.02 9.0
4.39 2.44
1.68 0.62
6.02 7.12
2.54 0.59
3.18 7.36
2.0 1.67
3.18 5.97
1.9 0.69
6.81 6.36
3.56 1.55
9.34 8.78
0.28 2.54
7.67 3.32
5.31 6.73
5.37 6.75
0.28 4.67
1.45 1.63
2.54 1.71
0.28 9.0
2.29 1.67
2.0 1.67
3.1 1.67
1.38 7.05
2.0 1.67
2.0 1.67
4.82 8.07
1.15 1.64
7.63 7.04
2.0 1.67
3.24 5.87
8.05 0.77
5.35 0.6
2.83 1.63
1.9 0.69
5.33 7.5
8.26 2.01
1.97 1.64
4.02 9.0
3.66 1.52
2.85 0.87
5.41 7.38
2.0 1.67
3.25 1.64
1.49 0.64
3.18 5.57
2.18 5.67
1.0 9.0
4.32 8.68
2.96 1.68
4.39 2.44
3.18 4.73
1.56 1.71
2.0 1.67
0.61 0.75
8.01 1.16
3.74 4.34
2.37 0.91
5.5 7.37
2.15 0.88
4.39 2.44
3.56 1.55
4.39 2.44
2.19 5.69
3.35 5.63
2.0 1.67
3.37 6.94
9.2 9.35
2.0 1.67
5.26 7.5
0.89 6.35
4.85 7.61
7.67 3.32
4.02 9.0
0.28 4.41
8.82 7.19
1.0 9.0
2.0 1.67
2.45 6.17
2.27 0.62
1.69 4.68
2.0 1.67
2.0 1.67
1.0 9.0
9.07 0.67
1.0 9.0
4.82 7.66
8.82 7.19
2.01 1.63
5.33 6.73
5.51 7.36
0.58 0.69
1.71 1.66
3.27 1.62
2.0 1.67
2.0 1.67
4.92 6.52
4.69 9.67
5.4 7.5
2.92 1.64
2.54 0.59
2.0 1.67
9.4 2.95
4.79 8.12
2.0 1.67
1.96 1.63
3.17 1.65
8.28 6.07
2.0 1.67
1.6 7.42
4.19 4.89
2.0 1.67
0.28 4.66
5.43 7.51
5.47 7.33
5.49 7.33
0.64 1.61
3.18 4.73
2.65 1.69
2.18 5.67
2.16 5.68
2.15 5.71
2.71 1.72
4.07 8.95
1.99 1.65
2.16 5.68
3.08 1.68
0.79 5.64
8.01 1.16
