1.0 9.0
0.91 9.67
1.0 9.0
0.68 9.67
1.0 9.0
1.0 9.0
4.02 9.0
4.02 9.06
4.02 9.0
1.94 9.67
0.88 9.67
1.0 9.0
1.0 9.0
1.0 8.88
1.0 9.0
1.0 9.0
4.02 8.99
0.28 9.63
4.02 9.0
0.28 9.0
1.45 9.67
1.0 9.0
4.32 8.7
1.0 9.0
1.0 9.0
0.28 9.0
1.0 9.0
1.0 9.0
1.0 9.0
1.0 9.0
0.28 9.0
0.28 9.0
1.0 9.0
3.18 6.02
4.02 9.01
4.02 9.0
1.0 9.0
1.0 9.0
0.28 9.0
0.28 9.0
3.53 9.57
0.28 9.0
0.28 9.0
0.99 9.0
1.0 9.0
0.28 9.0
3.97 9.12
1.0 9.0
0.28 9.0
4.22 8.79
4.12 8.9
1.0 9.0
1.0 9.0
1.0 9.0
0.28 9.0
1.0 9.0
1.0 9.0
0.28 9.0
0.28 9.0
3.97 9.1
1.0 9.0
0.28 9.0
1.0 9.0
1.0 9.0
1.0 9.0
3.97 9.08
0.28 9.0
0.28 9.03
0.28 9.0
0.28 9.0
0.28 9.0
0.28 8.83
1.0 9.0
2.55 9.67
0.28 9.03
0.61 9.67
0.28 9.0
1.0 9.0
1.0 9.0
0.28 9.0
1.0 9.0
1.0 9.0
4.02 9.0
1.06 8.87
0.28 9.0
4.02 9.0
4.02 9.0
1.0 9.0
4.02 8.98
4.02 9.0
0.28 9.0
1.0 9.0
4.02 9.0
2.34 8.75
0.28 9.0
0.28 9.0
0.28 9.0
3.78 9.27
0.28 9.0
1.0 9.0
0.28 9.0
1.0 9.0
4.02 9.0
0.28 9.0
1.0 9.0
1.0 9.0
4.02 9.0
1.0 9.0
4.02 9.0
4.02 9.0
0.28 9.63
1.0 9.0
0.28 9.0
0.28 9.0
4.02 9.0
0.28 9.0
1.0 9.0
4.02 9.01
1.0 9.0
1.0 9.0
4.02 9.0
0.28 9.0
4.02 9.06
1.0 9.0
1.94 9.67
0.28 9.04
0.28 9.0
0.28 9.0
1.0 9.0
1.0 8.99
1.0 9.0
2.55 9.67
0.28 9.0
1.0 9.0
0.28 9.0
4.02 9.06
1.0 9.0
0.28 9.0
4.02 9.0
1.0 9.0
1.94 9.67
0.28 9.0
4.02 9.0
0.46 9.67
0.28 9.0
1.0 8.87
0.28 9.0
0.28 9.0
1.0 9.0
1.0 9.0
4.02 9.0
0.28 9.0
3.96 9.12
1.0 9.0
0.28 9.0
1.0 9.0
3.97 9.08
0.28 9.0
4.02 9.0
1.0 9.0
1.0 9.0
1.0 9.0
1.0 9.0
0.28 9.0
1.0 9.0
1.0 9.0
0.91 9.67
2.55 9.67
0.28 9.0
4.02 8.99
1.0 9.0
1.0 9.0
0.28 9.0
0.28 9.0
3.34 5.63
4.02 9.0
0.28 9.0
4.32 8.63
0.28 9.0
1.0 9.0
4.02 9.0
0.28 9.0
1.0 9.0
0.98 8.92
1.0 9.0
4.02 9.02
0.28 9.0
0.28 9.0
4.02 9.03
4.02 9.0
4.02 8.99
0.28 9.63
4.2 8.52
1.0 9.0
0.28 8.68
1.0 9.0
4.02 9.0
0.28 9.0
0.28 9.0
0.28 9.03
4.02 9.0
1.0 9.0
1.0 9.0
1.0 9.0
0.28 9.0
1.0 9.0
3.87 8.91
0.28 9.0
1.0 9.0
1.0 9.0
3.53 9.57
4.02 9.0
4.02 8.99
0.28 9.0
1.0 9.0
1.0 9.0
4.02 9.0
0.28 9.0
4.02 9.0
1.0 9.0
2.55 9.67
1.0 9.0
1.0 9.0
1.04 8.97
5.12 6.59
1.0 9.0
2.1 8.92
0.28 9.0
1.0 9.0
0.28 9.0
0.28 9.0
0.28 9.0
0.28 9.0
0.28 9.0
0.28 8.96
1.0 9.0
0.28 9.0
4.02 9.01
0.28 9.0
1.0 9.0
0.28 9.0
1.94 9.67
1.0 9.0
0.34 9.67
0.28 9.0
0.28 9.0
1.0 9.0
1.0 9.0
0.28 8.93
1.0 9.0
1.0 9.0
1.0 9.0
1.0 9.0
1.0 9.0
4.02 9.0
1.18 8.88
1.0 9.0
0.28 9.0
1.0 9.0
1.0 9.0
1.0 9.0
2.62 5.8
0.28 9.0
0.28 9.0
1.0 9.0
0.98 8.9
0.28 9.0
0.28 9.0
1.0 9.0
1.2 8.87
1.31 9.27
0.28 9.0
0.28 9.0
1.93 9.67
1.0 9.0
0.28 9.0
0.28 9.0
0.28 9.0
4.02 9.0
1.0 9.0
4.02 9.0
1.0 9.0
0.28 9.0
4.07 8.94
1.0 9.0
1.0 9.0
1.0 9.0
1.0 9.0
1.0 9.0
1.0 9.0
0.28 9.08
1.0 9.0
1.0 9.0
0.28 9.0
0.28 9.0
0.28 9.0
1.0 9.0
0.28 9.0
0.28 9.0
0.28 9.0
4.02 8.99
3.92 9.15
1.0 9.0
1.05 8.87
1.0 9.0
1.2 8.68
3.18 6.02
2.02 5.96
1.0 9.0
1.0 9.0
0.28 9.0
1.0 9.0
0.28 9.0
4.02 9.0
1.0 9.0
4.02 9.0
0.28 9.0
0.28 9.0
1.0 9.0
3.79 9.27
4.02 8.99
0.28 9.0
0.28 9.0
1.0 9.0
1.0 9.0
1.0 9.0
4.02 9.04
1.0 9.0
0.28 9.0
4.02 9.0
4.02 9.0
4.02 9.0
1.0 9.0
1.0 9.0
0.28 9.0
1.0 9.0
0.28 9.0
0.28 9.0
1.0 9.0
0.28 9.0
2.46 8.97
4.02 9.01
1.0 9.0
3.97 9.08
5.57 6.83
1.0 9.0
1.0 9.0
1.0 9.0
1.0 9.0
1.0 9.0
1.0 9.0
0.28 9.0
5.57 6.84
4.02 9.07
0.68 9.04
0.28 9.0
1.0 9.0
3.95 9.12
4.02 9.0
1.0 9.0
4.02 9.0
1.0 9.0
1.0 9.0
1.0 9.0
1.0 9.0
3.94 9.12
0.88 9.67
1.0 9.0
1.0 9.0
1.0 9.0
0.99 8.95
0.28 9.0
4.02 9.0
4.02 9.0
1.0 9.0
1.0 9.0
1.0 9.0
4.02 9.0
1.0 9.0
0.28 9.0
1.0 9.0
1.01 8.99
4.02 9.0
0.28 9.0
1.06 8.87
0.28 9.0
0.28 9.0
1.0 9.0
1.0 9.0
1.0 9.0
5.1 6.58
4.02 9.07
4.02 9.07
0.28 9.0
3.97 9.08
0.28 9.0
0.28 9.0
0.28 8.96
1.0 9.0
1.0 9.0
0.28 9.0
1.0 9.0
1.0 9.0
0.28 9.0
1.0 9.0
0.28 9.0
1.0 9.0
1.0 9.0
0.28 9.0
1.02 9.67
0.28 9.0
4.02 9.0
4.02 9.0
0.28 9.0
4.02 9.0
4.02 9.0
4.02 9.0
1.0 9.0
1.0 9.0
1.0 9.0
4.02 9.0
0.28 9.0
1.0 9.0
1.0 9.0
1.0 9.0
4.02 8.99
4.02 9.0
1.0 9.0
1.0 9.0
1.0 9.0
0.28 9.0
4.02 9.0
0.68 9.04
4.02 9.01
3.94 9.12
4.02 9.0
1.0 9.0
4.02 9.0
3.82 9.25
1.0 9.0
3.95 9.12
0.28 9.0
0.28 9.0
1.0 9.0
1.0 9.0
0.28 4.69
1.0 9.0
0.28 9.0
1.0 9.0
1.0 9.0
2.55 9.67
5.57 6.86
1.0 9.0
4.02 9.01
5.2 6.63
3.97 9.08
1.11 9.11
1.0 9.0
4.02 8.99
5.52 6.83
0.28 9.08
1.45 9.67
4.02 9.0
4.02 9.01
1.0 9.0
0.68 9.04
4.02 9.0
4.02 8.99
5.57 6.86
4.07 6.03
0.28 9.0
1.0 9.0
0.28 9.0
3.97 9.08
1.0 9.0
4.02 9.0
1.0 9.0
3.82 9.23
1.07 8.75
3.79 9.27
0.68 9.04
3.99 9.07
0.28 9.03
0.28 9.0
4.12 8.89
0.28 7.6
1.0 9.0
1.0 9.0
3.12 7.73
4.07 8.95
4.75 6.38
4.02 9.0
4.02 9.0
1.21 9.67
0.96 8.89
4.02 9.0
4.02 9.0
3.94 9.12
1.0 9.0
0.71 9.67
1.0 9.0
4.02 9.0
0.28 9.0
1.0 9.0
1.0 9.0
0.28 9.08
4.02 8.99
3.13 7.72
1.0 9.0
4.02 9.0
4.02 9.0
4.17 8.84
1.0 9.0
1.17 9.67
0.44 9.67
0.99 8.99
4.02 8.99
5.37 6.77
4.12 8.91
1.0 9.0
1.0 9.0
4.22 8.79
4.17 8.83
0.28 9.0
3.87 9.22
3.18 6.02
4.02 9.0
1.0 9.0
2.55 9.67
0.28 9.0
0.89 6.73
1.0 9.0
1.0 9.0
0.28 8.34
0.28 9.0
4.02 9.0
1.0 9.0
3.53 9.57
1.0 9.0
1.0 9.0
1.11 9.11
5.54 7.63
2.46 8.97
1.0 9.0
1.0 9.0
1.22 9.67
2.28 9.67
5.54 7.63
2.55 9.67
4.02 9.0
4.07 8.93
1.02 9.0
1.02 9.67
0.98 8.95
1.0 9.0
3.12 7.73
1.0 9.0
4.02 9.0
1.06 9.67
3.82 9.25
3.83 9.22
0.28 9.0
0.28 9.65
4.02 9.0
3.94 9.12
0.28 9.0
1.02 9.03
4.02 9.0
1.0 9.0
4.02 9.0
3.43 8.96
0.28 9.0
3.9 9.17
1.74 9.67
0.28 9.0
1.18 9.67
0.61 9.67
0.28 9.0
1.0 8.88
0.28 9.0
1.0 9.0
5.57 6.86
4.07 8.94
0.88 9.67
1.06 8.87
0.44 9.67
1.0 9.0
1.26 9.67
0.28 9.0
1.0 9.0
5.42 7.72
1.94 9.67
1.0 9.0
4.07 8.95
4.02 9.0
0.28 9.0
4.07 8.95
0.28 9.12
5.1 6.58
1.45 9.67
1.0 9.0
0.28 9.0
3.53 9.57
1.0 9.0
0.28 9.0
1.1 8.71
4.02 9.0
3.18 6.08
4.02 9.0
4.67 6.33
1.34 9.67
4.02 9.06
1.0 9.0
1.06 8.87
1.22 9.67
5.2 6.63
1.0 9.0
4.02 9.0
4.02 9.0
4.02 9.0
0.28 9.0
5.57 6.83
1.06 8.87
0.28 9.0
5.57 6.84
4.02 9.0
4.02 9.0
0.28 9.08
1.0 9.0
4.13 8.86
4.02 8.99
4.02 9.0
1.0 9.0
0.28 9.08
1.06 9.67
0.28 9.65
4.02 9.0
3.53 9.57
4.02 9.0
0.28 9.0
1.0 9.0
1.0 9.0
2.28 9.67
2.55 9.67
0.94 9.07
4.67 6.33
2.34 8.75
0.28 8.87
4.02 9.0
4.02 9.0
0.44 9.67
0.28 9.04
1.0 9.0
3.18 6.02
1.0 9.0
4.02 9.0
5.57 6.87
1.0 9.0
1.0 9.0
4.02 9.0
4.02 8.98
3.79 9.27
0.93 9.03
2.96 9.67
4.02 9.0
4.02 9.0
4.02 9.0
1.0 9.0
4.02 9.0
4.02 9.0
4.02 9.0
3.81 9.27
4.02 9.0
1.11 9.11
4.02 9.0
2.28 9.67
0.42 9.67
1.0 9.0
0.28 9.0
4.02 9.0
5.57 6.86
1.0 9.01
1.0 9.0
1.0 9.0
0.28 9.0
1.0 9.0
4.02 9.0
1.0 9.0
4.22 8.79
2.46 8.97
1.45 9.67
4.02 9.0
4.02 9.0
4.02 9.0
3.53 9.57
1.18 9.67
3.47 9.63
1.0 9.0
1.0 9.0
5.2 6.63
1.21 9.67
5.57 6.84
0.58 9.24
3.53 9.57
1.14 8.94
0.28 9.04
1.17 9.67
1.0 9.0
0.28 9.0
3.18 6.02
0.28 8.72
5.42 7.72
1.0 9.0
0.28 9.0
1.0 9.0
3.65 9.42
0.44 9.67
4.02 9.0
0.28 9.0
1.0 9.0
5.1 6.58
1.0 9.0
1.0 9.0
4.22 8.79
4.02 9.0
4.02 9.0
3.18 6.02
1.0 9.0
1.0 9.0
3.82 9.26
4.02 9.0
4.02 9.07
1.0 9.0
0.28 8.7
4.02 9.0
1.94 9.67
4.02 9.02
0.44 9.67
1.0 9.0
4.22 8.79
4.32 8.7
2.96 9.67
4.02 8.98
4.07 8.94
2.46 8.97
4.12 8.88
3.67 9.13
3.53 9.57
3.82 9.26
1.0 9.0
3.82 5.88
3.53 9.57
1.07 8.75
0.28 7.26
4.02 9.0
0.87 9.67
3.0 9.67
1.12 8.88
1.12 9.67
1.0 9.0
4.22 8.8
0.68 9.04
0.28 9.0
4.02 9.0
3.12 7.73
2.55 9.67
4.02 9.0
0.28 9.0
3.18 7.46
3.23 9.67
1.0 9.0
1.0 9.0
1.0 9.0
3.67 5.78
4.81 6.43
0.28 9.0
4.02 9.01
5.37 6.77
3.18 6.02
4.02 9.0
4.02 9.0
1.0 9.0
1.0 9.0
5.2 6.63
3.45 6.57
1.78 9.67
0.98 9.0
0.28 8.99
3.18 6.06
2.57 9.67
3.13 9.67
2.28 9.67
1.0 9.0
4.02 9.0
2.55 9.67
4.02 9.0
2.24 3.83
1.0 9.0
3.18 6.02
4.02 9.0
1.0 9.0
1.0 9.0
0.69 9.06
4.02 9.0
2.46 8.97
1.0 9.0
0.95 8.99
1.0 9.0
3.12 7.73
4.02 9.0
5.1 6.58
2.14 9.67
1.0 9.0
1.0 9.0
4.67 6.33
0.61 9.67
1.05 9.0
3.81 9.27
4.32 8.68
1.0 9.0
1.01 8.98
5.54 7.63
1.0 9.0
4.67 6.33
4.02 9.0
2.46 8.97
0.52 8.74
4.0 9.07
1.94 9.67
1.0 9.0
1.0 9.0
3.12 7.73
1.0 9.0
0.28 7.6
0.28 9.0
3.0 9.67
1.74 9.67
0.42 9.67
1.0 9.0
0.61 9.67
3.12 7.73
2.28 9.67
1.0 9.0
0.28 9.0
0.44 9.67
0.68 9.04
4.02 9.0
2.46 8.97
0.28 9.09
2.28 9.67
3.86 9.22
4.75 6.38
0.28 9.42
4.81 6.43
0.28 9.0
0.28 9.0
4.02 9.0
3.12 7.73
3.79 9.27
0.68 9.04
2.46 8.97
0.28 9.0
0.28 7.6
3.79 9.27
1.83 6.86
4.02 9.0
1.0 9.0
3.64 6.05
4.02 9.0
3.12 7.73
4.32 8.7
1.0 9.0
1.0 9.0
1.0 9.0
0.44 9.67
1.0 9.0
4.67 6.33
4.02 9.0
4.03 8.15
1.2 8.94
0.67 8.91
4.62 8.3
3.81 9.27
2.28 9.67
2.28 9.67
1.0 9.0
3.12 7.73
4.67 8.25
5.54 7.63
1.0 9.0
1.0 9.0
0.28 9.0
0.28 9.01
2.62 7.08
3.65 9.42
0.39 4.48
1.04 9.08
3.67 9.13
4.02 9.0
0.48 4.63
4.02 9.0
1.1 9.67
3.45 6.57
2.02 5.96
1.0 9.0
2.31 8.72
4.02 9.0
0.38 9.67
0.28 8.32
0.28 9.0
3.12 7.73
4.02 9.0
4.32 8.7
1.0 9.0
5.82 7.02
1.0 9.0
0.99 8.93
0.28 9.0
4.67 6.33
0.39 4.48
2.64 9.67
0.42 8.5
1.83 6.86
1.2 8.94
0.28 9.17
4.67 6.33
1.0 9.0
0.7 9.67
0.28 7.6
0.87 9.67
4.02 9.0
1.74 9.67
1.94 9.67
1.51 9.67
3.92 9.17
0.28 8.5
1.78 9.67
4.02 9.0
0.71 9.67
1.86 7.47
1.94 9.67
4.02 9.0
1.0 9.0
5.54 7.63
3.0 9.67
5.43 6.78
4.24 6.13
4.02 8.98
3.23 0.35
3.89 9.17
5.34 6.73
1.0 9.0
1.0 9.0
4.07 8.95
0.87 8.21
4.02 9.0
1.0 9.0
2.96 9.67
1.0 9.0
4.67 6.33
4.02 9.0
0.28 8.72
4.81 6.43
0.28 9.0
0.88 9.67
1.22 9.67
1.0 9.0
2.34 8.75
0.91 9.67
4.32 8.7
3.23 9.67
4.02 9.0
1.07 8.75
4.42 9.53
1.94 9.67
4.02 9.0
0.28 9.0
1.0 9.0
2.73 7.73
1.0 9.0
4.02 9.0
1.0 9.0
2.2 8.79
4.02 9.0
4.67 6.33
0.28 7.6
1.74 9.67
4.02 9.0
0.67 8.91
3.67 5.78
5.01 7.48
4.02 9.0
2.34 8.75
2.34 8.75
0.28 7.26
5.43 6.78
2.96 9.67
1.0 9.0
3.43 8.96
1.09 8.92
1.0 9.0
0.28 9.0
2.6 9.67
5.54 7.63
3.67 5.78
0.52 9.67
0.28 7.6
1.51 9.67
0.28 9.0
5.37 6.77
5.82 6.99
1.05 7.61
4.02 9.0
1.0 9.0
3.67 5.78
0.28 4.69
1.0 9.0
0.28 5.05
1.0 9.0
1.0 9.0
0.28 7.26
0.28 7.71
0.61 8.78
3.7 6.17
0.28 9.03
4.32 8.67
0.28 8.79
3.45 6.57
0.28 8.74
0.28 9.09
0.28 4.69
2.34 8.75
1.0 9.0
0.28 9.0
0.28 9.0
1.63 7.31
0.99 8.99
4.02 9.0
0.28 9.0
1.0 9.0
2.34 8.75
1.0 9.0
4.02 9.0
3.67 9.13
1.0 9.0
4.02 9.0
3.23 9.67
0.28 8.99
0.67 8.91
5.45 6.78
4.02 9.0
4.02 9.0
3.23 9.67
4.07 6.03
0.28 7.6
4.02 9.0
1.0 9.0
0.6 9.23
1.0 9.0
4.02 9.0
0.28 9.0
4.02 9.0
2.34 8.75
1.0 9.0
4.91 6.99
3.7 9.37
2.34 8.75
1.0 9.0
1.0 9.0
3.45 6.57
0.95 9.67
1.0 9.0
1.0 9.0
0.39 4.48
5.37 6.77
0.28 9.0
1.0 9.0
4.02 9.0
4.02 9.05
0.67 8.91
1.0 9.0
4.02 9.0
2.34 8.75
1.0 9.0
1.0 9.0
1.0 9.0
4.02 9.0
0.28 8.99
4.02 9.0
5.38 7.72
3.23 9.67
0.28 7.77
1.51 9.67
4.02 9.0
1.0 9.0
2.61 9.67
4.02 9.0
4.02 9.01
0.57 9.67
4.02 9.0
0.28 4.69
0.28 9.0
3.83 9.22
0.28 9.0
0.39 4.48
0.42 8.5
4.02 9.0
4.62 8.29
1.67 9.67
3.23 9.67
1.27 6.63
3.65 9.42
1.22 9.67
2.06 9.67
1.0 9.0
3.31 6.51
1.0 9.0
1.0 9.0
4.02 9.0
0.28 9.0
0.28 8.17
3.05 9.38
0.71 9.67
1.0 9.0
0.39 4.48
4.67 8.25
1.0 9.0
1.05 7.61
1.12 9.67
1.12 8.69
0.28 7.26
3.78 9.27
1.0 9.0
3.7 6.17
1.0 9.0
4.02 9.0
3.7 9.37
3.88 9.03
5.25 6.68
1.0 9.0
2.24 3.83
3.77 9.31
0.28 7.59
3.23 9.67
1.0 9.0
4.02 9.0
3.18 5.86
0.28 8.89
3.62 9.52
1.0 9.0
1.0 9.0
4.02 8.98
0.28 9.04
5.58 6.88
0.39 4.48
3.67 9.13
1.2 8.68
4.12 8.9
3.25 9.67
1.0 9.0
4.07 6.03
3.45 6.57
4.12 8.87
5.54 6.83
4.02 9.0
1.0 9.0
0.28 4.69
1.0 9.0
3.92 9.13
1.06 8.9
0.89 6.73
0.28 9.0
1.0 9.0
4.64 6.33
4.17 8.86
1.86 5.93
5.42 7.72
1.51 9.67
4.07 6.03
3.62 9.52
5.54 6.83
1.83 6.86
4.02 9.0
4.02 9.0
4.02 9.0
1.08 8.66
4.02 9.0
1.0 9.0
1.0 9.0
0.89 6.73
1.0 9.0
0.87 8.21
2.64 9.67
9.31 9.67
3.67 5.78
1.0 9.0
1.0 9.0
0.28 9.01
3.13 7.72
4.02 9.0
2.02 5.96
1.27 6.63
1.37 9.67
1.0 9.0
2.06 9.67
1.0 9.0
4.02 9.0
1.0 9.0
0.28 9.0
1.0 9.0
3.18 6.02
4.02 9.0
3.03 7.78
1.51 9.67
1.0 9.0
4.62 8.29
1.0 9.0
0.28 9.0
3.09 7.73
5.42 7.72
1.0 9.0
1.16 8.92
1.01 9.01
1.0 9.0
4.02 9.0
1.0 9.0
1.16 8.89
3.67 5.78
1.0 9.0
4.02 9.0
2.56 9.67
0.28 9.0
0.28 9.01
4.02 9.0
1.0 9.0
1.0 9.0
0.28 9.0
4.02 9.0
4.01 5.98
1.0 9.0
1.0 9.0
1.51 9.67
5.57 6.83
0.28 8.96
1.51 9.67
1.0 9.0
0.28 7.26
4.02 9.0
4.02 9.0
4.02 9.0
1.0 9.0
0.28 9.63
4.1 6.03
1.0 9.0
5.7 6.93
2.6 9.67
4.02 9.0
1.0 9.0
2.03 5.97
1.0 9.0
1.0 9.0
1.0 9.0
0.28 7.26
4.62 8.3
1.0 9.0
5.81 6.98
1.0 9.0
3.42 8.99
0.32 7.26
1.56 9.67
0.28 8.21
5.54 6.83
4.77 7.98
3.05 9.37
5.31 6.73
0.28 9.0
2.14 9.67
2.62 5.18
1.0 9.0
5.81 6.98
2.02 5.96
4.02 9.0
4.82 8.12
1.0 9.0
0.78 9.67
2.06 9.67
3.17 9.16
1.0 9.0
0.28 9.0
1.0 9.0
4.02 9.0
2.18 9.4
0.28 8.01
1.0 9.0
0.28 9.0
1.0 9.0
3.92 9.15
0.9 8.95
2.62 7.1
4.02 9.0
1.0 9.0
3.62 9.52
0.63 8.99
0.28 9.0
3.62 9.52
1.0 9.0
0.28 9.0
4.02 9.0
1.0 9.0
1.0 9.0
2.62 7.01
3.99 9.07
5.54 6.83
4.02 9.0
3.35 9.67
4.64 6.33
1.0 9.0
0.98 8.97
3.28 9.67
1.63 7.31
4.32 8.68
5.64 6.88
4.36 7.8
3.13 7.72
3.23 9.11
0.28 8.97
1.0 9.0
1.05 7.61
4.02 9.0
4.02 9.0
3.62 9.52
1.0 9.0
4.02 9.04
4.02 9.0
4.02 9.0
1.0 9.0
4.67 8.25
0.28 8.99
1.0 9.0
1.06 8.83
3.79 9.27
1.0 9.0
1.0 9.0
0.28 8.34
1.63 7.31
1.0 9.0
6.06 7.13
3.43 8.96
3.57 9.53
2.78 9.67
4.02 9.0
2.73 7.73
3.54 9.57
0.28 9.0
2.14 9.67
1.0 9.0
3.05 9.38
0.8 4.98
0.28 8.17
1.02 9.04
4.03 8.15
1.14 8.87
4.02 9.0
1.0 9.0
4.02 9.0
2.67 7.67
4.02 9.0
2.18 9.4
1.0 9.0
4.02 9.0
0.28 9.0
1.29 8.87
1.83 6.86
4.02 9.0
1.63 7.31
4.02 9.0
0.28 9.0
4.32 8.67
1.83 6.86
1.01 8.99
1.0 9.0
1.83 6.86
1.63 7.31
3.13 7.72
4.02 9.0
3.69 6.17
3.18 6.58
4.02 9.0
2.62 7.52
3.84 6.23
2.64 9.67
5.01 7.48
1.0 9.0
4.24 6.13
4.02 9.0
0.58 9.24
4.02 9.0
3.42 8.99
4.11 7.12
4.02 9.0
4.02 9.0
1.0 9.0
0.28 8.81
2.73 7.73
1.0 9.0
4.02 9.06
0.78 9.67
0.28 9.11
4.02 9.0
1.04 9.67
4.02 9.0
4.02 9.0
1.0 9.0
0.97 8.91
4.02 9.04
5.25 6.68
0.89 6.73
1.0 8.99
1.25 9.1
0.28 9.0
1.27 6.63
1.0 9.0
1.0 9.0
4.32 8.67
2.02 5.96
3.11 1.85
4.02 9.0
2.62 6.63
4.02 9.0
3.7 6.17
0.28 9.0
4.02 9.0
1.0 9.0
0.28 9.0
0.87 8.2
1.0 9.0
1.63 7.31
1.0 9.0
1.0 9.0
2.02 5.96
0.28 8.97
3.62 7.31
5.42 7.72
2.35 9.67
4.02 9.0
4.24 6.13
0.75 4.93
1.0 9.0
9.31 9.67
1.0 9.0
4.02 9.0
1.0 9.0
1.08 8.84
3.18 7.46
1.0 9.0
5.63 6.88
4.07 8.97
1.0 9.0
0.28 9.0
4.02 9.0
5.34 7.12
3.62 7.31
1.0 9.0
1.86 7.47
3.7 6.17
1.0 9.0
4.02 9.02
4.02 9.0
0.28 9.0
2.77 7.73
1.0 9.0
0.28 8.99
3.43 8.96
1.0 9.0
1.0 9.0
4.02 9.0
0.28 6.51
2.62 5.18
4.04 8.97
5.55 6.83
4.02 9.0
1.0 9.0
0.28 4.76
0.28 8.96
0.71 4.98
2.62 7.13
0.28 9.0
4.91 6.99
4.02 9.0
1.43 9.67
4.02 9.0
4.02 9.0
1.93 5.85
4.02 9.0
0.28 9.05
3.97 9.1
0.99 9.0
2.1 9.67
1.0 9.0
0.28 9.0
1.0 9.0
2.18 9.4
1.0 9.0
4.02 9.02
2.18 9.4
3.17 9.16
0.28 8.34
0.28 9.0
1.0 9.0
3.1 7.73
0.28 4.35
1.0 9.0
0.28 7.96
1.0 9.0
1.3 9.67
4.02 9.0
0.9 6.77
0.28 8.79
0.87 8.21
3.87 5.88
4.83 0.39
0.89 6.73
1.0 9.0
4.02 9.0
5.25 6.68
0.85 9.15
5.51 9.67
1.0 9.0
4.02 9.0
4.02 9.0
0.28 9.0
3.05 9.38
0.87 8.21
0.28 9.0
3.29 1.8
0.28 9.0
1.0 9.0
1.04 9.67
5.71 6.93
1.0 9.0
1.0 9.0
0.28 9.0
0.98 9.01
1.0 9.0
4.01 9.07
0.28 9.0
1.01 9.0
1.0 9.0
2.67 7.67
1.0 9.0
1.03 8.99
4.02 9.0
0.28 9.0
4.27 8.74
1.0 9.0
1.0 9.0
3.97 9.12
3.37 9.67
1.0 9.0
1.0 9.0
4.83 0.39
4.02 9.0
1.0 9.0
3.39 6.45
1.0 9.0
3.45 9.67
0.99 8.96
5.53 9.67
1.0 9.0
1.02 9.45
1.0 9.0
1.85 5.93
1.05 7.61
1.06 8.94
0.28 9.0
4.02 9.0
0.28 9.0
0.28 8.94
1.96 9.67
3.08 9.28
1.0 9.0
2.62 5.18
5.42 7.72
1.0 9.0
1.0 9.0
1.75 9.67
2.62 7.08
4.58 9.22
4.12 8.91
0.28 7.77
0.87 8.21
1.0 9.0
1.0 9.0
0.28 9.0
1.0 9.0
0.98 8.92
4.02 8.99
3.18 6.2
0.69 9.67
4.24 6.13
3.97 9.1
4.02 9.0
3.18 5.77
2.9 9.67
4.02 9.0
2.24 3.83
4.24 6.13
4.02 9.0
1.0 9.0
1.0 9.0
4.02 9.0
4.02 9.0
5.25 6.68
0.28 9.0
0.28 9.0
4.02 9.0
1.01 9.0
2.24 9.67
4.24 6.13
1.0 9.0
1.83 8.88
3.09 1.85
5.72 6.97
1.0 9.0
5.42 7.72
4.02 9.0
1.01 8.94
7.6 9.67
1.27 6.63
1.0 9.0
0.28 5.05
4.83 0.39
0.28 7.98
4.02 9.0
9.31 9.67
4.77 7.98
0.28 7.83
5.01 7.48
4.03 8.15
4.58 9.22
5.51 9.67
2.78 9.67
1.15 8.87
1.0 9.0
1.0 9.0
0.28 9.0
2.62 5.18
1.0 9.0
5.13 7.72
2.24 3.83
3.18 7.46
0.54 4.83
1.0 9.0
4.07 8.96
4.02 9.0
3.18 6.58
3.56 6.95
5.71 6.93
1.0 9.0
3.18 6.2
1.0 9.0
5.01 7.48
0.28 8.85
0.28 9.0
1.0 9.0
4.02 9.0
4.02 9.0
1.0 9.0
1.05 8.93
3.92 9.17
4.09 6.03
1.0 9.0
1.0 9.0
1.0 9.0
1.27 6.63
1.08 9.0
1.0 9.0
4.91 6.99
2.99 7.78
1.0 9.0
4.02 9.0
3.18 7.32
0.28 5.05
4.24 6.13
4.12 8.89
1.0 9.0
1.0 9.0
3.18 9.67
0.28 9.0
5.67 6.92
1.87 5.93
1.0 9.0
1.14 9.67
1.1 9.67
0.28 7.96
4.02 9.0
1.0 9.0
5.12 7.75
5.42 7.72
3.18 5.73
0.99 8.98
1.46 8.88
1.0 9.0
1.0 9.0
1.86 7.47
4.02 9.0
1.0 9.0
1.0 9.0
0.28 9.0
0.28 9.0
1.85 5.93
4.02 9.0
4.76 9.4
0.28 8.7
4.02 9.0
0.28 4.74
0.28 4.76
3.99 9.07
4.02 9.02
4.48 1.46
3.62 7.31
3.24 6.14
4.02 9.0
3.37 6.74
3.23 0.35
0.28 9.21
4.02 9.0
0.28 9.0
4.02 9.0
1.0 9.0
4.11 7.12
0.28 9.16
1.0 9.0
4.64 6.33
1.86 7.47
1.0 9.0
7.6 9.67
1.0 9.0
2.62 7.35
1.86 5.93
4.07 8.96
4.83 0.39
3.49 9.62
3.11 1.85
3.13 7.63
1.27 6.63
0.89 9.09
1.36 8.82
4.02 9.0
3.56 8.39
2.1 9.67
4.64 6.33
0.28 9.25
4.33 7.13
4.12 6.03
4.03 8.15
0.28 6.37
1.81 7.81
2.62 5.18
0.61 9.67
0.28 9.2
1.0 9.0
4.02 9.0
4.03 8.15
2.62 6.61
1.0 9.0
4.02 9.0
1.0 9.0
2.62 5.09
0.92 8.98
1.0 9.0
3.87 5.88
3.18 9.67
9.67 8.91
0.28 5.05
4.8 9.39
4.83 9.67
0.28 9.0
3.18 5.72
1.0 9.0
5.47 9.67
2.62 6.17
0.28 9.0
3.09 1.85
3.18 9.67
3.18 5.73
1.0 9.0
9.31 9.67
1.0 9.0
1.0 9.0
4.68 0.48
1.0 9.0
2.24 3.83
1.83 8.88
3.75 8.77
0.28 9.0
1.0 8.99
1.0 9.0
1.0 9.0
2.87 7.94
2.64 9.67
3.23 0.35
3.62 7.31
0.28 9.0
1.0 9.0
1.47 7.28
3.8 6.78
4.58 9.21
0.99 8.99
2.62 5.18
2.32 8.31
1.0 9.0
2.05 9.67
1.8 6.13
4.48 1.46
0.98 8.97
3.62 7.31
4.11 6.84
1.0 9.0
0.85 9.13
2.76 9.67
5.53 9.67
4.97 7.97
2.08 9.67
3.62 7.31
1.0 9.0
2.24 3.83
4.83 0.39
1.0 9.0
9.31 9.67
4.42 9.53
3.11 1.85
0.92 5.13
4.02 9.0
1.0 9.0
1.0 9.0
5.53 9.67
3.52 6.1
3.97 9.11
4.8 9.39
4.42 9.53
4.48 1.46
1.0 9.0
0.47 9.67
1.0 9.0
0.28 9.0
4.02 9.0
6.17 7.21
4.82 8.12
4.02 9.0
3.87 5.88
1.0 9.0
4.11 7.12
2.62 5.15
7.6 9.67
4.02 9.0
3.05 9.67
0.28 4.38
1.11 9.04
4.48 1.46
1.0 9.0
5.57 6.86
4.02 9.0
2.62 7.35
1.0 9.0
4.02 9.06
4.02 9.03
1.17 9.67
4.32 8.68
4.83 0.39
1.0 9.0
4.89 6.48
4.86 9.67
9.31 9.67
1.88 9.67
1.0 9.0
4.32 8.68
3.18 6.13
1.0 9.0
4.32 8.65
0.28 8.17
3.87 5.88
4.02 9.0
4.02 9.0
0.28 9.0
3.18 5.79
2.62 5.18
2.08 9.67
0.28 4.35
0.28 9.0
4.07 8.96
1.04 8.93
1.0 9.0
2.78 9.67
3.87 5.88
2.24 3.83
0.28 9.41
3.18 6.58
3.45 9.67
1.16 9.67
1.0 9.0
4.02 8.99
3.05 9.67
4.02 9.0
1.0 9.0
0.28 9.0
0.28 9.0
0.48 8.9
4.11 7.12
0.99 9.0
3.09 1.85
2.62 6.17
1.0 9.0
3.18 5.6
3.18 7.44
2.07 7.95
0.97 8.98
4.02 9.0
4.36 6.85
0.28 8.17
0.28 9.0
4.02 9.0
5.16 6.63
0.28 4.38
3.11 1.85
0.28 9.0
3.87 9.17
4.18 7.18
0.99 9.0
1.0 9.01
1.0 9.0
4.02 9.05
0.28 9.0
0.28 9.0
1.0 9.0
4.02 9.0
3.18 6.76
1.0 9.0
2.62 6.61
0.28 9.0
1.0 9.0
0.28 9.63
0.28 9.0
1.77 9.67
1.56 9.67
3.83 9.22
0.28 8.8
4.64 6.33
0.28 9.0
4.02 9.03
4.49 7.7
4.95 6.53
2.62 5.96
1.0 9.0
6.17 7.21
0.44 7.53
2.62 5.18
0.28 9.0
4.31 7.3
2.24 3.83
4.02 8.99
2.62 5.18
1.0 9.0
0.28 9.0
1.0 9.0
2.3 7.63
0.28 9.39
0.28 9.0
4.02 9.0
4.86 9.67
1.0 9.0
1.0 9.0
6.17 7.21
2.62 5.18
2.62 7.37
1.0 9.0
8.33 0.92
4.97 7.97
3.52 6.1
4.91 6.48
5.21 7.72
4.9 9.39
1.0 9.0
3.18 5.74
3.87 9.18
3.33 7.19
1.0 9.0
1.0 9.0
0.97 8.69
3.23 1.81
2.62 7.35
0.28 9.0
2.74 9.67
5.88 7.03
0.28 8.99
1.0 9.0
0.75 5.65
2.24 3.83
0.44 7.53
0.28 6.51
0.28 9.0
4.69 9.52
2.62 7.35
3.38 6.86
0.28 8.17
0.28 9.0
1.27 8.98
0.92 5.13
0.28 9.02
0.28 9.04
2.62 6.17
4.02 9.0
4.26 7.59
4.02 9.0
1.0 9.0
1.0 9.0
1.98 5.67
4.02 9.0
5.48 9.67
1.0 9.0
1.0 9.0
4.02 9.0
3.11 1.85
1.85 9.67
1.75 7.11
0.28 9.0
2.32 8.31
0.28 9.0
4.02 9.0
3.27 9.29
1.0 9.0
2.87 7.94
4.02 9.0
1.0 9.0
0.28 9.0
0.28 9.0
4.49 7.12
9.67 8.91
4.02 9.02
5.12 7.73
4.47 1.45
4.48 1.46
1.51 9.33
4.83 9.67
1.0 9.0
5.57 6.84
1.0 9.0
0.28 9.0
5.25 7.35
2.24 3.83
1.0 9.0
3.09 1.85
2.24 3.83
5.02 6.53
0.28 4.38
2.24 3.83
4.86 9.67
0.28 9.0
4.86 9.67
3.11 1.85
4.02 9.03
4.02 9.0
3.23 0.35
1.0 9.0
4.02 9.0
1.0 9.0
1.01 9.0
3.18 5.79
1.0 9.0
4.02 9.0
1.0 9.0
0.28 9.0
4.02 9.0
1.0 9.0
3.18 7.44
1.0 9.0
0.28 9.0
1.0 9.0
0.28 4.35
1.0 9.0
1.0 9.0
0.28 4.6
1.88 9.67
1.0 9.0
1.0 9.0
3.57 9.55
0.28 9.0
7.6 9.67
0.28 4.33
5.16 6.63
0.45 9.67
1.47 9.67
4.02 9.0
0.44 7.53
4.48 1.46
3.33 7.19
1.0 9.0
0.28 6.51
1.0 9.0
1.0 9.0
1.83 8.88
1.0 9.0
1.0 9.0
1.0 9.0
0.28 9.0
3.62 9.45
3.97 9.1
4.02 9.0
0.96 9.02
0.93 9.67
0.28 8.17
1.0 9.0
1.0 9.0
0.28 4.38
0.28 8.68
4.02 9.0
0.28 6.51
3.22 6.49
4.52 1.43
1.0 9.0
4.36 1.49
1.0 9.0
3.35 6.68
0.28 9.0
6.17 7.2
6.17 7.21
3.86 0.51
1.0 9.0
4.02 9.0
1.0 9.0
0.44 7.58
1.0 9.0
4.36 7.8
4.78 9.67
3.23 0.35
3.18 7.1
1.63 6.21
1.0 9.07
4.02 9.0
1.0 9.0
5.64 6.88
1.0 9.0
1.83 8.88
2.3 7.63
3.18 7.44
3.95 9.03
3.27 9.29
4.48 1.46
9.47 6.33
4.02 9.0
0.28 9.11
1.23 8.85
1.0 9.0
1.04 9.05
2.24 8.91
1.0 9.0
0.28 4.38
1.0 9.0
3.94 9.12
4.02 9.0
1.05 8.91
6.17 7.21
1.69 9.67
4.02 9.0
4.02 8.99
3.27 9.29
1.21 9.67
0.28 8.17
5.58 6.88
1.0 9.0
2.15 0.87
3.03 7.74
2.32 8.31
1.0 9.0
1.0 8.99
1.83 8.88
1.0 9.01
3.97 9.1
7.6 9.67
1.0 9.0
1.0 9.0
3.18 5.79
0.28 8.09
0.28 9.0
0.58 8.91
0.99 9.0
7.6 9.67
3.15 9.14
0.28 9.22
7.6 9.67
4.02 8.99
5.12 7.73
4.02 9.0
1.08 8.45
7.6 9.67
3.89 9.17
1.0 9.0
5.49 6.83
1.0 9.0
4.02 9.06
1.0 8.98
1.01 8.97
0.75 5.65
5.27 6.68
0.28 9.0
1.0 9.0
0.28 9.0
3.37 6.74
1.0 9.0
9.67 8.74
0.28 9.0
1.0 9.0
1.0 9.0
4.49 7.12
3.44 5.68
1.93 5.85
0.92 5.13
4.58 0.52
1.8 6.13
0.28 9.0
2.62 6.62
2.62 6.34
0.28 9.02
3.18 7.44
1.03 8.98
0.28 9.0
2.62 6.61
1.0 9.0
4.02 9.0
3.92 9.17
5.52 7.77
4.91 8.02
5.76 6.98
4.02 8.98
1.83 8.88
3.39 9.67
1.0 9.0
3.86 0.51
0.28 9.0
4.02 9.0
1.0 9.0
4.12 8.92
2.62 6.61
0.28 8.72
2.39 9.67
4.02 9.0
3.64 9.0
3.82 9.25
4.17 8.83
0.32 4.79
0.44 7.63
2.48 2.68
2.87 7.94
3.67 9.41
4.58 0.39
0.28 9.65
3.86 0.51
1.0 9.0
0.32 4.78
1.8 6.13
3.53 0.48
1.0 9.0
1.0 9.0
4.8 9.67
0.28 9.0
1.0 9.0
2.07 7.95
1.0 9.0
0.28 9.0
4.68 0.48
1.0 9.0
4.02 9.0
1.0 9.0
7.62 9.67
0.28 9.0
1.88 9.67
1.0 9.0
4.02 9.0
4.02 9.0
1.77 5.98
4.48 7.74
0.92 5.13
1.0 9.0
4.02 9.0
4.49 7.12
1.0 9.0
1.0 9.0
1.0 9.0
9.47 6.33
2.07 7.95
1.0 9.0
2.32 8.31
4.02 9.0
0.28 9.0
0.28 9.0
3.72 9.37
4.22 8.79
2.87 7.94
4.83 8.07
0.28 9.0
1.0 9.0
8.38 7.28
4.68 0.48
2.15 0.87
1.0 9.0
1.8 6.13
1.0 9.0
4.02 9.0
1.74 6.04
4.32 8.65
4.02 9.0
0.28 8.93
6.9 0.67
1.49 9.67
4.58 0.52
1.35 9.67
0.99 9.0
4.07 8.94
7.6 9.67
3.86 0.51
1.0 9.0
0.28 6.27
0.28 9.0
4.22 8.78
1.0 9.0
0.28 9.0
3.44 5.68
4.02 9.0
0.28 9.0
3.83 9.22
0.52 9.67
4.82 8.1
4.02 9.0
0.48 9.67
2.07 7.95
4.02 9.0
0.28 9.65
0.28 9.0
0.28 9.0
1.01 9.01
2.71 7.73
9.47 6.33
4.14 6.08
4.02 9.0
1.0 9.0
0.28 9.0
3.52 9.58
0.28 9.0
9.47 6.33
1.0 9.0
3.87 9.22
3.18 6.12
1.0 9.0
1.85 8.85
4.52 8.46
3.28 9.19
5.54 7.51
6.9 0.67
3.8 6.78
3.35 6.68
4.83 8.07
4.75 0.45
1.0 9.0
1.0 9.0
1.0 9.0
5.21 7.72
1.0 9.0
2.74 9.67
1.0 9.0
4.02 9.0
0.28 9.0
4.02 9.03
1.08 8.45
0.28 6.27
0.28 9.0
3.86 0.51
4.02 9.0
1.0 9.0
1.0 9.0
0.28 9.0
3.44 5.68
0.28 6.51
2.15 0.87
1.75 7.11
0.28 6.51
5.78 7.78
1.0 9.0
0.32 4.78
1.0 9.05
3.8 6.78
1.0 9.0
1.88 9.67
5.02 6.53
4.02 9.0
3.13 7.71
1.0 9.0
0.87 5.06
3.17 9.67
3.08 9.67
1.0 9.0
1.88 9.67
4.02 9.0
4.17 8.83
2.85 7.78
0.48 4.63
3.54 8.87
3.18 6.89
1.0 9.0
3.62 9.5
5.57 6.88
4.02 9.06
4.02 9.0
0.28 9.0
5.12 7.73
2.26 9.27
2.3 8.25
3.42 6.15
1.0 9.0
9.47 6.33
4.02 9.0
4.67 8.24
1.0 9.0
9.47 6.33
3.93 9.12
4.02 9.0
3.72 8.06
5.04 0.39
1.0 9.0
3.18 6.05
1.0 9.0
3.53 0.48
3.18 6.58
3.51 0.5
0.28 9.67
0.28 9.0
4.0 7.4
5.55 6.83
4.02 9.0
1.0 9.0
5.04 0.39
9.47 6.33
1.76 8.6
1.0 9.0
0.31 4.79
3.47 9.64
3.92 9.15
0.28 9.0
1.02 8.99
4.02 9.0
5.55 5.23
3.15 9.14
4.02 9.0
7.47 7.92
4.49 7.12
2.86 7.78
0.64 9.67
4.02 9.0
8.33 0.92
0.84 9.67
4.02 9.0
1.0 9.0
1.1 8.94
0.28 9.0
1.01 9.0
4.78 9.67
1.0 9.0
0.28 6.97
4.36 7.8
3.67 9.38
1.0 9.0
4.69 5.65
4.02 9.0
0.37 9.67
3.91 9.17
4.48 9.32
1.0 9.0
1.0 9.0
1.0 9.0
0.28 9.0
4.02 9.0
3.27 9.19
1.75 7.11
1.83 7.82
5.06 6.58
3.41 9.67
1.09 8.95
1.81 7.81
2.71 7.73
1.0 9.0
0.99 9.0
4.02 9.0
1.65 9.67
2.3 8.25
4.42 7.82
1.0 9.0
4.67 8.23
8.92 0.9
3.67 9.01
1.0 9.0
3.13 7.63
4.27 8.75
0.28 9.0
1.01 9.01
4.02 9.0
1.0 9.0
0.49 4.63
9.47 6.33
2.23 8.29
4.78 9.67
3.24 8.96
2.73 9.67
0.28 9.0
0.87 5.06
1.0 9.0
2.15 0.87
4.17 8.83
1.0 9.0
4.27 8.75
4.67 8.22
4.49 7.12
1.98 5.67
5.03 6.58
3.44 5.68
1.0 9.0
4.17 8.84
1.98 5.67
3.27 9.2
0.28 9.28
1.0 9.0
9.47 6.33
2.69 9.67
4.28 9.67
4.02 8.99
5.04 0.39
2.88 8.06
4.27 8.07
1.75 8.62
4.78 9.67
1.0 9.0
1.0 9.0
4.02 9.0
2.24 8.91
0.28 9.0
1.0 9.0
1.0 9.0
1.08 8.45
0.55 7.85
9.44 6.29
0.96 8.92
1.0 9.0
9.47 6.33
0.3 4.55
4.91 8.02
4.12 8.89
1.08 8.45
4.85 9.67
1.08 8.98
1.0 9.0
5.78 7.78
9.27 6.29
1.31 8.2
1.0 9.0
3.35 0.43
4.02 9.0
8.5 0.92
4.02 9.0
4.78 9.67
0.75 5.74
4.02 9.02
9.47 6.33
4.02 9.0
3.46 9.67
1.0 9.0
1.0 8.93
1.01 9.0
2.5 1.61
4.02 8.99
5.81 7.8
4.02 9.0
0.28 9.0
4.02 9.0
1.85 8.85
1.08 8.42
0.28 9.0
4.02 9.0
1.0 9.0
1.43 9.67
4.67 8.23
4.02 9.0
1.98 5.68
5.76 6.98
2.62 1.62
1.0 9.0
9.47 6.33
1.1 9.66
4.14 6.08
3.16 7.63
4.02 9.0
4.02 9.0
1.08 8.45
4.0 9.07
5.04 0.39
4.82 9.67
4.02 9.0
1.0 9.0
1.0 9.0
2.63 0.66
1.0 9.0
0.28 9.67
0.28 9.36
1.81 7.81
1.0 9.0
9.47 6.33
9.67 8.91
4.02 9.0
1.0 9.0
4.02 9.0
0.28 9.67
0.28 8.99
0.28 9.0
1.98 5.67
4.28 9.67
5.04 0.39
0.28 8.91
0.29 9.67
0.28 9.0
4.02 8.99
3.27 1.93
4.97 0.37
1.0 9.0
0.28 9.0
0.28 7.8
1.22 8.68
5.81 7.8
3.84 6.54
2.6 9.67
9.67 8.91
4.92 7.99
0.28 9.0
5.48 9.67
0.89 8.13
4.13 6.78
0.28 9.0
4.02 9.0
0.28 9.0
1.0 9.0
8.33 0.92
1.0 9.0
1.0 9.0
4.15 4.86
2.3 7.63
3.83 9.22
1.98 5.67
1.76 9.16
1.0 9.0
4.02 9.0
5.64 6.88
0.28 6.97
3.53 0.48
3.29 9.0
1.0 9.0
1.0 9.0
6.29 9.1
5.04 0.39
1.0 9.0
1.0 9.0
4.02 9.0
4.04 8.97
3.18 6.89
4.02 9.0
0.75 5.65
4.02 8.98
5.72 6.93
4.02 9.0
3.92 9.14
1.0 9.0
4.28 9.67
3.18 6.28
1.0 8.98
1.0 9.0
0.28 9.0
4.64 9.64
2.7 9.67
6.63 6.48
1.18 9.67
2.62 5.59
1.98 5.67
1.16 1.97
1.0 9.0
4.37 0.41
4.02 9.0
4.97 7.88
4.12 8.88
2.15 0.87
1.98 5.67
3.9 9.17
8.33 0.92
3.8 6.78
3.33 0.77
3.03 7.74
4.02 9.07
4.02 0.54
1.0 9.0
9.67 8.91
6.9 0.67
1.23 8.87
5.63 6.88
0.28 8.3
1.0 9.0
9.67 8.91
4.84 0.45
8.33 0.92
4.64 9.64
3.37 1.8
9.67 8.91
4.02 9.0
4.63 9.67
1.0 9.0
5.46 8.96
2.15 0.87
3.72 8.06
8.33 0.92
4.14 6.08
3.18 6.28
5.46 7.72
0.68 5.5
4.02 9.0
4.02 9.0
3.18 6.89
0.28 9.0
1.08 8.86
1.0 9.0
9.21 9.36
0.28 7.47
4.22 8.78
1.0 9.0
3.27 1.93
4.69 9.48
1.0 9.0
8.5 0.92
4.02 9.01
5.64 6.88
1.0 9.0
2.5 1.61
0.28 6.97
4.02 9.0
5.55 5.23
1.0 9.0
4.02 8.99
1.0 9.0
1.09 8.77
4.28 9.67
6.9 0.67
0.7 5.58
1.0 9.0
8.33 0.92
4.75 5.56
1.0 8.9
4.02 9.02
4.32 8.66
0.28 9.01
1.0 9.0
4.02 9.0
2.15 0.87
9.67 8.91
4.02 9.0
3.11 7.73
4.02 9.0
4.81 1.29
4.02 9.0
6.27 0.34
8.92 0.9
1.75 7.11
4.02 9.0
5.51 9.67
2.3 7.63
1.75 7.11
3.25 9.67
8.88 0.91
1.85 6.09
0.28 4.97
1.0 9.0
1.75 7.11
4.32 8.63
6.82 0.41
5.26 6.68
1.0 9.0
4.14 6.08
1.0 9.0
0.62 4.95
1.0 9.0
1.0 9.0
1.0 9.0
0.28 7.64
1.0 9.0
8.33 0.92
1.4 8.98
9.67 8.91
5.85 7.89
5.55 5.23
4.02 9.0
0.3 4.55
2.62 1.62
4.02 9.0
5.25 7.67
0.28 9.0
1.0 9.0
2.3 7.63
3.27 1.93
3.72 8.06
1.08 8.88
0.28 9.0
4.17 8.84
5.26 6.68
4.37 8.58
1.0 9.0
1.0 9.0
1.84 6.08
4.02 9.0
6.68 8.98
4.22 8.79
1.0 9.0
1.0 9.0
4.02 9.0
0.28 6.97
6.9 0.67
3.92 9.17
1.05 8.87
0.97 9.27
4.91 8.02
0.28 9.01
1.0 9.0
1.0 9.0
1.0 9.0
2.62 5.59
5.09 9.67
1.0 9.0
1.0 9.0
3.17 7.63
1.0 9.0
2.5 1.61
3.54 8.82
0.28 9.0
4.87 6.48
4.68 7.19
1.98 5.67
4.26 7.59
4.69 5.65
0.28 9.0
1.0 9.0
1.0 9.0
1.0 9.0
4.02 9.0
4.22 8.8
6.97 0.36
5.55 5.23
4.02 8.99
0.62 4.95
4.02 9.0
1.54 6.44
1.45 9.17
1.0 9.0
2.83 9.67
2.81 7.78
5.47 6.8
0.28 9.0
4.62 8.29
0.71 4.83
1.0 9.0
5.51 6.83
4.02 9.0
1.87 6.08
4.02 8.99
8.14 0.93
4.69 9.48
2.22 8.73
3.72 8.06
4.61 5.61
5.49 6.83
1.0 9.0
3.26 9.31
1.0 9.0
1.0 9.0
2.62 6.08
4.32 8.72
4.02 8.99
4.22 8.8
0.28 4.91
5.81 7.8
3.25 9.67
4.02 9.0
1.0 9.0
1.85 6.09
0.8 5.44
4.39 6.18
0.28 9.31
5.51 9.67
2.95 9.14
2.54 9.67
1.0 9.0
5.67 6.92
0.28 9.0
5.55 5.23
2.29 1.97
5.85 7.89
6.69 9.0
2.62 5.96
0.28 9.19
0.99 9.0
6.27 0.34
3.04 0.42
4.32 8.65
3.44 6.11
1.0 9.0
5.56 7.67
3.27 1.93
0.28 9.04
1.0 8.99
4.02 9.0
5.85 7.89
2.62 1.62
1.0 9.0
1.85 6.09
3.18 5.6
0.28 9.1
4.02 9.0
1.0 9.0
0.89 8.13
0.55 7.85
1.85 6.09
1.12 8.9
5.46 8.96
0.28 4.73
1.0 9.0
2.5 1.61
4.02 0.54
3.18 6.89
0.28 8.98
1.0 9.0
1.98 5.67
1.0 9.0
1.0 9.0
6.57 9.01
1.0 9.0
0.88 9.67
1.0 9.0
2.27 9.67
0.28 7.8
2.48 9.67
5.08 7.45
4.02 8.99
4.02 8.98
3.63 6.68
1.0 9.0
4.02 9.0
2.83 9.67
4.02 9.0
9.0 8.95
4.02 8.99
1.0 9.0
1.0 9.0
6.68 8.98
2.62 1.62
1.0 9.0
1.0 9.0
1.54 6.44
1.9 9.67
1.98 5.67
2.5 1.61
1.0 9.0
1.0 9.0
4.96 7.81
4.07 8.96
4.02 9.0
8.69 6.97
1.0 9.0
5.59 9.02
3.23 9.49
2.62 1.62
0.54 8.95
1.0 9.0
1.01 8.98
4.61 6.33
0.89 8.13
0.28 9.03
1.0 9.0
4.02 9.0
4.02 9.0
4.67 9.47
4.02 8.98
1.54 6.44
4.07 8.86
7.47 7.92
1.48 8.4
4.62 8.29
5.46 8.96
4.69 9.48
3.18 5.6
1.66 9.67
1.04 8.66
1.0 9.0
1.0 9.0
1.0 9.0
1.0 9.0
1.0 9.0
4.02 9.0
3.18 6.28
1.0 8.96
0.28 9.0
0.28 9.0
0.92 8.94
3.27 9.67
4.63 9.51
1.97 4.29
3.87 9.19
1.1 8.79
1.0 9.0
3.37 1.8
4.02 9.0
0.28 9.0
3.87 7.77
5.06 6.58
0.89 8.13
1.0 9.0
6.68 8.98
0.55 7.85
1.0 9.0
4.02 8.99
5.51 9.67
4.02 0.54
1.65 9.67
1.98 5.67
1.98 5.67
1.0 9.0
1.98 5.67
4.87 6.48
1.16 1.97
3.47 9.67
5.55 5.23
4.02 9.0
4.02 9.0
4.17 8.83
4.18 9.67
5.55 5.23
0.28 9.07
1.76 9.16
1.31 8.2
3.18 5.8
6.69 9.01
3.18 5.6
4.61 6.33
3.33 9.1
4.81 1.29
2.62 5.96
0.28 9.08
5.42 9.67
1.0 9.0
5.55 5.23
4.02 9.0
0.98 9.01
1.0 9.0
0.89 8.13
1.0 9.0
5.55 5.23
1.65 9.67
0.89 8.13
0.28 7.8
6.68 8.98
3.18 6.57
5.53 5.23
4.02 9.0
4.61 9.45
0.28 9.0
4.26 7.59
1.0 9.0
0.28 7.8
0.66 9.67
9.21 9.36
1.56 6.43
4.17 8.84
0.28 9.0
4.07 8.96
4.02 9.0
0.99 8.98
4.7 9.52
3.18 7.14
2.43 9.67
4.02 0.54
5.27 6.68
5.37 7.67
7.47 7.92
1.0 9.0
1.72 5.98
1.0 9.0
2.27 9.67
4.02 9.0
1.0 9.0
2.62 7.47
3.94 7.98
2.53 9.67
2.62 5.59
1.0 9.0
3.27 9.42
1.01 9.0
1.0 9.0
4.52 8.47
5.64 7.57
5.46 8.96
3.18 6.28
2.04 1.98
1.31 8.2
1.54 6.44
1.0 9.0
2.36 1.97
4.04 8.33
1.02 8.94
9.32 0.43
3.54 1.75
4.26 7.59
5.19 8.48
0.28 7.8
4.02 9.0
2.63 0.66
5.48 6.83
4.02 9.0
3.18 6.57
3.78 8.17
4.02 9.04
0.28 8.91
2.74 9.67
4.59 7.46
3.71 4.63
1.0 9.0
5.36 7.67
0.28 4.6
3.54 9.57
5.09 9.67
5.67 6.92
1.17 6.32
1.0 9.0
0.81 8.52
3.88 7.64
5.02 6.53
5.07 7.79
3.24 8.96
4.61 6.33
4.18 9.67
1.63 9.67
4.02 9.0
4.02 9.0
4.62 8.31
2.05 9.67
4.02 8.99
4.02 9.05
0.39 4.72
1.54 6.44
2.63 0.66
1.0 9.0
3.18 7.12
4.02 9.0
3.68 9.0
1.0 9.0
4.02 8.99
4.12 8.91
5.33 7.67
8.38 7.28
4.62 5.61
9.21 9.36
1.0 9.0
1.0 9.0
7.47 7.92
7.32 0.91
9.67 9.52
1.02 5.27
1.44 9.67
6.63 6.48
2.63 0.66
4.22 6.09
4.02 9.0
1.0 9.0
1.39 9.67
2.02 9.67
2.29 1.97
8.69 6.97
1.0 9.0
8.69 6.97
0.28 8.88
6.27 0.34
0.28 7.8
3.82 9.24
1.11 9.01
0.28 7.8
2.62 5.59
4.22 8.8
0.28 9.05
3.08 9.31
2.03 9.1
3.18 5.6
0.28 9.64
3.93 8.48
9.17 9.36
1.16 1.97
3.18 6.35
0.28 8.11
0.28 9.0
2.98 0.59
1.0 9.0
1.95 5.98
4.83 1.27
1.0 9.0
4.85 9.19
3.76 6.95
2.63 0.66
1.0 9.0
3.67 9.4
2.62 6.08
3.72 8.06
1.0 9.0
9.1 9.02
4.07 8.96
3.94 9.12
1.0 9.0
2.62 7.47
1.76 9.16
4.02 9.03
0.39 4.48
3.87 7.77
2.42 4.52
4.17 8.83
4.02 9.0
3.56 8.39
5.44 7.72
1.0 9.0
1.0 9.0
4.81 1.29
1.0 9.0
3.76 7.54
0.98 9.0
4.02 9.0
0.56 4.68
4.32 8.66
1.0 9.0
1.0 9.0
1.0 9.0
1.17 6.32
3.78 8.17
5.14 7.47
3.78 8.17
2.84 9.67
0.93 8.49
4.57 8.42
6.5 6.18
0.28 8.98
2.67 7.68
4.17 8.85
0.28 8.51
3.18 5.88
4.02 8.99
0.28 9.0
4.02 9.0
1.0 9.0
5.76 7.35
1.0 9.0
0.63 5.71
7.47 7.92
1.62 9.67
3.09 7.73
9.06 0.41
1.95 5.98
4.02 9.0
5.64 7.57
3.29 8.33
4.02 8.98
0.86 5.03
0.56 9.24
1.95 5.98
5.22 6.64
2.0 4.33
0.87 9.63
2.22 8.73
2.62 7.47
1.31 8.2
4.15 4.86
0.67 1.01
4.32 8.69
4.02 9.0
3.18 7.05
0.28 9.01
1.0 9.0
8.69 6.97
0.99 8.96
1.0 9.0
2.02 9.67
1.0 9.0
9.17 9.36
1.0 9.0
3.53 9.57
5.19 9.19
4.02 9.0
4.02 9.0
2.62 5.74
4.02 9.0
2.13 9.11
3.18 5.96
2.29 1.97
1.0 9.0
4.02 9.0
4.02 9.0
1.0 9.0
0.82 9.02
1.0 9.0
0.28 9.0
8.38 7.28
3.37 1.8
5.59 9.02
4.12 8.88
4.72 1.33
1.17 8.39
0.28 8.8
1.0 8.95
3.0 9.14
1.24 8.83
1.25 8.87
4.02 8.98
4.02 8.98
1.0 9.0
4.02 9.0
3.8 8.99
4.81 1.29
5.19 8.48
3.34 1.81
4.02 8.98
3.55 7.31
4.02 9.0
0.28 9.0
5.6 9.02
8.69 6.97
4.06 0.4
3.97 8.54
7.47 7.92
1.01 8.98
5.67 6.9
6.27 0.34
1.96 1.97
1.0 9.0
3.65 8.15
0.67 4.78
9.01 0.83
0.8 5.44
1.0 9.0
1.0 9.0
5.59 7.69
8.38 7.28
3.37 1.8
6.47 0.42
4.02 8.99
1.0 9.0
3.82 9.24
1.0 9.0
3.97 9.09
3.66 9.42
2.99 9.12
1.0 9.0
4.26 8.01
0.72 9.04
9.21 9.36
2.99 0.52
2.04 1.98
4.32 8.63
0.98 9.0
1.31 8.2
4.82 5.7
5.89 7.82
9.09 5.86
6.63 6.48
9.67 9.02
8.69 6.97
1.17 6.32
7.47 7.92
7.47 7.92
0.28 9.22
4.02 8.99
9.17 9.36
2.94 9.1
5.56 0.34
3.18 6.35
5.25 7.29
1.0 9.0
9.19 9.37
5.6 9.02
3.88 9.17
3.28 9.58
6.27 0.34
0.63 5.68
3.18 6.73
2.29 1.97
0.31 4.7
3.37 1.8
4.02 8.99
3.62 1.72
0.76 5.86
4.12 8.89
0.92 6.09
4.31 9.62
4.22 6.09
3.18 3.44
2.42 4.52
7.47 7.92
3.18 6.35
4.02 9.0
5.48 7.5
9.21 9.36
1.0 9.0
7.42 2.89
1.0 9.0
1.0 9.0
4.67 0.35
3.37 1.8
3.87 9.21
0.98 8.94
1.0 9.0
4.02 9.0
0.81 5.47
3.76 6.95
3.97 9.09
1.0 9.0
1.01 9.01
4.02 8.98
1.0 9.0
2.5 1.61
1.0 9.0
2.16 9.11
1.4 8.34
4.75 5.56
5.32 7.67
4.71 9.3
1.99 9.67
5.49 6.83
3.63 9.42
1.98 5.67
4.02 9.0
5.5 6.83
0.28 4.67
1.31 8.2
1.28 6.38
1.17 1.97
2.42 4.52
1.31 8.2
1.03 9.04
1.0 9.0
8.14 0.93
5.36 7.67
1.0 9.0
4.32 8.65
4.02 8.99
9.03 4.97
6.27 0.34
1.0 9.0
3.18 7.56
1.17 6.32
4.68 7.19
0.28 4.65
0.28 9.0
4.02 9.0
1.0 9.0
4.23 9.64
0.28 8.82
1.0 9.0
2.85 9.11
2.5 1.61
6.61 6.48
7.61 0.92
4.07 8.96
0.28 9.2
4.67 0.35
1.0 9.0
3.81 8.98
1.16 1.97
1.98 5.68
1.0 9.0
4.62 8.14
6.02 0.35
4.31 9.62
1.02 8.99
4.02 9.0
1.0 9.0
9.32 0.43
8.62 4.38
4.26 8.01
9.09 5.86
4.02 9.0
4.82 5.7
5.69 6.93
6.53 6.43
2.33 1.92
1.97 4.25
4.77 8.17
0.28 9.0
4.1 8.35
5.32 6.73
1.0 9.0
5.92 5.77
9.09 5.86
1.96 1.97
0.28 1.01
2.29 1.97
1.0 9.0
6.47 0.42
1.63 9.67
9.67 9.02
5.49 0.33
4.68 7.19
4.63 6.33
1.0 9.0
3.67 9.41
4.12 8.89
4.68 7.19
1.0 9.0
4.68 7.14
3.47 7.05
5.03 5.81
0.36 4.48
3.64 8.17
4.86 5.73
2.55 0.7
5.19 7.12
6.18 0.4
6.63 6.48
1.0 9.0
4.67 0.35
4.02 9.0
5.04 6.58
4.85 7.23
1.0 9.0
5.56 0.34
0.98 9.14
1.0 9.0
4.22 8.79
0.28 8.21
2.5 1.61
1.0 9.0
1.06 8.88
4.22 6.09
1.38 1.55
1.0 9.0
9.55 2.99
2.5 1.61
3.18 6.73
0.38 9.08
8.4 0.93
1.0 9.0
5.86 7.03
2.5 1.61
2.85 9.11
5.56 0.34
1.34 9.67
1.0 9.0
4.12 8.9
2.42 4.52
2.62 6.08
9.67 6.53
2.62 7.24
0.98 8.98
2.5 1.61
9.67 9.02
9.09 5.86
4.22 6.09
3.22 1.95
1.0 9.0
0.28 9.0
1.0 9.0
1.0 9.0
0.46 9.67
0.8 9.67
2.42 4.52
4.27 5.38
5.44 9.01
1.0 9.0
5.27 9.25
0.28 8.55
1.0 9.0
1.0 9.0
6.63 6.48
1.0 9.0
4.32 8.69
4.87 5.75
0.51 4.63
1.02 9.67
9.06 0.41
1.98 5.67
9.09 5.86
3.05 9.05
0.28 4.65
4.12 8.9
4.26 9.65
4.02 9.0
6.32 5.69
6.54 6.42
4.75 5.56
6.63 6.48
1.97 4.29
0.92 7.25
1.18 6.33
1.0 9.0
5.04 6.58
8.57 0.92
5.19 7.12
9.67 1.37
4.02 9.0
9.01 0.83
1.02 9.0
4.35 8.62
6.5 6.18
1.0 9.0
3.78 7.57
3.63 9.42
9.03 4.97
5.72 6.96
2.5 1.61
1.98 5.67
9.03 4.85
3.91 7.44
4.02 9.0
4.37 4.95
4.88 0.35
4.69 9.48
2.69 0.59
6.07 0.41
8.14 0.93
9.09 5.86
4.06 0.4
3.21 9.67
3.17 8.22
0.93 7.09
9.03 4.8
5.59 5.85
3.6 1.83
9.67 9.02
0.99 9.49
4.3 9.67
3.32 1.91
4.69 9.48
3.21 0.4
3.31 8.59
4.02 8.98
0.28 8.92
1.0 9.0
0.4 8.78
0.5 9.21
9.55 2.99
6.02 7.12
5.36 7.67
2.49 1.61
4.77 9.35
2.75 0.4
4.6 6.64
1.0 9.0
1.59 9.11
9.09 5.86
7.33 5.08
8.18 4.42
2.18 0.91
0.28 4.84
3.36 0.43
1.15 8.94
3.24 8.32
9.03 0.32
4.02 9.06
2.62 7.24
2.16 9.11
9.01 0.83
4.29 9.64
5.17 8.53
1.0 9.0
4.32 9.62
7.32 0.91
9.52 6.44
4.07 3.69
1.03 8.92
4.17 0.33
2.75 8.91
1.63 9.67
5.31 6.73
3.24 8.13
4.93 6.53
4.05 0.38
4.28 9.67
0.28 8.94
8.44 0.93
4.22 8.79
6.76 0.37
5.05 9.22
0.28 1.01
3.33 0.77
4.12 8.89
4.32 8.64
6.38 0.38
9.67 9.17
0.28 4.58
2.62 7.24
2.68 9.67
4.37 4.95
1.0 9.0
1.0 9.0
3.18 6.73
4.02 9.0
4.02 9.0
0.98 8.93
0.28 8.21
1.0 9.0
3.73 0.44
9.67 9.02
3.47 9.63
5.05 9.22
0.92 6.11
0.66 4.78
6.6 5.85
1.0 9.0
4.37 4.95
2.7 1.98
3.18 3.44
2.52 9.67
4.15 4.86
4.85 6.43
8.14 0.93
5.48 0.33
7.71 0.93
9.67 6.53
4.02 9.0
1.38 1.55
4.02 9.0
7.32 0.91
1.0 9.0
1.01 9.0
4.17 8.84
1.0 9.0
9.67 9.02
4.27 8.74
5.12 8.58
4.32 8.64
9.13 9.14
3.18 6.48
1.0 9.0
0.28 8.21
9.03 8.3
9.24 5.97
1.06 9.24
3.18 3.39
1.09 8.98
8.7 0.93
7.33 8.39
9.67 9.02
5.06 9.17
6.17 0.28
1.0 9.0
4.4 9.67
6.07 0.41
4.86 0.36
0.32 4.61
9.32 0.43
5.75 6.98
1.0 9.0
4.15 8.55
1.0 9.0
8.66 5.68
1.98 5.67
0.28 6.95
0.42 4.91
1.98 5.67
4.12 8.89
0.93 9.17
3.21 9.67
2.52 0.67
5.11 8.58
4.02 9.0
1.0 9.0
7.61 0.92
3.35 9.67
4.17 8.83
0.28 9.18
2.21 9.34
4.42 9.51
5.05 6.58
5.35 7.67
1.98 5.67
4.57 0.41
3.82 0.44
0.28 9.12
3.76 7.54
4.12 8.9
9.03 4.85
7.74 6.62
1.38 1.55
1.0 9.0
1.86 6.41
3.68 1.79
4.37 4.95
0.54 4.68
5.92 7.06
1.0 9.0
4.24 0.36
1.98 5.67
1.0 9.0
1.14 8.96
4.54 1.41
0.9 9.67
3.38 5.63
9.03 4.85
1.0 9.0
9.03 4.85
4.19 8.29
2.52 0.67
9.27 1.86
6.5 1.99
5.12 9.12
5.82 7.03
7.61 0.92
5.86 7.03
4.17 8.83
6.56 2.17
6.67 4.0
9.26 4.79
0.93 8.18
1.92 6.37
0.28 8.9
4.15 4.86
1.38 1.55
4.02 9.01
7.73 0.32
3.59 1.83
1.0 9.0
4.12 8.9
2.49 1.61
3.22 1.95
5.75 6.98
0.42 4.68
0.28 1.01
6.8 0.6
9.04 3.84
4.07 3.69
1.38 1.55
5.42 6.78
0.28 8.8
3.31 8.59
5.22 8.48
0.28 4.57
9.49 6.47
2.55 0.7
9.67 6.53
7.42 2.89
2.62 7.28
5.52 9.67
5.63 6.88
9.03 0.32
4.27 5.45
6.02 7.11
1.38 1.55
7.15 0.81
3.27 7.81
6.12 7.17
1.0 9.0
9.04 3.44
4.27 5.38
9.03 8.34
7.32 6.17
4.02 9.0
1.0 9.0
1.0 9.0
3.18 5.84
4.27 8.74
4.02 9.0
7.54 0.38
7.61 0.92
5.59 9.02
0.95 9.17
2.43 8.84
4.17 8.83
4.71 0.39
4.75 0.34
3.06 9.1
4.42 9.51
1.38 1.55
1.0 9.0
0.28 1.01
5.52 9.67
4.12 8.91
2.44 9.67
8.94 6.42
3.31 9.25
1.0 9.01
4.22 8.79
3.18 3.44
5.45 7.72
4.51 9.67
5.49 6.83
0.74 9.67
0.98 8.99
0.28 9.0
3.9 0.43
2.18 0.91
4.32 8.66
1.0 9.0
9.06 0.28
1.16 8.96
3.18 5.84
0.77 9.59
0.28 1.01
1.01 9.02
1.98 5.67
5.64 6.88
6.07 0.28
3.22 4.16
1.38 1.55
1.38 1.55
7.76 0.97
1.0 9.0
3.35 9.49
3.62 2.53
1.0 9.0
2.53 9.03
4.12 8.89
3.91 7.44
4.17 8.85
0.28 4.54
3.31 8.59
0.28 6.95
2.49 1.61
3.92 9.15
1.88 7.24
4.02 9.01
9.06 0.89
8.55 7.47
2.5 1.61
3.18 6.43
4.17 8.83
1.0 9.0
2.45 8.78
9.55 2.99
3.73 0.44
7.7 5.11
1.38 1.55
0.32 4.74
5.82 7.01
4.02 9.0
0.89 8.83
6.43 0.39
3.29 9.54
3.18 3.44
4.12 8.89
5.52 7.77
0.85 8.92
2.9 7.85
0.96 9.01
5.31 0.33
4.69 6.62
3.18 5.61
3.38 5.63
2.73 8.9
1.0 9.0
3.19 9.67
0.99 9.0
3.25 9.44
0.33 4.8
3.25 1.84
2.97 0.53
2.55 9.67
4.32 8.7
3.71 0.47
0.28 9.0
4.17 8.84
0.93 7.53
6.62 0.43
2.26 7.95
5.59 9.02
4.12 8.89
9.08 1.22
0.76 9.67
1.0 9.0
3.73 4.46
9.67 6.49
4.02 9.0
7.7 5.11
5.6 9.02
0.8 9.5
4.28 3.25
4.22 0.42
4.32 8.65
4.43 9.4
1.33 9.67
4.32 8.65
9.61 7.33
0.98 8.99
5.74 0.41
9.03 8.3
5.19 7.09
6.56 2.17
9.03 8.3
2.12 9.67
3.22 4.16
0.28 4.85
3.08 9.15
5.52 9.67
4.02 9.0
9.1 9.5
4.12 8.91
9.55 2.99
1.3 9.64
2.04 0.81
4.69 6.62
9.07 0.28
1.0 9.0
1.09 8.19
5.07 7.79
5.52 9.67
8.48 2.3
5.16 0.43
9.22 3.76
8.63 0.93
0.83 9.67
9.55 2.99
1.0 9.0
7.55 0.37
4.67 9.46
4.12 8.9
2.07 0.37
1.0 9.0
5.52 9.67
1.06 9.67
5.6 9.02
1.0 8.99
9.26 0.43
5.59 9.02
0.94 9.04
1.63 6.44
3.62 9.43
5.58 9.02
1.07 9.06
2.09 9.67
0.99 9.01
3.95 1.7
9.53 6.51
6.56 2.17
7.15 4.93
6.11 0.28
8.69 0.93
4.57 7.14
2.18 0.91
0.28 9.0
2.16 0.89
4.3 9.67
5.59 9.02
1.0 9.0
7.42 8.5
9.55 2.99
9.67 6.54
3.62 2.53
0.28 4.52
7.73 0.32
3.62 9.44
4.28 9.67
6.02 7.12
0.28 4.8
0.28 1.01
4.0 6.91
2.18 0.91
4.02 9.0
4.27 0.35
1.0 9.0
3.19 9.45
