1.0 9.0
1.01 8.99
1.0 9.0
0.28 9.0
0.28 9.0
1.0 9.0
4.02 9.0
1.0 9.0
1.01 8.96
4.02 9.0
0.28 9.0
0.28 9.0
1.0 9.0
1.18 8.85
1.0 9.0
1.0 9.0
4.02 9.0
4.02 9.0
0.28 9.0
4.02 9.0
1.85 9.14
0.28 9.0
5.46 6.78
4.02 9.0
1.0 9.0
0.28 9.0
1.0 8.89
0.28 9.0
1.0 9.0
0.28 9.0
2.52 9.53
0.99 8.95
1.0 9.0
6.12 7.15
3.82 9.26
3.82 9.24
1.0 9.0
1.0 9.0
0.28 9.0
1.0 9.0
0.28 9.0
3.92 9.15
1.1 8.92
1.0 9.0
4.02 9.0
4.69 7.07
1.0 9.0
0.28 9.0
1.0 9.0
4.02 9.0
0.28 9.0
0.28 9.0
1.0 9.0
3.96 9.02
3.51 6.88
0.28 9.0
1.0 9.0
1.0 9.0
1.0 9.0
1.0 9.0
0.28 9.0
0.28 9.0
4.02 9.0
3.19 9.67
1.0 9.0
0.28 9.0
4.02 9.0
1.0 9.0
1.13 8.91
0.99 9.03
4.02 9.0
0.28 9.0
1.0 9.0
1.0 9.0
1.0 9.0
1.0 9.0
1.0 9.0
1.0 9.0
0.28 9.0
1.0 9.0
1.0 9.0
2.07 9.67
4.02 9.0
0.28 9.0
1.0 9.0
2.62 6.86
0.28 9.0
1.0 9.0
1.0 9.0
1.61 9.17
1.0 9.0
0.28 9.0
0.98 8.97
0.28 5.76
0.28 9.0
1.0 9.0
1.0 9.0
4.02 9.0
1.0 9.0
1.08 8.98
1.0 9.0
4.02 9.0
1.0 9.0
0.28 9.0
0.28 9.0
0.35 9.67
1.0 9.0
0.28 9.0
2.05 9.67
0.28 9.0
1.01 8.92
0.28 9.0
4.02 9.0
1.0 9.0
0.28 9.01
1.0 9.0
0.28 9.0
1.0 9.0
0.28 9.0
3.19 9.67
1.0 9.0
4.02 9.0
1.0 9.0
0.28 9.0
0.28 9.0
0.28 9.0
1.02 8.83
3.82 9.24
1.0 9.0
1.0 9.0
1.0 9.0
4.02 9.0
4.02 8.99
4.02 9.0
0.28 9.0
3.89 9.17
0.28 9.0
4.02 9.0
1.0 9.0
0.28 9.0
1.0 9.0
1.0 9.0
4.02 9.0
1.0 9.0
0.28 9.0
0.28 9.0
0.28 9.0
0.28 9.0
1.0 9.0
1.0 9.0
0.28 9.0
1.0 9.0
0.28 9.0
0.28 9.0
1.0 9.0
4.02 9.0
0.28 9.0
1.2 6.81
0.28 9.0
1.0 9.0
2.62 6.86
0.28 9.0
1.0 9.0
0.28 9.0
0.28 9.0
1.0 9.0
1.0 9.0
4.02 9.0
4.02 9.0
0.28 8.99
1.0 9.0
4.17 8.85
3.89 9.17
0.28 9.0
1.0 9.0
3.18 7.57
0.28 9.0
0.28 9.0
4.66 7.64
1.0 9.0
1.0 9.01
3.32 9.51
4.02 9.0
0.28 9.0
1.0 9.0
1.0 9.0
1.0 8.89
1.0 9.0
3.99 9.07
1.0 9.0
0.28 9.0
1.0 9.0
1.18 8.85
0.28 9.0
0.28 9.0
4.02 9.0
0.28 9.03
0.28 9.56
1.1 8.66
1.0 9.0
0.28 9.0
1.01 8.99
1.0 9.0
1.0 9.0
4.22 7.84
0.88 9.67
1.0 9.0
1.0 9.0
1.0 9.0
0.28 9.0
1.0 9.0
1.0 9.0
0.28 9.0
1.0 9.0
3.97 9.1
1.0 9.0
1.0 8.99
1.0 9.0
1.01 8.98
4.69 7.65
1.01 9.01
1.0 9.0
0.28 9.0
1.0 9.0
1.0 9.0
4.02 9.02
1.0 9.0
1.0 9.0
1.0 9.0
1.35 9.67
1.0 9.0
1.0 9.0
1.0 9.0
4.02 9.0
1.0 9.0
1.0 9.0
4.02 9.0
1.37 9.67
1.0 9.0
0.28 9.0
0.99 9.0
1.0 9.0
4.59 8.37
1.0 9.0
1.0 9.0
3.51 6.88
6.12 7.15
1.0 9.0
1.0 9.0
4.02 9.0
0.28 9.0
1.0 9.0
1.0 9.0
1.0 9.0
4.02 8.99
0.28 9.06
1.0 8.99
0.28 9.0
1.0 9.0
1.03 8.81
1.0 9.0
3.92 9.17
0.28 9.0
1.0 9.0
4.02 9.0
1.0 9.0
0.28 9.0
1.0 9.0
1.17 7.76
0.28 9.0
0.28 9.0
1.0 9.0
1.0 9.0
1.02 8.83
1.36 8.95
1.0 9.0
1.85 9.14
1.0 9.0
1.0 9.0
1.7 9.67
1.0 9.0
3.51 6.88
1.0 9.0
1.0 9.0
1.0 8.99
0.28 9.04
1.48 6.07
1.0 9.0
2.62 6.81
1.0 9.0
1.0 9.0
1.36 8.95
0.29 4.33
1.0 9.0
2.62 6.86
4.02 9.0
1.13 8.91
0.28 9.0
1.0 9.0
1.0 9.0
1.01 8.94
4.02 9.0
5.1 6.58
1.0 9.0
3.92 9.17
3.18 7.57
0.28 9.0
1.0 9.0
1.01 8.96
1.0 9.0
1.0 9.0
5.27 6.7
0.28 9.0
0.28 9.0
1.0 9.0
4.02 9.0
4.69 7.07
0.28 9.0
1.0 9.0
4.02 9.0
1.1 8.92
1.0 9.0
0.83 9.67
1.0 9.0
0.99 8.95
4.02 9.01
0.28 9.0
1.0 9.0
3.67 9.39
3.99 8.75
5.46 6.78
0.28 9.0
4.02 9.0
1.0 9.0
1.0 9.0
1.0 9.0
1.0 9.0
1.7 6.94
0.28 9.55
1.0 9.0
1.0 9.0
1.0 9.0
0.28 9.0
1.0 9.0
1.56 9.67
1.0 9.0
1.0 9.0
4.02 9.0
1.25 8.87
3.44 8.99
1.0 9.0
0.28 9.0
1.0 9.0
1.06 8.88
1.0 9.0
0.28 9.0
1.0 9.0
3.18 7.29
1.0 9.0
1.0 9.0
0.28 9.0
1.01 8.96
0.28 9.0
3.51 6.88
4.02 9.0
3.18 6.31
3.95 9.12
3.6 8.94
1.0 9.0
1.03 8.94
1.2 6.81
1.7 9.67
1.0 9.0
4.79 6.43
3.87 9.2
0.28 9.0
3.68 7.09
4.02 9.0
0.28 9.0
1.95 7.24
1.01 8.98
0.97 8.95
4.02 9.0
3.4 6.37
3.18 7.57
1.0 9.0
4.02 9.0
0.98 8.97
1.0 9.0
1.01 9.0
1.0 9.0
1.13 8.91
1.18 8.85
1.13 8.91
0.28 9.0
1.01 8.96
0.28 9.0
3.98 9.07
1.0 9.0
1.0 9.0
4.02 9.0
1.03 8.81
4.02 9.0
4.02 9.0
4.02 9.0
4.02 9.0
1.25 8.87
1.2 6.81
4.02 9.0
1.0 9.0
3.92 9.17
1.36 8.95
1.06 8.98
1.47 9.66
1.0 9.0
2.08 9.14
1.0 9.0
0.28 9.0
3.81 8.86
0.28 8.94
3.87 9.2
1.01 8.95
1.12 9.67
1.2 6.81
1.0 9.0
1.0 9.0
0.28 8.73
1.0 9.0
2.62 6.81
3.82 9.24
4.02 9.0
1.06 8.88
1.0 9.0
1.0 9.0
8.95 8.99
1.06 8.88
4.02 9.0
1.0 9.0
3.87 9.17
4.02 9.0
4.02 9.0
0.28 9.14
0.28 9.0
1.17 7.76
0.28 9.0
3.91 9.17
4.69 7.07
0.28 9.0
1.0 9.0
0.99 9.0
4.62 8.29
1.56 9.67
1.0 9.0
1.0 9.0
1.07 8.89
1.0 9.0
1.0 9.0
1.0 9.0
1.01 8.96
1.0 9.0
2.62 3.69
1.0 9.0
1.0 9.0
1.0 9.0
1.0 9.0
4.02 9.0
1.2 6.81
3.18 6.16
0.28 9.0
4.02 9.0
1.0 9.0
1.0 9.0
1.04 8.93
0.28 9.0
2.62 6.86
0.28 9.0
3.51 6.88
1.36 8.95
1.3 8.89
1.0 9.0
1.39 9.67
1.0 9.0
1.08 8.98
1.0 9.0
0.84 8.84
4.66 6.92
1.0 9.0
1.0 9.0
3.51 6.88
0.28 9.0
4.02 9.0
1.17 7.76
1.1 8.66
1.0 9.0
4.32 8.7
3.57 8.45
2.62 6.91
3.96 9.12
1.0 9.0
4.69 7.65
4.02 9.0
0.28 9.24
1.0 9.0
0.28 9.0
1.0 9.0
1.0 9.0
1.07 9.14
1.0 9.0
0.94 8.83
1.0 9.0
3.5 9.62
0.28 9.0
4.58 7.53
0.28 9.15
0.28 9.0
1.0 9.01
4.02 9.0
0.91 8.95
3.18 7.29
4.02 9.0
3.54 6.85
3.43 9.06
3.18 9.02
4.02 9.0
1.0 8.89
1.0 9.0
1.0 9.0
4.69 7.65
1.0 9.0
3.52 8.87
1.0 9.0
1.0 9.0
0.28 9.55
0.28 9.0
0.28 9.0
1.0 8.9
1.2 6.81
1.18 8.85
1.0 9.0
4.02 9.05
5.27 6.7
4.99 9.11
1.36 8.95
4.02 9.0
1.0 9.0
1.84 9.67
0.83 9.67
1.0 9.0
1.07 8.89
1.0 9.0
0.28 9.0
4.79 6.43
1.0 9.0
1.25 8.87
4.51 8.47
2.65 7.63
4.02 8.99
1.1 8.66
1.1 8.66
4.02 9.0
1.0 9.0
2.62 6.86
2.95 9.67
0.6 9.48
4.62 8.28
0.28 9.0
0.28 5.76
3.18 6.16
2.62 6.94
1.0 9.0
4.69 7.07
3.18 5.94
1.0 9.0
1.0 9.0
3.43 9.06
1.84 9.67
1.0 9.0
4.32 8.7
0.81 7.06
4.02 9.0
1.0 9.0
1.12 9.67
2.62 6.81
1.7 9.67
1.0 9.0
0.42 2.54
3.18 9.02
4.17 8.84
1.0 9.0
3.57 8.45
3.51 6.88
3.53 9.5
4.02 9.0
4.02 9.0
1.02 8.77
1.2 6.81
0.28 9.0
3.98 8.96
4.22 8.79
1.0 9.0
5.28 6.73
1.0 9.0
1.84 9.67
0.28 9.0
1.18 8.85
1.0 9.0
3.18 7.29
4.02 9.0
1.7 9.67
4.02 9.0
1.0 9.0
1.0 9.0
1.0 9.0
1.0 9.0
2.98 7.78
1.0 9.0
3.82 9.27
1.1 8.66
3.18 7.57
1.0 9.0
2.62 6.86
1.0 9.0
3.6 9.52
1.0 9.0
0.28 8.96
4.59 8.37
4.34 8.36
0.28 9.0
0.98 9.0
0.28 9.0
4.32 8.63
1.0 9.0
1.06 6.9
1.0 9.0
1.0 9.0
4.02 9.0
1.0 9.0
5.22 6.63
1.0 9.0
2.62 6.77
3.51 6.88
1.2 6.81
1.0 9.0
1.0 9.0
0.28 9.13
3.18 7.57
1.2 6.81
1.0 9.0
1.84 9.67
1.0 9.0
1.2 6.81
4.73 6.38
4.02 9.0
3.18 9.02
1.0 9.0
0.28 9.0
3.31 9.21
1.0 9.0
1.0 9.0
4.27 7.74
0.98 8.99
1.77 6.97
2.05 3.14
4.02 9.0
0.28 9.29
1.0 9.0
2.62 6.81
2.98 7.78
3.53 9.5
1.12 9.67
1.0 9.0
1.0 9.0
3.18 7.29
1.0 9.0
3.18 7.28
1.0 9.0
3.89 9.17
4.02 9.0
1.0 9.0
1.12 9.67
0.28 9.0
1.0 9.0
4.02 9.0
1.0 9.0
1.02 8.82
0.28 9.0
4.02 9.0
5.27 6.7
1.12 9.67
4.02 9.0
3.18 5.95
1.95 7.24
3.72 9.32
0.28 9.55
0.28 9.0
1.0 9.0
0.28 9.55
4.02 9.0
0.66 9.67
0.99 9.0
0.28 9.0
4.0 9.07
3.63 9.23
1.0 9.0
3.18 7.29
3.37 9.02
2.62 6.87
1.2 6.81
1.42 9.67
4.02 9.0
0.28 9.0
4.02 9.0
4.73 7.12
1.72 9.67
4.02 9.0
3.88 9.1
1.0 9.0
1.0 9.0
4.69 7.07
0.33 4.38
3.52 9.6
4.97 7.9
4.02 9.0
0.28 9.0
4.32 8.65
3.98 9.0
0.28 8.96
4.02 9.0
1.0 9.0
3.77 8.88
4.02 9.0
1.0 9.0
4.22 7.84
0.81 7.06
3.97 9.08
4.02 9.0
4.32 8.68
1.0 9.0
0.99 9.01
0.28 8.81
4.79 6.43
0.62 9.67
1.27 9.67
4.02 9.0
1.0 8.99
0.29 4.33
0.28 9.0
0.28 9.0
1.58 8.95
1.2 6.81
4.02 9.03
1.0 9.0
4.32 8.72
1.0 9.0
0.28 9.0
4.02 9.0
2.62 6.86
5.46 6.78
0.28 5.5
2.62 6.81
3.59 9.52
4.17 8.85
4.69 7.07
1.03 9.01
1.1 9.66
2.95 9.67
0.28 9.31
0.28 9.02
3.18 6.16
0.28 9.0
5.1 6.58
4.02 9.0
1.0 9.0
1.0 9.0
0.83 5.12
3.23 9.67
4.02 9.0
0.28 9.0
1.72 9.67
1.0 9.0
3.18 6.31
4.02 9.0
4.8 6.43
1.2 6.81
5.82 6.98
1.0 9.0
4.02 9.0
4.02 9.0
1.0 9.0
3.37 9.02
5.03 9.07
0.28 9.0
0.28 9.24
4.02 9.0
1.01 5.23
1.01 8.98
0.28 9.0
1.0 9.0
2.62 6.86
1.0 9.0
1.2 6.81
4.02 9.0
1.0 9.0
3.57 6.8
1.0 9.0
0.28 5.76
1.0 9.0
1.0 9.0
3.18 5.95
0.28 9.0
1.0 9.0
0.28 9.0
4.02 9.0
4.02 9.0
8.95 8.99
1.0 9.0
3.52 9.59
1.0 9.0
2.62 6.86
1.0 9.0
1.0 9.0
0.28 8.9
4.02 8.99
4.02 9.0
1.13 9.67
5.53 7.83
1.0 9.0
1.0 9.0
5.13 7.17
1.0 9.0
4.02 9.0
2.95 9.67
6.12 7.15
2.98 7.78
0.28 9.0
4.02 9.0
3.18 6.31
1.05 9.03
3.18 7.28
3.18 5.76
0.28 9.0
1.05 8.71
1.28 8.95
1.01 8.97
3.18 6.81
1.0 9.0
2.95 9.67
4.96 6.53
1.0 9.0
1.17 7.76
1.0 9.0
4.22 7.84
2.95 9.67
4.02 9.0
4.02 9.0
0.81 7.06
4.02 9.0
3.18 6.31
0.28 4.96
0.28 5.76
1.0 9.0
1.0 9.0
0.28 9.0
4.22 7.84
3.23 9.67
1.0 9.0
1.0 9.0
0.42 2.54
4.02 9.02
1.75 9.67
4.22 7.84
4.4 7.44
4.22 7.84
1.01 5.23
6.12 7.15
0.29 4.33
0.28 9.0
1.35 9.67
1.0 9.0
1.0 9.0
0.28 7.3
4.62 8.28
5.45 6.78
2.97 9.67
0.28 9.0
1.0 9.0
1.7 8.9
4.79 6.43
4.66 6.92
0.81 7.06
0.28 9.0
1.71 5.98
4.46 8.52
4.02 9.0
0.99 8.99
4.02 8.98
2.78 7.78
3.01 9.67
3.52 9.6
4.02 9.0
4.73 6.38
0.29 4.33
4.62 6.33
0.28 5.76
0.28 9.0
2.16 8.16
4.02 9.0
0.99 8.98
0.29 4.33
0.28 5.76
1.0 9.0
0.28 9.0
1.25 9.67
1.0 9.0
1.0 9.0
2.62 6.77
4.79 6.43
4.02 9.0
1.05 9.01
0.28 9.0
8.95 8.99
3.32 6.95
0.29 4.33
5.1 6.58
4.02 9.0
4.02 9.0
5.13 7.17
4.69 7.07
2.65 7.63
1.0 9.0
1.48 6.07
4.69 7.07
0.28 9.0
0.28 4.96
0.28 8.66
4.02 9.0
1.0 9.0
1.0 9.0
3.18 5.95
1.0 9.0
1.0 9.0
5.1 6.58
1.47 8.96
0.98 8.99
1.0 9.0
0.28 9.0
1.0 9.0
4.47 8.49
3.34 8.98
4.22 8.79
4.66 6.92
1.0 9.0
5.46 6.78
1.01 5.23
1.0 9.0
8.95 8.99
1.0 9.0
0.81 7.06
0.28 5.76
5.46 6.78
0.99 8.94
1.03 9.02
4.02 9.0
1.7 8.9
0.28 9.0
1.48 6.07
1.14 8.12
6.12 7.15
0.28 8.22
1.0 9.0
1.0 9.0
4.94 6.53
4.02 8.98
4.02 9.0
4.02 9.0
1.0 9.0
0.94 5.18
3.97 9.08
5.03 9.07
0.29 4.33
1.0 9.0
0.29 4.33
1.0 9.0
4.1 8.83
4.97 9.15
1.0 9.0
4.69 7.07
0.28 9.0
4.02 9.0
5.32 7.04
0.97 8.98
4.02 8.99
1.0 9.0
4.02 9.0
1.0 9.0
3.82 7.0
4.17 8.83
0.29 4.33
3.87 9.22
1.0 9.0
3.4 6.37
3.4 6.37
1.0 9.0
3.87 9.2
1.0 9.0
1.74 7.04
3.18 6.31
4.02 9.0
1.0 9.0
0.28 5.76
3.96 7.53
1.07 8.9
2.62 6.94
1.0 9.0
0.35 9.67
1.02 9.16
1.0 9.0
1.0 9.0
3.18 6.31
1.0 9.0
1.0 9.0
1.0 9.0
3.18 6.31
0.28 9.0
1.0 9.0
1.0 9.0
4.02 9.0
0.28 9.0
4.12 8.88
0.28 5.76
2.67 9.67
1.0 9.0
1.0 9.0
1.0 9.0
2.08 9.14
0.28 5.76
0.28 9.0
1.0 9.0
0.99 8.87
3.68 7.09
3.92 9.15
0.28 9.0
1.0 9.0
0.28 4.96
1.06 6.9
1.0 9.0
4.02 9.0
8.95 8.99
0.42 7.78
4.02 9.0
1.0 9.0
0.28 9.0
1.0 9.0
1.0 9.0
4.02 9.0
1.0 9.0
1.14 8.12
0.28 9.0
3.83 9.22
2.05 3.14
0.28 9.0
4.02 9.0
1.0 9.0
4.02 9.0
1.0 9.0
4.02 9.0
0.62 9.67
0.33 4.38
1.0 9.0
3.4 6.37
3.18 5.82
1.1 9.09
3.68 7.09
4.17 8.84
0.28 9.0
1.75 6.96
3.4 6.37
0.29 4.33
0.29 4.33
4.02 9.0
4.32 8.64
1.0 9.0
3.07 9.67
8.95 8.99
1.0 8.99
3.53 8.33
4.02 9.0
8.95 8.99
1.0 9.0
4.07 8.95
1.0 5.23
3.65 9.42
1.0 9.0
1.01 9.0
1.0 9.0
4.02 9.0
0.28 5.76
0.28 9.0
1.01 5.23
0.28 9.0
1.48 6.07
1.0 9.0
2.62 3.69
4.02 9.0
1.0 9.0
1.0 9.0
1.0 9.0
1.0 9.0
1.0 9.0
2.16 8.16
1.0 9.0
4.02 9.0
5.53 7.83
1.0 9.0
1.0 9.0
3.43 6.38
0.29 4.33
3.18 5.76
3.18 5.76
0.28 9.0
4.02 9.0
1.0 8.99
0.28 9.0
0.29 4.33
0.28 9.0
3.97 9.12
2.62 9.67
0.28 9.0
4.03 6.28
3.11 9.67
1.02 9.01
1.01 5.23
0.28 7.94
0.28 9.0
1.0 9.0
1.0 9.0
0.28 9.01
1.0 9.0
0.28 9.08
0.6 9.67
0.93 9.67
0.28 5.01
1.71 5.98
4.02 9.0
0.29 4.33
1.0 9.0
0.97 9.67
1.0 9.0
0.42 2.54
0.29 4.33
0.42 2.54
1.95 7.24
4.02 9.0
0.83 5.14
0.28 9.0
1.0 9.0
0.28 9.0
1.0 9.0
3.87 7.2
0.29 4.33
1.0 9.0
4.94 9.17
1.84 9.67
1.01 5.23
1.48 6.07
1.0 9.0
1.0 9.0
0.29 4.33
1.0 9.0
0.28 9.0
3.07 9.67
3.18 5.95
1.0 9.0
5.05 9.06
1.0 9.0
3.82 8.98
1.0 9.0
1.0 9.0
0.29 4.33
0.28 9.0
4.02 9.0
0.28 9.42
0.28 9.0
1.0 9.0
5.03 9.07
1.0 9.0
0.28 8.43
3.56 5.9
1.04 8.95
4.02 9.0
0.29 4.33
0.28 8.24
3.18 6.31
4.02 9.0
0.29 4.33
2.65 7.63
1.0 9.0
1.02 8.97
1.0 9.0
0.97 8.91
0.29 4.33
0.28 9.0
0.28 9.0
0.28 9.0
0.28 9.0
0.29 4.33
3.74 6.85
0.28 9.0
1.0 9.0
1.0 9.0
0.42 2.54
0.28 9.0
0.29 4.33
2.62 6.91
1.01 5.23
0.28 9.0
0.99 8.9
4.02 9.0
0.42 7.78
0.72 9.24
0.29 4.33
0.28 5.01
2.62 3.69
4.02 9.0
0.28 5.76
0.28 8.8
1.24 8.72
2.67 7.71
0.28 9.0
2.65 7.63
1.0 9.0
0.98 5.23
0.28 9.39
0.28 9.0
3.64 6.68
0.28 9.0
0.28 9.21
0.28 9.03
1.95 7.24
1.0 9.0
2.62 6.94
4.02 9.0
3.18 6.01
0.28 9.0
1.0 9.0
0.28 8.34
1.0 9.0
1.0 9.0
1.05 8.94
0.29 4.33
1.0 9.0
1.0 9.0
4.02 9.0
1.48 6.07
0.29 4.33
0.28 9.0
0.28 9.0
0.29 4.33
1.0 9.0
3.72 9.37
3.92 9.13
4.02 9.0
0.33 4.38
0.29 4.33
4.97 7.89
4.02 9.0
4.02 9.0
0.28 4.96
0.85 9.48
0.29 4.33
0.3 4.33
1.02 5.23
3.11 9.67
0.28 9.0
4.02 9.0
1.0 9.0
1.0 9.0
1.0 9.0
2.66 7.63
0.29 4.33
0.29 4.33
0.29 4.33
1.0 9.0
4.02 9.0
3.67 5.86
3.96 7.53
4.02 9.0
4.02 9.0
1.0 9.0
0.98 8.98
1.0 9.0
1.9 9.67
1.0 9.0
0.28 9.0
0.28 9.0
0.29 4.33
0.29 4.33
0.28 8.98
0.29 4.33
1.0 9.0
1.0 9.0
1.0 9.0
0.42 2.54
1.0 9.0
0.29 4.33
0.29 4.33
1.39 5.97
1.0 9.0
5.29 6.73
1.0 9.0
0.29 4.33
0.28 4.96
0.28 9.0
1.66 8.87
0.29 4.33
0.28 9.0
1.0 9.0
0.29 4.33
0.28 9.0
4.02 9.0
0.3 4.33
0.29 4.33
3.4 6.37
4.02 9.01
0.98 9.01
0.29 4.33
4.03 6.28
0.29 4.33
0.28 9.0
0.29 4.33
0.28 9.0
0.42 2.54
1.02 8.94
0.28 9.0
0.29 4.33
0.28 9.0
1.0 9.0
3.64 6.68
1.0 9.0
0.28 8.96
0.29 4.33
0.29 4.33
0.94 5.18
1.01 8.68
0.29 4.33
0.28 9.0
0.28 5.76
1.17 9.18
3.78 6.64
0.29 4.33
1.0 9.0
1.0 8.87
1.0 9.0
0.28 8.16
1.0 9.0
0.28 9.0
0.28 9.0
4.62 8.28
4.02 9.04
1.48 6.07
0.28 9.31
1.0 9.0
3.29 9.67
1.0 9.0
0.28 9.0
0.28 8.78
1.0 9.0
1.0 9.0
0.28 5.83
0.29 4.33
0.99 8.99
1.0 9.0
0.3 4.33
0.28 9.0
3.97 9.11
0.28 9.0
4.17 8.85
0.99 8.87
0.29 4.33
2.05 3.14
3.87 9.22
1.0 9.0
1.0 9.0
0.29 4.33
0.29 4.33
0.28 9.0
0.28 9.0
1.0 9.0
0.42 2.54
1.0 9.0
4.62 8.3
0.29 4.33
1.0 9.0
0.28 9.0
0.42 2.54
0.29 4.33
3.4 6.37
0.29 4.33
1.0 9.0
0.29 4.33
0.29 4.33
0.28 4.96
0.42 2.54
1.0 9.0
0.29 4.33
5.07 7.8
1.0 9.0
1.0 9.0
2.62 3.69
1.02 5.23
4.03 6.28
3.04 9.67
1.0 8.92
0.29 4.33
1.27 5.6
5.53 7.83
0.29 4.33
4.02 9.0
0.28 9.0
1.46 9.67
1.0 9.0
0.29 4.33
3.18 6.17
0.28 9.0
0.28 9.0
0.29 4.33
0.29 4.33
0.28 8.99
0.28 9.0
3.18 6.31
1.0 8.97
0.29 4.33
0.83 5.14
0.45 4.53
4.02 9.0
0.29 4.33
0.29 4.33
1.59 6.18
0.29 4.33
0.29 4.33
1.0 9.0
3.56 5.9
0.29 4.33
0.28 9.0
4.02 9.0
0.29 4.33
0.28 8.3
0.42 2.54
0.28 9.0
0.29 4.33
1.0 9.0
0.42 2.54
0.29 4.33
0.42 2.54
1.01 9.01
0.84 9.67
0.29 4.33
0.29 4.33
1.0 9.0
4.02 9.0
3.4 7.61
0.28 5.01
3.29 9.67
0.29 4.33
0.29 4.33
0.29 4.33
0.29 4.33
0.29 4.33
0.42 2.54
4.03 6.28
0.29 4.33
1.33 9.67
0.29 4.33
1.0 9.0
0.29 4.33
5.07 7.8
0.29 4.33
0.29 4.33
0.28 9.0
4.32 8.63
0.32 7.42
1.0 9.0
3.49 6.34
0.29 4.33
1.0 9.0
1.0 9.0
0.28 9.0
0.28 9.01
1.0 9.0
1.0 9.0
0.82 9.67
0.29 4.33
1.0 9.0
0.29 4.33
4.58 6.33
1.0 9.0
0.94 5.18
0.29 4.33
1.0 9.0
4.37 8.58
0.29 4.33
4.02 8.99
0.29 4.33
0.29 4.33
1.0 9.0
1.97 9.67
0.28 7.83
0.33 4.38
1.04 5.28
0.29 4.33
0.29 4.33
1.0 9.0
1.0 9.0
0.3 4.33
1.0 9.0
0.29 4.33
1.71 5.98
0.29 4.33
1.24 9.67
0.28 8.98
0.98 9.03
0.3 4.33
0.29 4.33
4.03 6.28
1.05 8.99
1.0 9.0
1.0 9.0
0.33 4.38
0.29 4.33
1.0 9.0
2.77 7.76
0.29 4.33
0.28 9.0
0.29 4.33
0.3 4.33
1.0 9.0
3.38 9.06
0.33 4.38
1.0 9.0
0.29 4.33
1.0 9.0
0.29 4.33
1.0 9.0
0.29 4.33
0.29 4.33
0.29 4.33
1.0 9.0
0.29 4.33
0.28 8.2
0.42 2.54
1.0 9.0
1.0 9.0
1.6 6.18
3.56 5.9
3.73 7.51
0.28 8.57
0.29 4.33
0.28 9.0
0.29 4.33
0.28 9.0
1.32 5.68
1.1 8.85
0.28 9.08
1.0 9.0
0.29 4.33
4.02 9.0
0.29 4.33
0.3 4.33
0.28 9.0
2.02 9.37
4.58 6.33
0.29 4.33
4.49 7.36
1.0 9.0
3.72 6.66
1.02 8.91
2.77 7.76
2.77 7.76
0.42 2.54
0.42 2.54
3.39 7.58
2.62 3.65
1.6 6.18
1.0 9.0
5.29 6.73
1.02 8.96
1.04 8.91
0.28 4.96
1.0 9.0
1.71 5.98
1.57 6.2
2.82 9.33
1.0 9.0
0.29 4.33
0.28 9.0
1.27 5.6
1.0 9.0
0.28 7.3
1.27 5.6
0.83 5.14
0.3 4.33
0.83 5.14
0.28 9.0
0.28 9.0
0.28 9.0
0.98 9.04
1.0 9.0
0.42 2.54
4.02 9.0
4.02 9.0
2.62 3.69
0.42 2.54
0.28 6.38
0.28 9.0
1.71 5.98
1.0 9.0
0.42 2.54
2.3 0.58
3.57 9.54
1.0 9.0
1.0 9.0
3.18 6.24
0.28 7.83
0.42 2.54
0.28 9.0
0.28 6.65
0.28 5.5
1.0 9.0
0.42 2.53
5.12 7.73
0.29 4.33
2.03 6.71
0.29 4.33
1.02 5.23
0.5 8.95
1.0 9.0
1.0 9.0
1.0 9.0
1.97 9.67
4.72 7.14
0.3 4.33
0.28 9.0
1.0 9.0
4.02 9.0
0.42 2.54
2.62 3.69
3.18 6.01
3.18 7.54
0.42 2.54
1.83 5.93
0.28 9.0
1.0 9.0
2.67 9.67
4.17 8.86
4.02 9.0
8.97 8.79
1.27 5.6
0.99 9.01
0.42 2.54
1.02 5.23
1.0 9.0
1.0 9.0
0.99 8.93
1.0 9.0
3.6 6.17
1.27 5.6
5.51 6.83
0.29 4.33
0.42 2.53
0.42 2.54
0.42 2.54
1.0 9.0
0.83 5.12
1.05 9.67
0.28 9.0
3.46 6.39
2.82 9.33
0.42 2.54
0.42 2.54
5.41 6.78
0.28 9.0
4.72 7.14
4.02 9.0
1.0 9.0
4.02 8.98
4.46 7.3
4.02 9.0
0.42 2.54
1.51 8.96
1.0 9.0
1.04 8.92
0.29 4.33
3.97 9.12
4.02 9.0
0.3 4.33
0.28 9.0
0.42 2.54
1.0 9.0
1.0 9.0
1.0 9.0
3.92 9.15
0.28 9.02
0.28 4.96
0.42 2.54
0.28 9.0
0.41 4.48
0.29 4.33
0.45 4.92
0.42 2.54
0.42 2.54
4.17 8.3
4.07 8.96
1.04 8.13
0.42 2.54
0.28 9.0
0.28 9.0
1.0 9.0
4.02 9.01
0.28 5.01
0.28 9.0
1.0 9.0
0.28 9.0
4.02 9.0
4.51 7.28
0.28 9.0
1.0 9.0
1.0 9.0
0.42 2.53
0.42 2.54
1.05 7.41
0.29 4.33
0.28 5.5
1.0 9.0
1.32 5.68
0.42 2.54
0.28 9.0
0.42 2.53
1.0 9.0
0.28 9.0
0.29 4.33
0.42 2.54
0.42 2.54
0.42 2.54
0.42 2.54
0.42 2.54
0.28 9.0
2.62 3.69
0.29 4.33
0.42 2.54
5.28 7.67
0.42 2.54
0.28 6.47
0.42 2.54
0.42 2.54
4.07 8.93
0.42 2.54
0.29 4.33
0.42 2.54
1.0 8.98
3.36 5.63
1.0 9.0
0.29 4.33
2.03 6.71
1.0 9.0
0.42 2.53
0.42 2.54
1.85 6.08
1.0 9.0
4.38 9.38
4.75 8.17
4.02 9.0
0.28 4.55
0.28 9.0
0.42 2.54
0.42 2.53
0.42 2.54
0.42 2.54
0.42 2.54
0.42 2.54
0.28 9.0
1.07 9.67
1.0 9.0
0.28 9.0
1.0 9.0
0.28 9.0
2.24 8.08
2.77 7.76
1.0 9.0
1.0 9.0
0.28 9.0
0.42 2.54
0.29 9.67
0.28 8.84
0.28 9.0
0.42 2.54
0.83 5.12
0.42 2.53
1.0 9.0
1.06 6.78
1.0 9.0
1.0 9.0
0.42 2.54
0.97 8.87
0.42 2.54
0.29 4.33
4.01 8.97
2.67 9.67
3.56 5.9
4.02 9.0
0.42 2.54
8.97 8.79
4.02 9.0
0.42 2.53
2.73 9.59
0.42 2.54
0.42 2.53
0.42 2.54
5.41 6.78
3.18 7.36
2.62 3.69
0.28 9.0
1.0 9.0
1.0 9.0
0.29 4.33
1.0 9.03
1.01 8.94
0.42 2.54
4.33 8.62
1.05 7.41
0.42 2.54
0.29 4.33
0.42 2.53
0.42 2.54
2.62 3.69
0.42 2.54
0.42 2.54
0.42 2.54
1.0 9.0
0.29 4.33
0.28 6.38
5.77 6.98
1.04 8.51
0.42 2.54
0.42 2.54
1.0 9.0
1.0 9.0
3.11 9.2
0.42 2.53
0.42 2.54
1.97 2.88
0.42 2.53
0.42 2.54
2.67 9.67
1.0 9.0
1.0 8.86
3.98 9.07
0.42 2.54
1.0 9.0
2.04 3.13
1.0 9.0
3.18 6.01
0.42 2.53
0.42 2.54
0.28 9.0
3.26 8.76
1.0 9.0
4.02 9.0
0.42 2.54
0.42 2.54
0.28 9.0
0.28 9.0
2.05 3.72
0.42 2.54
4.02 9.0
0.28 9.0
0.72 9.67
0.42 2.54
0.42 2.53
0.42 2.54
0.42 2.53
0.42 2.54
3.46 6.4
4.07 8.96
0.42 2.53
5.37 6.73
1.84 8.8
4.02 9.0
1.0 9.0
4.35 2.93
0.28 9.09
2.62 6.12
1.0 9.0
1.0 9.0
0.45 4.92
0.42 2.53
3.87 9.22
0.42 2.54
2.62 6.15
0.29 4.33
0.42 2.53
4.48 7.93
0.42 2.53
0.42 2.53
1.0 9.0
1.0 9.0
2.62 3.69
0.42 2.53
1.0 9.0
0.29 4.33
0.42 2.54
0.28 9.67
0.42 2.54
0.42 2.54
0.28 9.27
3.18 6.01
0.42 2.54
0.42 2.54
1.0 9.0
2.24 8.08
1.0 9.0
3.44 9.67
4.02 9.0
0.3 2.53
0.28 9.37
0.42 2.53
1.0 9.0
1.0 9.0
0.28 9.0
2.2 9.67
0.42 2.53
1.0 9.0
9.14 8.87
4.02 9.0
0.28 9.55
1.0 9.0
4.92 7.32
0.42 2.54
3.05 7.73
1.0 9.0
0.42 2.54
1.0 9.0
3.58 5.83
0.28 9.0
0.42 2.53
0.42 2.54
2.05 3.14
1.0 9.0
4.02 9.0
0.28 3.13
0.28 9.0
0.28 8.99
4.02 9.0
1.0 9.0
0.28 9.0
0.42 2.54
1.76 8.95
8.97 8.79
0.28 8.33
1.62 5.93
0.28 9.0
1.0 9.0
4.24 6.83
4.02 9.0
0.28 9.0
0.28 9.0
0.42 2.53
1.05 8.82
0.29 4.33
0.28 9.0
1.0 9.0
3.73 6.67
1.27 5.58
1.0 9.0
0.42 2.53
0.28 9.0
0.5 4.82
4.22 8.79
1.0 9.0
4.02 9.02
3.87 5.88
1.97 2.88
0.42 2.53
0.29 4.33
0.42 2.53
0.42 2.54
0.28 9.04
1.0 9.0
0.97 8.99
1.0 9.0
0.42 2.54
0.42 2.53
0.42 2.54
2.05 3.14
3.45 6.37
0.42 2.53
3.78 6.95
3.56 5.9
0.28 9.0
0.42 2.53
5.32 7.67
1.83 6.6
0.42 2.53
4.02 9.0
0.42 2.53
0.28 9.0
1.0 9.0
4.75 8.17
1.0 9.0
0.42 2.53
3.77 6.6
0.42 2.54
2.05 3.14
1.0 9.0
0.42 2.54
0.42 2.54
0.28 9.0
0.42 2.54
4.02 9.0
0.42 2.53
4.02 9.0
0.42 2.53
0.42 2.53
0.42 2.53
0.42 2.53
2.05 2.85
0.86 8.84
5.3 6.73
0.42 2.56
0.42 2.53
2.05 3.14
2.29 7.46
0.42 2.54
0.42 2.54
1.64 6.83
0.42 2.53
0.42 2.54
0.99 9.6
0.42 2.53
1.97 2.88
0.42 2.53
0.42 2.53
1.0 9.0
0.28 8.96
0.42 2.54
0.28 8.47
0.42 2.54
0.42 2.53
0.42 2.53
0.42 2.54
0.42 2.54
0.42 2.53
1.0 9.0
3.68 9.25
2.91 9.32
0.42 2.54
2.62 3.65
0.42 2.54
0.42 2.53
0.42 2.53
0.42 2.53
0.42 2.54
0.42 2.53
2.05 3.14
0.42 2.54
0.42 2.55
0.42 2.53
0.42 2.53
0.42 2.53
0.29 9.11
0.42 2.53
0.42 2.53
3.38 2.58
3.7 5.83
0.42 2.53
3.52 8.79
1.0 9.0
1.0 9.0
0.42 2.54
8.97 8.8
1.22 5.57
5.47 6.81
0.28 9.0
1.83 5.93
0.42 2.54
9.14 8.87
1.84 6.61
0.42 2.54
4.02 8.99
2.05 3.14
0.42 2.53
0.42 2.54
3.38 2.58
0.42 2.54
1.0 9.0
1.0 9.0
0.99 9.0
0.42 2.54
0.28 9.37
4.02 9.0
0.42 2.53
4.02 9.0
0.42 2.54
8.85 8.74
0.42 2.53
0.42 2.53
4.02 9.0
3.36 5.63
0.42 2.53
1.85 6.08
4.52 8.46
3.44 6.36
0.28 9.0
4.02 9.0
2.05 3.14
4.02 9.0
4.39 7.17
0.42 2.54
8.97 8.79
0.28 9.0
0.42 2.53
0.42 2.53
9.04 8.81
0.28 9.0
0.42 2.53
2.05 3.14
0.28 9.0
1.93 5.82
1.0 9.0
8.97 8.79
0.66 8.39
0.42 2.54
0.28 3.11
0.42 2.53
0.41 4.48
1.29 3.96
0.42 2.53
4.45 8.52
1.0 9.0
1.0 9.0
1.0 9.0
2.88 7.78
2.05 3.14
1.12 2.61
0.42 2.53
0.28 2.92
0.42 2.53
1.83 5.93
1.0 9.0
5.02 6.56
1.0 9.0
0.42 2.53
1.0 9.0
0.42 2.54
8.97 8.79
2.05 3.14
1.0 9.0
0.42 2.54
0.42 2.54
0.42 2.53
0.42 2.54
3.97 6.76
0.42 2.53
1.0 9.0
1.0 9.0
0.28 9.0
3.96 8.16
0.42 2.54
0.42 2.54
0.28 4.73
0.42 2.54
5.27 6.7
5.37 6.73
0.42 2.53
0.97 9.01
0.36 9.67
0.42 2.53
0.42 2.54
1.0 9.0
1.0 9.0
1.0 9.0
0.42 2.53
0.28 6.38
1.0 9.0
1.0 9.0
1.04 9.0
0.28 9.0
0.42 2.53
0.42 2.53
1.0 9.0
0.55 3.24
1.0 9.0
0.31 2.53
0.42 2.53
1.0 9.0
2.05 3.14
0.42 2.54
3.39 9.23
3.96 8.16
1.0 9.0
0.42 2.53
0.28 9.0
0.28 8.21
0.41 4.48
1.97 6.03
0.28 9.0
0.42 2.56
1.0 9.0
0.42 2.53
4.02 9.0
5.42 7.52
1.0 9.0
0.42 2.53
3.58 8.63
1.0 9.0
0.42 2.54
0.28 9.0
0.58 3.23
0.42 2.54
0.42 2.54
0.5 4.82
1.96 2.87
4.23 7.8
0.42 2.53
4.02 9.0
1.93 5.82
0.42 2.53
2.92 7.79
4.02 9.0
3.97 6.76
0.42 2.54
0.28 9.0
2.88 7.78
1.0 9.0
0.42 2.56
0.45 4.53
4.07 8.95
1.58 7.1
4.02 9.0
0.42 2.54
5.22 6.63
4.02 9.0
0.28 8.98
3.43 7.49
2.05 3.14
2.04 3.13
4.14 6.69
2.05 3.14
1.0 9.0
0.42 2.54
5.37 6.75
0.45 4.53
0.42 2.54
4.32 8.67
1.83 6.6
0.97 7.26
1.93 5.82
0.42 2.54
0.42 2.53
1.62 5.93
0.42 2.53
1.0 9.0
0.28 9.0
3.18 5.6
0.42 2.53
0.28 9.0
0.42 2.54
2.05 3.14
1.0 9.0
1.0 9.0
1.97 2.88
0.3 2.53
1.27 5.58
0.42 2.54
2.05 3.14
1.04 9.53
2.05 3.14
1.0 9.0
0.45 4.53
0.41 4.48
2.04 3.13
1.0 9.0
2.06 6.54
1.0 9.0
2.16 4.2
4.02 9.0
0.38 5.54
1.0 9.0
2.92 7.79
0.42 2.54
3.17 9.1
1.97 6.03
4.14 6.69
1.0 9.0
1.1 3.7
1.0 9.0
0.28 9.0
5.16 6.94
0.58 3.23
4.02 9.0
0.28 4.98
4.02 9.0
3.85 6.73
2.05 3.14
2.05 2.85
0.28 2.97
1.27 5.58
4.02 9.0
0.28 6.38
4.02 9.0
1.0 9.0
1.0 9.0
1.93 5.82
4.02 9.0
1.0 9.0
3.7 5.83
1.0 9.0
2.05 3.14
4.17 8.85
0.41 4.48
0.28 5.23
0.42 2.53
1.97 2.88
1.01 9.67
0.28 9.0
1.0 9.0
0.28 3.13
1.0 9.0
2.05 3.14
1.0 9.0
1.0 9.0
0.54 3.23
1.27 5.58
1.84 5.93
4.02 8.99
1.0 9.0
1.86 5.93
0.28 7.29
3.18 7.66
0.91 9.22
3.38 2.58
1.03 9.0
1.0 9.0
0.42 2.54
1.0 9.0
3.18 5.6
0.28 9.0
4.42 8.56
3.07 9.67
1.36 9.11
1.0 5.23
1.97 2.88
1.82 6.6
0.73 4.93
1.01 9.0
2.06 3.14
1.83 3.2
0.42 2.56
4.02 9.0
1.0 9.0
2.62 3.65
4.07 8.97
1.83 3.2
1.97 2.88
4.17 8.86
1.97 2.88
0.28 9.0
1.01 9.0
0.54 3.24
1.0 9.0
1.96 2.87
4.02 9.0
5.42 7.52
3.03 7.93
2.04 3.13
0.3 2.53
1.0 9.0
0.97 5.22
0.28 9.0
1.97 2.92
0.28 9.13
2.88 7.78
0.31 2.53
2.7 8.16
3.54 9.57
0.28 9.11
3.18 6.01
0.28 4.73
4.34 6.95
0.87 9.67
1.0 9.0
0.28 5.02
0.42 2.56
1.0 9.0
4.02 9.0
0.31 2.53
1.98 2.94
4.82 7.16
4.02 9.0
0.52 3.24
3.18 5.6
0.28 9.07
2.06 3.14
1.0 9.0
1.27 5.58
3.42 6.42
0.42 2.53
5.07 7.81
0.54 3.24
2.04 3.13
2.04 3.13
0.42 2.53
4.02 9.0
0.5 4.82
5.42 7.52
0.97 7.26
1.0 9.0
1.45 6.61
1.0 9.0
0.28 6.97
0.42 2.53
1.97 2.88
4.02 9.0
0.28 2.98
0.3 2.53
0.28 6.38
0.68 3.49
3.44 7.54
4.01 9.07
3.36 5.63
0.28 8.47
0.42 2.53
1.27 5.58
0.28 2.92
4.42 8.57
4.02 9.0
0.42 2.56
1.22 5.58
1.0 9.0
5.22 6.63
1.03 8.96
0.42 2.54
0.41 4.48
4.02 9.0
3.39 8.97
3.18 5.6
1.09 9.67
5.55 7.49
1.96 2.88
0.42 2.56
4.02 9.0
1.97 2.88
2.06 3.14
1.0 9.0
2.7 8.16
4.92 6.83
0.68 3.48
0.31 2.53
1.02 8.98
0.58 3.23
0.42 2.56
0.42 2.54
1.1 8.84
1.0 9.0
4.21 6.08
4.48 8.47
2.04 3.13
1.0 9.0
2.04 3.13
4.47 8.49
0.42 2.53
0.67 3.49
0.79 9.06
0.38 9.67
1.0 9.0
3.85 6.73
0.42 2.54
3.42 6.42
3.5 8.74
1.0 9.0
4.02 9.0
0.42 2.54
0.54 3.23
0.42 2.53
4.08 6.03
2.04 3.13
0.97 7.26
0.3 2.53
1.0 9.0
0.3 2.53
3.93 9.12
0.54 8.69
0.42 2.53
4.02 9.0
1.0 9.0
0.5 4.82
1.0 9.0
1.68 3.11
0.97 7.26
4.02 8.99
0.32 9.67
5.37 6.73
0.28 8.96
0.42 2.53
1.97 2.88
1.0 9.0
0.28 9.09
1.98 2.93
3.38 9.67
0.28 4.73
1.51 7.24
1.0 9.01
3.7 5.83
2.62 3.65
0.28 9.0
2.81 7.78
0.38 5.05
2.05 3.13
2.05 2.85
0.3 2.53
1.97 2.88
0.57 3.23
2.04 3.13
1.0 9.0
0.54 3.24
1.98 2.89
0.68 3.49
2.04 3.13
0.42 2.53
6.44 7.71
3.7 5.83
0.28 9.0
0.3 2.53
0.33 5.31
2.04 3.13
0.28 6.97
0.28 2.98
1.97 2.88
0.28 4.77
1.0 9.0
1.0 9.0
1.97 2.88
1.97 2.88
4.08 6.03
1.0 9.0
5.27 6.7
2.62 7.24
0.28 9.0
1.0 9.0
4.22 8.79
4.02 9.0
0.54 3.24
5.67 6.88
1.0 9.0
4.02 9.0
1.0 9.0
1.0 9.0
0.68 3.48
1.98 2.95
1.83 3.2
0.28 2.98
0.28 9.0
4.02 9.0
1.59 9.28
4.47 8.48
7.07 7.96
1.78 5.33
0.42 2.56
1.98 2.94
1.0 9.0
0.28 9.12
1.0 9.0
3.38 2.58
0.42 2.53
1.97 2.88
3.85 6.73
1.97 2.88
5.42 7.52
0.28 2.66
4.02 9.0
3.38 6.38
0.48 4.99
1.97 2.88
1.98 2.89
4.22 6.09
2.81 7.78
2.04 3.13
2.05 2.85
1.0 9.0
4.97 7.92
1.0 9.0
0.28 2.98
1.0 9.0
0.37 3.17
1.1 8.88
2.94 9.39
3.07 9.67
3.42 6.42
5.37 6.76
0.65 4.78
2.81 7.78
0.42 2.56
3.92 9.13
1.0 9.0
3.38 2.58
1.64 6.83
2.04 3.13
1.0 9.0
0.28 7.27
1.97 2.88
3.19 6.49
0.79 5.8
2.04 3.13
5.38 6.78
4.39 8.57
1.0 9.0
2.09 3.17
6.27 8.76
2.62 3.65
0.53 3.23
2.81 7.78
0.42 2.56
1.29 3.96
2.45 8.05
0.54 3.24
2.18 4.84
1.0 9.0
0.28 2.96
7.86 8.28
0.86 6.48
5.67 6.88
4.57 6.29
0.68 3.48
0.68 3.49
1.31 6.18
4.08 6.03
2.07 6.32
0.42 2.53
0.28 7.29
4.08 6.03
0.28 8.75
1.0 9.0
0.85 3.33
1.23 8.85
4.02 9.0
0.28 4.73
1.65 6.43
1.0 9.0
4.59 9.18
9.01 9.38
0.28 9.0
1.0 9.0
0.56 3.24
3.27 9.16
6.27 8.76
0.98 3.55
0.28 3.15
0.28 8.96
1.0 9.0
3.38 2.58
1.97 3.15
1.0 9.0
1.0 9.0
1.0 9.0
4.87 6.46
2.05 2.85
4.02 8.99
4.21 8.82
0.79 5.8
0.42 2.56
3.7 5.83
0.28 7.21
0.94 7.89
0.68 3.48
3.99 9.07
1.42 9.67
0.31 2.53
0.28 6.83
4.17 8.84
3.7 5.83
0.48 4.99
3.73 9.13
1.29 3.96
0.28 2.92
5.37 6.73
4.82 8.1
0.28 5.32
1.0 9.0
4.02 9.0
0.28 9.0
0.67 3.5
1.96 2.87
2.06 3.14
2.01 2.89
1.0 9.0
3.38 2.58
0.28 5.62
1.0 9.0
0.37 3.17
5.22 6.66
4.02 9.0
4.02 9.0
0.58 3.23
0.28 3.12
0.28 6.97
1.03 8.98
0.28 9.0
0.68 3.48
3.7 5.83
3.83 7.57
0.99 7.43
1.0 9.0
1.0 9.0
1.96 2.87
0.28 2.92
2.05 2.85
1.0 9.0
3.38 2.58
1.78 5.33
0.62 8.59
0.28 9.49
1.96 2.87
0.28 9.0
0.38 5.54
6.44 7.71
2.05 2.85
1.98 2.94
1.97 2.88
4.38 8.57
9.28 6.62
1.97 2.92
0.42 2.54
1.1 3.7
1.0 9.0
2.62 3.68
2.01 2.89
1.78 5.33
4.2 6.1
2.05 3.14
0.48 6.23
2.09 5.18
1.0 9.0
0.97 7.71
0.52 3.24
1.1 3.7
0.38 5.54
0.55 3.24
4.02 9.0
0.79 5.8
1.01 9.0
1.0 9.0
3.38 2.58
2.62 3.65
0.31 3.07
3.88 5.93
2.45 8.05
5.12 6.6
1.84 4.59
2.09 3.17
4.97 7.88
1.29 3.96
2.06 3.14
7.1 9.08
0.99 7.43
2.63 9.67
0.38 5.54
2.06 3.14
4.02 9.0
1.0 9.0
2.06 3.14
6.44 7.71
1.0 9.0
0.54 3.24
2.16 4.2
2.16 4.2
1.06 8.97
2.61 5.25
1.0 9.0
5.22 6.66
0.28 8.77
4.02 9.01
0.87 3.35
0.73 4.93
0.88 6.57
0.54 3.23
0.42 2.53
0.99 8.97
1.96 2.88
0.79 5.8
1.96 2.87
1.34 6.24
5.27 8.43
1.82 3.2
1.98 2.94
3.82 9.07
0.28 9.0
1.98 2.94
0.55 3.24
1.0 9.0
7.48 5.26
2.06 3.14
4.65 8.27
9.03 9.58
1.0 9.0
0.28 3.19
3.18 7.01
0.5 8.11
2.07 8.43
0.42 2.54
1.03 7.35
2.05 2.85
1.0 9.0
1.3 9.67
1.97 3.15
2.01 2.89
2.05 2.86
1.29 3.96
9.42 9.67
0.28 2.92
0.28 9.03
0.32 2.9
3.38 2.58
1.0 9.0
3.58 6.18
9.01 9.38
4.02 9.0
4.02 9.0
6.44 7.71
2.05 2.85
3.69 8.74
1.78 5.33
2.05 2.85
1.98 2.95
2.83 9.67
6.56 7.76
1.97 2.92
4.02 9.0
2.4 8.95
5.27 6.72
4.07 6.66
0.35 2.53
4.02 8.99
7.1 9.08
1.0 9.0
1.05 8.95
6.44 7.71
0.79 5.8
1.78 5.33
1.97 2.92
4.02 9.0
2.28 5.42
1.97 2.88
7.1 9.08
1.0 9.0
6.3 7.68
5.47 6.78
1.43 4.85
4.76 8.02
1.78 5.33
0.4 5.36
0.65 4.78
3.38 2.58
0.28 9.0
1.97 2.87
1.0 9.0
0.28 9.0
6.17 8.73
7.1 9.08
1.97 3.15
2.16 4.2
5.02 6.54
2.05 3.74
1.0 9.0
2.05 2.85
1.0 9.0
1.98 2.93
4.02 9.0
3.38 2.58
2.16 4.2
0.54 3.24
0.42 2.53
0.42 2.56
1.12 2.61
1.37 9.67
1.0 9.0
4.32 8.68
1.78 5.33
1.97 2.88
1.0 9.0
1.98 2.95
4.35 2.93
1.96 2.87
2.05 3.72
2.07 2.85
5.22 6.63
1.0 9.0
5.22 6.63
0.78 5.68
9.42 9.67
3.18 7.01
0.5 8.37
2.05 3.72
3.76 6.34
0.72 5.79
1.98 2.89
2.05 2.85
3.38 2.58
4.89 6.7
1.0 9.0
9.38 6.67
2.04 2.84
0.54 3.24
1.26 3.92
5.26 8.43
2.05 2.85
1.0 9.0
3.38 2.58
4.2 6.1
2.62 9.67
1.12 2.61
2.05 2.85
0.87 6.17
0.28 8.73
5.27 6.7
0.85 7.96
3.01 9.14
1.0 9.0
0.72 6.45
2.18 4.84
7.1 9.08
5.22 6.63
3.38 2.58
1.0 9.0
0.61 8.99
2.05 2.85
4.07 8.94
5.37 6.75
5.12 6.6
5.22 6.65
4.02 9.0
5.22 6.66
1.29 3.96
4.0 2.38
4.2 6.1
0.75 8.92
2.05 2.85
9.42 9.67
5.22 6.65
1.0 9.0
2.07 2.85
2.05 2.85
2.05 2.85
2.05 2.85
5.37 6.73
5.31 6.82
3.33 9.12
1.12 2.61
4.02 9.0
1.08 5.38
5.22 6.66
1.97 2.92
1.98 2.88
0.28 9.0
1.97 2.92
1.0 9.0
1.3 3.97
1.96 2.88
5.72 6.96
2.05 2.85
3.38 2.58
1.0 9.0
1.0 9.0
2.05 2.85
1.87 4.62
0.28 8.44
3.38 2.58
4.1 6.5
3.88 5.93
1.0 9.0
4.2 6.1
1.97 2.92
4.02 9.0
1.82 3.2
2.01 2.89
1.0 9.0
0.85 5.88
0.28 5.88
7.86 8.28
9.38 6.67
1.77 6.13
1.42 9.0
1.12 2.61
7.1 9.08
2.05 2.85
1.0 9.0
0.86 7.95
2.05 2.85
2.05 2.85
1.0 9.0
2.62 6.7
1.98 2.89
3.84 5.88
1.67 8.69
2.05 3.72
5.22 6.63
0.98 9.05
2.05 2.85
5.22 6.65
9.0 8.87
2.05 2.85
2.05 2.85
2.05 2.85
1.42 9.09
0.85 3.33
1.96 3.15
4.42 6.21
1.0 9.0
2.05 2.85
1.83 3.2
2.05 2.85
9.28 6.62
2.05 2.85
0.98 3.55
2.07 8.43
4.02 9.0
1.0 9.0
1.07 8.86
2.05 2.85
1.0 9.0
2.05 2.85
4.12 8.92
3.3 6.29
1.12 2.61
2.07 2.85
6.17 7.22
9.42 9.67
1.0 9.0
1.0 9.0
2.05 2.85
2.04 3.13
2.05 3.72
2.01 2.89
1.64 9.67
1.97 2.92
2.05 2.85
1.0 9.0
1.12 2.61
3.88 5.93
1.04 8.92
2.05 2.85
2.07 2.85
0.85 6.66
3.88 5.93
1.18 6.34
2.05 2.85
0.71 8.76
1.43 4.84
3.85 5.88
1.97 2.87
4.02 9.0
7.1 9.08
2.05 2.85
2.3 0.58
2.05 2.85
2.05 2.85
5.27 6.69
2.18 4.84
5.27 6.71
0.28 7.86
2.0 6.98
3.83 7.57
2.3 0.58
1.12 2.62
2.07 2.85
2.06 2.85
0.98 3.55
5.03 7.82
2.2 8.48
1.82 3.2
0.29 9.67
4.02 9.0
5.14 6.63
2.3 0.58
4.02 9.0
4.02 9.0
0.81 7.86
1.12 2.62
1.81 3.2
0.65 5.65
1.96 2.87
3.38 2.58
1.87 4.62
0.28 9.0
0.88 0.62
1.97 2.92
2.05 2.85
0.96 8.04
1.0 9.0
1.0 9.0
1.96 3.15
2.05 2.85
0.85 8.76
0.28 8.99
1.43 4.84
1.12 2.61
0.28 9.0
0.7 5.69
1.97 2.92
0.77 8.85
2.16 4.69
1.0 9.0
0.28 9.0
2.05 2.85
1.24 6.96
0.74 6.0
0.95 8.97
7.48 5.26
6.86 5.1
1.97 2.9
2.04 3.63
2.62 7.02
2.05 3.13
1.96 2.87
5.82 7.01
1.92 4.29
0.48 9.67
1.0 9.0
2.07 2.85
4.57 6.32
2.05 2.85
4.35 2.93
3.18 6.0
2.05 2.85
0.28 9.0
2.07 2.85
2.05 2.85
4.02 9.0
2.05 2.85
0.99 5.23
1.97 2.87
1.0 9.0
1.07 8.23
2.05 3.72
9.28 6.62
2.18 4.84
2.05 2.85
1.0 9.0
2.04 2.84
1.08 5.38
5.22 6.63
3.78 7.42
2.05 3.72
1.97 2.92
1.44 3.18
1.96 3.15
2.05 3.72
0.28 9.0
4.02 9.0
5.22 7.25
1.77 8.96
0.52 3.26
1.0 9.0
1.98 2.89
2.93 7.78
0.49 5.09
4.02 7.57
1.04 8.97
0.65 5.65
3.15 8.98
4.57 6.32
0.28 7.35
1.43 4.84
9.38 6.67
3.18 6.0
3.08 8.01
0.98 3.55
5.03 7.82
3.6 7.25
0.28 9.0
2.05 2.8
3.92 9.15
1.0 9.0
0.74 6.0
1.12 2.61
1.16 3.14
0.28 9.1
9.38 6.67
1.0 9.0
0.42 2.56
1.0 9.0
7.8 8.25
3.34 7.91
7.48 5.26
4.8 8.12
7.85 8.29
1.42 3.15
4.02 9.0
1.96 2.88
5.22 6.67
0.42 2.53
1.97 2.88
4.64 7.18
1.84 4.59
2.24 5.54
1.98 2.89
2.07 2.85
0.28 8.98
4.02 9.0
5.12 6.58
0.42 5.1
3.9 9.17
2.04 3.13
1.0 9.0
1.0 9.0
7.86 8.28
2.05 2.85
1.12 2.61
0.65 5.65
4.02 9.0
1.0 9.0
4.0 2.38
0.98 3.55
1.96 2.87
3.62 9.51
1.0 9.0
0.28 9.0
1.97 2.87
0.69 5.57
2.07 2.85
0.76 9.19
1.0 9.0
2.04 3.24
5.26 7.67
2.3 0.58
1.08 5.38
1.96 2.88
2.23 5.24
2.26 5.35
5.22 6.65
0.71 7.76
0.72 5.96
5.03 7.82
1.84 4.59
2.01 2.89
4.02 9.0
4.02 9.0
9.38 6.67
1.96 2.88
1.12 2.61
4.92 6.52
7.96 8.32
5.15 6.63
8.06 8.37
9.32 9.3
0.28 8.96
9.38 6.67
2.85 7.78
2.96 7.78
0.35 2.53
2.3 0.58
3.38 2.58
7.93 8.33
3.6 7.25
7.48 5.26
8.91 8.74
5.12 6.61
3.78 7.42
4.02 9.0
0.28 9.0
7.48 5.26
0.63 5.95
0.56 3.24
3.84 9.22
7.24 9.11
2.4 8.95
5.22 6.65
0.28 9.0
1.0 9.0
1.0 9.0
4.0 9.07
0.99 5.23
1.97 2.88
5.15 8.81
4.02 7.57
7.86 8.28
4.77 6.38
2.05 2.8
1.83 3.2
2.88 9.09
1.12 2.61
2.03 2.85
4.02 9.0
1.0 9.0
5.12 6.58
2.01 2.89
0.42 2.55
4.57 6.32
5.22 6.64
3.78 9.0
1.0 9.0
1.12 2.61
0.33 5.38
1.0 9.0
0.28 8.65
1.0 9.0
1.0 9.0
3.9 7.97
1.68 3.11
7.7 8.22
7.85 8.29
4.35 2.93
3.03 7.75
2.03 2.87
5.77 7.96
1.0 9.0
3.6 6.19
0.92 8.84
2.26 5.35
1.0 9.0
2.05 3.13
3.88 5.93
4.72 8.19
1.08 0.65
5.22 6.63
5.22 7.69
1.0 9.0
2.6 7.06
1.12 8.92
1.0 9.0
0.72 3.57
1.0 9.0
8.01 8.36
0.88 0.62
0.9 5.13
3.18 5.93
7.82 8.28
9.28 6.62
0.53 4.68
2.3 0.58
1.12 2.61
0.58 3.25
1.0 9.0
7.48 5.26
1.12 2.61
4.02 9.0
2.26 5.35
5.77 7.96
2.05 2.8
1.0 9.0
2.0 6.98
0.88 0.62
1.12 2.61
1.0 9.0
1.0 9.0
1.0 9.0
3.97 9.1
2.07 2.78
2.42 0.57
1.0 9.0
6.04 9.44
2.26 5.35
7.48 5.26
4.02 9.0
1.07 8.87
1.0 9.0
1.0 5.23
2.05 2.84
5.02 6.54
0.75 0.57
4.0 9.07
4.02 9.0
5.32 3.33
5.22 6.65
1.12 2.61
1.12 2.61
0.53 3.23
2.3 0.58
9.38 6.67
0.28 9.0
4.02 9.0
2.26 5.35
1.12 2.61
4.02 9.0
0.28 7.61
1.12 2.62
3.41 8.91
2.04 2.81
1.12 2.61
1.12 2.61
2.05 2.8
4.02 9.0
4.02 9.0
0.28 9.0
0.28 8.95
1.0 9.0
1.0 9.0
0.86 8.18
2.05 2.85
0.28 9.0
3.88 5.93
0.28 8.95
2.05 2.8
1.17 9.12
4.02 9.0
0.72 3.57
2.26 5.35
1.0 9.0
1.0 9.0
3.13 0.53
2.03 2.85
0.59 3.27
4.07 2.88
5.47 6.78
1.12 2.61
2.05 3.13
0.86 7.95
2.01 2.89
7.48 5.26
0.94 8.43
0.99 9.0
3.41 9.01
4.42 6.21
0.28 7.35
2.2 8.48
0.28 7.86
4.0 2.38
7.48 5.26
1.0 9.0
1.22 5.87
0.56 3.09
6.86 5.1
8.91 8.74
0.28 5.8
0.88 0.62
1.83 3.2
1.0 9.0
2.35 7.95
1.0 9.0
1.0 9.0
2.01 2.89
1.67 3.11
2.1 5.37
9.24 9.15
2.07 2.89
1.0 9.0
4.35 2.93
4.32 8.63
1.0 9.0
1.0 9.0
2.3 0.58
1.0 9.0
1.81 3.2
5.28 7.33
1.01 8.99
7.48 5.26
2.03 2.85
2.01 2.89
1.22 5.87
2.3 0.58
7.47 7.91
4.02 9.0
4.02 9.0
2.3 0.58
2.3 0.58
1.0 9.0
2.07 2.85
1.47 5.86
2.05 2.8
2.05 2.81
4.02 9.0
1.0 9.0
0.94 6.14
1.0 9.0
6.86 5.1
0.28 8.84
5.0 7.79
5.27 6.71
1.12 2.61
1.0 9.0
5.22 6.66
1.09 8.67
5.27 6.7
5.22 6.66
0.28 9.0
0.63 5.91
1.0 9.0
0.28 9.0
1.0 9.0
0.28 9.0
1.97 2.9
1.01 9.0
5.55 6.83
1.0 9.0
1.68 3.11
1.0 9.0
2.05 2.79
4.02 9.0
3.61 2.53
7.48 5.26
2.01 2.89
7.49 9.67
7.48 5.26
2.05 3.41
5.27 6.68
0.64 7.51
5.12 6.62
5.92 7.03
0.71 6.43
0.42 2.53
0.86 7.93
4.02 9.0
1.0 9.01
2.3 0.58
3.28 2.6
9.39 6.67
2.3 0.58
5.27 6.68
5.32 8.38
1.12 5.38
1.12 2.61
3.38 2.58
0.28 9.0
0.83 4.09
2.3 0.58
1.0 9.0
1.0 9.0
0.28 9.0
1.01 0.69
4.02 9.0
1.12 2.61
1.0 9.0
3.4 5.88
3.23 5.58
3.17 3.82
2.35 7.95
2.03 2.85
1.12 2.61
1.0 9.0
2.51 6.17
0.28 9.0
3.32 5.93
4.35 2.93
4.02 9.07
3.01 9.67
6.86 5.1
3.57 9.13
4.02 9.0
2.94 7.78
1.0 9.0
1.92 4.29
4.35 2.93
3.97 9.1
0.89 0.63
1.0 9.0
0.95 0.62
3.97 9.0
0.88 0.62
2.22 5.78
2.2 8.48
3.78 8.46
5.38 7.68
4.0 9.07
7.47 7.91
2.3 0.58
2.05 2.81
1.0 9.0
4.63 8.17
1.0 9.0
1.0 9.0
0.32 9.67
1.0 9.0
2.05 2.81
1.27 5.61
2.07 2.85
4.02 9.0
1.05 8.91
8.97 9.05
2.05 3.13
0.53 8.82
0.92 9.04
5.22 6.66
1.0 9.0
5.47 6.79
0.28 9.0
1.0 8.99
2.3 0.58
2.3 0.58
1.0 9.01
1.05 8.95
3.28 0.53
1.0 9.0
2.07 2.78
1.0 9.0
2.05 2.8
3.18 6.04
4.32 8.66
1.24 9.67
2.3 0.58
1.11 8.9
0.88 0.62
0.28 9.0
0.94 3.68
3.96 3.02
4.18 8.4
3.18 4.36
3.9 2.43
6.06 9.43
0.86 8.0
0.88 0.62
3.18 5.72
1.12 2.61
1.01 9.67
4.95 6.53
2.4 0.58
0.95 9.67
9.38 6.67
3.58 7.81
1.0 9.0
9.38 6.67
3.61 2.53
0.88 0.62
1.0 9.0
1.0 9.0
3.18 4.36
2.3 0.58
0.4 2.93
4.32 8.65
4.02 9.0
2.3 0.58
5.37 6.77
1.01 8.87
0.28 9.0
0.88 0.62
0.28 9.0
0.88 0.62
0.28 8.95
4.07 8.96
1.92 4.29
4.02 9.0
2.2 8.48
1.0 9.0
2.35 7.95
4.35 2.93
1.0 9.0
1.48 9.67
3.18 5.73
1.0 9.0
4.12 8.89
4.02 9.0
6.84 9.0
4.02 9.0
2.47 0.58
2.3 0.58
3.96 3.02
1.0 9.0
1.0 9.0
2.3 0.58
1.52 9.67
4.02 9.0
8.29 8.46
2.61 5.25
0.28 9.0
3.72 2.48
5.53 7.83
2.3 0.58
0.88 0.62
1.09 6.3
5.15 8.81
4.35 2.93
0.97 0.65
1.0 9.0
0.83 4.09
4.02 9.0
5.26 6.68
3.18 4.36
4.46 3.71
0.28 5.88
4.02 9.0
4.02 9.0
3.01 9.67
0.43 3.03
1.16 3.14
2.64 8.58
4.04 7.6
0.64 8.85
2.62 6.66
1.0 9.0
5.53 7.79
2.3 0.58
1.0 9.0
0.88 0.69
1.0 9.0
0.42 2.53
3.18 3.81
0.28 9.0
2.88 9.67
2.3 0.58
1.0 9.0
0.98 8.97
2.62 6.78
5.33 8.28
4.12 8.88
1.92 4.29
1.19 0.58
4.65 8.0
4.02 9.0
3.98 2.94
2.49 6.01
0.28 9.0
0.28 9.0
9.39 6.67
3.77 5.85
3.44 5.92
1.0 9.0
2.3 0.58
1.0 9.0
5.21 6.63
0.95 0.62
2.3 0.58
8.39 9.4
2.3 0.58
1.0 9.0
3.77 9.18
5.27 6.71
1.84 0.62
1.0 9.0
0.28 9.5
5.18 6.63
3.96 9.12
2.3 0.58
1.16 3.14
2.3 0.58
4.02 9.0
3.83 9.22
4.65 7.72
1.0 9.0
1.0 9.0
3.9 2.43
0.68 3.88
1.0 9.0
2.3 0.58
1.0 9.0
0.88 0.69
3.17 3.82
2.71 8.26
3.13 7.7
3.9 6.47
0.28 9.0
1.19 0.58
5.22 9.13
1.0 9.0
3.39 5.63
5.02 7.83
4.38 9.38
1.04 9.11
0.28 7.99
1.0 9.0
2.3 0.58
3.92 9.15
1.05 6.86
4.02 9.0
0.7 8.36
0.86 0.62
2.26 0.59
2.23 5.24
0.54 5.87
0.28 8.84
1.0 9.0
3.53 8.98
3.61 2.53
5.28 2.16
3.64 5.78
1.0 9.02
3.28 2.6
5.18 6.63
4.07 8.94
2.3 0.58
2.3 0.58
5.37 6.73
1.01 9.01
0.28 9.05
4.02 9.0
1.0 9.0
8.53 8.58
1.0 9.0
5.53 7.84
2.3 0.58
2.3 0.58
6.31 4.78
3.18 4.36
2.4 0.58
2.3 0.58
4.55 9.49
1.12 5.38
3.13 0.53
5.72 4.45
1.01 9.01
1.0 9.0
1.0 9.0
1.0 9.0
1.24 9.67
1.0 9.0
1.01 8.99
5.58 7.92
5.58 7.88
1.0 9.0
4.17 8.84
2.3 0.58
1.0 9.0
2.3 0.58
5.48 7.73
2.71 8.26
1.0 9.0
3.9 2.43
3.42 5.92
1.0 9.0
2.3 0.58
2.3 0.58
2.3 0.58
2.3 0.58
4.35 2.93
2.3 0.58
2.4 0.58
2.3 0.58
1.67 3.11
5.37 6.73
1.0 9.0
2.3 0.58
2.3 0.58
0.8 0.66
2.3 0.58
3.28 0.53
2.3 0.58
0.94 3.68
2.3 0.58
2.3 0.58
1.13 0.67
1.0 9.0
3.13 0.53
4.02 8.99
1.85 8.6
3.18 6.03
2.3 0.58
2.3 0.58
4.68 8.22
4.02 9.0
1.0 9.0
2.3 0.58
4.46 3.71
1.0 9.0
4.27 8.76
2.3 0.58
5.53 7.83
2.3 0.58
2.3 0.58
3.18 4.32
2.23 5.24
2.3 0.58
5.53 7.81
1.0 9.0
9.28 9.29
1.0 9.0
1.34 6.17
2.3 0.58
6.31 4.78
4.38 9.4
1.0 9.0
5.36 6.73
2.3 0.58
7.47 7.91
2.42 0.57
1.0 9.0
2.3 0.58
2.3 0.58
1.05 9.07
2.3 0.58
3.28 0.53
4.02 9.0
1.04 8.95
2.3 0.58
3.28 0.53
4.02 9.0
2.3 0.58
0.92 0.56
5.58 7.92
3.56 5.73
2.3 0.58
4.02 9.0
5.72 4.45
1.18 9.67
3.18 6.11
3.9 2.43
1.0 9.0
2.3 0.58
4.32 0.47
0.94 8.8
0.28 9.23
0.35 2.53
0.28 9.0
2.73 9.67
0.92 0.6
5.37 6.77
2.3 0.58
2.3 0.58
1.0 9.0
2.3 0.58
3.56 9.01
7.47 7.91
2.3 0.58
3.28 0.53
2.55 0.57
5.27 6.7
1.0 9.0
4.12 8.9
1.16 3.14
2.4 0.58
0.87 0.61
1.53 8.92
3.28 0.53
4.07 8.94
4.38 9.4
5.03 4.1
0.28 9.0
1.0 9.0
3.17 3.8
3.61 6.12
4.32 8.65
4.02 9.0
2.3 0.58
6.31 4.78
4.07 8.96
0.54 4.68
3.9 2.43
6.45 4.18
1.26 9.67
4.02 9.0
1.0 9.0
1.17 0.61
0.99 0.65
4.02 8.99
2.3 0.58
4.02 9.0
2.3 0.58
2.39 0.58
5.72 4.45
4.02 9.0
0.28 9.0
0.91 0.62
4.02 9.0
6.04 9.45
3.96 9.12
4.02 9.0
1.0 9.0
1.0 9.0
7.47 7.91
0.49 7.24
1.0 9.0
0.94 3.68
1.0 9.0
1.0 9.0
7.47 7.91
1.0 9.0
4.28 9.56
0.74 0.63
4.38 9.38
1.04 0.66
2.3 0.58
3.28 0.53
0.28 5.23
4.07 8.95
0.62 4.74
1.84 0.62
0.54 5.86
0.77 0.64
5.58 7.96
4.99 6.53
2.3 0.58
4.02 9.0
3.13 0.53
5.58 7.89
4.02 8.98
6.86 5.1
4.12 8.91
2.3 0.58
5.53 7.83
9.24 8.97
9.28 9.29
1.0 9.0
0.28 9.0
5.32 3.33
0.74 9.2
0.99 9.0
5.53 7.79
5.58 7.93
0.89 0.64
5.53 7.84
4.02 9.0
3.18 5.55
3.28 2.6
2.3 0.58
2.3 0.58
2.44 0.57
5.22 6.63
2.3 0.58
0.94 3.67
0.74 0.66
4.02 9.0
1.0 9.0
2.3 0.58
2.26 0.59
4.04 0.5
3.52 9.59
4.43 9.37
2.47 0.58
1.54 6.27
2.42 0.57
5.32 3.33
4.02 9.0
4.02 9.0
2.3 0.58
2.3 0.58
3.9 2.43
1.0 9.0
2.3 0.58
1.0 9.0
4.35 2.93
2.3 0.58
3.28 2.6
5.28 2.16
3.31 6.28
0.75 0.57
4.02 9.0
9.67 9.22
4.46 3.71
2.3 0.58
4.02 8.99
9.29 6.36
1.0 9.0
2.3 0.58
2.3 0.58
1.0 9.0
2.3 0.58
2.3 0.58
2.3 0.58
2.4 0.58
4.02 9.0
2.3 0.58
4.46 3.71
2.3 0.58
1.03 8.99
1.0 9.0
4.02 9.07
2.3 0.58
2.19 0.58
2.4 0.58
3.59 6.08
1.09 0.6
1.0 9.0
2.3 0.58
2.3 0.58
1.46 0.64
1.02 8.96
2.3 0.58
2.3 0.58
2.3 0.58
1.84 0.62
5.72 6.94
1.0 9.0
2.3 0.58
4.02 9.0
0.28 7.79
0.28 9.0
1.0 9.0
2.3 0.58
2.4 0.58
1.0 9.0
2.38 0.58
3.79 9.27
4.02 9.0
3.72 9.33
1.13 0.64
4.02 9.0
4.46 3.71
1.0 9.0
2.4 0.57
1.25 9.67
4.02 9.0
2.26 0.59
2.47 0.58
0.28 9.01
1.0 9.0
1.37 6.07
2.55 0.58
1.0 9.0
1.0 9.0
2.3 0.58
1.19 9.67
9.28 6.62
5.19 6.63
1.0 9.0
9.26 9.67
4.35 2.93
0.98 8.94
8.2 6.82
1.16 3.14
0.28 7.63
2.3 0.58
1.22 0.62
1.0 9.0
4.25 6.82
2.3 0.58
0.86 6.24
2.47 0.58
3.48 5.68
1.31 0.8
4.02 9.07
4.02 9.0
6.84 2.82
1.0 9.0
2.3 0.58
4.39 9.38
4.22 8.79
0.93 0.62
3.9 2.43
2.3 0.58
2.42 0.57
3.28 2.6
2.4 0.58
1.0 9.0
0.28 9.0
1.0 9.0
2.82 9.08
1.0 9.0
4.02 9.0
1.46 0.64
3.44 5.68
4.07 8.97
1.0 9.0
2.3 0.58
0.66 3.5
0.93 0.67
1.19 0.58
3.62 6.14
4.02 9.0
8.7 8.64
0.28 9.0
0.83 0.62
2.3 0.58
4.35 2.93
5.76 7.67
2.3 0.58
0.74 0.63
1.07 0.65
4.02 9.0
2.4 0.58
4.02 9.0
7.93 5.92
3.9 2.43
2.47 0.58
4.67 6.33
1.01 9.0
4.02 9.0
3.04 9.0
9.29 6.36
0.28 9.0
0.29 8.46
3.28 2.6
3.18 3.81
2.3 0.58
0.28 8.9
2.3 0.58
1.0 9.0
2.26 0.58
0.85 7.87
5.58 7.9
2.3 0.58
2.3 0.58
1.31 0.8
2.26 0.59
0.28 9.0
2.26 0.59
2.3 0.58
4.32 0.47
4.32 0.47
1.0 9.0
0.9 9.57
4.35 2.93
2.31 0.58
1.84 0.62
2.19 0.58
4.12 8.91
1.43 0.71
4.02 9.0
1.0 9.0
3.77 9.31
3.28 2.6
1.0 9.0
0.52 3.18
0.94 3.68
2.3 0.58
0.28 9.0
9.67 9.1
2.43 0.57
2.26 0.59
1.05 8.95
1.47 5.86
2.3 0.58
2.37 0.59
5.55 2.06
9.29 6.36
4.02 9.0
4.35 2.93
2.44 0.57
4.02 9.0
1.3 0.75
6.17 7.21
1.16 3.14
5.48 7.74
4.77 6.38
2.3 0.58
2.3 0.58
1.81 9.67
0.91 0.59
5.53 7.81
2.3 0.58
0.28 9.01
4.17 8.84
5.92 4.54
1.0 9.0
2.3 0.58
4.35 2.93
4.02 9.0
1.02 9.67
1.0 9.0
4.02 9.0
4.35 2.93
2.3 0.58
3.94 9.12
0.35 2.53
2.3 0.58
2.93 7.78
1.0 9.0
0.39 4.48
4.02 9.0
4.38 9.39
3.28 2.6
5.73 7.75
3.18 6.04
1.0 9.0
1.0 9.0
2.47 0.58
5.37 6.73
2.3 0.58
4.32 0.47
4.02 9.0
1.02 9.05
3.6 7.81
4.38 9.39
5.58 7.88
0.76 0.73
1.12 9.67
1.0 9.0
4.02 9.0
2.38 0.58
1.16 3.14
0.85 9.67
6.68 6.03
2.26 0.58
4.46 9.33
4.73 7.48
4.02 9.0
2.3 0.58
1.0 9.0
2.68 0.57
4.02 9.0
1.5 0.64
4.02 9.0
0.6 9.43
5.58 7.94
1.0 9.0
4.38 9.39
1.16 3.14
4.4 9.38
0.28 9.07
1.07 0.67
2.55 0.57
0.28 9.0
3.58 5.78
1.14 0.63
0.64 0.77
4.02 9.0
0.28 9.0
1.08 8.85
0.28 9.0
2.26 0.58
4.97 7.89
1.16 3.14
4.35 2.93
6.07 0.39
2.3 0.58
0.28 9.0
2.3 0.58
0.76 0.74
2.19 0.57
2.26 0.59
2.26 0.58
0.28 9.0
1.0 9.0
2.3 0.58
1.16 3.14
2.19 0.58
0.99 9.0
4.14 6.79
1.0 9.0
1.28 0.81
5.53 7.85
4.35 2.93
2.26 0.59
1.23 0.69
4.02 9.0
0.33 2.53
3.41 6.87
1.0 9.0
4.02 8.98
1.31 0.8
4.97 7.9
7.93 5.92
2.3 0.58
5.79 1.98
2.47 0.57
5.53 7.84
3.18 4.36
1.53 8.95
1.0 9.0
3.66 5.78
1.31 0.8
2.3 0.58
5.58 7.94
3.18 3.81
2.91 0.56
0.9 8.84
0.28 9.0
0.9 9.0
4.02 9.0
4.32 0.47
3.27 6.6
3.64 5.78
0.76 0.73
3.52 5.71
6.2 7.95
0.86 0.68
0.76 0.73
2.48 0.56
1.84 0.6
4.32 8.66
1.0 9.0
5.53 7.83
1.01 7.92
0.76 0.73
3.58 5.78
4.35 2.93
1.0 9.0
4.63 7.09
0.28 9.0
0.79 9.67
0.76 0.73
1.0 9.0
9.29 6.36
3.18 5.78
1.28 0.81
2.33 0.58
2.26 0.58
5.53 7.79
2.6 0.57
2.31 0.58
1.31 0.8
3.14 0.52
3.42 5.68
1.0 9.0
4.38 9.38
2.38 0.58
2.37 0.59
4.32 0.47
1.04 8.97
4.38 9.39
2.33 0.59
3.18 3.81
4.32 0.47
0.45 7.96
4.02 9.0
3.41 6.87
2.26 0.59
1.61 0.61
2.26 0.59
3.18 4.32
5.08 7.04
1.15 0.79
3.18 4.32
9.67 9.56
1.0 9.0
0.28 9.0
3.47 5.68
0.28 8.96
2.32 0.57
8.76 7.08
4.14 6.79
4.35 2.93
2.32 0.58
5.53 7.79
4.55 0.52
1.0 9.0
4.02 9.0
4.38 9.4
3.75 9.23
1.22 0.62
3.11 0.54
4.02 9.0
3.49 5.68
0.76 0.73
4.02 9.0
4.38 9.39
3.18 5.75
4.38 9.42
0.9 0.55
1.07 8.88
4.02 9.0
1.23 0.69
9.67 9.1
0.28 8.99
3.41 6.87
0.28 9.0
1.85 0.6
3.43 0.52
5.53 7.85
0.72 0.58
4.02 9.0
0.28 9.0
0.84 0.65
4.02 9.05
4.02 9.0
3.18 6.34
0.76 0.79
4.38 9.39
1.1 0.66
0.28 9.0
5.92 4.54
0.45 7.96
8.2 6.82
2.26 0.58
5.57 6.83
5.01 9.46
1.02 8.98
0.73 9.04
5.48 7.74
3.09 7.73
1.0 9.0
8.25 5.88
3.98 9.07
1.31 9.67
4.12 8.89
3.18 4.33
5.18 6.03
1.0 9.0
3.18 4.32
4.35 2.93
1.0 9.0
7.93 5.92
1.91 0.61
5.53 7.8
0.94 3.68
0.76 0.73
0.28 9.08
4.05 0.49
1.0 9.0
2.68 0.57
4.32 0.47
1.0 9.0
5.36 7.67
2.26 0.58
7.93 5.92
2.3 0.58
5.53 7.81
0.73 7.24
2.26 0.58
7.93 5.92
2.37 0.59
0.28 4.8
4.82 7.46
4.02 9.0
4.38 9.39
0.28 9.0
4.02 9.0
2.49 0.57
5.58 7.94
1.0 9.0
2.26 0.58
4.38 9.4
0.99 9.0
2.01 7.7
2.6 0.57
1.0 9.0
4.02 9.0
1.08 9.11
0.28 9.0
1.84 0.62
3.23 9.67
5.53 7.8
3.77 9.32
0.28 9.0
1.0 9.0
4.32 0.47
2.68 0.57
4.02 8.99
5.21 6.63
0.28 9.0
1.19 9.67
5.28 7.67
1.0 9.0
2.94 0.55
1.84 0.62
4.67 6.35
9.67 9.25
3.18 4.32
2.44 0.57
3.62 6.14
4.35 2.93
1.47 5.86
0.28 9.02
4.02 9.0
4.35 2.93
2.49 0.57
0.28 9.0
1.13 0.59
4.38 9.4
4.3 2.45
8.44 9.67
1.0 9.0
4.14 6.79
4.02 9.0
4.05 0.49
0.76 0.73
2.16 0.59
2.41 0.58
4.38 9.39
4.02 9.0
0.93 9.67
3.67 5.78
4.01 5.31
1.74 0.61
2.19 0.58
5.92 4.54
3.43 0.52
1.0 9.0
1.0 9.0
5.58 7.94
2.91 0.56
5.01 9.46
1.0 9.0
0.28 9.0
2.56 0.61
3.18 6.3
1.47 5.86
3.87 9.19
2.68 0.57
4.32 8.65
1.0 9.0
0.66 9.67
0.73 0.59
4.02 9.0
4.93 7.07
4.87 8.03
3.79 9.27
1.84 0.62
5.01 9.46
3.18 4.33
7.3 6.13
2.58 0.7
8.25 5.88
0.72 0.81
1.26 0.63
1.0 9.0
0.79 0.63
2.4 0.78
4.38 9.39
2.68 0.57
5.22 7.68
1.86 0.62
1.0 9.0
0.28 9.31
0.87 0.67
3.2 0.63
6.14 7.93
6.63 8.19
4.62 9.47
2.21 0.59
0.28 9.0
3.18 4.36
4.55 0.52
4.38 9.38
1.01 8.95
0.28 8.96
4.02 9.0
9.67 9.1
1.0 9.0
4.35 2.93
1.84 0.62
1.0 9.0
1.04 0.64
6.97 7.67
1.39 0.64
0.79 0.57
1.46 0.64
1.01 9.0
5.68 6.93
4.21 0.48
2.25 0.67
0.76 0.66
5.53 7.8
5.53 7.8
8.13 4.28
1.81 0.61
1.03 8.91
2.53 0.57
7.3 6.13
3.92 9.16
0.76 0.65
4.38 9.4
7.75 6.66
4.35 2.93
2.19 0.58
5.28 2.16
3.28 2.6
2.45 0.56
4.69 6.57
0.28 9.0
2.33 0.58
2.6 0.57
6.38 5.83
1.0 9.0
3.18 6.02
5.53 7.81
2.16 0.59
9.67 8.98
3.29 8.79
1.84 0.62
2.54 0.56
1.0 9.0
1.0 9.0
1.01 0.65
1.01 8.9
7.25 8.46
1.0 9.0
2.26 0.86
4.02 9.0
2.42 0.57
1.99 0.6
5.58 7.95
5.79 1.98
1.84 0.62
1.0 9.0
5.33 8.28
4.46 3.71
1.03 6.32
9.67 9.16
1.84 0.62
6.51 5.89
1.0 9.0
1.0 9.0
1.02 8.97
1.0 9.0
6.68 6.03
0.28 9.0
4.02 9.0
4.05 0.49
4.55 0.52
2.46 0.58
1.61 0.61
2.91 0.56
1.84 0.62
4.42 9.38
1.84 0.62
1.0 9.0
2.19 0.57
2.82 0.55
1.03 0.63
2.19 0.58
1.7 0.62
3.17 3.8
0.28 9.0
3.97 9.04
1.84 0.62
1.86 0.62
0.28 9.1
4.02 9.0
5.58 7.95
6.07 0.39
0.87 0.66
4.02 9.0
3.18 4.34
2.51 0.57
1.03 8.96
3.18 6.15
4.35 2.93
8.2 6.82
2.91 0.56
0.28 4.37
4.02 8.99
1.39 0.64
1.7 0.61
1.0 9.0
4.02 9.0
8.44 9.67
5.58 7.95
1.08 0.64
7.04 6.25
4.02 9.0
1.01 8.98
1.0 9.0
0.96 0.67
1.0 9.0
9.67 8.98
1.75 0.61
2.16 0.59
1.1 8.93
4.3 2.45
3.17 3.8
5.77 4.47
1.0 9.0
5.31 2.15
0.98 8.98
1.46 0.64
4.02 9.0
1.0 9.0
4.02 9.0
5.92 7.04
1.0 9.0
3.11 0.54
8.44 9.67
0.76 0.66
1.0 9.0
1.97 6.16
1.86 0.62
1.46 0.64
6.38 5.83
5.45 8.47
1.53 8.92
3.18 6.57
3.18 4.49
5.28 2.16
1.61 0.61
3.18 6.02
5.27 6.71
2.4 0.78
2.82 0.55
3.56 5.73
1.0 9.0
0.76 0.66
4.02 9.0
1.0 9.0
0.28 9.0
4.02 9.0
3.14 0.52
1.43 0.71
5.53 7.76
1.0 9.0
1.25 0.65
6.97 7.67
1.03 8.9
8.25 5.88
3.61 5.78
2.54 0.66
1.0 9.0
1.2 0.64
5.28 2.16
1.0 9.0
7.93 9.3
9.51 2.18
2.17 0.9
3.18 4.32
2.4 0.78
3.18 3.67
4.46 3.71
0.28 9.0
0.28 9.0
1.31 7.89
5.79 1.98
0.41 4.65
0.28 8.97
3.84 3.48
0.28 9.0
1.0 9.0
1.0 9.0
3.18 4.38
0.45 4.67
0.97 0.63
0.28 9.18
3.46 5.94
3.75 9.05
3.18 4.31
1.77 1.69
2.43 0.64
2.16 0.59
1.0 8.99
0.28 9.0
2.21 0.8
4.92 6.51
3.69 9.06
1.0 9.0
4.02 9.0
0.28 9.45
4.02 9.0
0.28 9.0
1.0 9.0
1.02 0.65
3.18 4.34
0.78 4.98
1.0 9.0
0.86 0.67
6.97 7.67
4.02 6.01
5.58 7.95
0.9 0.67
1.0 9.0
9.67 8.98
3.37 1.83
5.53 8.0
3.5 5.68
4.62 8.3
0.28 9.01
1.04 8.9
0.28 9.0
1.0 9.0
3.27 0.53
3.69 5.09
5.38 6.78
5.53 7.84
2.34 0.59
9.67 9.58
1.17 0.64
2.21 0.87
0.28 9.0
1.98 0.6
2.19 0.58
3.1 0.54
2.3 0.57
4.35 2.93
8.42 9.67
0.28 9.0
2.66 0.56
0.9 0.67
7.93 9.3
4.38 9.39
1.0 9.0
6.59 4.23
0.28 9.0
5.48 7.74
3.18 6.13
2.32 0.75
2.82 0.55
4.3 6.62
1.0 9.0
0.28 9.0
2.16 0.58
2.18 0.58
1.0 9.0
0.99 8.98
7.81 6.62
0.28 7.82
4.55 0.52
0.64 0.77
5.47 4.29
1.07 8.87
8.25 5.88
3.18 6.06
3.89 9.17
3.78 9.27
4.02 9.0
2.26 0.86
6.63 8.21
1.0 9.0
4.02 9.0
0.74 0.84
0.28 9.0
3.43 0.52
0.33 0.33
5.92 4.54
4.38 9.39
0.28 9.05
4.38 9.39
0.91 0.66
0.76 0.74
1.17 0.67
0.77 5.56
1.0 9.0
5.44 7.72
4.02 9.0
3.18 4.35
4.02 9.0
5.68 7.09
6.66 6.01
1.0 9.0
3.44 5.92
1.01 8.96
2.97 0.59
4.02 9.0
1.06 8.95
0.28 9.0
2.41 0.62
2.42 0.56
4.76 4.04
9.38 9.67
3.93 9.12
1.0 9.0
2.37 0.58
3.18 6.02
3.29 0.53
2.21 0.87
0.84 0.64
5.03 4.1
1.0 9.0
9.67 9.47
1.44 9.67
2.54 0.66
0.72 0.58
0.28 9.0
7.81 6.62
4.46 3.71
2.17 0.9
0.94 3.68
0.5 5.06
2.82 0.55
4.38 9.44
5.33 8.28
3.07 1.87
4.3 2.45
5.53 7.85
3.18 4.32
1.0 9.0
2.16 0.58
3.17 3.8
0.98 0.63
2.26 0.86
5.58 7.88
0.28 9.0
4.96 7.42
3.17 1.86
4.02 9.0
3.43 0.52
3.25 0.53
7.93 9.3
0.94 3.68
1.0 9.0
2.44 9.39
5.32 3.33
1.61 0.61
4.38 9.39
2.43 0.64
5.53 7.84
1.81 1.7
1.05 0.65
0.28 8.79
4.04 0.5
0.28 9.0
3.08 0.54
4.38 9.38
2.26 0.86
1.54 0.6
0.28 9.0
3.17 3.8
2.4 0.57
1.0 9.0
4.39 9.38
3.32 5.76
4.47 3.72
1.46 9.67
9.38 6.65
1.98 0.6
0.28 9.0
2.43 0.64
1.03 8.92
5.77 4.47
0.64 0.77
3.71 0.5
1.61 0.61
3.15 1.85
1.07 0.67
1.1 8.7
1.61 0.61
5.38 6.78
9.67 9.08
4.06 2.66
2.41 0.57
6.17 7.22
1.99 0.57
4.38 9.39
2.19 0.72
2.44 0.51
6.82 6.12
4.38 9.39
4.02 9.0
4.02 9.0
4.38 9.4
1.37 0.64
6.07 0.39
0.99 0.67
1.0 9.0
2.39 0.57
3.09 1.87
3.11 1.85
1.91 0.61
0.88 0.67
0.87 5.11
2.26 0.86
1.0 9.0
2.71 0.57
2.94 1.87
3.18 4.35
2.26 0.86
3.28 2.6
2.26 0.86
0.28 9.04
1.39 0.63
2.43 0.64
0.28 9.24
5.53 7.8
4.26 0.5
1.39 0.63
4.02 9.0
2.1 0.77
1.98 1.68
4.59 3.79
5.58 7.91
0.49 7.53
3.7 9.08
5.27 6.69
2.16 0.58
1.58 1.69
3.51 0.51
6.05 0.39
1.98 0.6
9.67 8.98
1.27 5.6
5.53 7.84
0.53 9.67
4.38 9.39
4.3 2.45
4.02 9.0
5.58 7.94
3.42 5.63
6.59 4.23
6.47 5.89
4.38 9.4
2.4 0.78
2.21 0.87
2.54 0.66
3.28 2.6
6.29 0.66
3.18 6.13
3.49 5.91
2.21 0.87
1.99 1.69
4.04 0.5
3.11 1.85
3.28 2.6
3.58 1.74
0.86 0.63
2.58 0.7
1.0 9.0
3.13 7.68
1.0 9.0
1.01 9.0
1.39 0.63
0.94 0.75
1.0 9.0
4.02 9.0
3.18 4.35
0.28 9.0
1.0 9.0
4.35 2.93
1.61 0.61
2.16 1.7
1.03 0.64
1.0 9.0
2.57 9.67
0.99 8.98
1.39 0.63
3.14 1.82
3.28 2.6
1.0 9.0
1.76 1.69
4.02 9.0
3.37 1.83
0.46 9.16
3.84 3.48
5.58 7.93
0.28 8.7
5.53 8.01
6.29 0.66
2.26 0.86
2.22 1.06
4.35 2.93
2.21 0.87
3.17 1.86
4.38 9.39
2.29 0.58
1.61 0.61
2.26 0.86
3.07 1.87
7.04 6.25
9.44 2.4
1.0 9.0
3.09 1.87
1.91 0.61
6.63 8.21
3.18 4.32
2.21 0.87
0.28 6.95
4.38 9.43
0.28 9.42
2.26 0.86
0.28 9.0
3.42 5.79
1.0 9.0
2.91 0.56
5.53 7.85
1.61 0.61
3.22 1.86
1.61 0.61
5.07 7.8
9.67 9.58
4.02 9.0
6.47 5.89
2.44 0.51
4.02 9.0
3.18 6.01
4.38 9.4
3.19 1.87
5.77 4.47
1.39 0.64
3.72 9.34
3.17 1.86
2.17 0.9
7.04 6.25
0.75 0.66
3.28 2.6
5.53 7.83
3.72 0.55
3.18 4.35
4.02 9.0
6.07 0.39
7.25 8.46
4.02 9.0
5.27 6.72
0.28 9.12
4.38 9.38
1.0 9.0
0.28 9.0
2.26 0.86
2.16 1.7
6.59 4.23
1.0 9.0
4.38 9.38
3.73 5.12
0.33 0.33
3.18 4.36
0.79 4.98
2.13 0.59
3.18 4.35
9.67 0.43
3.89 1.65
2.21 0.8
2.16 1.7
3.18 6.1
4.35 2.93
3.34 0.64
3.84 3.47
4.02 9.0
1.95 1.69
2.87 2.0
0.99 9.01
6.07 0.39
2.21 0.87
9.67 9.11
6.38 5.83
2.27 0.69
3.78 9.03
2.32 0.62
2.67 0.69
3.47 0.57
5.27 6.7
1.0 9.0
3.18 4.31
1.99 0.57
3.18 4.36
9.34 0.93
2.17 0.9
8.26 9.37
4.02 8.99
1.99 0.6
0.28 6.95
2.0 1.7
4.38 9.39
5.03 2.99
1.76 1.69
3.27 0.61
4.02 9.06
2.17 0.9
3.45 0.8
2.42 0.78
4.02 9.0
4.02 9.0
1.01 9.0
4.02 8.98
8.17 6.8
2.36 0.67
5.77 4.47
5.68 0.4
5.58 7.93
1.07 8.94
2.25 0.88
0.28 9.0
1.25 0.65
4.02 9.0
5.58 7.95
3.18 4.33
1.01 8.94
2.21 0.87
4.02 9.0
2.56 0.64
1.62 9.03
1.0 9.0
4.02 9.0
3.77 5.83
0.33 0.33
2.26 0.86
9.49 6.31
4.38 9.38
1.0 9.0
1.93 1.71
6.05 0.39
2.67 7.63
1.93 1.71
0.97 0.66
1.81 1.69
0.28 8.98
1.0 9.0
1.86 1.7
7.22 8.31
6.63 1.09
1.37 0.64
2.58 0.7
2.13 0.6
2.25 0.59
9.51 2.18
3.18 4.36
4.35 2.93
3.44 5.88
2.31 0.78
1.63 1.69
2.19 0.72
4.38 9.38
1.24 0.67
3.18 6.07
0.55 4.68
1.0 9.0
3.25 4.61
9.51 2.18
4.02 9.0
2.77 0.58
2.1 3.3
1.1 8.93
4.56 9.48
3.69 5.09
1.14 0.65
1.25 0.65
4.38 9.4
1.0 0.64
1.0 9.0
0.73 0.61
0.33 0.33
1.99 1.69
2.58 0.7
4.49 0.46
4.02 9.0
2.36 0.58
3.18 6.1
0.28 9.0
1.19 0.62
1.79 1.69
3.38 0.6
4.02 9.0
1.98 1.68
3.18 6.33
2.19 1.66
2.22 0.84
1.0 9.0
2.17 0.91
1.0 9.0
5.02 7.83
5.58 7.93
2.21 0.8
3.13 7.68
2.01 1.7
2.21 0.87
6.38 5.83
1.0 9.0
2.57 1.26
3.38 5.88
0.28 9.0
5.67 2.98
3.14 0.59
2.64 0.65
2.39 1.65
3.81 5.17
1.0 9.0
2.21 0.87
4.02 9.0
1.61 1.69
1.34 0.63
4.02 9.0
0.28 9.02
1.03 0.67
5.67 6.9
2.05 0.69
3.18 1.87
0.28 9.0
9.67 9.05
3.18 4.4
2.09 0.59
0.28 9.07
3.18 4.36
2.07 0.6
3.29 1.85
0.28 9.0
2.21 0.87
2.25 0.88
3.42 5.63
3.87 1.68
3.3 1.85
0.33 0.33
4.44 1.39
2.47 0.61
5.02 7.83
2.15 0.84
3.18 6.02
2.33 8.87
0.97 8.85
2.17 0.9
3.16 1.86
4.05 5.34
3.14 0.83
1.0 9.0
3.18 4.4
1.75 1.69
4.35 2.93
0.28 9.0
4.38 9.38
5.67 2.98
7.59 8.06
9.67 9.06
2.21 0.87
3.14 0.59
3.97 2.97
3.5 0.85
2.66 0.85
3.09 1.86
2.13 1.7
2.52 0.56
1.98 0.6
4.38 9.38
2.85 1.77
3.92 5.25
2.25 1.64
2.26 0.58
3.58 1.74
5.69 6.93
9.57 7.28
8.22 0.42
2.15 0.84
3.37 5.63
2.13 0.85
1.0 9.0
1.0 9.0
1.0 9.0
9.33 6.38
9.67 0.32
2.27 0.87
2.01 7.7
2.13 0.59
2.18 0.92
2.41 0.78
7.17 0.51
4.35 2.93
0.28 9.01
1.0 9.0
3.18 5.58
4.2 0.75
3.37 5.63
0.28 9.03
0.32 9.12
3.16 1.86
3.18 4.37
3.8 5.17
2.22 0.58
3.18 4.37
9.44 2.39
4.29 4.97
4.35 2.93
0.33 0.33
2.34 0.79
4.38 9.42
2.01 7.7
1.0 9.0
3.15 0.54
4.02 9.0
0.64 0.98
4.38 9.39
2.21 0.8
