1.0 9.0
3.04 7.78
0.33 4.38
1.0 9.0
1.0 9.0
1.0 9.0
1.0 9.0
1.03 8.95
4.02 9.0
3.96 8.68
1.0 9.0
0.28 9.0
0.73 7.83
0.28 9.0
0.28 9.0
0.28 9.0
1.0 9.0
0.79 9.63
0.28 9.31
4.02 9.0
0.28 9.0
4.32 8.64
1.85 9.67
0.97 8.86
1.0 9.0
2.67 9.67
1.0 9.0
0.28 9.0
0.28 9.0
0.28 9.0
1.0 9.0
1.0 9.0
0.28 9.0
1.0 9.0
0.28 9.67
0.75 9.67
4.02 9.0
4.02 9.0
4.07 8.93
1.0 9.0
4.02 9.0
0.28 9.0
0.28 9.0
1.0 9.0
4.02 9.0
0.28 9.0
0.28 9.0
0.28 9.0
1.0 9.0
1.0 9.0
1.08 8.89
3.98 9.07
1.0 9.0
1.0 9.0
1.0 9.0
1.0 9.0
0.56 9.14
1.0 9.0
4.3 8.69
1.07 8.9
4.02 9.0
0.28 4.95
1.0 9.0
0.28 9.0
1.0 9.0
1.12 8.85
0.99 9.0
4.07 8.96
0.61 4.73
4.02 9.0
4.02 9.03
1.0 9.0
1.0 9.0
1.0 9.0
0.28 6.8
4.02 8.98
4.02 9.0
4.02 9.02
4.02 9.0
1.0 9.0
1.0 9.0
1.0 9.0
4.02 9.0
1.0 9.0
1.0 9.0
0.28 9.0
1.0 9.0
1.0 9.0
0.39 8.53
5.17 7.04
0.28 9.0
4.02 9.0
1.0 9.0
0.28 9.0
4.02 9.0
1.0 9.0
1.0 9.0
4.02 9.0
4.02 9.0
0.28 9.0
0.97 8.97
4.02 9.0
1.0 9.0
1.0 9.0
1.0 9.0
4.91 8.02
1.05 8.97
1.0 9.0
4.02 8.98
1.03 8.95
1.0 9.0
0.28 9.0
1.0 9.0
1.0 9.0
4.02 9.0
1.0 9.0
0.28 9.0
1.0 9.0
4.02 9.0
0.28 9.0
4.02 9.0
0.28 9.0
4.32 8.64
1.0 9.0
4.02 8.98
0.28 9.0
4.02 9.0
4.02 9.0
1.0 9.0
3.72 9.32
4.02 9.0
4.02 9.0
4.32 8.64
4.02 9.06
1.0 9.0
0.28 9.0
0.28 9.0
1.0 9.0
0.28 9.0
1.13 8.86
0.28 9.0
0.33 4.38
4.02 9.0
1.0 9.0
4.02 9.0
1.0 9.0
4.06 7.23
1.0 9.0
0.28 9.0
1.0 9.0
3.18 5.57
0.28 9.0
1.0 9.0
3.96 8.68
1.0 9.0
1.0 9.0
1.0 9.0
4.07 8.93
0.28 9.0
0.99 9.0
1.0 9.0
0.28 9.0
0.38 9.67
1.0 9.0
4.02 9.0
0.28 9.21
0.28 9.0
1.0 9.0
1.0 9.0
4.02 9.0
1.0 9.0
1.0 9.0
4.02 9.0
0.28 9.0
1.0 9.0
0.28 9.0
1.0 9.0
1.0 9.0
0.28 9.0
4.02 9.0
1.0 9.0
0.28 9.02
4.02 9.0
4.97 7.97
0.28 9.0
1.0 9.0
1.07 8.97
0.28 9.0
1.93 9.67
4.02 9.0
1.0 9.0
3.81 7.96
1.0 9.0
4.02 9.0
0.28 9.0
1.0 9.0
1.01 8.97
4.97 7.97
0.28 9.0
1.0 9.0
0.28 9.0
0.28 9.0
1.0 9.0
1.0 9.0
1.0 9.0
0.28 9.01
1.0 9.0
0.28 9.08
1.0 9.0
1.9 9.67
5.69 6.93
0.33 4.38
1.0 9.0
1.0 9.0
3.91 5.93
0.28 9.0
1.0 9.0
4.02 9.0
1.0 9.0
4.32 8.64
1.0 9.0
1.0 9.0
4.02 9.0
1.0 9.0
1.0 9.0
1.0 9.0
1.0 9.0
1.0 9.0
4.02 9.0
1.0 9.0
1.0 9.0
0.28 9.0
1.0 9.0
1.0 9.0
0.28 9.0
4.02 9.0
0.28 9.0
3.04 7.78
0.28 9.0
0.28 9.0
1.93 9.67
1.0 9.0
1.0 9.0
0.28 9.56
1.0 9.0
0.73 7.84
1.0 9.0
0.6 7.81
0.28 9.0
1.0 9.0
1.0 9.0
1.14 9.67
4.17 7.62
4.06 7.23
1.0 9.0
0.28 9.0
4.32 8.7
1.0 9.0
1.0 9.0
0.28 9.0
1.0 9.0
1.22 5.55
4.02 9.0
1.0 9.0
0.99 9.0
4.02 9.0
0.28 9.0
0.73 7.83
0.28 9.27
1.0 9.0
1.0 9.0
1.0 9.0
1.0 9.0
1.0 9.0
1.07 8.96
1.0 9.0
1.0 9.0
0.28 9.0
4.02 9.0
1.0 9.0
1.0 9.0
3.96 8.68
1.0 9.0
0.28 9.04
1.0 9.0
4.02 9.0
0.28 9.0
4.02 9.0
4.63 8.14
0.28 9.0
1.0 9.0
1.0 9.0
1.0 9.0
1.0 9.0
1.0 9.0
1.0 9.0
1.0 9.0
4.02 9.0
0.28 8.14
1.0 9.0
0.28 9.0
4.02 9.0
4.06 7.23
0.28 9.0
1.0 9.0
4.02 9.0
1.0 9.0
1.0 9.0
1.0 9.0
4.76 6.38
3.96 8.68
4.06 7.23
1.0 9.0
0.33 4.38
1.0 9.0
1.13 8.86
2.84 9.67
1.0 9.0
5.69 6.93
1.0 9.0
1.0 9.0
1.07 8.97
0.28 4.95
0.28 8.99
3.87 9.21
1.0 9.0
1.0 9.0
1.0 9.0
1.0 9.0
0.73 7.84
3.86 8.88
1.0 9.0
1.0 9.0
0.28 9.0
0.28 9.0
0.28 9.0
4.02 8.99
1.01 8.97
1.0 9.0
5.16 7.54
1.0 9.0
1.0 9.0
1.0 9.0
4.02 9.0
1.0 9.0
1.0 9.0
2.88 9.67
5.69 6.93
3.61 8.38
1.0 9.0
4.02 9.0
0.28 9.0
1.0 9.0
1.0 9.0
1.0 9.0
1.03 8.95
0.28 9.0
0.28 9.0
4.02 9.0
1.0 9.0
4.62 6.33
1.12 8.95
1.0 9.0
4.02 9.0
0.28 9.0
1.0 9.0
1.0 8.99
1.0 9.0
1.0 9.0
0.28 9.0
1.0 9.0
1.0 9.0
1.0 9.0
1.0 9.0
1.12 8.95
1.0 9.0
5.1 6.98
1.03 8.95
1.94 9.67
1.0 9.0
0.98 8.48
1.0 9.0
4.32 8.64
1.0 9.0
1.0 9.0
3.77 7.03
0.28 9.0
0.28 9.0
4.97 7.89
5.45 6.78
0.28 9.0
1.0 8.99
4.97 7.97
1.0 9.0
5.22 6.65
4.02 9.0
1.0 9.0
1.2 9.67
4.62 6.33
0.39 8.53
0.28 9.0
0.28 9.02
1.0 9.0
1.0 9.0
1.0 9.0
4.02 9.0
0.33 4.38
0.28 9.06
0.6 7.81
1.39 9.67
4.02 9.0
0.28 9.0
0.33 4.38
4.02 9.0
1.0 9.0
4.16 8.87
4.05 8.97
1.0 9.0
4.02 9.0
0.28 8.8
5.69 6.93
0.33 4.38
0.28 4.35
0.28 9.0
4.02 8.99
0.28 9.0
4.17 8.85
4.02 9.0
4.02 9.0
4.02 9.0
4.32 8.64
3.18 5.68
3.92 9.14
0.6 7.81
0.28 9.04
0.28 8.99
0.28 9.01
1.12 8.95
4.02 9.0
1.0 9.0
5.58 6.88
1.0 9.0
1.0 9.0
4.63 8.14
4.02 9.0
0.28 9.0
1.0 9.0
0.28 6.8
0.28 9.0
1.0 9.0
1.01 9.0
1.07 8.97
1.0 9.0
1.0 9.0
0.28 9.0
3.97 9.1
4.52 8.43
0.97 8.86
0.28 9.0
1.0 9.0
4.02 9.0
1.0 9.0
1.0 9.0
0.28 9.0
4.02 9.0
3.04 7.78
4.63 8.14
3.92 9.13
1.0 9.0
1.0 9.0
3.33 8.74
1.06 8.99
4.02 9.0
5.58 6.88
0.28 9.0
1.0 9.0
4.02 9.0
1.0 9.0
3.81 7.96
0.73 7.83
0.28 8.14
4.32 8.64
0.28 8.98
3.92 9.13
0.28 9.0
4.02 9.0
1.0 9.0
4.02 9.0
3.96 8.68
0.28 4.95
3.81 7.96
4.02 9.0
4.32 8.64
3.14 9.67
2.14 7.46
0.33 4.38
1.0 8.95
1.0 9.0
4.02 9.0
0.73 7.83
4.62 6.33
0.28 9.0
1.0 9.0
3.18 5.57
3.94 9.12
0.28 9.0
4.32 8.7
3.91 5.93
0.28 8.14
4.05 7.21
0.33 4.38
1.0 9.0
1.08 8.89
1.5 9.67
1.0 9.0
3.96 8.68
0.28 9.0
0.28 7.17
3.96 8.68
1.0 9.0
3.97 9.1
3.96 8.68
1.0 9.0
0.28 9.0
1.0 9.0
4.76 6.38
4.02 9.0
4.02 9.0
1.78 9.12
5.45 6.78
1.0 8.99
4.02 9.0
4.02 9.0
0.28 9.0
1.0 9.0
3.96 8.68
1.0 9.0
4.02 9.0
3.04 7.78
0.28 8.99
4.32 8.64
4.17 6.08
3.18 5.68
3.86 8.88
4.9 6.48
4.02 9.0
3.96 8.68
4.32 8.64
4.32 8.64
0.28 4.35
1.0 9.0
3.62 9.5
1.8 9.67
4.33 9.5
4.08 6.03
1.0 9.0
3.96 8.68
4.02 9.01
2.62 7.48
1.11 8.98
4.06 7.23
9.67 9.11
0.28 8.14
0.28 8.0
1.0 9.0
0.73 7.84
5.22 6.65
0.33 4.38
0.28 9.0
4.09 7.24
3.04 7.78
4.63 8.14
3.61 8.18
0.28 9.33
1.0 9.0
1.0 9.0
0.28 8.51
1.0 9.0
1.0 9.0
4.76 6.38
1.0 9.0
1.0 9.0
1.0 9.0
1.0 9.0
1.0 9.0
4.51 8.32
4.08 6.03
1.8 9.67
0.28 4.35
0.28 9.0
1.0 9.0
3.81 7.96
2.9 7.78
1.0 9.0
0.28 4.95
4.02 9.0
4.02 9.0
3.16 9.67
0.28 9.0
0.53 9.67
4.0 8.85
1.0 9.0
1.0 9.0
4.08 6.03
4.32 8.65
3.04 7.78
0.28 8.1
0.28 8.46
4.02 9.0
0.33 4.38
4.37 8.6
1.0 9.0
0.33 4.38
3.29 9.67
4.02 9.0
4.05 7.21
1.0 9.0
4.62 6.33
1.94 9.67
1.53 7.26
3.69 3.03
1.0 9.0
1.0 9.0
0.28 8.14
3.04 7.78
2.88 9.67
0.61 4.73
0.33 4.38
1.95 9.67
0.28 9.0
0.28 9.0
4.97 7.89
0.28 4.35
0.28 9.0
1.0 9.0
0.41 4.48
0.75 9.67
0.28 8.9
0.28 4.95
1.0 9.0
1.3 9.05
0.73 7.83
2.62 7.48
0.28 4.95
1.0 9.0
0.99 9.0
3.04 7.78
1.0 9.0
0.28 7.92
1.0 9.0
0.28 9.0
0.28 9.0
2.88 9.67
4.02 9.0
4.02 9.0
3.8 9.27
5.22 6.65
4.02 9.0
4.02 9.0
0.61 4.73
3.18 5.69
3.28 8.85
0.33 4.38
4.02 9.0
0.28 6.8
1.0 9.0
1.0 9.0
0.63 9.67
4.02 9.0
0.33 4.38
9.67 9.56
1.05 8.99
1.0 9.0
0.98 8.98
0.28 9.0
0.28 9.0
4.57 8.39
1.0 9.0
0.73 4.93
1.0 9.0
1.0 9.0
4.37 8.6
1.0 9.0
1.0 9.0
4.02 9.0
0.33 4.38
1.0 9.0
5.2 6.63
2.62 7.48
0.33 4.38
1.0 9.0
3.81 6.88
1.0 9.0
4.02 9.0
0.33 4.38
4.02 9.0
4.62 6.33
5.3 6.73
2.62 7.48
5.1 6.98
0.28 7.36
1.0 9.0
3.18 5.57
1.0 9.67
3.77 9.28
0.28 6.8
0.28 9.0
1.0 9.0
0.99 9.0
1.0 9.0
4.02 9.0
2.88 9.67
2.14 7.46
4.08 6.03
1.0 9.0
4.02 9.0
1.0 9.0
0.28 9.0
3.81 9.0
2.84 9.67
0.28 9.0
0.28 4.94
0.28 9.0
3.61 8.18
4.02 9.0
3.66 9.42
4.02 9.0
3.92 9.15
3.18 5.57
1.0 9.0
1.0 9.0
0.65 9.25
4.02 9.0
0.33 4.38
1.78 9.12
1.0 9.01
0.28 7.38
3.61 8.18
3.86 9.02
4.04 7.01
1.0 9.0
4.08 7.24
4.02 9.0
4.02 9.0
4.97 7.89
4.02 9.0
0.59 4.73
0.28 4.95
4.02 9.0
0.28 4.94
1.0 9.0
0.28 4.35
1.53 7.28
0.28 4.95
1.0 9.0
9.67 9.56
2.62 7.48
0.33 4.38
1.0 9.0
3.29 8.85
0.28 9.0
1.0 9.0
0.28 4.94
1.0 9.0
1.0 9.0
4.02 9.0
1.0 9.0
1.14 9.67
2.16 7.46
0.28 9.0
4.02 9.0
4.02 9.0
4.9 6.48
1.0 9.0
0.28 4.95
1.0 9.0
1.25 8.96
1.0 9.0
0.33 4.38
3.57 9.53
0.28 9.0
4.07 6.03
1.0 9.0
3.18 5.68
0.33 4.38
4.02 9.0
0.33 4.38
4.02 9.0
0.28 9.0
0.33 4.38
1.05 8.92
4.02 9.0
4.02 9.0
1.0 9.0
1.0 9.0
0.33 4.38
0.73 4.93
1.0 9.0
3.18 5.57
0.33 4.38
4.02 9.0
5.16 7.54
1.11 8.99
1.0 9.0
0.28 8.47
1.0 9.0
3.62 5.78
1.0 9.0
3.06 7.73
3.28 8.85
3.97 9.11
0.33 4.38
4.02 9.0
5.23 6.68
1.0 9.0
0.33 4.38
0.33 4.38
1.0 9.0
4.02 9.0
3.18 7.27
1.0 9.0
4.77 6.38
1.0 9.0
0.28 8.78
0.28 9.0
0.28 4.95
0.28 4.35
1.0 9.0
0.33 4.38
1.0 9.0
1.0 9.0
0.28 4.95
4.88 7.82
4.62 6.33
4.02 9.0
3.4 5.63
0.34 4.38
3.81 6.88
1.0 9.0
3.18 5.57
1.0 9.0
1.0 9.0
0.32 4.33
0.9 9.67
0.42 4.48
0.33 4.38
1.0 9.0
3.95 9.12
4.02 9.0
4.02 9.0
0.33 4.38
0.33 4.38
0.28 4.94
0.33 4.38
4.02 9.0
1.0 9.0
1.0 9.0
3.18 5.68
0.28 9.0
0.28 7.38
4.02 9.0
0.28 8.91
0.28 4.35
4.33 9.67
0.33 4.38
4.02 9.0
0.28 4.35
4.02 9.0
0.33 4.38
0.95 9.67
3.62 9.43
0.33 4.38
0.34 4.38
0.33 4.38
4.02 9.0
0.33 4.38
2.07 9.67
1.0 9.0
0.33 4.38
0.32 4.33
1.0 9.0
1.56 9.02
4.02 9.0
0.28 9.0
0.35 4.38
1.0 9.0
1.0 9.0
3.6 9.52
0.28 4.35
4.02 9.0
0.33 4.38
3.92 9.17
0.33 4.38
2.27 9.67
0.33 4.38
3.18 5.98
4.02 9.0
1.53 7.28
0.33 4.38
0.33 4.38
4.02 9.0
1.0 9.0
0.33 4.38
4.02 8.99
0.28 4.35
0.39 4.48
0.33 4.38
0.92 8.65
5.05 7.82
0.33 4.38
1.0 9.0
1.0 9.0
4.02 9.0
0.33 4.38
0.28 4.95
4.27 8.74
3.83 7.52
5.58 6.88
1.0 9.0
0.33 4.38
1.0 9.0
0.61 4.73
0.38 4.48
0.33 4.38
4.02 9.0
3.92 9.15
0.28 7.73
3.18 5.68
0.34 4.38
3.97 9.09
1.0 9.0
0.28 4.35
0.28 9.18
0.33 4.38
0.28 9.01
1.0 9.0
0.28 9.0
1.0 9.0
0.33 4.38
4.07 6.03
0.33 4.38
0.33 4.38
4.04 7.01
0.5 9.67
1.03 9.67
1.0 9.0
0.33 4.38
1.0 9.0
4.02 9.0
4.62 6.33
4.07 8.96
0.28 6.8
3.92 9.13
0.33 4.38
1.0 9.0
4.02 9.01
0.28 4.94
1.0 9.0
1.0 9.0
0.28 6.8
3.18 5.69
1.0 9.0
1.0 9.0
0.52 4.63
1.0 9.0
0.28 6.8
0.28 8.93
0.33 4.38
0.33 4.38
0.95 9.03
4.02 9.0
4.02 9.0
3.91 5.93
4.02 9.0
4.02 9.0
1.0 9.0
0.28 4.35
0.73 4.93
0.61 4.73
0.99 8.97
9.67 9.11
0.33 4.38
3.18 7.27
5.15 7.07
1.0 9.0
0.99 8.99
0.33 4.38
0.61 4.73
4.02 9.0
2.62 7.43
0.35 4.38
1.0 9.0
1.0 9.0
0.41 4.48
0.33 4.38
1.0 9.0
4.02 9.0
3.74 5.83
1.0 9.0
2.62 7.03
0.79 9.67
0.33 4.38
1.0 9.0
0.9 8.77
0.73 4.93
3.18 5.69
0.28 9.61
1.0 9.0
1.07 9.0
0.28 9.0
4.02 9.0
0.73 4.93
1.0 9.0
1.0 9.0
1.09 9.67
4.02 9.0
0.61 4.73
0.35 4.38
0.28 9.0
0.59 4.73
3.18 7.27
0.28 8.76
3.18 6.96
3.13 7.65
1.03 8.97
4.02 9.0
4.02 9.0
0.61 4.73
4.02 9.0
4.02 9.03
1.0 9.0
1.53 7.28
0.33 4.38
4.02 9.0
0.28 4.35
1.0 8.95
4.02 9.0
2.99 9.52
1.0 9.0
0.57 4.73
2.62 7.58
0.52 4.63
0.28 9.0
4.0 9.07
3.87 9.2
1.0 9.0
1.0 9.0
0.33 4.38
1.0 9.0
0.73 4.93
2.27 9.67
4.12 8.88
2.05 9.67
0.8 9.67
4.87 6.43
0.35 4.38
4.02 9.0
3.18 5.68
3.65 7.17
1.0 9.0
1.01 9.0
1.0 9.0
0.42 4.48
3.91 5.93
4.02 9.0
0.28 8.16
0.39 4.48
0.36 4.38
1.0 9.0
4.02 9.0
0.28 7.89
2.14 9.67
0.28 4.94
4.02 9.0
0.35 4.38
1.0 9.0
1.0 9.0
1.02 9.0
0.55 4.68
4.9 6.48
1.0 9.0
0.33 4.38
0.98 8.89
0.28 4.35
0.88 8.87
1.0 9.0
1.16 6.0
1.0 9.0
4.02 9.0
1.0 9.0
0.28 4.35
0.33 4.38
0.28 9.39
1.0 9.0
1.0 9.0
4.02 9.0
4.02 9.0
1.0 9.0
1.0 9.0
4.02 9.0
4.02 9.06
1.0 9.0
0.42 4.48
4.02 9.0
0.35 4.38
4.15 6.08
0.28 6.52
1.0 9.0
0.73 4.93
4.02 9.0
1.0 9.0
1.0 9.0
4.02 9.03
0.33 4.38
1.0 9.0
2.34 6.19
1.0 9.0
0.74 9.67
4.02 9.0
4.88 7.82
4.07 8.96
4.02 9.0
0.41 4.48
0.33 4.38
0.28 5.55
0.28 7.38
4.15 6.08
4.02 9.0
1.0 9.0
3.69 3.03
3.74 5.83
1.0 9.0
1.0 9.0
0.28 7.28
0.28 8.7
0.28 9.0
0.34 4.38
4.65 6.33
4.02 9.0
1.0 9.0
3.18 5.68
4.02 9.0
0.41 4.48
0.28 4.94
0.73 4.93
1.0 9.0
1.0 9.0
3.69 3.03
3.18 5.69
4.09 6.43
0.73 4.93
4.62 6.33
1.0 9.0
3.18 5.68
0.73 4.93
1.0 9.0
4.62 6.33
1.0 9.0
3.18 5.69
0.4 4.48
3.62 5.78
3.63 6.95
4.12 8.88
1.0 9.0
0.28 8.69
4.5 6.28
3.91 5.93
0.28 4.94
1.0 9.0
1.0 9.0
1.0 9.0
2.62 7.58
4.02 8.98
0.34 4.38
3.92 9.17
3.91 5.93
0.73 4.93
3.91 5.93
0.28 4.94
3.81 6.88
3.18 5.68
3.18 5.68
4.02 9.0
4.62 8.31
0.52 4.67
3.18 7.31
1.0 9.0
0.28 8.97
0.41 4.48
3.54 5.73
5.15 6.63
0.37 4.46
3.62 5.78
0.41 4.48
1.53 7.28
2.35 9.67
4.02 9.0
1.0 9.0
0.28 9.0
1.0 9.0
4.12 6.08
3.81 6.88
1.53 7.28
1.0 9.0
3.81 6.88
4.02 9.06
0.28 9.0
0.37 4.38
4.02 9.0
0.97 8.99
3.69 3.03
1.0 9.0
3.55 9.33
4.02 8.99
0.34 4.38
0.35 4.38
4.02 9.0
3.6 9.52
1.0 9.0
0.73 4.93
0.35 4.38
0.42 4.48
1.0 9.0
0.35 4.38
0.52 4.63
0.36 4.38
1.53 7.28
0.33 4.38
0.28 4.94
1.0 9.0
1.0 9.0
4.02 9.0
0.57 9.67
2.28 6.67
4.02 9.0
0.28 9.0
3.83 9.03
1.0 9.0
3.97 9.08
0.57 4.68
0.28 5.55
1.0 9.0
1.22 5.55
0.73 4.93
3.92 9.15
1.0 9.0
1.0 9.0
4.02 8.99
1.0 9.0
1.0 9.0
0.53 9.67
0.28 4.93
3.81 6.88
1.0 9.0
3.92 9.13
4.02 9.0
0.35 4.38
0.32 4.33
1.0 9.0
4.33 6.48
4.02 9.0
0.31 4.33
0.28 9.0
1.53 7.28
4.02 9.0
1.01 9.0
1.0 9.0
1.0 9.0
1.0 9.0
0.28 5.32
3.75 7.09
0.35 4.38
0.37 4.44
3.74 5.83
0.35 4.38
0.41 4.48
0.28 8.99
0.73 4.93
3.92 9.15
0.28 7.38
1.0 9.0
0.73 4.93
3.72 9.35
0.33 4.38
3.18 5.99
5.07 7.82
1.0 9.0
9.67 9.56
0.28 4.44
2.35 9.67
0.35 4.38
3.4 5.63
4.02 9.0
1.0 9.0
0.37 4.43
3.18 5.53
4.02 9.0
4.57 6.33
0.28 7.28
0.34 4.38
3.69 3.03
3.17 9.67
3.69 3.03
1.0 9.0
1.09 8.83
5.22 7.69
1.53 7.28
0.32 4.33
0.28 4.93
1.0 9.01
1.0 9.0
1.0 9.0
1.0 9.0
1.0 9.0
3.74 5.83
0.31 4.33
1.42 8.85
0.28 9.0
9.67 9.11
3.58 5.78
0.42 4.48
4.02 9.03
1.4 9.67
2.99 9.52
0.41 4.48
4.15 6.08
2.62 7.03
1.0 9.0
1.0 9.0
4.02 8.99
9.67 9.56
1.0 9.0
4.33 6.48
0.28 9.01
0.3 9.67
0.39 4.48
1.11 8.9
0.28 5.55
1.0 9.0
4.02 9.02
0.52 4.63
0.69 9.67
4.7 6.38
3.75 5.83
0.87 5.05
1.0 9.0
0.28 7.74
2.44 9.67
1.0 9.0
4.02 9.0
3.74 5.83
2.26 9.67
1.0 9.0
3.93 9.12
1.0 9.0
0.28 4.94
1.44 9.67
1.53 7.28
1.0 9.0
0.57 4.68
1.0 9.0
0.37 4.38
4.02 9.0
4.62 6.33
1.0 9.0
4.02 9.0
5.54 6.83
1.0 9.0
4.17 8.83
1.0 9.0
3.69 3.03
0.31 4.33
1.0 9.0
1.0 9.0
0.28 7.73
1.22 5.55
1.21 9.67
1.0 9.0
3.62 3.04
4.02 9.07
3.69 3.03
4.92 6.53
0.34 4.38
4.02 9.0
4.02 9.0
0.28 5.53
4.57 6.32
4.02 9.0
4.87 6.43
0.28 4.94
3.18 5.99
0.28 7.57
9.67 9.56
0.28 7.39
9.12 9.53
1.0 9.0
9.67 8.29
0.28 4.93
1.0 9.0
0.33 4.38
4.97 7.9
0.28 7.28
5.36 6.73
3.18 5.69
0.28 5.13
0.33 4.38
3.43 6.42
0.28 4.44
9.67 9.11
0.37 4.43
1.0 9.0
1.0 9.0
4.02 9.0
4.02 9.0
4.02 9.0
3.79 9.27
4.02 9.0
0.37 4.46
3.81 6.69
2.62 7.06
4.02 9.0
2.62 7.03
0.42 4.48
1.0 9.0
0.28 9.13
4.16 6.08
0.56 4.68
4.02 9.0
3.92 9.13
4.09 8.92
4.02 9.0
1.0 9.0
1.0 9.0
3.69 3.03
5.45 6.78
1.0 9.0
0.35 4.38
1.0 9.0
4.02 9.0
1.07 6.98
4.02 9.0
0.73 4.93
1.0 9.0
0.28 5.22
0.28 5.55
9.67 9.56
3.66 8.81
4.02 9.01
1.0 9.0
1.0 9.0
1.0 9.0
4.02 9.0
3.18 5.99
4.62 6.33
0.28 4.93
4.87 6.43
9.67 9.11
1.0 9.0
0.52 4.63
0.28 9.0
4.02 9.0
3.18 5.99
0.28 5.55
0.72 9.67
1.0 9.0
1.13 8.94
0.28 5.55
0.37 4.43
4.02 9.0
3.18 5.99
3.18 5.76
1.0 9.0
4.02 9.01
0.28 8.94
3.69 3.03
1.11 9.67
2.62 7.02
1.0 9.0
0.46 5.14
4.45 6.23
3.77 9.32
4.02 9.0
1.0 9.0
4.33 6.48
0.31 4.33
1.0 9.0
3.09 7.73
0.28 8.96
3.69 3.03
3.72 9.02
0.98 9.01
0.37 4.4
0.37 4.46
1.06 8.87
1.0 9.0
0.28 9.18
1.0 9.0
0.28 5.5
0.28 7.28
3.41 3.08
0.77 4.93
1.78 9.67
1.0 9.0
3.97 9.08
4.02 9.0
3.62 9.45
3.69 3.03
1.0 9.0
4.57 6.32
1.0 9.0
3.71 3.03
4.02 9.0
0.28 7.38
0.3 4.33
1.0 9.0
0.37 4.46
1.0 9.0
1.0 9.0
3.18 5.99
0.28 5.16
1.0 9.0
4.02 9.0
0.42 4.48
0.28 4.44
3.38 9.67
0.37 4.43
3.69 3.03
3.69 3.03
3.18 5.98
1.0 9.0
2.62 7.57
0.28 7.28
0.44 4.53
1.0 9.0
3.69 3.03
0.48 9.45
4.02 8.98
4.02 9.0
0.87 5.05
1.0 9.0
0.28 7.28
2.57 9.67
4.02 9.0
4.49 6.28
1.0 9.0
4.02 9.0
4.02 9.0
0.28 7.54
0.28 7.28
1.0 9.0
3.18 5.92
0.31 4.33
1.0 9.0
4.02 9.0
1.0 9.0
1.0 9.0
2.19 7.03
1.0 9.0
1.22 5.55
4.17 8.84
4.01 5.98
2.34 6.19
2.05 9.67
1.0 9.0
1.0 9.0
1.0 9.0
4.68 2.59
4.15 6.08
0.28 9.44
0.28 7.73
4.88 7.82
1.0 9.0
3.18 6.85
1.0 9.0
0.28 9.0
0.28 9.4
4.02 9.04
1.0 9.0
0.87 8.38
0.31 4.33
5.58 6.88
3.69 3.03
1.0 9.0
1.47 9.67
0.33 4.38
0.35 4.38
0.32 4.33
3.87 9.22
1.88 4.67
0.32 4.33
1.0 9.0
2.86 9.67
3.69 3.03
0.28 9.0
5.47 6.78
4.02 9.0
3.71 3.03
3.36 9.67
3.69 3.03
4.17 8.85
1.0 9.0
3.13 7.65
4.02 8.99
1.0 9.0
0.33 4.38
0.28 8.96
4.32 8.67
3.97 9.12
3.97 9.08
0.98 9.0
5.36 7.67
9.12 9.53
3.58 3.06
0.35 4.38
0.77 4.93
4.02 9.0
3.69 3.03
1.0 9.0
2.62 5.47
1.0 9.0
3.41 3.08
2.62 6.14
1.0 9.0
0.31 4.33
3.18 5.71
3.69 3.03
4.02 9.0
3.03 9.55
3.37 4.16
1.0 9.0
3.69 3.03
0.42 4.48
4.02 9.0
4.02 9.0
3.69 5.83
1.0 9.0
1.0 9.0
3.87 5.88
9.67 8.29
0.28 5.06
1.73 3.01
3.69 3.03
2.28 6.67
1.0 9.0
0.28 5.09
1.0 9.0
0.28 5.13
1.97 5.78
1.0 9.0
4.02 9.0
1.2 8.77
1.0 9.0
0.77 4.93
3.69 3.03
1.0 9.0
2.87 9.67
3.69 3.03
0.28 4.93
3.49 9.62
3.36 5.63
3.68 9.37
2.82 9.67
4.02 9.0
4.02 9.0
0.28 4.48
1.0 9.0
1.0 9.0
3.92 9.16
1.0 9.0
4.74 2.61
0.57 4.68
1.0 9.0
0.42 4.48
4.02 8.99
3.41 3.08
1.0 9.0
5.31 6.73
0.28 8.49
3.69 3.03
4.02 9.0
1.0 9.0
0.28 6.52
4.02 9.0
5.28 7.67
9.12 9.53
3.69 3.03
0.28 9.0
0.28 8.85
4.02 9.0
0.28 7.75
4.02 9.0
3.64 6.92
3.83 9.22
3.69 3.03
1.0 9.0
0.56 5.47
1.22 5.55
0.32 4.33
0.91 8.79
4.07 8.93
1.0 9.0
7.68 8.44
0.28 4.44
0.77 4.97
1.0 9.0
4.27 8.74
0.28 9.0
0.73 4.93
1.0 9.0
3.71 3.04
0.3 4.33
0.32 4.33
9.12 9.53
2.1 3.51
2.13 6.32
1.09 8.96
1.08 5.93
1.0 9.0
1.0 9.0
3.69 3.03
4.02 9.0
3.18 6.85
4.02 9.0
3.63 6.95
0.46 5.14
0.28 6.52
1.4 9.67
0.87 5.05
1.0 9.0
2.57 9.67
0.36 4.38
1.07 6.98
4.13 8.43
1.22 5.55
4.02 9.0
0.63 3.02
0.77 4.97
4.02 9.0
1.02 9.67
0.28 9.29
1.22 5.55
0.28 4.44
1.01 9.0
0.28 9.0
0.39 8.31
4.02 9.0
4.7 2.66
2.62 6.87
6.99 5.98
2.86 9.67
0.65 9.67
0.42 4.48
1.0 9.0
3.98 9.07
1.22 5.55
1.0 9.0
0.57 4.68
9.12 9.53
1.0 9.0
5.47 6.8
3.41 3.08
0.28 7.73
0.35 2.53
1.0 9.0
0.43 4.53
1.88 4.67
1.01 8.99
1.33 8.93
4.17 8.83
0.28 9.03
3.18 6.36
4.02 9.0
3.62 3.04
1.0 9.0
0.77 4.97
4.02 9.0
2.54 9.67
0.87 7.41
4.02 9.0
3.18 5.53
4.02 9.0
4.02 9.0
0.28 5.13
1.0 9.0
1.0 9.0
1.0 9.0
0.28 4.44
9.67 8.29
9.12 9.53
1.0 9.0
3.94 8.94
0.28 7.07
3.78 6.03
1.16 6.0
1.0 9.0
1.38 8.8
3.18 6.87
3.93 9.12
4.02 9.01
3.42 3.08
3.69 3.03
4.02 9.0
3.43 6.42
4.02 9.0
0.28 8.57
1.0 9.0
0.28 5.55
0.38 4.48
2.14 9.67
3.97 9.12
2.52 2.69
0.28 8.06
1.0 9.0
0.56 4.68
0.28 6.76
3.4 5.63
3.41 6.86
3.51 9.62
0.56 5.47
1.07 6.98
1.0 9.0
0.28 8.11
0.57 4.68
0.46 5.14
9.12 9.53
9.12 9.53
7.68 0.3
9.12 9.53
0.77 4.93
4.02 9.0
1.0 9.0
3.69 3.03
0.28 5.06
0.99 9.0
3.18 7.37
7.68 8.44
3.91 9.17
2.62 5.74
3.4 5.63
1.0 9.0
1.16 6.0
3.37 4.16
1.0 9.0
1.0 9.0
3.4 3.18
4.02 9.0
4.02 8.98
3.62 3.04
3.82 6.35
4.07 8.95
4.02 9.0
1.0 9.0
3.82 9.26
4.02 9.0
1.9 2.86
4.22 8.78
3.73 3.03
0.28 6.45
0.82 6.23
0.99 8.97
1.01 9.31
3.69 3.03
1.04 8.96
0.57 5.3
5.31 6.73
5.39 7.67
3.78 6.03
9.12 9.53
3.83 3.02
5.22 6.65
3.18 5.91
4.02 9.0
2.67 7.72
1.0 9.0
0.56 5.47
0.56 5.47
2.14 3.18
0.57 4.68
0.28 5.13
1.0 9.0
2.28 6.99
4.02 8.99
9.67 8.29
1.07 6.98
1.83 9.67
2.13 6.32
5.49 6.83
1.01 8.92
9.13 9.54
0.43 4.53
3.58 6.7
0.28 9.0
3.67 3.03
3.69 3.03
1.0 9.0
0.76 4.93
0.4 4.48
1.16 5.43
1.38 9.67
3.18 5.82
1.97 5.78
3.97 9.1
4.02 9.0
1.0 9.0
1.0 9.0
1.16 6.0
3.41 6.86
0.47 4.59
0.4 4.48
0.46 5.14
1.0 9.0
4.02 8.99
4.0 9.03
4.02 9.0
4.7 2.66
3.18 5.53
4.62 2.62
9.67 8.29
3.62 3.04
1.0 8.99
3.41 3.08
0.28 5.22
7.68 8.44
1.45 7.53
4.62 8.29
4.68 2.59
3.48 8.93
1.0 9.0
1.0 9.0
1.0 9.0
1.0 9.0
3.18 7.59
3.72 3.02
4.02 9.0
0.28 8.67
1.0 9.0
0.28 9.0
1.72 4.44
1.97 5.78
1.04 9.4
4.32 8.63
2.22 3.07
3.45 3.13
4.37 8.59
4.17 8.84
1.33 9.57
3.24 5.58
2.13 6.32
4.22 8.79
4.02 9.0
3.44 3.11
0.28 5.55
4.02 9.0
0.33 4.38
1.0 9.0
6.74 1.66
5.07 7.82
4.17 6.08
1.0 9.0
0.28 5.55
5.67 6.88
3.18 6.11
0.28 9.38
0.82 6.23
6.68 6.46
0.28 9.0
0.28 2.61
3.82 6.35
3.18 6.08
4.27 8.73
4.02 9.0
4.02 9.0
1.0 9.0
4.02 9.0
1.92 7.39
3.06 7.73
0.28 7.28
1.16 9.24
5.31 6.73
0.28 6.75
1.97 5.78
0.28 8.96
0.28 6.83
0.28 9.29
1.16 6.0
2.46 9.1
4.67 6.38
1.04 8.9
5.4 6.78
2.9 9.67
4.57 2.58
3.04 7.73
2.13 3.19
4.53 9.25
1.88 4.67
2.54 2.73
3.69 3.03
1.9 2.84
2.52 2.69
1.0 9.0
1.0 9.0
0.28 9.47
0.46 5.14
1.0 9.0
1.88 4.67
1.0 9.0
0.87 9.67
5.48 6.83
4.68 2.59
4.71 2.58
1.0 9.0
0.38 4.48
1.0 9.0
0.28 4.93
3.67 3.04
0.47 2.92
1.0 9.0
3.11 7.73
1.71 3.02
7.68 8.44
3.37 4.16
1.0 9.0
0.5 5.18
3.46 3.16
1.0 9.0
5.33 7.67
1.0 9.0
1.82 4.35
9.67 8.29
3.72 3.02
1.88 4.67
4.7 2.48
5.35 7.67
3.62 3.04
3.69 3.05
0.43 4.53
2.62 2.81
0.28 4.93
2.09 4.57
2.62 5.47
3.6 3.05
6.74 1.67
0.49 5.23
0.35 2.53
3.82 3.0
1.0 9.0
3.58 6.7
1.9 4.71
4.02 9.0
1.0 9.0
1.0 9.0
2.19 7.03
0.28 6.43
9.67 8.29
1.14 5.43
0.28 9.0
0.46 5.14
0.54 4.68
1.0 9.0
3.72 3.03
1.73 3.01
4.02 8.98
0.28 9.0
0.47 4.62
4.12 8.89
4.27 8.74
1.97 5.78
3.83 3.02
0.53 4.68
2.14 3.18
0.44 4.53
4.02 9.0
4.82 8.09
0.85 7.83
3.87 2.55
3.48 3.07
1.0 9.0
4.02 9.0
9.67 8.29
0.51 4.63
1.0 9.0
3.33 5.63
2.43 8.16
4.62 8.37
5.36 7.67
1.45 7.53
4.02 9.0
2.25 7.5
1.45 7.53
1.9 3.2
3.47 3.18
1.09 3.13
4.7 2.66
2.62 5.47
2.09 5.09
0.35 2.53
1.48 3.15
3.58 6.7
0.28 6.26
2.52 2.69
1.9 2.84
4.63 2.55
5.48 6.83
0.94 9.02
5.33 7.67
3.61 3.05
4.17 8.85
2.07 4.08
3.04 7.73
0.28 9.42
1.0 9.0
7.68 8.44
4.73 5.5
2.1 3.51
2.58 2.73
0.39 2.53
2.62 2.84
2.09 5.06
5.72 6.97
3.46 3.08
0.31 9.67
0.83 9.19
3.59 3.05
2.23 8.23
2.62 5.47
1.0 9.0
0.66 9.67
2.46 2.75
3.42 3.08
1.45 7.53
5.07 7.82
4.02 9.0
1.97 5.78
0.28 6.43
1.86 4.64
7.68 0.3
3.41 3.11
0.99 8.99
3.57 3.05
2.1 5.06
4.02 9.0
4.71 2.62
3.37 4.16
1.0 9.0
5.37 6.77
2.62 5.41
3.87 2.55
1.0 9.0
1.64 4.32
1.45 7.53
5.45 6.78
1.36 5.88
3.06 7.73
2.12 3.36
1.0 9.0
2.19 7.03
2.06 4.97
1.03 8.95
2.62 2.8
0.94 9.12
5.47 6.83
2.9 9.67
1.16 5.43
1.0 9.0
0.28 6.75
4.73 2.71
4.73 2.62
1.62 5.96
3.18 7.37
2.14 3.18
0.28 8.32
0.3 9.22
2.62 2.84
4.32 8.63
2.26 2.74
4.37 8.61
2.13 3.19
0.28 7.83
7.68 8.44
4.37 8.61
3.74 2.63
1.0 9.0
3.12 7.73
1.0 9.0
2.1 3.51
1.39 3.94
4.02 9.02
0.28 6.86
1.18 3.14
2.62 2.8
2.11 3.06
3.44 3.17
2.14 3.18
7.88 7.68
0.75 3.54
0.28 9.37
2.52 2.69
1.92 6.04
2.43 2.68
1.96 5.78
0.9 7.61
4.67 6.38
3.63 6.63
2.62 5.99
1.9 3.2
2.46 2.75
4.96 2.63
5.87 2.13
2.09 2.9
3.11 7.73
3.63 6.85
2.08 2.92
0.28 7.36
0.28 8.64
1.0 9.0
2.2 3.12
0.28 4.33
1.97 5.78
3.37 4.16
1.21 3.13
2.62 2.84
4.32 8.68
2.08 4.93
2.62 2.76
4.57 2.58
2.62 2.85
2.11 5.08
4.26 2.83
4.58 2.71
7.68 8.44
3.59 3.05
1.36 5.88
3.73 3.02
1.97 5.78
2.52 2.69
3.59 3.05
3.61 3.05
7.68 8.44
0.96 8.98
0.28 6.97
0.92 9.03
3.37 4.16
2.52 2.68
9.64 3.51
2.62 5.46
1.92 5.88
0.37 2.53
0.41 5.24
0.93 9.04
1.97 5.78
1.0 9.0
1.0 9.0
3.7 2.76
6.74 1.66
0.28 8.06
0.65 4.78
8.5 6.12
2.98 7.78
3.73 3.03
2.02 4.57
1.0 9.0
0.28 2.79
1.36 5.89
2.54 2.73
3.55 7.15
0.28 9.21
0.28 7.28
6.75 1.67
4.9 5.65
3.79 2.64
4.02 9.0
6.73 6.47
9.14 9.67
2.54 2.73
2.49 2.68
2.54 2.73
3.72 9.37
1.13 3.58
2.08 4.38
2.08 4.68
5.72 6.97
0.28 7.03
0.81 3.8
2.9 9.67
2.08 2.92
0.97 9.0
2.62 2.78
3.97 9.09
1.81 4.57
2.23 8.23
1.02 9.0
3.45 6.77
2.1 5.05
2.1 3.51
1.0 9.0
4.73 5.5
5.66 7.74
4.02 9.0
5.87 2.13
2.5 2.68
4.67 7.26
3.39 4.11
0.28 9.2
0.28 2.79
2.74 8.18
1.9 2.84
3.18 5.65
3.5 5.68
0.55 3.42
4.73 5.5
5.63 7.77
7.68 8.44
0.28 4.58
2.06 2.89
2.52 2.7
2.23 8.23
6.74 1.66
3.01 9.67
0.36 2.53
1.06 8.8
5.87 2.13
3.4 6.42
6.74 7.64
1.92 5.88
0.28 9.32
0.63 3.02
2.18 2.68
1.17 8.71
4.07 8.97
7.6 5.64
2.16 3.17
3.56 3.06
0.28 9.27
3.64 5.78
1.83 5.93
2.52 2.69
2.38 9.26
2.62 2.8
1.0 9.0
6.37 7.28
4.77 6.41
2.43 2.68
2.09 5.03
7.75 7.93
0.35 2.53
0.42 5.17
5.26 6.68
3.59 3.05
2.47 9.1
4.78 9.26
1.5 5.88
1.04 9.67
2.34 2.77
1.0 9.0
2.1 4.71
2.34 2.68
5.86 0.85
5.08 7.25
7.69 0.28
4.07 8.93
0.82 3.13
4.28 8.72
3.74 3.02
4.43 7.95
1.53 4.15
6.75 1.67
4.46 6.23
3.63 4.79
2.62 5.7
3.55 7.15
3.55 7.15
1.0 9.0
4.1 7.41
0.63 3.02
1.13 3.58
1.21 3.13
7.85 7.73
5.12 6.61
5.47 6.8
2.1 3.51
2.34 2.77
2.12 3.67
4.68 2.55
4.67 6.38
0.63 3.02
2.15 3.26
1.03 3.05
2.55 2.73
6.74 1.66
6.21 4.82
4.02 8.98
4.33 8.62
1.69 7.34
3.87 2.55
1.97 5.78
4.68 7.39
1.9 2.85
3.4 3.09
5.07 7.81
0.84 3.12
0.28 9.17
0.28 2.78
1.26 3.14
1.09 3.13
2.57 2.73
3.64 5.78
9.64 3.51
4.02 1.2
1.18 3.14
1.37 3.12
0.28 9.21
3.37 4.16
4.02 9.0
5.47 6.78
4.02 9.0
3.66 3.04
3.5 7.34
2.34 2.77
2.43 2.68
6.69 6.45
1.0 9.0
4.47 8.48
4.64 7.72
3.37 4.16
4.02 9.01
3.81 2.54
2.09 4.72
4.67 6.38
5.87 2.13
1.83 4.62
2.47 2.68
3.87 2.55
1.67 4.36
3.45 6.77
4.12 8.9
3.97 9.12
9.65 9.46
3.87 2.55
1.26 4.07
2.17 2.99
0.4 5.27
4.02 9.0
2.46 2.75
2.62 2.84
1.0 9.0
3.62 3.05
2.12 3.67
1.01 7.29
2.08 4.38
3.64 3.04
1.26 3.14
2.62 2.84
2.62 2.86
0.28 6.83
1.37 5.9
4.02 9.0
2.56 2.73
1.9 2.84
6.88 5.22
2.62 2.85
7.69 0.28
2.62 5.9
2.58 2.73
2.34 2.77
2.13 3.2
2.58 2.73
1.95 4.79
0.28 7.4
2.08 2.92
0.28 6.83
1.67 4.37
0.28 4.69
7.85 7.73
1.91 2.84
1.7 4.42
3.18 5.96
2.07 4.71
2.09 5.05
2.1 5.05
3.65 5.0
0.57 8.75
4.49 6.73
7.69 0.28
2.16 3.17
6.74 7.64
0.87 9.02
9.04 9.67
1.73 3.01
1.9 2.84
3.4 3.09
3.67 3.04
4.95 5.76
0.28 7.42
4.02 9.0
5.02 6.57
1.69 7.34
5.8 0.91
2.52 2.71
3.4 6.2
1.84 4.61
0.28 9.08
5.64 7.74
6.74 1.67
9.64 3.51
4.68 2.55
1.15 2.94
3.65 6.18
1.53 4.15
4.63 2.68
7.6 5.64
4.82 6.43
6.7 1.72
2.07 4.78
1.97 4.84
1.73 3.01
2.09 4.72
0.28 2.76
0.28 2.78
4.05 3.5
1.0 9.0
2.15 2.68
1.29 4.05
0.28 7.44
0.28 4.83
0.28 7.28
0.28 6.91
2.09 4.6
0.47 2.92
2.1 5.06
4.02 9.0
0.59 3.01
6.69 6.45
3.79 3.0
6.32 0.78
4.73 5.5
1.96 4.81
7.6 8.04
0.28 7.39
3.39 6.24
0.28 7.51
1.39 3.94
6.74 1.67
3.61 7.05
5.1 4.25
1.99 5.95
0.28 9.0
0.28 7.9
0.55 3.42
1.54 6.05
2.62 2.84
9.64 3.51
7.6 5.64
3.32 6.62
6.63 1.74
4.37 8.62
2.43 2.68
0.91 9.08
4.29 6.82
0.28 7.35
0.33 3.51
4.63 2.68
5.87 2.13
0.28 7.44
3.7 3.07
4.02 9.0
9.64 3.51
3.73 3.07
5.86 0.85
0.93 9.05
9.14 9.67
0.81 3.8
2.09 3.29
9.64 3.51
2.6 2.73
6.7 1.67
0.28 7.72
1.01 3.13
9.62 3.13
2.28 3.11
0.89 9.04
4.02 9.0
2.24 3.13
2.57 2.73
0.77 4.93
5.72 6.97
0.28 5.29
7.76 7.93
0.28 2.7
1.37 3.12
0.28 7.82
5.82 7.02
1.26 3.14
2.47 2.68
3.18 6.24
0.28 2.74
0.91 9.05
2.67 7.71
7.6 5.64
4.74 5.53
3.6 3.04
3.67 6.26
0.81 3.8
4.69 2.56
4.02 9.04
2.1 5.06
1.77 4.76
0.28 2.83
2.67 7.69
4.33 8.62
2.3 2.68
1.47 6.31
2.35 2.68
6.72 1.68
3.49 6.12
3.76 3.02
3.35 1.4
0.57 2.99
3.4 3.18
1.04 3.13
0.28 7.37
3.55 3.06
2.42 2.68
0.28 7.52
6.88 5.22
2.16 3.17
0.32 5.29
5.67 7.76
4.02 9.0
3.18 3.9
0.28 2.76
0.58 6.89
2.62 5.41
3.51 3.07
2.62 2.73
7.69 0.28
2.21 5.23
2.81 9.5
7.94 7.25
2.09 5.04
3.35 1.4
1.55 3.14
1.73 3.01
3.39 4.27
2.58 2.73
9.13 9.67
0.28 7.15
1.99 3.21
5.29 5.89
4.29 8.72
5.64 7.74
1.01 8.99
5.87 2.13
0.28 9.18
0.93 9.03
5.47 6.79
2.34 2.68
2.32 2.73
0.28 2.76
1.7 4.48
0.28 2.74
0.28 6.98
5.72 6.97
0.52 3.17
5.87 2.13
6.74 1.65
4.34 8.17
1.96 5.78
0.28 7.76
1.5 3.15
2.01 3.05
7.6 5.64
2.54 2.73
6.73 6.47
1.73 3.01
1.92 5.88
0.89 3.17
6.6 6.4
3.18 6.27
4.87 8.03
2.15 2.68
4.32 8.64
9.37 6.25
2.07 4.08
9.57 9.67
6.02 7.09
2.57 2.73
4.29 6.82
9.67 9.48
4.94 7.17
2.99 7.78
0.28 7.17
2.54 2.73
1.48 3.15
0.83 8.92
0.46 5.15
2.62 2.84
7.08 5.38
2.34 2.77
5.64 7.74
2.62 2.82
3.67 3.03
4.02 9.0
5.89 7.15
3.63 4.79
9.2 6.34
1.92 5.97
2.3 2.68
3.86 7.36
2.07 4.08
2.3 2.68
0.28 2.61
3.44 7.65
3.38 6.37
2.62 2.85
2.47 2.68
9.14 9.67
9.59 5.12
1.97 4.82
2.48 2.85
0.37 5.2
8.21 5.97
9.64 3.51
9.64 3.51
1.98 3.16
2.06 2.9
3.35 1.4
9.53 6.17
0.68 3.17
6.32 0.78
4.04 2.92
2.08 4.91
5.65 7.77
2.48 2.68
0.96 9.02
3.18 6.23
2.34 2.68
0.59 3.06
5.29 5.89
3.06 0.62
7.76 7.93
3.75 7.54
2.08 2.9
2.67 7.7
6.19 0.74
1.01 9.0
4.02 9.0
3.39 4.27
1.99 5.32
2.0 2.8
4.02 8.99
0.87 9.07
4.32 8.67
3.18 6.57
5.31 8.38
1.4 5.92
2.08 2.92
2.62 2.84
5.64 7.77
1.53 4.15
6.27 0.77
2.62 2.84
2.37 2.68
0.31 9.24
2.28 3.11
5.56 0.99
2.52 2.73
5.61 7.75
2.3 2.68
3.65 5.0
3.56 3.1
0.39 4.99
2.05 3.21
0.28 6.62
2.05 3.13
2.09 3.29
2.12 2.68
9.21 8.53
2.1 2.99
2.2 9.22
2.06 2.95
1.13 3.14
3.65 5.0
3.18 6.16
2.24 3.13
0.55 8.15
5.15 9.58
8.18 0.28
3.18 6.89
7.76 7.93
2.62 2.83
6.09 0.81
0.28 7.35
0.28 7.76
0.61 3.42
1.98 3.16
5.09 7.25
0.64 3.12
3.35 6.14
8.21 5.97
1.47 5.99
2.07 4.08
1.92 4.74
3.18 6.89
2.07 2.92
3.58 3.05
1.24 3.98
9.67 9.59
0.96 9.02
1.0 9.0
6.74 1.65
6.78 1.68
3.44 3.19
0.28 9.22
2.15 2.68
1.97 3.13
9.37 6.25
4.51 3.95
1.62 6.09
1.09 3.84
5.1 7.24
5.64 7.74
2.08 2.92
7.85 7.73
4.73 5.5
4.02 8.98
4.02 8.98
2.08 2.89
2.06 3.01
7.6 8.05
8.18 0.28
9.05 0.3
4.74 5.53
9.64 3.51
3.49 3.08
4.12 8.88
2.09 4.21
5.49 8.27
2.56 2.73
2.07 4.08
3.72 6.24
7.68 0.28
2.25 3.2
1.04 3.13
7.68 0.3
2.12 3.01
4.32 8.67
5.29 5.89
9.57 9.67
2.44 2.84
0.93 9.08
1.89 4.69
0.28 2.61
3.29 2.96
2.28 3.11
3.35 1.4
3.35 1.4
1.53 4.15
5.08 7.25
4.3 8.24
3.57 3.08
2.19 3.31
4.05 3.5
0.28 7.47
4.95 7.17
2.0 4.87
0.93 9.06
1.66 3.14
5.72 6.97
0.73 9.06
2.28 3.11
7.68 5.68
3.83 3.01
7.61 5.64
0.95 3.67
3.54 2.84
0.52 5.05
3.4 3.18
4.57 2.71
4.37 8.59
0.89 3.17
4.46 7.91
2.08 2.9
2.1 5.05
3.94 6.34
1.38 5.88
2.17 0.9
0.28 6.97
2.67 7.7
4.25 8.77
1.13 3.14
7.52 8.04
6.74 1.67
6.86 1.02
2.52 2.7
2.15 2.68
3.81 2.54
4.69 2.26
3.18 6.2
2.59 9.67
0.38 5.31
2.52 2.72
0.28 7.36
2.36 2.68
5.63 4.28
3.35 6.14
9.2 6.34
0.28 7.4
9.09 6.34
0.71 9.05
8.92 9.67
0.28 7.47
7.22 5.39
0.28 4.79
2.12 2.85
3.33 6.1
8.81 9.67
2.0 4.87
0.28 7.45
0.41 5.28
3.18 6.56
8.54 0.28
1.92 4.74
0.28 7.58
3.35 1.4
0.28 2.72
1.98 5.05
1.79 4.54
0.94 9.02
0.4 5.23
0.32 2.84
2.19 4.97
6.75 1.66
0.75 3.41
7.62 8.42
4.47 8.49
4.71 6.38
0.28 4.75
3.63 3.04
2.08 2.89
3.18 6.01
5.67 7.75
0.28 4.6
1.49 2.95
5.47 6.83
2.1 5.02
1.53 8.28
4.65 2.6
1.66 3.14
4.63 7.9
5.82 7.02
3.35 6.14
2.08 2.89
3.47 4.34
2.09 3.61
2.09 5.04
2.04 3.74
2.1 2.9
0.75 3.09
3.48 2.93
1.5 4.17
1.66 3.14
3.76 3.03
0.28 7.44
1.96 5.78
0.28 7.39
2.6 7.87
9.64 3.51
6.85 1.0
2.28 3.11
3.37 6.3
0.28 4.82
7.67 7.01
0.28 6.98
3.86 7.36
0.28 2.66
4.37 3.87
7.96 0.28
9.4 0.64
3.82 9.25
3.35 1.4
6.85 1.01
0.28 4.83
0.92 3.34
2.38 2.68
5.64 7.74
9.59 3.34
4.51 3.95
0.28 4.67
2.08 4.27
5.64 7.74
1.0 9.0
9.67 9.6
2.15 2.68
0.54 8.07
1.0 9.0
0.28 4.7
3.66 3.04
1.0 9.0
0.28 5.69
1.91 5.88
7.61 8.04
0.7 2.94
3.32 6.03
7.57 8.05
4.27 3.79
2.08 3.59
0.28 4.51
5.48 8.27
5.67 8.0
6.77 1.65
1.91 5.88
0.28 6.98
2.54 2.73
7.63 7.04
2.57 2.73
2.07 4.56
9.62 2.87
2.36 2.91
6.85 1.0
4.52 8.47
4.55 2.58
4.69 2.26
0.28 7.52
1.0 9.0
2.17 0.9
5.47 6.81
2.17 0.9
5.82 7.02
6.75 1.66
1.09 3.84
5.61 7.79
0.28 2.59
0.28 5.52
0.28 6.8
2.41 2.68
1.42 5.82
4.51 3.95
9.64 3.51
6.21 4.82
0.71 9.06
0.62 2.96
4.65 4.06
4.12 8.91
6.74 1.66
3.11 7.73
0.28 9.21
0.28 2.61
6.85 1.0
2.07 3.42
2.02 0.8
2.53 9.67
0.28 4.8
2.27 2.68
1.66 3.14
5.64 7.75
4.32 8.66
3.37 5.93
0.91 9.04
1.66 3.14
3.09 7.73
0.28 2.68
0.59 3.39
2.44 2.84
2.04 3.14
6.77 1.65
6.85 1.0
2.13 3.77
7.67 7.01
2.43 2.68
5.5 8.25
1.0 9.0
7.68 7.22
5.39 6.78
5.44 6.78
2.52 2.7
0.28 5.1
2.08 0.82
8.18 0.28
3.92 2.43
0.28 6.92
1.49 2.95
2.35 2.68
0.47 4.59
6.74 1.68
4.43 8.52
3.31 7.12
1.66 3.14
2.27 2.68
2.14 2.68
7.96 0.28
2.52 2.72
5.41 6.78
2.36 2.68
4.46 8.52
4.57 2.71
6.77 1.67
1.38 8.8
3.06 0.62
5.64 7.74
4.57 2.71
3.67 4.64
1.9 6.05
2.04 3.74
1.49 2.95
2.12 2.68
1.66 3.14
3.92 6.44
2.34 2.89
6.78 1.65
2.52 2.72
0.28 6.95
1.92 5.88
0.29 4.33
0.97 3.79
3.39 4.27
0.67 4.78
6.78 1.64
5.63 7.73
7.22 5.39
3.38 6.33
3.79 6.27
3.32 6.03
0.88 9.26
5.02 6.55
3.52 2.9
8.7 9.67
4.27 3.79
2.13 0.85
5.65 7.74
0.98 8.98
0.28 9.24
2.27 2.68
1.66 3.14
5.77 7.84
1.91 5.88
4.62 8.29
4.31 7.46
0.28 5.26
5.6 7.77
0.28 7.0
2.1 0.83
0.28 6.33
3.23 9.07
4.64 5.33
1.92 8.39
2.99 7.78
3.35 1.4
0.28 7.58
0.28 7.38
1.86 5.93
7.51 0.31
5.64 7.75
1.0 9.0
1.01 9.0
8.81 9.67
1.24 3.18
3.82 3.0
0.28 9.2
2.27 2.68
7.78 8.07
3.18 6.52
9.67 9.59
4.21 2.37
2.12 2.68
3.39 4.27
0.93 9.08
0.93 9.02
5.8 0.91
3.35 1.4
3.71 3.07
3.39 4.27
5.8 0.91
1.9 6.03
0.97 3.79
1.91 6.05
1.69 2.9
9.53 6.17
6.69 1.73
6.37 7.53
0.47 4.6
6.78 1.65
2.19 2.68
4.62 8.29
6.84 1.03
3.67 4.65
1.15 4.01
3.39 4.27
4.0 9.07
2.02 0.8
2.12 2.68
0.94 9.08
1.0 9.0
2.13 0.85
1.56 1.95
6.83 1.0
2.52 2.68
8.81 9.67
9.59 5.0
3.39 4.27
6.7 1.71
3.91 2.43
8.97 9.67
2.15 2.68
0.28 7.71
2.17 0.9
4.12 6.72
6.78 1.64
9.65 9.46
3.35 1.4
6.78 1.66
3.35 1.4
3.26 7.39
5.8 0.91
3.96 0.6
1.96 4.81
2.17 0.9
1.15 2.94
6.71 1.68
5.95 2.01
6.74 1.67
4.12 7.92
2.17 0.9
0.33 5.54
1.03 3.05
5.61 7.79
2.12 3.18
1.0 9.0
7.74 8.04
2.08 4.29
9.67 9.45
5.45 5.88
0.68 4.83
3.53 4.5
3.38 3.17
7.85 7.73
5.82 7.01
3.96 3.55
2.08 4.87
9.62 3.11
3.39 4.27
0.37 4.44
2.08 2.9
2.1 5.04
5.48 8.29
4.12 8.9
2.62 2.8
6.36 9.57
2.1 3.94
0.28 4.7
2.35 2.72
1.92 6.14
3.35 1.4
2.0 2.68
1.82 4.58
0.28 4.83
4.12 6.72
1.88 2.99
5.63 7.74
2.35 2.68
3.35 1.4
1.9 2.83
2.23 3.23
1.12 8.85
0.46 5.13
3.06 0.62
3.06 0.62
3.51 1.6
3.35 1.4
4.89 5.6
1.0 9.0
3.35 1.4
0.28 7.71
3.35 1.4
2.56 2.73
0.28 7.15
2.08 4.8
5.56 4.49
7.88 7.73
3.62 2.89
2.62 2.83
6.48 1.07
3.18 6.18
0.28 7.48
1.0 9.0
5.8 0.91
6.91 0.64
1.86 4.65
0.28 4.83
3.35 1.4
4.32 8.68
5.44 6.78
8.04 7.39
0.3 4.33
2.08 0.82
2.07 4.24
7.68 7.22
2.19 2.68
0.92 9.03
1.73 5.98
7.75 7.93
2.26 5.32
1.75 5.98
5.17 7.35
2.16 0.9
5.38 6.78
8.99 9.67
1.01 9.0
2.08 4.27
2.52 2.68
2.04 3.74
4.7 2.26
0.28 4.71
2.25 1.78
1.0 9.0
4.62 8.29
4.26 1.14
2.62 5.47
5.5 8.26
1.0 9.0
5.13 7.27
3.91 2.43
5.95 2.01
2.3 3.03
0.61 2.58
7.65 7.98
3.02 9.67
3.35 1.4
6.81 1.65
1.91 5.88
3.29 2.96
1.49 2.95
1.23 3.16
2.12 2.68
0.43 5.23
4.03 7.87
3.26 6.43
0.36 5.2
2.52 2.69
6.76 1.66
0.61 4.73
0.28 7.48
5.51 8.29
9.59 5.0
3.21 1.6
1.92 5.88
4.92 5.61
0.28 8.23
6.77 1.65
4.79 7.1
0.28 4.67
2.15 0.88
2.62 5.47
7.59 8.08
1.65 3.01
4.17 8.58
4.14 6.73
1.21 8.8
6.73 1.66
3.29 2.96
0.85 9.02
1.04 8.94
1.6 6.38
4.2 8.82
3.96 0.6
9.64 9.67
4.12 6.72
5.72 6.97
3.86 3.4
4.14 6.43
4.64 5.33
4.89 5.6
3.96 0.6
7.68 5.68
9.05 0.3
2.26 5.32
8.71 9.67
4.13 8.87
1.0 9.0
2.07 0.81
9.57 4.01
1.92 6.14
1.1 8.69
4.66 4.06
0.61 0.63
9.58 0.74
2.62 5.51
5.64 7.74
1.24 3.98
5.05 2.16
3.91 2.43
8.77 0.29
0.28 7.26
3.96 0.6
3.29 2.96
6.63 1.08
6.71 1.65
5.63 7.74
9.67 1.24
5.47 6.78
3.91 2.43
7.75 0.34
5.82 7.02
3.35 1.4
0.47 0.6
6.6 1.63
0.59 3.39
1.03 3.05
6.78 1.3
2.09 0.83
2.04 0.81
9.64 2.39
9.39 9.46
7.65 8.05
5.91 9.59
4.42 6.88
1.91 6.04
3.06 0.62
0.28 6.93
2.13 0.85
1.0 9.0
0.38 0.61
1.0 9.0
2.07 0.82
3.22 9.26
3.06 0.62
3.85 0.65
1.96 5.78
